[ 2014-01-30T11:03:00+08:00 ] 127.0.0.1 /Admin
INFO: [ route_check ] --START--
INFO: CheckRoute Behavior ::run [ RunTime:0.039002s ]
INFO: [ route_check ] --END-- [ RunTime:0.039002s ]
INFO: [ app_begin ] --START--
INFO: ReadHtmlCache Behavior ::run [ RunTime:0.027002s ]
INFO: [ app_begin ] --END-- [ RunTime:0.027002s ]
INFO: LoginCheck Behavior ::run [ RunTime:0.023001s ]
NOTIC: [8] Undefined index: _URL_ G:\Web\uioweb\App\Admin\Lib\Action\CommonAction.class.php 第 27 行.

[ 2014-01-30T11:03:02+08:00 ] 127.0.0.1 /Admin/Index/login
INFO: [ route_check ] --START--
INFO: CheckRoute Behavior ::run [ RunTime:0.002000s ]
INFO: [ route_check ] --END-- [ RunTime:0.002000s ]
INFO: [ app_begin ] --START--
INFO: ReadHtmlCache Behavior ::run [ RunTime:0.002000s ]
INFO: [ app_begin ] --END-- [ RunTime:0.002000s ]
INFO: LoginCheck Behavior ::run [ RunTime:0.002000s ]
NOTIC: [8] Undefined index: _adminUser G:\Web\uioweb\App\Admin\Lib\Behavior\ResourceCheckBehavior.class.php 第 8 行.
NOTIC: [8] Undefined index: _adminUser G:\Web\uioweb\App\Admin\Lib\Model\SubmenuResourceModel.class.php 第 54 行.
SQL: SELECT * FROM `uio_user_group` WHERE ( `group_id` = null ) LIMIT 1   [ RunTime:0.229013s ]
SQL: SELECT `resource_id` FROM `uio_submenu_resource` WHERE ( `resource_id` IN ('') )  [ RunTime:0.057004s ]
NOTIC: [8] Undefined index: _type G:\Web\uioweb\ThinkPHP\Lib\Core\Model.class.php 第 583 行.
NOTIC: [8] Undefined index: _type G:\Web\uioweb\ThinkPHP\Lib\Core\Model.class.php 第 583 行.
SQL: SELECT * FROM `uio_submenu_resource` WHERE ( `mod` = 'Index' ) AND ( `act` = 'login' ) LIMIT 1   [ RunTime:0.042002s ]
INFO: ResourceCheck Behavior ::run [ RunTime:1.479085s ]
INFO: AuthCheck Behavior ::run [ RunTime:0.004000s ]
NOTIC: [8] Undefined index: _type G:\Web\uioweb\ThinkPHP\Lib\Core\Model.class.php 第 583 行.
SQL: SELECT * FROM `uio_menu` WHERE ( `status` = 1 ) ORDER BY `listorder`  [ RunTime:0.186010s ]
NOTIC: [8] Undefined index: _adminUser G:\Web\uioweb\App\Admin\Lib\Model\ShortcutsModel.class.php 第 13 行.
SQL: SELECT * FROM `uio_shortcuts` JOIN uio_submenu_resource USING (resource_id) WHERE ( `uid` = null )  [ RunTime:0.046003s ]
NOTIC: [8] Undefined index: _type G:\Web\uioweb\ThinkPHP\Lib\Core\Model.class.php 第 583 行.
NOTIC: [8] Undefined index: _type G:\Web\uioweb\ThinkPHP\Lib\Core\Model.class.php 第 583 行.
SQL: SELECT * FROM `uio_submenu` WHERE ( `menu_id` = '1' ) AND ( `status` = 1 )  [ RunTime:0.012000s ]
NOTIC: [8] Undefined index: _adminUser G:\Web\uioweb\App\Admin\Lib\Model\SubmenuResourceModel.class.php 第 21 行.
SQL: SELECT * FROM `uio_user_group` WHERE ( `group_id` = null ) LIMIT 1   [ RunTime:0.001001s ]
NOTIC: [8] Undefined index: _adminUser G:\Web\uioweb\App\Admin\Lib\Model\SubmenuResourceModel.class.php 第 26 行.
NOTIC: [8] Undefined index: _type G:\Web\uioweb\ThinkPHP\Lib\Core\Model.class.php 第 583 行.
NOTIC: [8] Undefined index: _type G:\Web\uioweb\ThinkPHP\Lib\Core\Model.class.php 第 583 行.
SQL: SELECT * FROM `uio_submenu_resource` WHERE ( `resource_id` IN ('') ) AND ( `submenu_id` = '9' ) AND ( `status` = 1 )  [ RunTime:0.001000s ]
NOTIC: [8] Undefined index: _type G:\Web\uioweb\ThinkPHP\Lib\Core\Model.class.php 第 583 行.
NOTIC: [8] Undefined index: _type G:\Web\uioweb\ThinkPHP\Lib\Core\Model.class.php 第 583 行.
SQL: SELECT * FROM `uio_submenu` WHERE ( `menu_id` = '2' ) AND ( `status` = 1 )  [ RunTime:0.001000s ]
NOTIC: [8] Undefined index: _adminUser G:\Web\uioweb\App\Admin\Lib\Model\SubmenuResourceModel.class.php 第 21 行.
SQL: SELECT * FROM `uio_user_group` WHERE ( `group_id` = null ) LIMIT 1   [ RunTime:0.001000s ]
NOTIC: [8] Undefined index: _adminUser G:\Web\uioweb\App\Admin\Lib\Model\SubmenuResourceModel.class.php 第 26 行.
NOTIC: [8] Undefined index: _type G:\Web\uioweb\ThinkPHP\Lib\Core\Model.class.php 第 583 行.
NOTIC: [8] Undefined index: _type G:\Web\uioweb\ThinkPHP\Lib\Core\Model.class.php 第 583 行.
SQL: SELECT * FROM `uio_submenu_resource` WHERE ( `resource_id` IN ('') ) AND ( `submenu_id` = '16' ) AND ( `status` = 1 )  [ RunTime:0.000000s ]
NOTIC: [8] Undefined index: _adminUser G:\Web\uioweb\App\Admin\Lib\Model\SubmenuResourceModel.class.php 第 21 行.
SQL: SELECT * FROM `uio_user_group` WHERE ( `group_id` = null ) LIMIT 1   [ RunTime:0.001000s ]
NOTIC: [8] Undefined index: _adminUser G:\Web\uioweb\App\Admin\Lib\Model\SubmenuResourceModel.class.php 第 26 行.
NOTIC: [8] Undefined index: _type G:\Web\uioweb\ThinkPHP\Lib\Core\Model.class.php 第 583 行.
NOTIC: [8] Undefined index: _type G:\Web\uioweb\ThinkPHP\Lib\Core\Model.class.php 第 583 行.
SQL: SELECT * FROM `uio_submenu_resource` WHERE ( `resource_id` IN ('') ) AND ( `submenu_id` = '17' ) AND ( `status` = 1 )  [ RunTime:0.001000s ]
NOTIC: [8] Undefined index: _type G:\Web\uioweb\ThinkPHP\Lib\Core\Model.class.php 第 583 行.
NOTIC: [8] Undefined index: _type G:\Web\uioweb\ThinkPHP\Lib\Core\Model.class.php 第 583 行.
SQL: SELECT * FROM `uio_submenu` WHERE ( `menu_id` = '3' ) AND ( `status` = 1 )  [ RunTime:0.000000s ]
NOTIC: [8] Undefined index: _adminUser G:\Web\uioweb\App\Admin\Lib\Model\SubmenuResourceModel.class.php 第 21 行.
SQL: SELECT * FROM `uio_user_group` WHERE ( `group_id` = null ) LIMIT 1   [ RunTime:0.001000s ]
NOTIC: [8] Undefined index: _adminUser G:\Web\uioweb\App\Admin\Lib\Model\SubmenuResourceModel.class.php 第 26 行.
NOTIC: [8] Undefined index: _type G:\Web\uioweb\ThinkPHP\Lib\Core\Model.class.php 第 583 行.
NOTIC: [8] Undefined index: _type G:\Web\uioweb\ThinkPHP\Lib\Core\Model.class.php 第 583 行.
SQL: SELECT * FROM `uio_submenu_resource` WHERE ( `resource_id` IN ('') ) AND ( `submenu_id` = '18' ) AND ( `status` = 1 )  [ RunTime:0.001000s ]
NOTIC: [8] Undefined index: _type G:\Web\uioweb\ThinkPHP\Lib\Core\Model.class.php 第 583 行.
NOTIC: [8] Undefined index: _type G:\Web\uioweb\ThinkPHP\Lib\Core\Model.class.php 第 583 行.
SQL: SELECT * FROM `uio_submenu` WHERE ( `menu_id` = '4' ) AND ( `status` = 1 )  [ RunTime:0.001000s ]
NOTIC: [8] Undefined index: _adminUser G:\Web\uioweb\App\Admin\Lib\Model\SubmenuResourceModel.class.php 第 21 行.
SQL: SELECT * FROM `uio_user_group` WHERE ( `group_id` = null ) LIMIT 1   [ RunTime:0.001000s ]
NOTIC: [8] Undefined index: _adminUser G:\Web\uioweb\App\Admin\Lib\Model\SubmenuResourceModel.class.php 第 26 行.
NOTIC: [8] Undefined index: _type G:\Web\uioweb\ThinkPHP\Lib\Core\Model.class.php 第 583 行.
NOTIC: [8] Undefined index: _type G:\Web\uioweb\ThinkPHP\Lib\Core\Model.class.php 第 583 行.
SQL: SELECT * FROM `uio_submenu_resource` WHERE ( `resource_id` IN ('') ) AND ( `submenu_id` = '12' ) AND ( `status` = 1 )  [ RunTime:0.001000s ]
NOTIC: [8] Undefined index: _adminUser G:\Web\uioweb\App\Admin\Lib\Model\SubmenuResourceModel.class.php 第 21 行.
SQL: SELECT * FROM `uio_user_group` WHERE ( `group_id` = null ) LIMIT 1   [ RunTime:0.000000s ]
NOTIC: [8] Undefined index: _adminUser G:\Web\uioweb\App\Admin\Lib\Model\SubmenuResourceModel.class.php 第 26 行.
NOTIC: [8] Undefined index: _type G:\Web\uioweb\ThinkPHP\Lib\Core\Model.class.php 第 583 行.
NOTIC: [8] Undefined index: _type G:\Web\uioweb\ThinkPHP\Lib\Core\Model.class.php 第 583 行.
SQL: SELECT * FROM `uio_submenu_resource` WHERE ( `resource_id` IN ('') ) AND ( `submenu_id` = '15' ) AND ( `status` = 1 )  [ RunTime:0.000000s ]
NOTIC: [8] Undefined index: _type G:\Web\uioweb\ThinkPHP\Lib\Core\Model.class.php 第 583 行.
NOTIC: [8] Undefined index: _type G:\Web\uioweb\ThinkPHP\Lib\Core\Model.class.php 第 583 行.
SQL: SELECT * FROM `uio_submenu` WHERE ( `menu_id` = '5' ) AND ( `status` = 1 )  [ RunTime:0.001000s ]
NOTIC: [8] Undefined index: _type G:\Web\uioweb\ThinkPHP\Lib\Core\Model.class.php 第 583 行.
NOTIC: [8] Undefined index: _type G:\Web\uioweb\ThinkPHP\Lib\Core\Model.class.php 第 583 行.
SQL: SELECT * FROM `uio_submenu` WHERE ( `menu_id` = '6' ) AND ( `status` = 1 )  [ RunTime:0.016001s ]
INFO: [ view_parse ] --START--
NOTIC: [8] Undefined variable: error G:\Web\uioweb\App\Admin\Runtime\Cache\7a2cc5e73c56f92dbc05d06d8e2192e8.php 第 26 行.
INFO: ParseTemplate Behavior ::run [ RunTime:0.205012s ]
INFO: [ view_parse ] --END-- [ RunTime:0.205012s ]
INFO: [ view_filter ] --START--
INFO: ContentReplace Behavior ::run [ RunTime:0.083004s ]
INFO: TokenBuild Behavior ::run [ RunTime:0.005001s ]
INFO: WriteHtmlCache Behavior ::run [ RunTime:0.014001s ]
INFO: ShowRuntime Behavior ::run [ RunTime:0.003000s ]
INFO: [ view_filter ] --END-- [ RunTime:0.106006s ]
INFO: [ view_end ] --START--
INFO: ShowPageTrace Behavior ::run [ RunTime:0.003000s ]
INFO: [ view_end ] --END-- [ RunTime:0.003000s ]

[ 2014-01-30T11:03:13+08:00 ] 127.0.0.1 /Admin/Index/login_do
INFO: [ route_check ] --START--
INFO: CheckRoute Behavior ::run [ RunTime:0.002000s ]
INFO: [ route_check ] --END-- [ RunTime:0.002000s ]
INFO: [ app_begin ] --START--
INFO: ReadHtmlCache Behavior ::run [ RunTime:0.002001s ]
INFO: [ app_begin ] --END-- [ RunTime:0.002001s ]
NOTIC: [8192] mysql_escape_string(): This function is deprecated; use mysql_real_escape_string() instead. G:\Web\uioweb\ThinkPHP\Lib\Driver\Db\DbMysql.class.php 第 333 行.
NOTIC: [8192] mysql_escape_string(): This function is deprecated; use mysql_real_escape_string() instead. G:\Web\uioweb\ThinkPHP\Lib\Driver\Db\DbMysql.class.php 第 333 行.
SQL: SELECT * FROM `uio_user` JOIN uio_user_group USING (group_id) WHERE ( `username` = 'itshajia' ) AND ( `password` = '96e79218965eb72c92a549dd5a330112' ) LIMIT 1   [ RunTime:0.134008s ]

[ 2014-01-30T11:03:14+08:00 ] 127.0.0.1 /Admin/
INFO: [ route_check ] --START--
INFO: CheckRoute Behavior ::run [ RunTime:0.002000s ]
INFO: [ route_check ] --END-- [ RunTime:0.002000s ]
INFO: [ app_begin ] --START--
INFO: ReadHtmlCache Behavior ::run [ RunTime:0.001000s ]
INFO: [ app_begin ] --END-- [ RunTime:0.002000s ]
INFO: LoginCheck Behavior ::run [ RunTime:0.005000s ]
NOTIC: [8] Undefined index: _URL_ G:\Web\uioweb\App\Admin\Lib\Action\CommonAction.class.php 第 27 行.
INFO: ResourceCheck Behavior ::run [ RunTime:0.005000s ]
INFO: AuthCheck Behavior ::run [ RunTime:0.004000s ]
NOTIC: [8] Undefined index: _type G:\Web\uioweb\ThinkPHP\Lib\Core\Model.class.php 第 583 行.
SQL: SELECT * FROM `uio_menu` WHERE ( `status` = 1 ) ORDER BY `listorder`  [ RunTime:0.001000s ]
SQL: SELECT * FROM `uio_shortcuts` JOIN uio_submenu_resource USING (resource_id) WHERE ( `uid` = '1' )  [ RunTime:0.001000s ]
NOTIC: [8] Undefined index: _type G:\Web\uioweb\ThinkPHP\Lib\Core\Model.class.php 第 583 行.
NOTIC: [8] Undefined index: _type G:\Web\uioweb\ThinkPHP\Lib\Core\Model.class.php 第 583 行.
SQL: SELECT * FROM `uio_submenu` WHERE ( `menu_id` = '1' ) AND ( `status` = 1 )  [ RunTime:0.000000s ]
NOTIC: [8] Undefined index: _type G:\Web\uioweb\ThinkPHP\Lib\Core\Model.class.php 第 583 行.
SQL: SELECT * FROM `uio_user_group` WHERE ( `group_id` = '1' ) LIMIT 1   [ RunTime:0.005000s ]
NOTIC: [8] Undefined index: _type G:\Web\uioweb\ThinkPHP\Lib\Core\Model.class.php 第 583 行.
NOTIC: [8] Undefined index: _type G:\Web\uioweb\ThinkPHP\Lib\Core\Model.class.php 第 583 行.
SQL: SELECT * FROM `uio_submenu_resource` WHERE ( `submenu_id` = '9' ) AND ( `status` = 1 )  [ RunTime:0.001000s ]
NOTIC: [8] Undefined index: _type G:\Web\uioweb\ThinkPHP\Lib\Core\Model.class.php 第 583 行.
NOTIC: [8] Undefined index: _type G:\Web\uioweb\ThinkPHP\Lib\Core\Model.class.php 第 583 行.
SQL: SELECT * FROM `uio_submenu` WHERE ( `menu_id` = '2' ) AND ( `status` = 1 )  [ RunTime:0.000000s ]
NOTIC: [8] Undefined index: _type G:\Web\uioweb\ThinkPHP\Lib\Core\Model.class.php 第 583 行.
SQL: SELECT * FROM `uio_user_group` WHERE ( `group_id` = '1' ) LIMIT 1   [ RunTime:0.000000s ]
NOTIC: [8] Undefined index: _type G:\Web\uioweb\ThinkPHP\Lib\Core\Model.class.php 第 583 行.
NOTIC: [8] Undefined index: _type G:\Web\uioweb\ThinkPHP\Lib\Core\Model.class.php 第 583 行.
SQL: SELECT * FROM `uio_submenu_resource` WHERE ( `submenu_id` = '16' ) AND ( `status` = 1 )  [ RunTime:0.001001s ]
NOTIC: [8] Undefined index: _type G:\Web\uioweb\ThinkPHP\Lib\Core\Model.class.php 第 583 行.
SQL: SELECT * FROM `uio_user_group` WHERE ( `group_id` = '1' ) LIMIT 1   [ RunTime:0.000000s ]
NOTIC: [8] Undefined index: _type G:\Web\uioweb\ThinkPHP\Lib\Core\Model.class.php 第 583 行.
NOTIC: [8] Undefined index: _type G:\Web\uioweb\ThinkPHP\Lib\Core\Model.class.php 第 583 行.
SQL: SELECT * FROM `uio_submenu_resource` WHERE ( `submenu_id` = '17' ) AND ( `status` = 1 )  [ RunTime:0.001000s ]
NOTIC: [8] Undefined index: _type G:\Web\uioweb\ThinkPHP\Lib\Core\Model.class.php 第 583 行.
NOTIC: [8] Undefined index: _type G:\Web\uioweb\ThinkPHP\Lib\Core\Model.class.php 第 583 行.
SQL: SELECT * FROM `uio_submenu` WHERE ( `menu_id` = '3' ) AND ( `status` = 1 )  [ RunTime:0.000000s ]
NOTIC: [8] Undefined index: _type G:\Web\uioweb\ThinkPHP\Lib\Core\Model.class.php 第 583 行.
SQL: SELECT * FROM `uio_user_group` WHERE ( `group_id` = '1' ) LIMIT 1   [ RunTime:0.000000s ]
NOTIC: [8] Undefined index: _type G:\Web\uioweb\ThinkPHP\Lib\Core\Model.class.php 第 583 行.
NOTIC: [8] Undefined index: _type G:\Web\uioweb\ThinkPHP\Lib\Core\Model.class.php 第 583 行.
SQL: SELECT * FROM `uio_submenu_resource` WHERE ( `submenu_id` = '18' ) AND ( `status` = 1 )  [ RunTime:0.001000s ]
NOTIC: [8] Undefined index: _type G:\Web\uioweb\ThinkPHP\Lib\Core\Model.class.php 第 583 行.
NOTIC: [8] Undefined index: _type G:\Web\uioweb\ThinkPHP\Lib\Core\Model.class.php 第 583 行.
SQL: SELECT * FROM `uio_submenu` WHERE ( `menu_id` = '4' ) AND ( `status` = 1 )  [ RunTime:0.000000s ]
NOTIC: [8] Undefined index: _type G:\Web\uioweb\ThinkPHP\Lib\Core\Model.class.php 第 583 行.
SQL: SELECT * FROM `uio_user_group` WHERE ( `group_id` = '1' ) LIMIT 1   [ RunTime:0.000000s ]
NOTIC: [8] Undefined index: _type G:\Web\uioweb\ThinkPHP\Lib\Core\Model.class.php 第 583 行.
NOTIC: [8] Undefined index: _type G:\Web\uioweb\ThinkPHP\Lib\Core\Model.class.php 第 583 行.
SQL: SELECT * FROM `uio_submenu_resource` WHERE ( `submenu_id` = '12' ) AND ( `status` = 1 )  [ RunTime:0.000000s ]
NOTIC: [8] Undefined index: _type G:\Web\uioweb\ThinkPHP\Lib\Core\Model.class.php 第 583 行.
SQL: SELECT * FROM `uio_user_group` WHERE ( `group_id` = '1' ) LIMIT 1   [ RunTime:0.000000s ]
NOTIC: [8] Undefined index: _type G:\Web\uioweb\ThinkPHP\Lib\Core\Model.class.php 第 583 行.
NOTIC: [8] Undefined index: _type G:\Web\uioweb\ThinkPHP\Lib\Core\Model.class.php 第 583 行.
SQL: SELECT * FROM `uio_submenu_resource` WHERE ( `submenu_id` = '15' ) AND ( `status` = 1 )  [ RunTime:0.000000s ]
NOTIC: [8] Undefined index: _type G:\Web\uioweb\ThinkPHP\Lib\Core\Model.class.php 第 583 行.
NOTIC: [8] Undefined index: _type G:\Web\uioweb\ThinkPHP\Lib\Core\Model.class.php 第 583 行.
SQL: SELECT * FROM `uio_submenu` WHERE ( `menu_id` = '5' ) AND ( `status` = 1 )  [ RunTime:0.000000s ]
NOTIC: [8] Undefined index: _type G:\Web\uioweb\ThinkPHP\Lib\Core\Model.class.php 第 583 行.
NOTIC: [8] Undefined index: _type G:\Web\uioweb\ThinkPHP\Lib\Core\Model.class.php 第 583 行.
SQL: SELECT * FROM `uio_submenu` WHERE ( `menu_id` = '6' ) AND ( `status` = 1 )  [ RunTime:0.001000s ]
INFO: [ view_parse ] --START--
NOTIC: [8] Undefined index: show G:\Web\uioweb\App\Admin\Runtime\Cache\47f0f055daad9f9888e20cc3a182620b.php 第 58 行.
NOTIC: [8] Undefined index: show G:\Web\uioweb\App\Admin\Runtime\Cache\47f0f055daad9f9888e20cc3a182620b.php 第 58 行.
NOTIC: [8] Undefined index: show G:\Web\uioweb\App\Admin\Runtime\Cache\47f0f055daad9f9888e20cc3a182620b.php 第 58 行.
NOTIC: [8] Undefined index: show G:\Web\uioweb\App\Admin\Runtime\Cache\47f0f055daad9f9888e20cc3a182620b.php 第 58 行.
NOTIC: [8] Undefined index: show G:\Web\uioweb\App\Admin\Runtime\Cache\47f0f055daad9f9888e20cc3a182620b.php 第 58 行.
NOTIC: [8] Undefined index: show G:\Web\uioweb\App\Admin\Runtime\Cache\47f0f055daad9f9888e20cc3a182620b.php 第 58 行.
NOTIC: [8] Undefined index: show G:\Web\uioweb\App\Admin\Runtime\Cache\47f0f055daad9f9888e20cc3a182620b.php 第 58 行.
INFO: ParseTemplate Behavior ::run [ RunTime:0.238014s ]
INFO: [ view_parse ] --END-- [ RunTime:0.238014s ]
INFO: [ view_filter ] --START--
INFO: ContentReplace Behavior ::run [ RunTime:0.002000s ]
INFO: TokenBuild Behavior ::run [ RunTime:0.002000s ]
INFO: WriteHtmlCache Behavior ::run [ RunTime:0.002000s ]
INFO: ShowRuntime Behavior ::run [ RunTime:0.002000s ]
INFO: [ view_filter ] --END-- [ RunTime:0.009000s ]
INFO: [ view_end ] --START--
INFO: ShowPageTrace Behavior ::run [ RunTime:0.002000s ]
INFO: [ view_end ] --END-- [ RunTime:0.003001s ]

[ 2014-01-30T11:03:14+08:00 ] 127.0.0.1 /Admin/Main/index
INFO: [ route_check ] --START--
INFO: CheckRoute Behavior ::run [ RunTime:0.002001s ]
INFO: [ route_check ] --END-- [ RunTime:0.002001s ]
INFO: [ app_begin ] --START--
INFO: ReadHtmlCache Behavior ::run [ RunTime:0.002000s ]
INFO: [ app_begin ] --END-- [ RunTime:0.002000s ]
INFO: LoginCheck Behavior ::run [ RunTime:0.005001s ]
INFO: ResourceCheck Behavior ::run [ RunTime:0.008000s ]
INFO: AuthCheck Behavior ::run [ RunTime:0.004000s ]
NOTIC: [8] Undefined index: _type G:\Web\uioweb\ThinkPHP\Lib\Core\Model.class.php 第 583 行.
SQL: SELECT * FROM `uio_menu` WHERE ( `status` = 1 ) ORDER BY `listorder`  [ RunTime:0.018001s ]
SQL: SELECT * FROM `uio_shortcuts` JOIN uio_submenu_resource USING (resource_id) WHERE ( `uid` = '1' )  [ RunTime:0.002000s ]
NOTIC: [8] Undefined index: _type G:\Web\uioweb\ThinkPHP\Lib\Core\Model.class.php 第 583 行.
NOTIC: [8] Undefined index: _type G:\Web\uioweb\ThinkPHP\Lib\Core\Model.class.php 第 583 行.
SQL: SELECT * FROM `uio_submenu` WHERE ( `menu_id` = '1' ) AND ( `status` = 1 )  [ RunTime:0.002000s ]
NOTIC: [8] Undefined index: _type G:\Web\uioweb\ThinkPHP\Lib\Core\Model.class.php 第 583 行.
SQL: SELECT * FROM `uio_user_group` WHERE ( `group_id` = '1' ) LIMIT 1   [ RunTime:0.004001s ]
NOTIC: [8] Undefined index: _type G:\Web\uioweb\ThinkPHP\Lib\Core\Model.class.php 第 583 行.
NOTIC: [8] Undefined index: _type G:\Web\uioweb\ThinkPHP\Lib\Core\Model.class.php 第 583 行.
SQL: SELECT * FROM `uio_submenu_resource` WHERE ( `submenu_id` = '9' ) AND ( `status` = 1 )  [ RunTime:0.004000s ]
NOTIC: [8] Undefined index: _type G:\Web\uioweb\ThinkPHP\Lib\Core\Model.class.php 第 583 行.
NOTIC: [8] Undefined index: _type G:\Web\uioweb\ThinkPHP\Lib\Core\Model.class.php 第 583 行.
SQL: SELECT * FROM `uio_submenu` WHERE ( `menu_id` = '2' ) AND ( `status` = 1 )  [ RunTime:0.001000s ]
NOTIC: [8] Undefined index: _type G:\Web\uioweb\ThinkPHP\Lib\Core\Model.class.php 第 583 行.
SQL: SELECT * FROM `uio_user_group` WHERE ( `group_id` = '1' ) LIMIT 1   [ RunTime:0.001000s ]
NOTIC: [8] Undefined index: _type G:\Web\uioweb\ThinkPHP\Lib\Core\Model.class.php 第 583 行.
NOTIC: [8] Undefined index: _type G:\Web\uioweb\ThinkPHP\Lib\Core\Model.class.php 第 583 行.
SQL: SELECT * FROM `uio_submenu_resource` WHERE ( `submenu_id` = '16' ) AND ( `status` = 1 )  [ RunTime:0.001000s ]
NOTIC: [8] Undefined index: _type G:\Web\uioweb\ThinkPHP\Lib\Core\Model.class.php 第 583 行.
SQL: SELECT * FROM `uio_user_group` WHERE ( `group_id` = '1' ) LIMIT 1   [ RunTime:0.001000s ]
NOTIC: [8] Undefined index: _type G:\Web\uioweb\ThinkPHP\Lib\Core\Model.class.php 第 583 行.
NOTIC: [8] Undefined index: _type G:\Web\uioweb\ThinkPHP\Lib\Core\Model.class.php 第 583 行.
SQL: SELECT * FROM `uio_submenu_resource` WHERE ( `submenu_id` = '17' ) AND ( `status` = 1 )  [ RunTime:0.001000s ]
NOTIC: [8] Undefined index: _type G:\Web\uioweb\ThinkPHP\Lib\Core\Model.class.php 第 583 行.
NOTIC: [8] Undefined index: _type G:\Web\uioweb\ThinkPHP\Lib\Core\Model.class.php 第 583 行.
SQL: SELECT * FROM `uio_submenu` WHERE ( `menu_id` = '3' ) AND ( `status` = 1 )  [ RunTime:0.001000s ]
NOTIC: [8] Undefined index: _type G:\Web\uioweb\ThinkPHP\Lib\Core\Model.class.php 第 583 行.
SQL: SELECT * FROM `uio_user_group` WHERE ( `group_id` = '1' ) LIMIT 1   [ RunTime:0.001000s ]
NOTIC: [8] Undefined index: _type G:\Web\uioweb\ThinkPHP\Lib\Core\Model.class.php 第 583 行.
NOTIC: [8] Undefined index: _type G:\Web\uioweb\ThinkPHP\Lib\Core\Model.class.php 第 583 行.
SQL: SELECT * FROM `uio_submenu_resource` WHERE ( `submenu_id` = '18' ) AND ( `status` = 1 )  [ RunTime:0.002000s ]
NOTIC: [8] Undefined index: _type G:\Web\uioweb\ThinkPHP\Lib\Core\Model.class.php 第 583 行.
NOTIC: [8] Undefined index: _type G:\Web\uioweb\ThinkPHP\Lib\Core\Model.class.php 第 583 行.
SQL: SELECT * FROM `uio_submenu` WHERE ( `menu_id` = '4' ) AND ( `status` = 1 )  [ RunTime:0.002001s ]
NOTIC: [8] Undefined index: _type G:\Web\uioweb\ThinkPHP\Lib\Core\Model.class.php 第 583 行.
SQL: SELECT * FROM `uio_user_group` WHERE ( `group_id` = '1' ) LIMIT 1   [ RunTime:0.002000s ]
NOTIC: [8] Undefined index: _type G:\Web\uioweb\ThinkPHP\Lib\Core\Model.class.php 第 583 行.
NOTIC: [8] Undefined index: _type G:\Web\uioweb\ThinkPHP\Lib\Core\Model.class.php 第 583 行.
SQL: SELECT * FROM `uio_submenu_resource` WHERE ( `submenu_id` = '12' ) AND ( `status` = 1 )  [ RunTime:0.048003s ]
NOTIC: [8] Undefined index: _type G:\Web\uioweb\ThinkPHP\Lib\Core\Model.class.php 第 583 行.
SQL: SELECT * FROM `uio_user_group` WHERE ( `group_id` = '1' ) LIMIT 1   [ RunTime:0.001000s ]
NOTIC: [8] Undefined index: _type G:\Web\uioweb\ThinkPHP\Lib\Core\Model.class.php 第 583 行.
NOTIC: [8] Undefined index: _type G:\Web\uioweb\ThinkPHP\Lib\Core\Model.class.php 第 583 行.
SQL: SELECT * FROM `uio_submenu_resource` WHERE ( `submenu_id` = '15' ) AND ( `status` = 1 )  [ RunTime:0.001000s ]
NOTIC: [8] Undefined index: _type G:\Web\uioweb\ThinkPHP\Lib\Core\Model.class.php 第 583 行.
NOTIC: [8] Undefined index: _type G:\Web\uioweb\ThinkPHP\Lib\Core\Model.class.php 第 583 行.
SQL: SELECT * FROM `uio_submenu` WHERE ( `menu_id` = '5' ) AND ( `status` = 1 )  [ RunTime:0.001000s ]
NOTIC: [8] Undefined index: _type G:\Web\uioweb\ThinkPHP\Lib\Core\Model.class.php 第 583 行.
NOTIC: [8] Undefined index: _type G:\Web\uioweb\ThinkPHP\Lib\Core\Model.class.php 第 583 行.
SQL: SELECT * FROM `uio_submenu` WHERE ( `menu_id` = '6' ) AND ( `status` = 1 )  [ RunTime:0.000000s ]
INFO: [ view_parse ] --START--
INFO: ParseTemplate Behavior ::run [ RunTime:0.108006s ]
INFO: [ view_parse ] --END-- [ RunTime:0.108006s ]
INFO: [ view_filter ] --START--
INFO: ContentReplace Behavior ::run [ RunTime:0.002000s ]
INFO: TokenBuild Behavior ::run [ RunTime:0.001000s ]
INFO: WriteHtmlCache Behavior ::run [ RunTime:0.001000s ]
INFO: ShowRuntime Behavior ::run [ RunTime:0.002000s ]
INFO: [ view_filter ] --END-- [ RunTime:0.006000s ]
INFO: [ view_end ] --START--
INFO: ShowPageTrace Behavior ::run [ RunTime:0.002001s ]
INFO: [ view_end ] --END-- [ RunTime:0.002001s ]

[ 2014-01-30T11:03:19+08:00 ] 127.0.0.1 /Admin/Article/noteCate
INFO: [ route_check ] --START--
INFO: CheckRoute Behavior ::run [ RunTime:0.002000s ]
INFO: [ route_check ] --END-- [ RunTime:0.002000s ]
INFO: [ app_begin ] --START--
INFO: ReadHtmlCache Behavior ::run [ RunTime:0.003001s ]
INFO: [ app_begin ] --END-- [ RunTime:0.003001s ]
INFO: LoginCheck Behavior ::run [ RunTime:0.008001s ]
INFO: ResourceCheck Behavior ::run [ RunTime:0.007000s ]
INFO: AuthCheck Behavior ::run [ RunTime:0.007001s ]
NOTIC: [8] Undefined index: _type G:\Web\uioweb\ThinkPHP\Lib\Core\Model.class.php 第 583 行.
SQL: SELECT * FROM `uio_menu` WHERE ( `status` = 1 ) ORDER BY `listorder`  [ RunTime:0.001000s ]
SQL: SELECT * FROM `uio_shortcuts` JOIN uio_submenu_resource USING (resource_id) WHERE ( `uid` = '1' )  [ RunTime:0.001000s ]
NOTIC: [8] Undefined index: _type G:\Web\uioweb\ThinkPHP\Lib\Core\Model.class.php 第 583 行.
NOTIC: [8] Undefined index: _type G:\Web\uioweb\ThinkPHP\Lib\Core\Model.class.php 第 583 行.
SQL: SELECT * FROM `uio_submenu` WHERE ( `menu_id` = '1' ) AND ( `status` = 1 )  [ RunTime:0.001000s ]
NOTIC: [8] Undefined index: _type G:\Web\uioweb\ThinkPHP\Lib\Core\Model.class.php 第 583 行.
SQL: SELECT * FROM `uio_user_group` WHERE ( `group_id` = '1' ) LIMIT 1   [ RunTime:0.001000s ]
NOTIC: [8] Undefined index: _type G:\Web\uioweb\ThinkPHP\Lib\Core\Model.class.php 第 583 行.
NOTIC: [8] Undefined index: _type G:\Web\uioweb\ThinkPHP\Lib\Core\Model.class.php 第 583 行.
SQL: SELECT * FROM `uio_submenu_resource` WHERE ( `submenu_id` = '9' ) AND ( `status` = 1 )  [ RunTime:0.001000s ]
NOTIC: [8] Undefined index: _type G:\Web\uioweb\ThinkPHP\Lib\Core\Model.class.php 第 583 行.
NOTIC: [8] Undefined index: _type G:\Web\uioweb\ThinkPHP\Lib\Core\Model.class.php 第 583 行.
SQL: SELECT * FROM `uio_submenu` WHERE ( `menu_id` = '2' ) AND ( `status` = 1 )  [ RunTime:0.000000s ]
NOTIC: [8] Undefined index: _type G:\Web\uioweb\ThinkPHP\Lib\Core\Model.class.php 第 583 行.
SQL: SELECT * FROM `uio_user_group` WHERE ( `group_id` = '1' ) LIMIT 1   [ RunTime:0.001000s ]
NOTIC: [8] Undefined index: _type G:\Web\uioweb\ThinkPHP\Lib\Core\Model.class.php 第 583 行.
NOTIC: [8] Undefined index: _type G:\Web\uioweb\ThinkPHP\Lib\Core\Model.class.php 第 583 行.
SQL: SELECT * FROM `uio_submenu_resource` WHERE ( `submenu_id` = '16' ) AND ( `status` = 1 )  [ RunTime:0.000000s ]
NOTIC: [8] Undefined index: _type G:\Web\uioweb\ThinkPHP\Lib\Core\Model.class.php 第 583 行.
SQL: SELECT * FROM `uio_user_group` WHERE ( `group_id` = '1' ) LIMIT 1   [ RunTime:0.000000s ]
NOTIC: [8] Undefined index: _type G:\Web\uioweb\ThinkPHP\Lib\Core\Model.class.php 第 583 行.
NOTIC: [8] Undefined index: _type G:\Web\uioweb\ThinkPHP\Lib\Core\Model.class.php 第 583 行.
SQL: SELECT * FROM `uio_submenu_resource` WHERE ( `submenu_id` = '17' ) AND ( `status` = 1 )  [ RunTime:0.001000s ]
NOTIC: [8] Undefined index: _type G:\Web\uioweb\ThinkPHP\Lib\Core\Model.class.php 第 583 行.
NOTIC: [8] Undefined index: _type G:\Web\uioweb\ThinkPHP\Lib\Core\Model.class.php 第 583 行.
SQL: SELECT * FROM `uio_submenu` WHERE ( `menu_id` = '3' ) AND ( `status` = 1 )  [ RunTime:0.000000s ]
NOTIC: [8] Undefined index: _type G:\Web\uioweb\ThinkPHP\Lib\Core\Model.class.php 第 583 行.
SQL: SELECT * FROM `uio_user_group` WHERE ( `group_id` = '1' ) LIMIT 1   [ RunTime:0.000000s ]
NOTIC: [8] Undefined index: _type G:\Web\uioweb\ThinkPHP\Lib\Core\Model.class.php 第 583 行.
NOTIC: [8] Undefined index: _type G:\Web\uioweb\ThinkPHP\Lib\Core\Model.class.php 第 583 行.
SQL: SELECT * FROM `uio_submenu_resource` WHERE ( `submenu_id` = '18' ) AND ( `status` = 1 )  [ RunTime:0.000000s ]
NOTIC: [8] Undefined index: _type G:\Web\uioweb\ThinkPHP\Lib\Core\Model.class.php 第 583 行.
NOTIC: [8] Undefined index: _type G:\Web\uioweb\ThinkPHP\Lib\Core\Model.class.php 第 583 行.
SQL: SELECT * FROM `uio_submenu` WHERE ( `menu_id` = '4' ) AND ( `status` = 1 )  [ RunTime:0.000000s ]
NOTIC: [8] Undefined index: _type G:\Web\uioweb\ThinkPHP\Lib\Core\Model.class.php 第 583 行.
SQL: SELECT * FROM `uio_user_group` WHERE ( `group_id` = '1' ) LIMIT 1   [ RunTime:0.000000s ]
NOTIC: [8] Undefined index: _type G:\Web\uioweb\ThinkPHP\Lib\Core\Model.class.php 第 583 行.
NOTIC: [8] Undefined index: _type G:\Web\uioweb\ThinkPHP\Lib\Core\Model.class.php 第 583 行.
SQL: SELECT * FROM `uio_submenu_resource` WHERE ( `submenu_id` = '12' ) AND ( `status` = 1 )  [ RunTime:0.001000s ]
NOTIC: [8] Undefined index: _type G:\Web\uioweb\ThinkPHP\Lib\Core\Model.class.php 第 583 行.
SQL: SELECT * FROM `uio_user_group` WHERE ( `group_id` = '1' ) LIMIT 1   [ RunTime:0.000000s ]
NOTIC: [8] Undefined index: _type G:\Web\uioweb\ThinkPHP\Lib\Core\Model.class.php 第 583 行.
NOTIC: [8] Undefined index: _type G:\Web\uioweb\ThinkPHP\Lib\Core\Model.class.php 第 583 行.
SQL: SELECT * FROM `uio_submenu_resource` WHERE ( `submenu_id` = '15' ) AND ( `status` = 1 )  [ RunTime:0.000000s ]
NOTIC: [8] Undefined index: _type G:\Web\uioweb\ThinkPHP\Lib\Core\Model.class.php 第 583 行.
NOTIC: [8] Undefined index: _type G:\Web\uioweb\ThinkPHP\Lib\Core\Model.class.php 第 583 行.
SQL: SELECT * FROM `uio_submenu` WHERE ( `menu_id` = '5' ) AND ( `status` = 1 )  [ RunTime:0.000000s ]
NOTIC: [8] Undefined index: _type G:\Web\uioweb\ThinkPHP\Lib\Core\Model.class.php 第 583 行.
NOTIC: [8] Undefined index: _type G:\Web\uioweb\ThinkPHP\Lib\Core\Model.class.php 第 583 行.
SQL: SELECT * FROM `uio_submenu` WHERE ( `menu_id` = '6' ) AND ( `status` = 1 )  [ RunTime:0.001000s ]
NOTIC: [8] Undefined index: view G:\Web\uioweb\App\Admin\Lib\Action\ArticleAction.class.php 第 17 行.
SQL: SHOW COLUMNS FROM `uio_article_category` [ RunTime:0.144008s ]
SQL: SELECT * FROM `uio_article_category` WHERE ( `module_tag` = 'note' )  [ RunTime:0.014001s ]
INFO: [ view_parse ] --START--
INFO: ParseTemplate Behavior ::run [ RunTime:0.035002s ]
INFO: [ view_parse ] --END-- [ RunTime:0.035002s ]
INFO: [ view_filter ] --START--
INFO: ContentReplace Behavior ::run [ RunTime:0.002000s ]
INFO: TokenBuild Behavior ::run [ RunTime:0.001000s ]
INFO: WriteHtmlCache Behavior ::run [ RunTime:0.002000s ]
INFO: ShowRuntime Behavior ::run [ RunTime:0.001000s ]
INFO: [ view_filter ] --END-- [ RunTime:0.006000s ]
INFO: [ view_end ] --START--
INFO: ShowPageTrace Behavior ::run [ RunTime:0.003000s ]
INFO: [ view_end ] --END-- [ RunTime:0.003000s ]

[ 2014-01-30T11:03:19+08:00 ] 127.0.0.1 /Admin/Product/demoCate
INFO: [ route_check ] --START--
INFO: CheckRoute Behavior ::run [ RunTime:0.002000s ]
INFO: [ route_check ] --END-- [ RunTime:0.002000s ]
INFO: [ app_begin ] --START--
INFO: ReadHtmlCache Behavior ::run [ RunTime:0.002000s ]
INFO: [ app_begin ] --END-- [ RunTime:0.002000s ]
INFO: LoginCheck Behavior ::run [ RunTime:0.006000s ]
INFO: ResourceCheck Behavior ::run [ RunTime:0.004000s ]
INFO: AuthCheck Behavior ::run [ RunTime:0.005001s ]
NOTIC: [8] Undefined index: _type G:\Web\uioweb\ThinkPHP\Lib\Core\Model.class.php 第 583 行.
SQL: SELECT * FROM `uio_menu` WHERE ( `status` = 1 ) ORDER BY `listorder`  [ RunTime:0.000000s ]
SQL: SELECT * FROM `uio_shortcuts` JOIN uio_submenu_resource USING (resource_id) WHERE ( `uid` = '1' )  [ RunTime:0.001000s ]
NOTIC: [8] Undefined index: _type G:\Web\uioweb\ThinkPHP\Lib\Core\Model.class.php 第 583 行.
NOTIC: [8] Undefined index: _type G:\Web\uioweb\ThinkPHP\Lib\Core\Model.class.php 第 583 行.
SQL: SELECT * FROM `uio_submenu` WHERE ( `menu_id` = '1' ) AND ( `status` = 1 )  [ RunTime:0.002000s ]
NOTIC: [8] Undefined index: _type G:\Web\uioweb\ThinkPHP\Lib\Core\Model.class.php 第 583 行.
SQL: SELECT * FROM `uio_user_group` WHERE ( `group_id` = '1' ) LIMIT 1   [ RunTime:0.001000s ]
NOTIC: [8] Undefined index: _type G:\Web\uioweb\ThinkPHP\Lib\Core\Model.class.php 第 583 行.
NOTIC: [8] Undefined index: _type G:\Web\uioweb\ThinkPHP\Lib\Core\Model.class.php 第 583 行.
SQL: SELECT * FROM `uio_submenu_resource` WHERE ( `submenu_id` = '9' ) AND ( `status` = 1 )  [ RunTime:0.001000s ]
NOTIC: [8] Undefined index: _type G:\Web\uioweb\ThinkPHP\Lib\Core\Model.class.php 第 583 行.
NOTIC: [8] Undefined index: _type G:\Web\uioweb\ThinkPHP\Lib\Core\Model.class.php 第 583 行.
SQL: SELECT * FROM `uio_submenu` WHERE ( `menu_id` = '2' ) AND ( `status` = 1 )  [ RunTime:0.000000s ]
NOTIC: [8] Undefined index: _type G:\Web\uioweb\ThinkPHP\Lib\Core\Model.class.php 第 583 行.
SQL: SELECT * FROM `uio_user_group` WHERE ( `group_id` = '1' ) LIMIT 1   [ RunTime:0.000000s ]
NOTIC: [8] Undefined index: _type G:\Web\uioweb\ThinkPHP\Lib\Core\Model.class.php 第 583 行.
NOTIC: [8] Undefined index: _type G:\Web\uioweb\ThinkPHP\Lib\Core\Model.class.php 第 583 行.
SQL: SELECT * FROM `uio_submenu_resource` WHERE ( `submenu_id` = '16' ) AND ( `status` = 1 )  [ RunTime:0.001000s ]
NOTIC: [8] Undefined index: _type G:\Web\uioweb\ThinkPHP\Lib\Core\Model.class.php 第 583 行.
SQL: SELECT * FROM `uio_user_group` WHERE ( `group_id` = '1' ) LIMIT 1   [ RunTime:0.001000s ]
NOTIC: [8] Undefined index: _type G:\Web\uioweb\ThinkPHP\Lib\Core\Model.class.php 第 583 行.
NOTIC: [8] Undefined index: _type G:\Web\uioweb\ThinkPHP\Lib\Core\Model.class.php 第 583 行.
SQL: SELECT * FROM `uio_submenu_resource` WHERE ( `submenu_id` = '17' ) AND ( `status` = 1 )  [ RunTime:0.001000s ]
NOTIC: [8] Undefined index: _type G:\Web\uioweb\ThinkPHP\Lib\Core\Model.class.php 第 583 行.
NOTIC: [8] Undefined index: _type G:\Web\uioweb\ThinkPHP\Lib\Core\Model.class.php 第 583 行.
SQL: SELECT * FROM `uio_submenu` WHERE ( `menu_id` = '3' ) AND ( `status` = 1 )  [ RunTime:0.001001s ]
NOTIC: [8] Undefined index: _type G:\Web\uioweb\ThinkPHP\Lib\Core\Model.class.php 第 583 行.
SQL: SELECT * FROM `uio_user_group` WHERE ( `group_id` = '1' ) LIMIT 1   [ RunTime:0.001000s ]
NOTIC: [8] Undefined index: _type G:\Web\uioweb\ThinkPHP\Lib\Core\Model.class.php 第 583 行.
NOTIC: [8] Undefined index: _type G:\Web\uioweb\ThinkPHP\Lib\Core\Model.class.php 第 583 行.
SQL: SELECT * FROM `uio_submenu_resource` WHERE ( `submenu_id` = '18' ) AND ( `status` = 1 )  [ RunTime:0.000000s ]
NOTIC: [8] Undefined index: _type G:\Web\uioweb\ThinkPHP\Lib\Core\Model.class.php 第 583 行.
NOTIC: [8] Undefined index: _type G:\Web\uioweb\ThinkPHP\Lib\Core\Model.class.php 第 583 行.
SQL: SELECT * FROM `uio_submenu` WHERE ( `menu_id` = '4' ) AND ( `status` = 1 )  [ RunTime:0.001000s ]
NOTIC: [8] Undefined index: _type G:\Web\uioweb\ThinkPHP\Lib\Core\Model.class.php 第 583 行.
SQL: SELECT * FROM `uio_user_group` WHERE ( `group_id` = '1' ) LIMIT 1   [ RunTime:0.001000s ]
NOTIC: [8] Undefined index: _type G:\Web\uioweb\ThinkPHP\Lib\Core\Model.class.php 第 583 行.
NOTIC: [8] Undefined index: _type G:\Web\uioweb\ThinkPHP\Lib\Core\Model.class.php 第 583 行.
SQL: SELECT * FROM `uio_submenu_resource` WHERE ( `submenu_id` = '12' ) AND ( `status` = 1 )  [ RunTime:0.000000s ]
NOTIC: [8] Undefined index: _type G:\Web\uioweb\ThinkPHP\Lib\Core\Model.class.php 第 583 行.
SQL: SELECT * FROM `uio_user_group` WHERE ( `group_id` = '1' ) LIMIT 1   [ RunTime:0.000000s ]
NOTIC: [8] Undefined index: _type G:\Web\uioweb\ThinkPHP\Lib\Core\Model.class.php 第 583 行.
NOTIC: [8] Undefined index: _type G:\Web\uioweb\ThinkPHP\Lib\Core\Model.class.php 第 583 行.
SQL: SELECT * FROM `uio_submenu_resource` WHERE ( `submenu_id` = '15' ) AND ( `status` = 1 )  [ RunTime:0.001000s ]
NOTIC: [8] Undefined index: _type G:\Web\uioweb\ThinkPHP\Lib\Core\Model.class.php 第 583 行.
NOTIC: [8] Undefined index: _type G:\Web\uioweb\ThinkPHP\Lib\Core\Model.class.php 第 583 行.
SQL: SELECT * FROM `uio_submenu` WHERE ( `menu_id` = '5' ) AND ( `status` = 1 )  [ RunTime:0.000000s ]
NOTIC: [8] Undefined index: _type G:\Web\uioweb\ThinkPHP\Lib\Core\Model.class.php 第 583 行.
NOTIC: [8] Undefined index: _type G:\Web\uioweb\ThinkPHP\Lib\Core\Model.class.php 第 583 行.
SQL: SELECT * FROM `uio_submenu` WHERE ( `menu_id` = '6' ) AND ( `status` = 1 )  [ RunTime:0.001000s ]
NOTIC: [8] Undefined index: view G:\Web\uioweb\App\Admin\Lib\Action\ProductAction.class.php 第 17 行.
SQL: SHOW COLUMNS FROM `uio_product_category` [ RunTime:0.008001s ]
SQL: SELECT * FROM `uio_product_category`  [ RunTime:0.001000s ]
INFO: [ view_parse ] --START--
INFO: ParseTemplate Behavior ::run [ RunTime:0.070004s ]
INFO: [ view_parse ] --END-- [ RunTime:0.071004s ]
INFO: [ view_filter ] --START--
INFO: ContentReplace Behavior ::run [ RunTime:0.001000s ]
INFO: TokenBuild Behavior ::run [ RunTime:0.001000s ]
INFO: WriteHtmlCache Behavior ::run [ RunTime:0.001001s ]
INFO: ShowRuntime Behavior ::run [ RunTime:0.001000s ]
INFO: [ view_filter ] --END-- [ RunTime:0.006001s ]
INFO: [ view_end ] --START--
INFO: ShowPageTrace Behavior ::run [ RunTime:0.002000s ]
INFO: [ view_end ] --END-- [ RunTime:0.002000s ]

[ 2014-01-30T11:03:20+08:00 ] 127.0.0.1 /Admin/UserManage/add
INFO: [ route_check ] --START--
INFO: CheckRoute Behavior ::run [ RunTime:0.001000s ]
INFO: [ route_check ] --END-- [ RunTime:0.002000s ]
INFO: [ app_begin ] --START--
INFO: ReadHtmlCache Behavior ::run [ RunTime:0.001000s ]
INFO: [ app_begin ] --END-- [ RunTime:0.002000s ]
INFO: LoginCheck Behavior ::run [ RunTime:0.004000s ]
INFO: ResourceCheck Behavior ::run [ RunTime:0.003000s ]
INFO: AuthCheck Behavior ::run [ RunTime:0.002000s ]
NOTIC: [8] Undefined index: _type G:\Web\uioweb\ThinkPHP\Lib\Core\Model.class.php 第 583 行.
SQL: SELECT * FROM `uio_menu` WHERE ( `status` = 1 ) ORDER BY `listorder`  [ RunTime:0.001000s ]
SQL: SELECT * FROM `uio_shortcuts` JOIN uio_submenu_resource USING (resource_id) WHERE ( `uid` = '1' )  [ RunTime:0.001000s ]
NOTIC: [8] Undefined index: _type G:\Web\uioweb\ThinkPHP\Lib\Core\Model.class.php 第 583 行.
NOTIC: [8] Undefined index: _type G:\Web\uioweb\ThinkPHP\Lib\Core\Model.class.php 第 583 行.
SQL: SELECT * FROM `uio_submenu` WHERE ( `menu_id` = '1' ) AND ( `status` = 1 )  [ RunTime:0.001000s ]
NOTIC: [8] Undefined index: _type G:\Web\uioweb\ThinkPHP\Lib\Core\Model.class.php 第 583 行.
SQL: SELECT * FROM `uio_user_group` WHERE ( `group_id` = '1' ) LIMIT 1   [ RunTime:0.001000s ]
NOTIC: [8] Undefined index: _type G:\Web\uioweb\ThinkPHP\Lib\Core\Model.class.php 第 583 行.
NOTIC: [8] Undefined index: _type G:\Web\uioweb\ThinkPHP\Lib\Core\Model.class.php 第 583 行.
SQL: SELECT * FROM `uio_submenu_resource` WHERE ( `submenu_id` = '9' ) AND ( `status` = 1 )  [ RunTime:0.001000s ]
NOTIC: [8] Undefined index: _type G:\Web\uioweb\ThinkPHP\Lib\Core\Model.class.php 第 583 行.
NOTIC: [8] Undefined index: _type G:\Web\uioweb\ThinkPHP\Lib\Core\Model.class.php 第 583 行.
SQL: SELECT * FROM `uio_submenu` WHERE ( `menu_id` = '2' ) AND ( `status` = 1 )  [ RunTime:0.000000s ]
NOTIC: [8] Undefined index: _type G:\Web\uioweb\ThinkPHP\Lib\Core\Model.class.php 第 583 行.
SQL: SELECT * FROM `uio_user_group` WHERE ( `group_id` = '1' ) LIMIT 1   [ RunTime:0.000000s ]
NOTIC: [8] Undefined index: _type G:\Web\uioweb\ThinkPHP\Lib\Core\Model.class.php 第 583 行.
NOTIC: [8] Undefined index: _type G:\Web\uioweb\ThinkPHP\Lib\Core\Model.class.php 第 583 行.
SQL: SELECT * FROM `uio_submenu_resource` WHERE ( `submenu_id` = '16' ) AND ( `status` = 1 )  [ RunTime:0.001000s ]
NOTIC: [8] Undefined index: _type G:\Web\uioweb\ThinkPHP\Lib\Core\Model.class.php 第 583 行.
SQL: SELECT * FROM `uio_user_group` WHERE ( `group_id` = '1' ) LIMIT 1   [ RunTime:0.000000s ]
NOTIC: [8] Undefined index: _type G:\Web\uioweb\ThinkPHP\Lib\Core\Model.class.php 第 583 行.
NOTIC: [8] Undefined index: _type G:\Web\uioweb\ThinkPHP\Lib\Core\Model.class.php 第 583 行.
SQL: SELECT * FROM `uio_submenu_resource` WHERE ( `submenu_id` = '17' ) AND ( `status` = 1 )  [ RunTime:0.001000s ]
NOTIC: [8] Undefined index: _type G:\Web\uioweb\ThinkPHP\Lib\Core\Model.class.php 第 583 行.
NOTIC: [8] Undefined index: _type G:\Web\uioweb\ThinkPHP\Lib\Core\Model.class.php 第 583 行.
SQL: SELECT * FROM `uio_submenu` WHERE ( `menu_id` = '3' ) AND ( `status` = 1 )  [ RunTime:0.000000s ]
NOTIC: [8] Undefined index: _type G:\Web\uioweb\ThinkPHP\Lib\Core\Model.class.php 第 583 行.
SQL: SELECT * FROM `uio_user_group` WHERE ( `group_id` = '1' ) LIMIT 1   [ RunTime:0.001000s ]
NOTIC: [8] Undefined index: _type G:\Web\uioweb\ThinkPHP\Lib\Core\Model.class.php 第 583 行.
NOTIC: [8] Undefined index: _type G:\Web\uioweb\ThinkPHP\Lib\Core\Model.class.php 第 583 行.
SQL: SELECT * FROM `uio_submenu_resource` WHERE ( `submenu_id` = '18' ) AND ( `status` = 1 )  [ RunTime:0.000000s ]
NOTIC: [8] Undefined index: _type G:\Web\uioweb\ThinkPHP\Lib\Core\Model.class.php 第 583 行.
NOTIC: [8] Undefined index: _type G:\Web\uioweb\ThinkPHP\Lib\Core\Model.class.php 第 583 行.
SQL: SELECT * FROM `uio_submenu` WHERE ( `menu_id` = '4' ) AND ( `status` = 1 )  [ RunTime:0.000000s ]
NOTIC: [8] Undefined index: _type G:\Web\uioweb\ThinkPHP\Lib\Core\Model.class.php 第 583 行.
SQL: SELECT * FROM `uio_user_group` WHERE ( `group_id` = '1' ) LIMIT 1   [ RunTime:0.000000s ]
NOTIC: [8] Undefined index: _type G:\Web\uioweb\ThinkPHP\Lib\Core\Model.class.php 第 583 行.
NOTIC: [8] Undefined index: _type G:\Web\uioweb\ThinkPHP\Lib\Core\Model.class.php 第 583 行.
SQL: SELECT * FROM `uio_submenu_resource` WHERE ( `submenu_id` = '12' ) AND ( `status` = 1 )  [ RunTime:0.000000s ]
NOTIC: [8] Undefined index: _type G:\Web\uioweb\ThinkPHP\Lib\Core\Model.class.php 第 583 行.
SQL: SELECT * FROM `uio_user_group` WHERE ( `group_id` = '1' ) LIMIT 1   [ RunTime:0.001000s ]
NOTIC: [8] Undefined index: _type G:\Web\uioweb\ThinkPHP\Lib\Core\Model.class.php 第 583 行.
NOTIC: [8] Undefined index: _type G:\Web\uioweb\ThinkPHP\Lib\Core\Model.class.php 第 583 行.
SQL: SELECT * FROM `uio_submenu_resource` WHERE ( `submenu_id` = '15' ) AND ( `status` = 1 )  [ RunTime:0.000000s ]
NOTIC: [8] Undefined index: _type G:\Web\uioweb\ThinkPHP\Lib\Core\Model.class.php 第 583 行.
NOTIC: [8] Undefined index: _type G:\Web\uioweb\ThinkPHP\Lib\Core\Model.class.php 第 583 行.
SQL: SELECT * FROM `uio_submenu` WHERE ( `menu_id` = '5' ) AND ( `status` = 1 )  [ RunTime:0.001000s ]
NOTIC: [8] Undefined index: _type G:\Web\uioweb\ThinkPHP\Lib\Core\Model.class.php 第 583 行.
NOTIC: [8] Undefined index: _type G:\Web\uioweb\ThinkPHP\Lib\Core\Model.class.php 第 583 行.
SQL: SELECT * FROM `uio_submenu` WHERE ( `menu_id` = '6' ) AND ( `status` = 1 )  [ RunTime:0.000000s ]
NOTIC: [8] Undefined index: submit G:\Web\uioweb\App\Admin\Lib\Action\UserManageAction.class.php 第 18 行.
NOTIC: [8] Undefined index: uid G:\Web\uioweb\App\Admin\Lib\Action\UserManageAction.class.php 第 51 行.
SQL: SELECT * FROM `uio_user_group`  [ RunTime:0.001000s ]
INFO: [ view_parse ] --START--
NOTIC: [8] Undefined variable: tools G:\Web\uioweb\App\Admin\Runtime\Cache\25f1ecdef13baa2dff7e878971bcb428.php 第 48 行.
NOTIC: [8] Undefined variable: obj G:\Web\uioweb\App\Admin\Runtime\Cache\25f1ecdef13baa2dff7e878971bcb428.php 第 62 行.
NOTIC: [8] Undefined variable: obj G:\Web\uioweb\App\Admin\Runtime\Cache\25f1ecdef13baa2dff7e878971bcb428.php 第 68 行.
NOTIC: [8] Use of undefined constant group_id - assumed 'group_id' G:\Web\uioweb\App\Admin\Runtime\Cache\25f1ecdef13baa2dff7e878971bcb428.php 第 76 行.
NOTIC: [8] Use of undefined constant group_id - assumed 'group_id' G:\Web\uioweb\App\Admin\Runtime\Cache\25f1ecdef13baa2dff7e878971bcb428.php 第 76 行.
NOTIC: [8] Undefined variable: obj G:\Web\uioweb\App\Admin\Runtime\Cache\25f1ecdef13baa2dff7e878971bcb428.php 第 77 行.
NOTIC: [8] Use of undefined constant group_id - assumed 'group_id' G:\Web\uioweb\App\Admin\Runtime\Cache\25f1ecdef13baa2dff7e878971bcb428.php 第 76 行.
NOTIC: [8] Undefined variable: obj G:\Web\uioweb\App\Admin\Runtime\Cache\25f1ecdef13baa2dff7e878971bcb428.php 第 77 行.
NOTIC: [8] Use of undefined constant group_id - assumed 'group_id' G:\Web\uioweb\App\Admin\Runtime\Cache\25f1ecdef13baa2dff7e878971bcb428.php 第 76 行.
NOTIC: [8] Undefined variable: obj G:\Web\uioweb\App\Admin\Runtime\Cache\25f1ecdef13baa2dff7e878971bcb428.php 第 77 行.
NOTIC: [8] Use of undefined constant group_id - assumed 'group_id' G:\Web\uioweb\App\Admin\Runtime\Cache\25f1ecdef13baa2dff7e878971bcb428.php 第 76 行.
NOTIC: [8] Undefined variable: obj G:\Web\uioweb\App\Admin\Runtime\Cache\25f1ecdef13baa2dff7e878971bcb428.php 第 77 行.
NOTIC: [8] Undefined variable: obj G:\Web\uioweb\App\Admin\Runtime\Cache\25f1ecdef13baa2dff7e878971bcb428.php 第 85 行.
INFO: ParseTemplate Behavior ::run [ RunTime:0.108006s ]
INFO: [ view_parse ] --END-- [ RunTime:0.108006s ]
INFO: [ view_filter ] --START--
INFO: ContentReplace Behavior ::run [ RunTime:0.001000s ]
INFO: TokenBuild Behavior ::run [ RunTime:0.001000s ]
INFO: WriteHtmlCache Behavior ::run [ RunTime:0.002000s ]
INFO: ShowRuntime Behavior ::run [ RunTime:0.001000s ]
INFO: [ view_filter ] --END-- [ RunTime:0.007000s ]
INFO: [ view_end ] --START--
INFO: ShowPageTrace Behavior ::run [ RunTime:0.002000s ]
INFO: [ view_end ] --END-- [ RunTime:0.002000s ]

[ 2014-01-30T11:03:23+08:00 ] 127.0.0.1 /Admin/Develop/menu/view/nav
INFO: [ route_check ] --START--
INFO: CheckRoute Behavior ::run [ RunTime:0.002001s ]
INFO: [ route_check ] --END-- [ RunTime:0.002001s ]
INFO: [ app_begin ] --START--
INFO: ReadHtmlCache Behavior ::run [ RunTime:0.002000s ]
INFO: [ app_begin ] --END-- [ RunTime:0.002000s ]
INFO: LoginCheck Behavior ::run [ RunTime:0.002000s ]
INFO: ResourceCheck Behavior ::run [ RunTime:0.002000s ]
INFO: AuthCheck Behavior ::run [ RunTime:0.003000s ]
NOTIC: [8] Undefined index: _type G:\Web\uioweb\ThinkPHP\Lib\Core\Model.class.php 第 583 行.
SQL: SELECT * FROM `uio_menu` WHERE ( `status` = 1 ) ORDER BY `listorder`  [ RunTime:0.001000s ]
SQL: SELECT * FROM `uio_shortcuts` JOIN uio_submenu_resource USING (resource_id) WHERE ( `uid` = '1' )  [ RunTime:0.001000s ]
NOTIC: [8] Undefined index: _type G:\Web\uioweb\ThinkPHP\Lib\Core\Model.class.php 第 583 行.
NOTIC: [8] Undefined index: _type G:\Web\uioweb\ThinkPHP\Lib\Core\Model.class.php 第 583 行.
SQL: SELECT * FROM `uio_submenu` WHERE ( `menu_id` = '1' ) AND ( `status` = 1 )  [ RunTime:0.001000s ]
NOTIC: [8] Undefined index: _type G:\Web\uioweb\ThinkPHP\Lib\Core\Model.class.php 第 583 行.
SQL: SELECT * FROM `uio_user_group` WHERE ( `group_id` = '1' ) LIMIT 1   [ RunTime:0.002001s ]
NOTIC: [8] Undefined index: _type G:\Web\uioweb\ThinkPHP\Lib\Core\Model.class.php 第 583 行.
NOTIC: [8] Undefined index: _type G:\Web\uioweb\ThinkPHP\Lib\Core\Model.class.php 第 583 行.
SQL: SELECT * FROM `uio_submenu_resource` WHERE ( `submenu_id` = '9' ) AND ( `status` = 1 )  [ RunTime:0.001000s ]
NOTIC: [8] Undefined index: _type G:\Web\uioweb\ThinkPHP\Lib\Core\Model.class.php 第 583 行.
NOTIC: [8] Undefined index: _type G:\Web\uioweb\ThinkPHP\Lib\Core\Model.class.php 第 583 行.
SQL: SELECT * FROM `uio_submenu` WHERE ( `menu_id` = '2' ) AND ( `status` = 1 )  [ RunTime:0.001000s ]
NOTIC: [8] Undefined index: _type G:\Web\uioweb\ThinkPHP\Lib\Core\Model.class.php 第 583 行.
SQL: SELECT * FROM `uio_user_group` WHERE ( `group_id` = '1' ) LIMIT 1   [ RunTime:0.000000s ]
NOTIC: [8] Undefined index: _type G:\Web\uioweb\ThinkPHP\Lib\Core\Model.class.php 第 583 行.
NOTIC: [8] Undefined index: _type G:\Web\uioweb\ThinkPHP\Lib\Core\Model.class.php 第 583 行.
SQL: SELECT * FROM `uio_submenu_resource` WHERE ( `submenu_id` = '16' ) AND ( `status` = 1 )  [ RunTime:0.000000s ]
NOTIC: [8] Undefined index: _type G:\Web\uioweb\ThinkPHP\Lib\Core\Model.class.php 第 583 行.
SQL: SELECT * FROM `uio_user_group` WHERE ( `group_id` = '1' ) LIMIT 1   [ RunTime:0.000000s ]
NOTIC: [8] Undefined index: _type G:\Web\uioweb\ThinkPHP\Lib\Core\Model.class.php 第 583 行.
NOTIC: [8] Undefined index: _type G:\Web\uioweb\ThinkPHP\Lib\Core\Model.class.php 第 583 行.
SQL: SELECT * FROM `uio_submenu_resource` WHERE ( `submenu_id` = '17' ) AND ( `status` = 1 )  [ RunTime:0.000000s ]
NOTIC: [8] Undefined index: _type G:\Web\uioweb\ThinkPHP\Lib\Core\Model.class.php 第 583 行.
NOTIC: [8] Undefined index: _type G:\Web\uioweb\ThinkPHP\Lib\Core\Model.class.php 第 583 行.
SQL: SELECT * FROM `uio_submenu` WHERE ( `menu_id` = '3' ) AND ( `status` = 1 )  [ RunTime:0.000000s ]
NOTIC: [8] Undefined index: _type G:\Web\uioweb\ThinkPHP\Lib\Core\Model.class.php 第 583 行.
SQL: SELECT * FROM `uio_user_group` WHERE ( `group_id` = '1' ) LIMIT 1   [ RunTime:0.000000s ]
NOTIC: [8] Undefined index: _type G:\Web\uioweb\ThinkPHP\Lib\Core\Model.class.php 第 583 行.
NOTIC: [8] Undefined index: _type G:\Web\uioweb\ThinkPHP\Lib\Core\Model.class.php 第 583 行.
SQL: SELECT * FROM `uio_submenu_resource` WHERE ( `submenu_id` = '18' ) AND ( `status` = 1 )  [ RunTime:0.001000s ]
NOTIC: [8] Undefined index: _type G:\Web\uioweb\ThinkPHP\Lib\Core\Model.class.php 第 583 行.
NOTIC: [8] Undefined index: _type G:\Web\uioweb\ThinkPHP\Lib\Core\Model.class.php 第 583 行.
SQL: SELECT * FROM `uio_submenu` WHERE ( `menu_id` = '4' ) AND ( `status` = 1 )  [ RunTime:0.001000s ]
NOTIC: [8] Undefined index: _type G:\Web\uioweb\ThinkPHP\Lib\Core\Model.class.php 第 583 行.
SQL: SELECT * FROM `uio_user_group` WHERE ( `group_id` = '1' ) LIMIT 1   [ RunTime:0.004000s ]
NOTIC: [8] Undefined index: _type G:\Web\uioweb\ThinkPHP\Lib\Core\Model.class.php 第 583 行.
NOTIC: [8] Undefined index: _type G:\Web\uioweb\ThinkPHP\Lib\Core\Model.class.php 第 583 行.
SQL: SELECT * FROM `uio_submenu_resource` WHERE ( `submenu_id` = '12' ) AND ( `status` = 1 )  [ RunTime:0.001000s ]
NOTIC: [8] Undefined index: _type G:\Web\uioweb\ThinkPHP\Lib\Core\Model.class.php 第 583 行.
SQL: SELECT * FROM `uio_user_group` WHERE ( `group_id` = '1' ) LIMIT 1   [ RunTime:0.000000s ]
NOTIC: [8] Undefined index: _type G:\Web\uioweb\ThinkPHP\Lib\Core\Model.class.php 第 583 行.
NOTIC: [8] Undefined index: _type G:\Web\uioweb\ThinkPHP\Lib\Core\Model.class.php 第 583 行.
SQL: SELECT * FROM `uio_submenu_resource` WHERE ( `submenu_id` = '15' ) AND ( `status` = 1 )  [ RunTime:0.000000s ]
NOTIC: [8] Undefined index: _type G:\Web\uioweb\ThinkPHP\Lib\Core\Model.class.php 第 583 行.
NOTIC: [8] Undefined index: _type G:\Web\uioweb\ThinkPHP\Lib\Core\Model.class.php 第 583 行.
SQL: SELECT * FROM `uio_submenu` WHERE ( `menu_id` = '5' ) AND ( `status` = 1 )  [ RunTime:0.001000s ]
NOTIC: [8] Undefined index: _type G:\Web\uioweb\ThinkPHP\Lib\Core\Model.class.php 第 583 行.
NOTIC: [8] Undefined index: _type G:\Web\uioweb\ThinkPHP\Lib\Core\Model.class.php 第 583 行.
SQL: SELECT * FROM `uio_submenu` WHERE ( `menu_id` = '6' ) AND ( `status` = 1 )  [ RunTime:0.001000s ]
SQL: SELECT * FROM `uio_menu` ORDER BY `listorder` asc  [ RunTime:0.001000s ]
NOTIC: [8] Undefined index: page G:\Web\uioweb\App\Admin\Lib\Action\DevelopAction.class.php 第 23 行.
NOTIC: [8] Undefined index: op G:\Web\uioweb\App\Admin\Lib\Action\DevelopAction.class.php 第 45 行.
NOTIC: [8] Undefined index: submit G:\Web\uioweb\App\Admin\Lib\Action\DevelopAction.class.php 第 51 行.
INFO: [ view_parse ] --START--
INFO: ParseTemplate Behavior ::run [ RunTime:0.046003s ]
INFO: [ view_parse ] --END-- [ RunTime:0.046003s ]
INFO: [ view_filter ] --START--
INFO: ContentReplace Behavior ::run [ RunTime:0.002000s ]
INFO: TokenBuild Behavior ::run [ RunTime:0.001000s ]
INFO: WriteHtmlCache Behavior ::run [ RunTime:0.002000s ]
INFO: ShowRuntime Behavior ::run [ RunTime:0.001000s ]
INFO: [ view_filter ] --END-- [ RunTime:0.006000s ]
INFO: [ view_end ] --START--
INFO: ShowPageTrace Behavior ::run [ RunTime:0.002001s ]
INFO: [ view_end ] --END-- [ RunTime:0.002001s ]

