[ 2014-03-30T08:55:44+08:00 ] 127.0.0.1 /ajax.php?m=Weizhan&a=getColumn
INFO: [ app_begin ] --START--
INFO: ReadHtmlCache Behavior ::run [ RunTime:0.002000s ]
INFO: [ app_begin ] --END-- [ RunTime:0.002000s ]
SQL: SHOW COLUMNS FROM `uio_column` [ RunTime:0.008000s ]
SQL: SELECT * FROM `uio_column` WHERE ( `uid` = 4 ) AND ( `column_id` = 54 ) AND ( `app_name` = 'wz' ) LIMIT 1   [ RunTime:0.000000s ]

[ 2014-03-30T08:55:53+08:00 ] 127.0.0.1 /ajax.php?m=Weizhan&a=getColumn
INFO: [ app_begin ] --START--
INFO: ReadHtmlCache Behavior ::run [ RunTime:0.002000s ]
INFO: [ app_begin ] --END-- [ RunTime:0.002000s ]
SQL: SHOW COLUMNS FROM `uio_column` [ RunTime:0.008001s ]
SQL: SELECT * FROM `uio_column` WHERE ( `uid` = 4 ) AND ( `column_id` = 54 ) AND ( `app_name` = 'wz' ) LIMIT 1   [ RunTime:0.001000s ]

[ 2014-03-30T11:44:56+08:00 ] 127.0.0.1 /ajax.php?m=Reply&a=imgReplyAdd
INFO: [ app_begin ] --START--
INFO: ReadHtmlCache Behavior ::run [ RunTime:0.001000s ]
INFO: [ app_begin ] --END-- [ RunTime:0.002000s ]
SQL: SHOW COLUMNS FROM `uio_reply` [ RunTime:0.008001s ]
SQL: INSERT INTO `uio_reply` (`addtime`) VALUES (1396151095) [ RunTime:0.112006s ]

[ 2014-03-30T11:46:12+08:00 ] 127.0.0.1 /ajax.php?m=Reply&a=imgReplyAdd
INFO: [ app_begin ] --START--
INFO: ReadHtmlCache Behavior ::run [ RunTime:0.001001s ]
INFO: [ app_begin ] --END-- [ RunTime:0.002001s ]
SQL: SHOW COLUMNS FROM `uio_reply_img` [ RunTime:0.008001s ]
NOTIC: [8] Undefined variable: Reply G:\Web\itshajia\Ajax\Lib\Action\ReplyAction.class.php 第 25 行.

[ 2014-03-30T11:46:43+08:00 ] 127.0.0.1 /ajax.php?m=Reply&a=imgReplyAdd
INFO: [ app_begin ] --START--
INFO: ReadHtmlCache Behavior ::run [ RunTime:0.001000s ]
INFO: [ app_begin ] --END-- [ RunTime:0.001000s ]
SQL: SHOW COLUMNS FROM `uio_reply_img` [ RunTime:0.008001s ]
SQL: INSERT INTO `uio_reply_img` (`addtime`) VALUES (1396151203) [ RunTime:0.060003s ]

[ 2014-03-30T11:48:38+08:00 ] 127.0.0.1 /ajax.php?m=Reply&a=imgReplyAdd
INFO: [ app_begin ] --START--
INFO: ReadHtmlCache Behavior ::run [ RunTime:0.001000s ]
INFO: [ app_begin ] --END-- [ RunTime:0.001000s ]
SQL: SHOW COLUMNS FROM `uio_reply_img` [ RunTime:0.009000s ]
SQL: INSERT INTO `uio_reply_img` (`addtime`) VALUES (1396151318) [ RunTime:0.061004s ]

[ 2014-03-30T11:52:37+08:00 ] 127.0.0.1 /ajax.php?m=Reply&a=imgReplyAdd
INFO: [ app_begin ] --START--
INFO: ReadHtmlCache Behavior ::run [ RunTime:0.001000s ]
INFO: [ app_begin ] --END-- [ RunTime:0.001000s ]
SQL: SHOW COLUMNS FROM `uio_reply_img` [ RunTime:0.008000s ]
SQL: INSERT INTO `uio_reply_img` (`reply_id`,`title`,`desc`,`url`,`sort`,`is_first`,`img_id`,`uid`,`addtime`) VALUES (6,'网页设计','描述','http://itshajia.com',0,1,0,4,1396151557) [ RunTime:0.114007s ]

[ 2014-03-30T11:57:51+08:00 ] 127.0.0.1 /ajax.php?m=Reply&a=getReply
INFO: [ app_begin ] --START--
INFO: ReadHtmlCache Behavior ::run [ RunTime:0.001001s ]
INFO: [ app_begin ] --END-- [ RunTime:0.001001s ]
SQL: SHOW COLUMNS FROM `uio_reply_img` [ RunTime:0.008000s ]
SQL: SELECT * FROM `uio_reply_img` WHERE ( `uid` = 4 ) AND ( `img_id` = 3 ) LIMIT 1   [ RunTime:0.001000s ]

[ 2014-03-30T11:57:52+08:00 ] 127.0.0.1 /ajax.php?m=Reply&a=getReply
INFO: [ app_begin ] --START--
INFO: ReadHtmlCache Behavior ::run [ RunTime:0.001000s ]
INFO: [ app_begin ] --END-- [ RunTime:0.001000s ]
SQL: SHOW COLUMNS FROM `uio_reply_img` [ RunTime:0.008000s ]
SQL: SELECT * FROM `uio_reply_img` WHERE ( `uid` = 4 ) AND ( `img_id` = 3 ) LIMIT 1   [ RunTime:0.001000s ]

[ 2014-03-30T11:58:13+08:00 ] 127.0.0.1 /ajax.php?m=Reply&a=getReply
INFO: [ app_begin ] --START--
INFO: ReadHtmlCache Behavior ::run [ RunTime:0.001001s ]
INFO: [ app_begin ] --END-- [ RunTime:0.001001s ]
SQL: SHOW COLUMNS FROM `uio_reply_img` [ RunTime:0.008001s ]
SQL: SELECT * FROM `uio_reply_img` WHERE ( `uid` = 4 ) AND ( `img_id` = 3 ) LIMIT 1   [ RunTime:0.000000s ]

[ 2014-03-30T11:58:20+08:00 ] 127.0.0.1 /ajax.php?m=Reply&a=getReply
INFO: [ app_begin ] --START--
INFO: ReadHtmlCache Behavior ::run [ RunTime:0.001000s ]
INFO: [ app_begin ] --END-- [ RunTime:0.001000s ]
SQL: SHOW COLUMNS FROM `uio_reply_img` [ RunTime:0.008001s ]
SQL: SELECT * FROM `uio_reply_img` WHERE ( `uid` = 4 ) AND ( `img_id` = 3 ) LIMIT 1   [ RunTime:0.001000s ]

[ 2014-03-30T11:59:18+08:00 ] 127.0.0.1 /ajax.php?m=Reply&a=imgReplyAdd
INFO: [ app_begin ] --START--
INFO: ReadHtmlCache Behavior ::run [ RunTime:0.003000s ]
INFO: [ app_begin ] --END-- [ RunTime:0.003000s ]
SQL: SHOW COLUMNS FROM `uio_reply_img` [ RunTime:0.008001s ]
SQL: UPDATE `uio_reply_img` SET `reply_id`=6,`title`='网页设计',`image`='http://itshajia.com/Uploads/User/20140330/1396151931124348.jpg',`desc`='描述',`url`='http://itshajia.com',`sort`=0,`is_first`=1 WHERE ( `img_id` = 3 ) [ RunTime:0.114006s ]

[ 2014-03-30T12:01:39+08:00 ] 127.0.0.1 /ajax.php?m=Reply&a=getReply
INFO: [ app_begin ] --START--
INFO: ReadHtmlCache Behavior ::run [ RunTime:0.001000s ]
INFO: [ app_begin ] --END-- [ RunTime:0.001000s ]
SQL: SHOW COLUMNS FROM `uio_reply_img` [ RunTime:0.007001s ]
SQL: SELECT * FROM `uio_reply_img` WHERE ( `uid` = 4 ) AND ( `img_id` = 3 ) LIMIT 1   [ RunTime:0.001000s ]

[ 2014-03-30T12:01:46+08:00 ] 127.0.0.1 /ajax.php?m=Common&a=fileDel
INFO: [ app_begin ] --START--
INFO: ReadHtmlCache Behavior ::run [ RunTime:0.002000s ]
INFO: [ app_begin ] --END-- [ RunTime:0.002000s ]
SQL: SHOW COLUMNS FROM `uio_reply_img` [ RunTime:0.008001s ]
SQL: SELECT * FROM `uio_reply_img` WHERE ( `uid` = 4 ) AND ( `img_id` = 3 ) LIMIT 1   [ RunTime:0.001000s ]
SQL: UPDATE `uio_reply_img` SET `image`='' WHERE ( `uid` = 4 ) AND ( `img_id` = 3 ) [ RunTime:0.068004s ]

[ 2014-03-30T12:02:00+08:00 ] 127.0.0.1 /ajax.php?m=Reply&a=imgReplyAdd
INFO: [ app_begin ] --START--
INFO: ReadHtmlCache Behavior ::run [ RunTime:0.003000s ]
INFO: [ app_begin ] --END-- [ RunTime:0.003000s ]
SQL: SHOW COLUMNS FROM `uio_reply_img` [ RunTime:0.007000s ]
SQL: UPDATE `uio_reply_img` SET `reply_id`=6,`title`='网页设计',`desc`='描述',`url`='http://itshajia.com',`sort`=0,`is_first`=1 WHERE ( `img_id` = 3 ) [ RunTime:0.099006s ]

[ 2014-03-30T12:02:05+08:00 ] 127.0.0.1 /ajax.php?m=Reply&a=getReply
INFO: [ app_begin ] --START--
INFO: ReadHtmlCache Behavior ::run [ RunTime:0.002000s ]
INFO: [ app_begin ] --END-- [ RunTime:0.002000s ]
SQL: SHOW COLUMNS FROM `uio_reply_img` [ RunTime:0.007000s ]
SQL: SELECT * FROM `uio_reply_img` WHERE ( `uid` = 4 ) AND ( `img_id` = 3 ) LIMIT 1   [ RunTime:0.000000s ]

[ 2014-03-30T12:02:15+08:00 ] 127.0.0.1 /ajax.php?m=Reply&a=imgReplyAdd
INFO: [ app_begin ] --START--
INFO: ReadHtmlCache Behavior ::run [ RunTime:0.002000s ]
INFO: [ app_begin ] --END-- [ RunTime:0.002000s ]
SQL: SHOW COLUMNS FROM `uio_reply_img` [ RunTime:0.008001s ]
SQL: UPDATE `uio_reply_img` SET `reply_id`=6,`title`='网页设计',`image`='http://itshajia.com/Uploads/User/20140330/1396152133123626.jpg',`desc`='描述',`url`='http://itshajia.com',`sort`=0,`is_first`=1 WHERE ( `img_id` = 3 ) [ RunTime:0.129007s ]

[ 2014-03-30T12:26:22+08:00 ] 127.0.0.1 /ajax.php?m=Reply&a=getReply
INFO: [ app_begin ] --START--
INFO: ReadHtmlCache Behavior ::run [ RunTime:0.001000s ]
INFO: [ app_begin ] --END-- [ RunTime:0.002000s ]
SQL: SHOW COLUMNS FROM `uio_reply_img` [ RunTime:0.008000s ]
SQL: SELECT * FROM `uio_reply_img` WHERE ( `uid` = 4 ) AND ( `img_id` = 3 ) LIMIT 1   [ RunTime:0.001000s ]

[ 2014-03-30T12:27:50+08:00 ] 127.0.0.1 /ajax.php?m=Reply&a=imgReplyAdd
INFO: [ app_begin ] --START--
INFO: ReadHtmlCache Behavior ::run [ RunTime:0.002000s ]
INFO: [ app_begin ] --END-- [ RunTime:0.002000s ]
SQL: SHOW COLUMNS FROM `uio_reply_img` [ RunTime:0.008000s ]
SQL: INSERT INTO `uio_reply_img` (`reply_id`,`title`,`desc`,`url`,`sort`,`is_first`,`img_id`,`uid`,`addtime`) VALUES (6,'图文回复','描述','http://itshajia.com',0,0,0,4,1396153670) [ RunTime:0.072004s ]

[ 2014-03-30T12:29:32+08:00 ] 127.0.0.1 /ajax.php?m=Reply&a=getReply
INFO: [ app_begin ] --START--
INFO: ReadHtmlCache Behavior ::run [ RunTime:0.003000s ]
INFO: [ app_begin ] --END-- [ RunTime:0.003000s ]
SQL: SHOW COLUMNS FROM `uio_reply_img` [ RunTime:0.009001s ]
SQL: SELECT * FROM `uio_reply_img` WHERE ( `uid` = 4 ) AND ( `img_id` = 4 ) LIMIT 1   [ RunTime:0.001000s ]

[ 2014-03-30T12:29:49+08:00 ] 127.0.0.1 /ajax.php?m=Common&a=fileDel
INFO: [ app_begin ] --START--
INFO: ReadHtmlCache Behavior ::run [ RunTime:0.001000s ]
INFO: [ app_begin ] --END-- [ RunTime:0.002000s ]
SQL: SHOW COLUMNS FROM `uio_reply_img` [ RunTime:0.008000s ]
SQL: SELECT * FROM `uio_reply_img` WHERE ( `uid` = 4 ) AND ( `img_id` = 4 ) LIMIT 1   [ RunTime:0.001000s ]

[ 2014-03-30T12:29:57+08:00 ] 127.0.0.1 /ajax.php?m=Reply&a=imgReplyAdd
INFO: [ app_begin ] --START--
INFO: ReadHtmlCache Behavior ::run [ RunTime:0.001000s ]
INFO: [ app_begin ] --END-- [ RunTime:0.001000s ]
SQL: SHOW COLUMNS FROM `uio_reply_img` [ RunTime:0.008001s ]
SQL: UPDATE `uio_reply_img` SET `reply_id`=6,`title`='图文回复',`image`='http://itshajia.com/Uploads/User/20140330/1396153795117382.jpg',`desc`='描述',`url`='http://itshajia.com',`is_first`=0 WHERE ( `img_id` = 4 ) [ RunTime:0.104006s ]

[ 2014-03-30T12:31:37+08:00 ] 127.0.0.1 /ajax.php?m=Reply&a=getReply
INFO: [ app_begin ] --START--
INFO: ReadHtmlCache Behavior ::run [ RunTime:0.001000s ]
INFO: [ app_begin ] --END-- [ RunTime:0.001000s ]
SQL: SHOW COLUMNS FROM `uio_reply_img` [ RunTime:0.007000s ]
SQL: SELECT * FROM `uio_reply_img` WHERE ( `uid` = 4 ) AND ( `img_id` = 4 ) LIMIT 1   [ RunTime:0.000000s ]

[ 2014-03-30T12:32:11+08:00 ] 127.0.0.1 /ajax.php?m=Reply&a=getReply
INFO: [ app_begin ] --START--
INFO: ReadHtmlCache Behavior ::run [ RunTime:0.001001s ]
INFO: [ app_begin ] --END-- [ RunTime:0.001001s ]
SQL: SHOW COLUMNS FROM `uio_reply_img` [ RunTime:0.008000s ]
SQL: SELECT * FROM `uio_reply_img` WHERE ( `uid` = 4 ) AND ( `img_id` = 4 ) LIMIT 1   [ RunTime:0.001000s ]

[ 2014-03-30T12:32:20+08:00 ] 127.0.0.1 /ajax.php?m=Reply&a=getReply
INFO: [ app_begin ] --START--
INFO: ReadHtmlCache Behavior ::run [ RunTime:0.001000s ]
INFO: [ app_begin ] --END-- [ RunTime:0.001000s ]
SQL: SHOW COLUMNS FROM `uio_reply_img` [ RunTime:0.008001s ]
SQL: SELECT * FROM `uio_reply_img` WHERE ( `uid` = 4 ) AND ( `img_id` = 3 ) LIMIT 1   [ RunTime:0.001000s ]

[ 2014-03-30T12:32:22+08:00 ] 127.0.0.1 /ajax.php?m=Reply&a=getReply
INFO: [ app_begin ] --START--
INFO: ReadHtmlCache Behavior ::run [ RunTime:0.001001s ]
INFO: [ app_begin ] --END-- [ RunTime:0.001001s ]
SQL: SHOW COLUMNS FROM `uio_reply_img` [ RunTime:0.008001s ]
SQL: SELECT * FROM `uio_reply_img` WHERE ( `uid` = 4 ) AND ( `img_id` = 4 ) LIMIT 1   [ RunTime:0.001000s ]

[ 2014-03-30T12:32:57+08:00 ] 127.0.0.1 /ajax.php?m=Reply&a=getReply
INFO: [ app_begin ] --START--
INFO: ReadHtmlCache Behavior ::run [ RunTime:0.002000s ]
INFO: [ app_begin ] --END-- [ RunTime:0.002000s ]
SQL: SHOW COLUMNS FROM `uio_reply_img` [ RunTime:0.008000s ]
SQL: SELECT * FROM `uio_reply_img` WHERE ( `uid` = 4 ) AND ( `img_id` = 4 ) LIMIT 1   [ RunTime:0.001000s ]

[ 2014-03-30T12:33:22+08:00 ] 127.0.0.1 /ajax.php?m=Reply&a=getReply
INFO: [ app_begin ] --START--
INFO: ReadHtmlCache Behavior ::run [ RunTime:0.001000s ]
INFO: [ app_begin ] --END-- [ RunTime:0.001000s ]
SQL: SHOW COLUMNS FROM `uio_reply_img` [ RunTime:0.008001s ]
SQL: SELECT * FROM `uio_reply_img` WHERE ( `uid` = 4 ) AND ( `img_id` = 4 ) LIMIT 1   [ RunTime:0.001000s ]

[ 2014-03-30T12:33:25+08:00 ] 127.0.0.1 /ajax.php?m=Reply&a=getReply
INFO: [ app_begin ] --START--
INFO: ReadHtmlCache Behavior ::run [ RunTime:0.001000s ]
INFO: [ app_begin ] --END-- [ RunTime:0.001000s ]
SQL: SHOW COLUMNS FROM `uio_reply_img` [ RunTime:0.008000s ]
SQL: SELECT * FROM `uio_reply_img` WHERE ( `uid` = 4 ) AND ( `img_id` = 3 ) LIMIT 1   [ RunTime:0.000000s ]

[ 2014-03-30T12:33:27+08:00 ] 127.0.0.1 /ajax.php?m=Reply&a=getReply
INFO: [ app_begin ] --START--
INFO: ReadHtmlCache Behavior ::run [ RunTime:0.001000s ]
INFO: [ app_begin ] --END-- [ RunTime:0.001000s ]
SQL: SHOW COLUMNS FROM `uio_reply_img` [ RunTime:0.007000s ]
SQL: SELECT * FROM `uio_reply_img` WHERE ( `uid` = 4 ) AND ( `img_id` = 4 ) LIMIT 1   [ RunTime:0.000000s ]

[ 2014-03-30T12:34:52+08:00 ] 127.0.0.1 /ajax.php?m=Reply&a=imgReplyAdd
INFO: [ app_begin ] --START--
INFO: ReadHtmlCache Behavior ::run [ RunTime:0.001000s ]
INFO: [ app_begin ] --END-- [ RunTime:0.001000s ]
SQL: SHOW COLUMNS FROM `uio_reply_img` [ RunTime:0.008001s ]
SQL: INSERT INTO `uio_reply_img` (`reply_id`,`title`,`image`,`desc`,`url`,`is_first`,`img_id`,`uid`,`addtime`) VALUES (6,'让网页舞动起来！25个免费的视差滚动插件','http://itshajia.com/Uploads/User/20140330/1396154073563802.jpg','描述','http://itshajia.com',0,0,4,1396154091) [ RunTime:0.063004s ]

[ 2014-03-30T12:34:56+08:00 ] 127.0.0.1 /ajax.php?m=Reply&a=getReply
INFO: [ app_begin ] --START--
INFO: ReadHtmlCache Behavior ::run [ RunTime:0.002000s ]
INFO: [ app_begin ] --END-- [ RunTime:0.002000s ]
SQL: SHOW COLUMNS FROM `uio_reply_img` [ RunTime:0.007001s ]
SQL: SELECT * FROM `uio_reply_img` WHERE ( `uid` = 4 ) AND ( `img_id` = 5 ) LIMIT 1   [ RunTime:0.001000s ]

[ 2014-03-30T12:35:05+08:00 ] 127.0.0.1 /ajax.php?m=Reply&a=imgReplyAdd
INFO: [ app_begin ] --START--
INFO: ReadHtmlCache Behavior ::run [ RunTime:0.001000s ]
INFO: [ app_begin ] --END-- [ RunTime:0.001000s ]
SQL: SHOW COLUMNS FROM `uio_reply_img` [ RunTime:0.007000s ]
SQL: UPDATE `uio_reply_img` SET `reply_id`=6,`title`='让网页舞动起来！25个免费的视差滚动插件',`image`='http://itshajia.com/Uploads/User/20140330/1396154073563802.jpg',`desc`='描述',`url`='http://itshajia.com',`sort`=1,`is_first`=0 WHERE ( `img_id` = 5 ) [ RunTime:0.124007s ]

[ 2014-03-30T12:35:07+08:00 ] 127.0.0.1 /ajax.php?m=Reply&a=getReply
INFO: [ app_begin ] --START--
INFO: ReadHtmlCache Behavior ::run [ RunTime:0.001000s ]
INFO: [ app_begin ] --END-- [ RunTime:0.002000s ]
SQL: SHOW COLUMNS FROM `uio_reply_img` [ RunTime:0.008001s ]
SQL: SELECT * FROM `uio_reply_img` WHERE ( `uid` = 4 ) AND ( `img_id` = 4 ) LIMIT 1   [ RunTime:0.000000s ]

[ 2014-03-30T12:35:11+08:00 ] 127.0.0.1 /ajax.php?m=Reply&a=imgReplyAdd
INFO: [ app_begin ] --START--
INFO: ReadHtmlCache Behavior ::run [ RunTime:0.001000s ]
INFO: [ app_begin ] --END-- [ RunTime:0.001000s ]
SQL: SHOW COLUMNS FROM `uio_reply_img` [ RunTime:0.008000s ]
SQL: UPDATE `uio_reply_img` SET `reply_id`=6,`title`='图文回复',`image`='http://itshajia.com/Uploads/User/20140330/1396153795117382.jpg',`desc`='描述',`url`='http://itshajia.com',`sort`=2,`is_first`=0 WHERE ( `img_id` = 4 ) [ RunTime:0.059004s ]

[ 2014-03-30T14:34:47+08:00 ] 127.0.0.1 /ajax.php?m=Reply&a=getReply
INFO: [ app_begin ] --START--
INFO: ReadHtmlCache Behavior ::run [ RunTime:0.001000s ]
INFO: [ app_begin ] --END-- [ RunTime:0.001000s ]
SQL: SHOW COLUMNS FROM `uio_reply_img` [ RunTime:0.010000s ]
SQL: SELECT * FROM `uio_reply_img` WHERE ( `uid` = 4 ) AND ( `img_id` = 3 ) LIMIT 1   [ RunTime:0.001000s ]

[ 2014-03-30T14:34:51+08:00 ] 127.0.0.1 /ajax.php?m=Reply&a=getReply
INFO: [ app_begin ] --START--
INFO: ReadHtmlCache Behavior ::run [ RunTime:0.001000s ]
INFO: [ app_begin ] --END-- [ RunTime:0.002000s ]
SQL: SHOW COLUMNS FROM `uio_reply_img` [ RunTime:0.008001s ]
SQL: SELECT * FROM `uio_reply_img` WHERE ( `uid` = 4 ) AND ( `img_id` = 5 ) LIMIT 1   [ RunTime:0.001000s ]

[ 2014-03-30T16:59:47+08:00 ] 127.0.0.1 /ajax.php?m=CustomMenu&a=menuAdd
INFO: [ app_begin ] --START--
INFO: ReadHtmlCache Behavior ::run [ RunTime:0.001000s ]
INFO: [ app_begin ] --END-- [ RunTime:0.002000s ]
ERR: 无法加载模块:CustomMenu

[ 2014-03-30T17:00:39+08:00 ] 127.0.0.1 /ajax.php?m=CustomMenu&a=menuAdd
INFO: [ app_begin ] --START--
INFO: ReadHtmlCache Behavior ::run [ RunTime:0.002000s ]
INFO: [ app_begin ] --END-- [ RunTime:0.002000s ]
ERR: 无法加载模块:CustomMenu

[ 2014-03-30T17:01:41+08:00 ] 127.0.0.1 /ajax.php?m=CustomMenu&a=menuAdd
INFO: [ app_begin ] --START--
INFO: ReadHtmlCache Behavior ::run [ RunTime:0.001000s ]
INFO: [ app_begin ] --END-- [ RunTime:0.001000s ]
SQL: SHOW COLUMNS FROM `uio_custom_menu` [ RunTime:0.009001s ]
NOTIC: [8] Undefined index: img_id G:\Web\itshajia\Ajax\Lib\Action\CustomMenuAction.class.php 第 12 行.
SQL: INSERT INTO `uio_custom_menu` (`addtime`,`uid`,`child_count`) VALUES (1396170101,4,0) [ RunTime:0.088005s ]

[ 2014-03-30T17:02:44+08:00 ] 127.0.0.1 /ajax.php?m=CustomMenu&a=menuAdd
INFO: [ app_begin ] --START--
INFO: ReadHtmlCache Behavior ::run [ RunTime:0.003000s ]
INFO: [ app_begin ] --END-- [ RunTime:0.003000s ]
SQL: SHOW COLUMNS FROM `uio_custom_menu` [ RunTime:0.010000s ]
NOTIC: [8] Undefined index: img_id G:\Web\itshajia\Ajax\Lib\Action\CustomMenuAction.class.php 第 12 行.
SQL: INSERT INTO `uio_custom_menu` (`addtime`,`uid`,`child_count`) VALUES (1396170164,4,0) [ RunTime:0.092006s ]

[ 2014-03-30T17:03:29+08:00 ] 127.0.0.1 /ajax.php?m=CustomMenu&a=menuAdd
INFO: [ app_begin ] --START--
INFO: ReadHtmlCache Behavior ::run [ RunTime:0.002000s ]
INFO: [ app_begin ] --END-- [ RunTime:0.002000s ]
SQL: SHOW COLUMNS FROM `uio_custom_menu` [ RunTime:0.009000s ]
NOTIC: [8] Undefined index: img_id G:\Web\itshajia\Ajax\Lib\Action\CustomMenuAction.class.php 第 12 行.
SQL: INSERT INTO `uio_custom_menu` (`title`,`parentid`,`menu_type`,`menu_key`,`addtime`,`uid`,`child_count`) VALUES ('关于我们',0,'button','news_6',1396170209,4,0) [ RunTime:0.079005s ]

[ 2014-03-30T20:03:09+08:00 ] 127.0.0.1 /ajax.php?m=CustomMenu&a=menuAdd
INFO: [ app_begin ] --START--
INFO: ReadHtmlCache Behavior ::run [ RunTime:0.002000s ]
INFO: [ app_begin ] --END-- [ RunTime:0.003000s ]
SQL: SHOW COLUMNS FROM `uio_custom_menu` [ RunTime:0.008001s ]
NOTIC: [8] Undefined index: menu_id G:\Web\itshajia\Ajax\Lib\Action\CustomMenuAction.class.php 第 12 行.
SQL: INSERT INTO `uio_custom_menu` (`title`,`parentid`,`menu_type`,`menu_key`,`addtime`,`uid`,`child_count`) VALUES ('关于我们',0,'button','news_6',1396180988,4,0) [ RunTime:0.117007s ]

[ 2014-03-30T20:09:38+08:00 ] 127.0.0.1 /ajax.php?m=CustomMenu&a=menuAdd
INFO: [ app_begin ] --START--
INFO: ReadHtmlCache Behavior ::run [ RunTime:0.001000s ]
INFO: [ app_begin ] --END-- [ RunTime:0.001000s ]
SQL: SHOW COLUMNS FROM `uio_custom_menu` [ RunTime:0.007000s ]
NOTIC: [8] Undefined index: menu_id G:\Web\itshajia\Ajax\Lib\Action\CustomMenuAction.class.php 第 12 行.
SQL: INSERT INTO `uio_custom_menu` (`title`,`parent_id`,`menu_type`,`menu_key`,`addtime`,`uid`,`child_count`) VALUES ('关于我们',0,'button','news_6',1396181378,4,0) [ RunTime:0.068004s ]

[ 2014-03-30T20:10:34+08:00 ] 127.0.0.1 /ajax.php?m=CustomMenu&a=menuAdd
INFO: [ app_begin ] --START--
INFO: ReadHtmlCache Behavior ::run [ RunTime:0.003000s ]
INFO: [ app_begin ] --END-- [ RunTime:0.003000s ]
SQL: SHOW COLUMNS FROM `uio_custom_menu` [ RunTime:0.008000s ]
NOTIC: [8] Undefined index: menu_id G:\Web\itshajia\Ajax\Lib\Action\CustomMenuAction.class.php 第 12 行.
SQL: INSERT INTO `uio_custom_menu` (`title`,`parent_id`,`menu_type`,`menu_key`,`addtime`,`uid`,`child_count`) VALUES ('酒店介绍',1,'link','http://itshajia.com',1396181434,4,0) [ RunTime:0.092005s ]

[ 2014-03-30T20:14:24+08:00 ] 127.0.0.1 /ajax.php?m=Weizhan&a=getColumn
INFO: [ app_begin ] --START--
INFO: ReadHtmlCache Behavior ::run [ RunTime:0.002000s ]
INFO: [ app_begin ] --END-- [ RunTime:0.003000s ]
SQL: SHOW COLUMNS FROM `uio_column` [ RunTime:0.008000s ]
SQL: SELECT * FROM `uio_column` WHERE ( `uid` = 4 ) AND ( `column_id` = 57 ) AND ( `app_name` = 'wz' ) LIMIT 1   [ RunTime:0.000000s ]

[ 2014-03-30T20:14:37+08:00 ] 127.0.0.1 /ajax.php?m=Weizhan&a=getColumn
INFO: [ app_begin ] --START--
INFO: ReadHtmlCache Behavior ::run [ RunTime:0.002000s ]
INFO: [ app_begin ] --END-- [ RunTime:0.002000s ]
SQL: SHOW COLUMNS FROM `uio_column` [ RunTime:0.009000s ]
SQL: SELECT * FROM `uio_column` WHERE ( `uid` = 4 ) AND ( `column_id` = 54 ) AND ( `app_name` = 'wz' ) LIMIT 1   [ RunTime:0.001000s ]

[ 2014-03-30T20:14:40+08:00 ] 127.0.0.1 /ajax.php?m=Weizhan&a=getColumn
INFO: [ app_begin ] --START--
INFO: ReadHtmlCache Behavior ::run [ RunTime:0.001000s ]
INFO: [ app_begin ] --END-- [ RunTime:0.001000s ]
SQL: SHOW COLUMNS FROM `uio_column` [ RunTime:0.007000s ]
SQL: SELECT * FROM `uio_column` WHERE ( `uid` = 4 ) AND ( `column_id` = 56 ) AND ( `app_name` = 'wz' ) LIMIT 1   [ RunTime:0.001000s ]

[ 2014-03-30T20:14:44+08:00 ] 127.0.0.1 /ajax.php?m=Weizhan&a=getColumn
INFO: [ app_begin ] --START--
INFO: ReadHtmlCache Behavior ::run [ RunTime:0.002000s ]
INFO: [ app_begin ] --END-- [ RunTime:0.002000s ]
SQL: SHOW COLUMNS FROM `uio_column` [ RunTime:0.008001s ]
SQL: SELECT * FROM `uio_column` WHERE ( `uid` = 4 ) AND ( `column_id` = 59 ) AND ( `app_name` = 'wz' ) LIMIT 1   [ RunTime:0.001000s ]

[ 2014-03-30T20:14:47+08:00 ] 127.0.0.1 /ajax.php?m=Weizhan&a=getColumn
INFO: [ app_begin ] --START--
INFO: ReadHtmlCache Behavior ::run [ RunTime:0.002000s ]
INFO: [ app_begin ] --END-- [ RunTime:0.002000s ]
SQL: SHOW COLUMNS FROM `uio_column` [ RunTime:0.008000s ]
SQL: SELECT * FROM `uio_column` WHERE ( `uid` = 4 ) AND ( `column_id` = 52 ) AND ( `app_name` = 'wz' ) LIMIT 1   [ RunTime:0.001001s ]

[ 2014-03-30T20:14:54+08:00 ] 127.0.0.1 /ajax.php?m=Weizhan&a=getColumn
INFO: [ app_begin ] --START--
INFO: ReadHtmlCache Behavior ::run [ RunTime:0.001000s ]
INFO: [ app_begin ] --END-- [ RunTime:0.001000s ]
SQL: SHOW COLUMNS FROM `uio_column` [ RunTime:0.007000s ]
SQL: SELECT * FROM `uio_column` WHERE ( `uid` = 4 ) AND ( `column_id` = 54 ) AND ( `app_name` = 'wz' ) LIMIT 1   [ RunTime:0.000000s ]

[ 2014-03-30T20:15:48+08:00 ] 127.0.0.1 /ajax.php?m=Weizhan&a=getColumn
INFO: [ app_begin ] --START--
INFO: ReadHtmlCache Behavior ::run [ RunTime:0.001000s ]
INFO: [ app_begin ] --END-- [ RunTime:0.002000s ]
SQL: SHOW COLUMNS FROM `uio_column` [ RunTime:0.008000s ]
SQL: SELECT * FROM `uio_column` WHERE ( `uid` = 4 ) AND ( `column_id` = 54 ) AND ( `app_name` = 'wz' ) LIMIT 1   [ RunTime:0.000000s ]

[ 2014-03-30T20:15:50+08:00 ] 127.0.0.1 /ajax.php?m=Weizhan&a=getColumn
INFO: [ app_begin ] --START--
INFO: ReadHtmlCache Behavior ::run [ RunTime:0.001000s ]
INFO: [ app_begin ] --END-- [ RunTime:0.001000s ]
SQL: SHOW COLUMNS FROM `uio_column` [ RunTime:0.010001s ]
SQL: SELECT * FROM `uio_column` WHERE ( `uid` = 4 ) AND ( `column_id` = 55 ) AND ( `app_name` = 'wz' ) LIMIT 1   [ RunTime:0.000000s ]

[ 2014-03-30T20:15:53+08:00 ] 127.0.0.1 /ajax.php?m=Weizhan&a=getColumn
INFO: [ app_begin ] --START--
INFO: ReadHtmlCache Behavior ::run [ RunTime:0.001000s ]
INFO: [ app_begin ] --END-- [ RunTime:0.002000s ]
SQL: SHOW COLUMNS FROM `uio_column` [ RunTime:0.008000s ]
SQL: SELECT * FROM `uio_column` WHERE ( `uid` = 4 ) AND ( `column_id` = 56 ) AND ( `app_name` = 'wz' ) LIMIT 1   [ RunTime:0.000000s ]

[ 2014-03-30T20:15:55+08:00 ] 127.0.0.1 /ajax.php?m=Weizhan&a=getColumn
INFO: [ app_begin ] --START--
INFO: ReadHtmlCache Behavior ::run [ RunTime:0.001000s ]
INFO: [ app_begin ] --END-- [ RunTime:0.001000s ]
SQL: SHOW COLUMNS FROM `uio_column` [ RunTime:0.007001s ]
SQL: SELECT * FROM `uio_column` WHERE ( `uid` = 4 ) AND ( `column_id` = 57 ) AND ( `app_name` = 'wz' ) LIMIT 1   [ RunTime:0.001000s ]

[ 2014-03-30T20:28:44+08:00 ] 127.0.0.1 /ajax.php?m=CustomMenu&a=menuAdd
INFO: [ app_begin ] --START--
INFO: ReadHtmlCache Behavior ::run [ RunTime:0.002000s ]
INFO: [ app_begin ] --END-- [ RunTime:0.002000s ]
SQL: SHOW COLUMNS FROM `uio_custom_menu` [ RunTime:0.008000s ]
NOTIC: [8] Undefined index: menu_id G:\Web\itshajia\Ajax\Lib\Action\CustomMenuAction.class.php 第 12 行.
SQL: INSERT INTO `uio_custom_menu` (`title`,`parent_id`,`menu_type`,`menu_key`,`listorder`,`addtime`,`uid`,`child_count`) VALUES ('产品展示',1,'link','http://itshajia.com',2,1396182524,4,0) [ RunTime:0.141009s ]

[ 2014-03-30T20:29:23+08:00 ] 127.0.0.1 /ajax.php?m=CustomMenu&a=menuAdd
INFO: [ app_begin ] --START--
INFO: ReadHtmlCache Behavior ::run [ RunTime:0.002000s ]
INFO: [ app_begin ] --END-- [ RunTime:0.002000s ]
SQL: SHOW COLUMNS FROM `uio_custom_menu` [ RunTime:0.008000s ]
NOTIC: [8] Undefined index: menu_id G:\Web\itshajia\Ajax\Lib\Action\CustomMenuAction.class.php 第 12 行.
SQL: INSERT INTO `uio_custom_menu` (`title`,`parent_id`,`menu_type`,`menu_key`,`listorder`,`addtime`,`uid`,`child_count`) VALUES ('预定管理',0,'button','app_7',1,1396182563,4,0) [ RunTime:0.136007s ]

[ 2014-03-30T20:29:48+08:00 ] 127.0.0.1 /ajax.php?m=CustomMenu&a=menuAdd
INFO: [ app_begin ] --START--
INFO: ReadHtmlCache Behavior ::run [ RunTime:0.001000s ]
INFO: [ app_begin ] --END-- [ RunTime:0.001000s ]
SQL: SHOW COLUMNS FROM `uio_custom_menu` [ RunTime:0.008001s ]
NOTIC: [8] Undefined index: menu_id G:\Web\itshajia\Ajax\Lib\Action\CustomMenuAction.class.php 第 12 行.
SQL: INSERT INTO `uio_custom_menu` (`title`,`parent_id`,`menu_type`,`menu_key`,`listorder`,`addtime`,`uid`,`child_count`) VALUES ('会场预定',4,'link','http://itshajia.com',1,1396182588,4,0) [ RunTime:0.115006s ]

[ 2014-03-30T20:30:13+08:00 ] 127.0.0.1 /ajax.php?m=CustomMenu&a=menuAdd
INFO: [ app_begin ] --START--
INFO: ReadHtmlCache Behavior ::run [ RunTime:0.003001s ]
INFO: [ app_begin ] --END-- [ RunTime:0.003001s ]
SQL: SHOW COLUMNS FROM `uio_custom_menu` [ RunTime:0.007000s ]
NOTIC: [8] Undefined index: menu_id G:\Web\itshajia\Ajax\Lib\Action\CustomMenuAction.class.php 第 12 行.
SQL: INSERT INTO `uio_custom_menu` (`title`,`parent_id`,`menu_type`,`menu_key`,`listorder`,`addtime`,`uid`,`child_count`) VALUES ('餐饮预定',4,'link','http://itshajia.com',2,1396182613,4,0) [ RunTime:0.117007s ]

[ 2014-03-30T20:30:35+08:00 ] 127.0.0.1 /ajax.php?m=CustomMenu&a=menuAdd
INFO: [ app_begin ] --START--
INFO: ReadHtmlCache Behavior ::run [ RunTime:0.002000s ]
INFO: [ app_begin ] --END-- [ RunTime:0.002000s ]
SQL: SHOW COLUMNS FROM `uio_custom_menu` [ RunTime:0.008001s ]
NOTIC: [8] Undefined index: menu_id G:\Web\itshajia\Ajax\Lib\Action\CustomMenuAction.class.php 第 12 行.
SQL: INSERT INTO `uio_custom_menu` (`title`,`parent_id`,`menu_type`,`menu_key`,`listorder`,`addtime`,`uid`,`child_count`) VALUES ('客房预定',0,'link','http://itshajia.com',3,1396182634,4,0) [ RunTime:0.113006s ]

[ 2014-03-30T20:36:34+08:00 ] 127.0.0.1 /ajax.php?m=CustomMenu&a=getMenu
INFO: [ app_begin ] --START--
INFO: ReadHtmlCache Behavior ::run [ RunTime:0.002000s ]
INFO: [ app_begin ] --END-- [ RunTime:0.002000s ]
SQL: SHOW COLUMNS FROM `uio_custom_menu` [ RunTime:0.008000s ]
SQL: SELECT * FROM `uio_custom_menu` WHERE ( `uid` = 4 ) AND ( `menu_id` = 1 ) LIMIT 1   [ RunTime:0.000000s ]

[ 2014-03-30T20:36:40+08:00 ] 127.0.0.1 /ajax.php?m=CustomMenu&a=getMenu
INFO: [ app_begin ] --START--
INFO: ReadHtmlCache Behavior ::run [ RunTime:0.003000s ]
INFO: [ app_begin ] --END-- [ RunTime:0.003000s ]
SQL: SHOW COLUMNS FROM `uio_custom_menu` [ RunTime:0.008000s ]
SQL: SELECT * FROM `uio_custom_menu` WHERE ( `uid` = 4 ) AND ( `menu_id` = 2 ) LIMIT 1   [ RunTime:0.001000s ]

[ 2014-03-30T20:39:07+08:00 ] 127.0.0.1 /ajax.php?m=CustomMenu&a=getMenu
INFO: [ app_begin ] --START--
INFO: ReadHtmlCache Behavior ::run [ RunTime:0.001000s ]
INFO: [ app_begin ] --END-- [ RunTime:0.001000s ]
SQL: SHOW COLUMNS FROM `uio_custom_menu` [ RunTime:0.008001s ]
SQL: SELECT * FROM `uio_custom_menu` WHERE ( `uid` = 4 ) AND ( `menu_id` = 2 ) LIMIT 1   [ RunTime:0.000000s ]

[ 2014-03-30T20:41:58+08:00 ] 127.0.0.1 /ajax.php?m=CustomMenu&a=getMenu
INFO: [ app_begin ] --START--
INFO: ReadHtmlCache Behavior ::run [ RunTime:0.001000s ]
INFO: [ app_begin ] --END-- [ RunTime:0.001000s ]
SQL: SHOW COLUMNS FROM `uio_custom_menu` [ RunTime:0.008000s ]
SQL: SELECT * FROM `uio_custom_menu` WHERE ( `uid` = 4 ) AND ( `menu_id` = 1 ) LIMIT 1   [ RunTime:0.004000s ]

[ 2014-03-30T20:42:40+08:00 ] 127.0.0.1 /ajax.php?m=CustomMenu&a=getMenu
INFO: [ app_begin ] --START--
INFO: ReadHtmlCache Behavior ::run [ RunTime:0.001000s ]
INFO: [ app_begin ] --END-- [ RunTime:0.001000s ]
SQL: SHOW COLUMNS FROM `uio_custom_menu` [ RunTime:0.008001s ]
SQL: SELECT * FROM `uio_custom_menu` WHERE ( `uid` = 4 ) AND ( `menu_id` = 1 ) LIMIT 1   [ RunTime:0.000000s ]

[ 2014-03-30T20:42:48+08:00 ] 127.0.0.1 /ajax.php?m=CustomMenu&a=getMenu
INFO: [ app_begin ] --START--
INFO: ReadHtmlCache Behavior ::run [ RunTime:0.001000s ]
INFO: [ app_begin ] --END-- [ RunTime:0.001000s ]
SQL: SHOW COLUMNS FROM `uio_custom_menu` [ RunTime:0.007000s ]
SQL: SELECT * FROM `uio_custom_menu` WHERE ( `uid` = 4 ) AND ( `menu_id` = 2 ) LIMIT 1   [ RunTime:0.000000s ]

[ 2014-03-30T20:42:51+08:00 ] 127.0.0.1 /ajax.php?m=CustomMenu&a=getMenu
INFO: [ app_begin ] --START--
INFO: ReadHtmlCache Behavior ::run [ RunTime:0.001000s ]
INFO: [ app_begin ] --END-- [ RunTime:0.001000s ]
SQL: SHOW COLUMNS FROM `uio_custom_menu` [ RunTime:0.008000s ]
SQL: SELECT * FROM `uio_custom_menu` WHERE ( `uid` = 4 ) AND ( `menu_id` = 3 ) LIMIT 1   [ RunTime:0.001000s ]

[ 2014-03-30T20:42:55+08:00 ] 127.0.0.1 /ajax.php?m=CustomMenu&a=getMenu
INFO: [ app_begin ] --START--
INFO: ReadHtmlCache Behavior ::run [ RunTime:0.001000s ]
INFO: [ app_begin ] --END-- [ RunTime:0.001000s ]
SQL: SHOW COLUMNS FROM `uio_custom_menu` [ RunTime:0.009000s ]
SQL: SELECT * FROM `uio_custom_menu` WHERE ( `uid` = 4 ) AND ( `menu_id` = 7 ) LIMIT 1   [ RunTime:0.000000s ]

[ 2014-03-30T20:42:59+08:00 ] 127.0.0.1 /ajax.php?m=CustomMenu&a=menuAdd
INFO: [ app_begin ] --START--
INFO: ReadHtmlCache Behavior ::run [ RunTime:0.001000s ]
INFO: [ app_begin ] --END-- [ RunTime:0.001000s ]
SQL: SHOW COLUMNS FROM `uio_custom_menu` [ RunTime:0.007000s ]
NOTIC: [8] Undefined index: menu_id G:\Web\itshajia\Ajax\Lib\Action\CustomMenuAction.class.php 第 12 行.
SQL: INSERT INTO `uio_custom_menu` (`title`,`parent_id`,`menu_type`,`menu_key`,`listorder`,`addtime`,`uid`,`child_count`) VALUES ('客房预定',7,'link','http://itshajia.com',3,1396183379,4,0) [ RunTime:0.147009s ]

[ 2014-03-30T20:44:25+08:00 ] 127.0.0.1 /ajax.php?m=CustomMenu&a=getMenu
INFO: [ app_begin ] --START--
INFO: ReadHtmlCache Behavior ::run [ RunTime:0.001000s ]
INFO: [ app_begin ] --END-- [ RunTime:0.002000s ]
SQL: SHOW COLUMNS FROM `uio_custom_menu` [ RunTime:0.008000s ]
SQL: SELECT * FROM `uio_custom_menu` WHERE ( `uid` = 4 ) AND ( `menu_id` = 7 ) LIMIT 1   [ RunTime:0.001000s ]

[ 2014-03-30T20:44:29+08:00 ] 127.0.0.1 /ajax.php?m=CustomMenu&a=menuAdd
INFO: [ app_begin ] --START--
INFO: ReadHtmlCache Behavior ::run [ RunTime:0.001000s ]
INFO: [ app_begin ] --END-- [ RunTime:0.001000s ]
SQL: SHOW COLUMNS FROM `uio_custom_menu` [ RunTime:0.008000s ]
SQL: UPDATE `uio_custom_menu` SET `title`='客房预定',`parent_id`=7,`menu_type`='link',`menu_key`='http://itshajia.com',`listorder`=3 WHERE ( `menu_id` = 7 ) [ RunTime:0.121007s ]

[ 2014-03-30T20:44:54+08:00 ] 127.0.0.1 /ajax.php?m=CustomMenu&a=getMenu
INFO: [ app_begin ] --START--
INFO: ReadHtmlCache Behavior ::run [ RunTime:0.002000s ]
INFO: [ app_begin ] --END-- [ RunTime:0.002000s ]
SQL: SHOW COLUMNS FROM `uio_custom_menu` [ RunTime:0.009000s ]
SQL: SELECT * FROM `uio_custom_menu` WHERE ( `uid` = 4 ) AND ( `menu_id` = 6 ) LIMIT 1   [ RunTime:0.001000s ]

[ 2014-03-30T20:45:05+08:00 ] 127.0.0.1 /ajax.php?m=CustomMenu&a=menuAdd
INFO: [ app_begin ] --START--
INFO: ReadHtmlCache Behavior ::run [ RunTime:0.001000s ]
INFO: [ app_begin ] --END-- [ RunTime:0.001000s ]
SQL: SHOW COLUMNS FROM `uio_custom_menu` [ RunTime:0.008000s ]
SQL: UPDATE `uio_custom_menu` SET `title`='餐饮预定12',`parent_id`=4,`menu_type`='link',`menu_key`='http://itshajia.com',`listorder`=2 WHERE ( `menu_id` = 6 ) [ RunTime:0.073005s ]

[ 2014-03-30T20:45:08+08:00 ] 127.0.0.1 /ajax.php?m=CustomMenu&a=getMenu
INFO: [ app_begin ] --START--
INFO: ReadHtmlCache Behavior ::run [ RunTime:0.001000s ]
INFO: [ app_begin ] --END-- [ RunTime:0.001000s ]
SQL: SHOW COLUMNS FROM `uio_custom_menu` [ RunTime:0.007000s ]
SQL: SELECT * FROM `uio_custom_menu` WHERE ( `uid` = 4 ) AND ( `menu_id` = 6 ) LIMIT 1   [ RunTime:0.000000s ]

[ 2014-03-30T20:45:12+08:00 ] 127.0.0.1 /ajax.php?m=CustomMenu&a=menuAdd
INFO: [ app_begin ] --START--
INFO: ReadHtmlCache Behavior ::run [ RunTime:0.001000s ]
INFO: [ app_begin ] --END-- [ RunTime:0.001000s ]
SQL: SHOW COLUMNS FROM `uio_custom_menu` [ RunTime:0.008001s ]
SQL: UPDATE `uio_custom_menu` SET `title`='餐饮预定',`parent_id`=0,`menu_type`='link',`menu_key`='http://itshajia.com',`listorder`=2 WHERE ( `menu_id` = 6 ) [ RunTime:0.115006s ]

[ 2014-03-30T20:45:17+08:00 ] 127.0.0.1 /ajax.php?m=CustomMenu&a=getMenu
INFO: [ app_begin ] --START--
INFO: ReadHtmlCache Behavior ::run [ RunTime:0.001000s ]
INFO: [ app_begin ] --END-- [ RunTime:0.001000s ]
SQL: SHOW COLUMNS FROM `uio_custom_menu` [ RunTime:0.008001s ]
SQL: SELECT * FROM `uio_custom_menu` WHERE ( `uid` = 4 ) AND ( `menu_id` = 6 ) LIMIT 1   [ RunTime:0.000000s ]

[ 2014-03-30T20:45:22+08:00 ] 127.0.0.1 /ajax.php?m=CustomMenu&a=menuAdd
INFO: [ app_begin ] --START--
INFO: ReadHtmlCache Behavior ::run [ RunTime:0.002000s ]
INFO: [ app_begin ] --END-- [ RunTime:0.002000s ]
SQL: SHOW COLUMNS FROM `uio_custom_menu` [ RunTime:0.008000s ]
SQL: UPDATE `uio_custom_menu` SET `title`='餐饮预定',`parent_id`=4,`menu_type`='link',`menu_key`='http://itshajia.com',`listorder`=2 WHERE ( `menu_id` = 6 ) [ RunTime:0.260015s ]

[ 2014-03-30T20:47:42+08:00 ] 127.0.0.1 /ajax.php?m=CustomMenu&a=getMenu
INFO: [ app_begin ] --START--
INFO: ReadHtmlCache Behavior ::run [ RunTime:0.002000s ]
INFO: [ app_begin ] --END-- [ RunTime:0.002000s ]
SQL: SHOW COLUMNS FROM `uio_custom_menu` [ RunTime:0.008000s ]
SQL: SELECT * FROM `uio_custom_menu` WHERE ( `uid` = 4 ) AND ( `menu_id` = 6 ) LIMIT 1   [ RunTime:0.001000s ]

[ 2014-03-30T20:47:54+08:00 ] 127.0.0.1 /ajax.php?m=CustomMenu&a=getMenu
INFO: [ app_begin ] --START--
INFO: ReadHtmlCache Behavior ::run [ RunTime:0.001000s ]
INFO: [ app_begin ] --END-- [ RunTime:0.001000s ]
SQL: SHOW COLUMNS FROM `uio_custom_menu` [ RunTime:0.008001s ]
SQL: SELECT * FROM `uio_custom_menu` WHERE ( `uid` = 4 ) AND ( `menu_id` = 6 ) LIMIT 1   [ RunTime:0.000000s ]

[ 2014-03-30T20:52:00+08:00 ] 127.0.0.1 /ajax.php?m=CustomMenu&a=getMenu
INFO: [ app_begin ] --START--
INFO: ReadHtmlCache Behavior ::run [ RunTime:0.003000s ]
INFO: [ app_begin ] --END-- [ RunTime:0.003000s ]
SQL: SHOW COLUMNS FROM `uio_custom_menu` [ RunTime:0.010001s ]
SQL: SELECT * FROM `uio_custom_menu` WHERE ( `uid` = 4 ) AND ( `menu_id` = 1 ) LIMIT 1   [ RunTime:0.002000s ]

[ 2014-03-30T20:52:03+08:00 ] 127.0.0.1 /ajax.php?m=CustomMenu&a=getMenu
INFO: [ app_begin ] --START--
INFO: ReadHtmlCache Behavior ::run [ RunTime:0.002000s ]
INFO: [ app_begin ] --END-- [ RunTime:0.002000s ]
SQL: SHOW COLUMNS FROM `uio_custom_menu` [ RunTime:0.007000s ]
SQL: SELECT * FROM `uio_custom_menu` WHERE ( `uid` = 4 ) AND ( `menu_id` = 2 ) LIMIT 1   [ RunTime:0.001000s ]
SQL: SELECT * FROM `uio_custom_menu` WHERE ( `uid` = 4 ) AND ( `menu_id` = 1 ) LIMIT 1   [ RunTime:0.001000s ]

[ 2014-03-30T20:52:08+08:00 ] 127.0.0.1 /ajax.php?m=CustomMenu&a=getMenu
INFO: [ app_begin ] --START--
INFO: ReadHtmlCache Behavior ::run [ RunTime:0.001000s ]
INFO: [ app_begin ] --END-- [ RunTime:0.001000s ]
SQL: SHOW COLUMNS FROM `uio_custom_menu` [ RunTime:0.007000s ]
SQL: SELECT * FROM `uio_custom_menu` WHERE ( `uid` = 4 ) AND ( `menu_id` = 1 ) LIMIT 1   [ RunTime:0.001001s ]

[ 2014-03-30T20:52:10+08:00 ] 127.0.0.1 /ajax.php?m=CustomMenu&a=getMenu
INFO: [ app_begin ] --START--
INFO: ReadHtmlCache Behavior ::run [ RunTime:0.001000s ]
INFO: [ app_begin ] --END-- [ RunTime:0.001000s ]
SQL: SHOW COLUMNS FROM `uio_custom_menu` [ RunTime:0.008000s ]
SQL: SELECT * FROM `uio_custom_menu` WHERE ( `uid` = 4 ) AND ( `menu_id` = 2 ) LIMIT 1   [ RunTime:0.001000s ]
SQL: SELECT * FROM `uio_custom_menu` WHERE ( `uid` = 4 ) AND ( `menu_id` = 1 ) LIMIT 1   [ RunTime:0.000000s ]

[ 2014-03-30T20:52:12+08:00 ] 127.0.0.1 /ajax.php?m=CustomMenu&a=getMenu
INFO: [ app_begin ] --START--
INFO: ReadHtmlCache Behavior ::run [ RunTime:0.001000s ]
INFO: [ app_begin ] --END-- [ RunTime:0.001000s ]
SQL: SHOW COLUMNS FROM `uio_custom_menu` [ RunTime:0.008001s ]
SQL: SELECT * FROM `uio_custom_menu` WHERE ( `uid` = 4 ) AND ( `menu_id` = 3 ) LIMIT 1   [ RunTime:0.001000s ]
SQL: SELECT * FROM `uio_custom_menu` WHERE ( `uid` = 4 ) AND ( `menu_id` = 1 ) LIMIT 1   [ RunTime:0.000000s ]

[ 2014-03-30T20:54:07+08:00 ] 127.0.0.1 /ajax.php?m=CustomMenu&a=getMenu
INFO: [ app_begin ] --START--
INFO: ReadHtmlCache Behavior ::run [ RunTime:0.001000s ]
INFO: [ app_begin ] --END-- [ RunTime:0.001000s ]
SQL: SHOW COLUMNS FROM `uio_custom_menu` [ RunTime:0.008000s ]
SQL: SELECT * FROM `uio_custom_menu` WHERE ( `uid` = 4 ) AND ( `menu_id` = 6 ) LIMIT 1   [ RunTime:0.001000s ]
SQL: SELECT * FROM `uio_custom_menu` WHERE ( `uid` = 4 ) AND ( `menu_id` = 4 ) LIMIT 1   [ RunTime:0.000000s ]

[ 2014-03-30T20:54:10+08:00 ] 127.0.0.1 /ajax.php?m=CustomMenu&a=getMenu
INFO: [ app_begin ] --START--
INFO: ReadHtmlCache Behavior ::run [ RunTime:0.002000s ]
INFO: [ app_begin ] --END-- [ RunTime:0.002000s ]
SQL: SHOW COLUMNS FROM `uio_custom_menu` [ RunTime:0.008000s ]
SQL: SELECT * FROM `uio_custom_menu` WHERE ( `uid` = 4 ) AND ( `menu_id` = 4 ) LIMIT 1   [ RunTime:0.001000s ]

[ 2014-03-30T21:02:56+08:00 ] 127.0.0.1 /ajax.php?m=Custom&a=menuDel
INFO: [ app_begin ] --START--
INFO: ReadHtmlCache Behavior ::run [ RunTime:0.002000s ]
INFO: [ app_begin ] --END-- [ RunTime:0.002000s ]
ERR: 无法加载模块:Custom

[ 2014-03-30T21:03:19+08:00 ] 127.0.0.1 /ajax.php?m=Custom&a=menuDel
INFO: [ app_begin ] --START--
INFO: ReadHtmlCache Behavior ::run [ RunTime:0.001000s ]
INFO: [ app_begin ] --END-- [ RunTime:0.001000s ]
ERR: 无法加载模块:Custom

[ 2014-03-30T21:03:45+08:00 ] 127.0.0.1 /ajax.php?m=CustomMenu&a=menuDel
INFO: [ app_begin ] --START--
INFO: ReadHtmlCache Behavior ::run [ RunTime:0.002000s ]
INFO: [ app_begin ] --END-- [ RunTime:0.002000s ]
SQL: SHOW COLUMNS FROM `uio_custom_menu` [ RunTime:0.008001s ]
SQL: SELECT * FROM `uio_custom_menu` WHERE ( `uid` = 4 ) AND ( `parent_id` = 6 ) LIMIT 1   [ RunTime:0.001000s ]
SQL: DELETE FROM `uio_custom_menu` WHERE ( `uid` = 4 ) [ RunTime:0.127007s ]

[ 2014-03-30T21:04:39+08:00 ] 127.0.0.1 /ajax.php?m=CustomMenu&a=menuAdd
INFO: [ app_begin ] --START--
INFO: ReadHtmlCache Behavior ::run [ RunTime:0.001000s ]
INFO: [ app_begin ] --END-- [ RunTime:0.002000s ]
SQL: SHOW COLUMNS FROM `uio_custom_menu` [ RunTime:0.008000s ]
SQL: INSERT INTO `uio_custom_menu` (`title`,`parent_id`,`menu_type`,`menu_key`,`listorder`,`menu_id`,`addtime`,`uid`,`child_count`) VALUES ('关于我们',0,'button','news_6',1,0,1396184679,4,0) [ RunTime:0.175010s ]

[ 2014-03-30T21:05:01+08:00 ] 127.0.0.1 /ajax.php?m=CustomMenu&a=menuAdd
INFO: [ app_begin ] --START--
INFO: ReadHtmlCache Behavior ::run [ RunTime:0.001000s ]
INFO: [ app_begin ] --END-- [ RunTime:0.001000s ]
SQL: SHOW COLUMNS FROM `uio_custom_menu` [ RunTime:0.008001s ]
SQL: INSERT INTO `uio_custom_menu` (`title`,`parent_id`,`menu_type`,`menu_key`,`listorder`,`menu_id`,`addtime`,`uid`,`child_count`) VALUES ('酒店简介',9,'link','http://itshajia.com',1,0,1396184701,4,0) [ RunTime:0.123007s ]

[ 2014-03-30T21:05:22+08:00 ] 127.0.0.1 /ajax.php?m=CustomMenu&a=menuAdd
INFO: [ app_begin ] --START--
INFO: ReadHtmlCache Behavior ::run [ RunTime:0.003000s ]
INFO: [ app_begin ] --END-- [ RunTime:0.003000s ]
SQL: SHOW COLUMNS FROM `uio_custom_menu` [ RunTime:0.008001s ]
SQL: INSERT INTO `uio_custom_menu` (`title`,`parent_id`,`menu_type`,`menu_key`,`listorder`,`menu_id`,`addtime`,`uid`,`child_count`) VALUES ('产品介绍',9,'link','http://itshajia.com',2,0,1396184722,4,0) [ RunTime:0.144008s ]

[ 2014-03-30T21:05:41+08:00 ] 127.0.0.1 /ajax.php?m=CustomMenu&a=menuAdd
INFO: [ app_begin ] --START--
INFO: ReadHtmlCache Behavior ::run [ RunTime:0.002000s ]
INFO: [ app_begin ] --END-- [ RunTime:0.002000s ]
SQL: SHOW COLUMNS FROM `uio_custom_menu` [ RunTime:0.008001s ]
SQL: INSERT INTO `uio_custom_menu` (`title`,`parent_id`,`menu_type`,`menu_key`,`listorder`,`menu_id`,`addtime`,`uid`,`child_count`) VALUES ('预定管理',0,'button','app_7',2,0,1396184741,4,0) [ RunTime:0.071004s ]

[ 2014-03-30T21:06:05+08:00 ] 127.0.0.1 /ajax.php?m=CustomMenu&a=menuAdd
INFO: [ app_begin ] --START--
INFO: ReadHtmlCache Behavior ::run [ RunTime:0.001000s ]
INFO: [ app_begin ] --END-- [ RunTime:0.001000s ]
SQL: SHOW COLUMNS FROM `uio_custom_menu` [ RunTime:0.008000s ]
SQL: INSERT INTO `uio_custom_menu` (`title`,`parent_id`,`menu_type`,`menu_key`,`listorder`,`menu_id`,`addtime`,`uid`,`child_count`) VALUES ('客房预定',12,'link','http://itshajia.com',3,0,1396184765,4,0) [ RunTime:0.084005s ]

[ 2014-03-30T21:06:23+08:00 ] 127.0.0.1 /ajax.php?m=CustomMenu&a=menuAdd
INFO: [ app_begin ] --START--
INFO: ReadHtmlCache Behavior ::run [ RunTime:0.001000s ]
INFO: [ app_begin ] --END-- [ RunTime:0.002000s ]
SQL: SHOW COLUMNS FROM `uio_custom_menu` [ RunTime:0.008001s ]
SQL: INSERT INTO `uio_custom_menu` (`title`,`parent_id`,`menu_type`,`menu_key`,`listorder`,`menu_id`,`addtime`,`uid`,`child_count`) VALUES ('餐饮预定',12,'link','http://itshajia.com',4,0,1396184783,4,0) [ RunTime:0.102006s ]

[ 2014-03-30T21:06:38+08:00 ] 127.0.0.1 /ajax.php?m=CustomMenu&a=menuAdd
INFO: [ app_begin ] --START--
INFO: ReadHtmlCache Behavior ::run [ RunTime:0.002000s ]
INFO: [ app_begin ] --END-- [ RunTime:0.002000s ]
SQL: SHOW COLUMNS FROM `uio_custom_menu` [ RunTime:0.007000s ]
SQL: INSERT INTO `uio_custom_menu` (`title`,`parent_id`,`menu_type`,`menu_key`,`listorder`,`menu_id`,`addtime`,`uid`,`child_count`) VALUES ('会场预定',12,'link','http://itshajia.com',5,0,1396184798,4,0) [ RunTime:0.065004s ]

[ 2014-03-30T21:06:45+08:00 ] 127.0.0.1 /ajax.php?m=CustomMenu&a=menuDel
INFO: [ app_begin ] --START--
INFO: ReadHtmlCache Behavior ::run [ RunTime:0.002000s ]
INFO: [ app_begin ] --END-- [ RunTime:0.002000s ]
SQL: SHOW COLUMNS FROM `uio_custom_menu` [ RunTime:0.015001s ]
SQL: SELECT * FROM `uio_custom_menu` WHERE ( `uid` = 4 ) AND ( `parent_id` = 15 ) LIMIT 1   [ RunTime:0.001000s ]
SQL: DELETE FROM `uio_custom_menu` WHERE ( `uid` = 4 ) AND ( `menu_id` = 15 ) [ RunTime:0.077004s ]

[ 2014-03-30T21:06:50+08:00 ] 127.0.0.1 /ajax.php?m=CustomMenu&a=menuDel
INFO: [ app_begin ] --START--
INFO: ReadHtmlCache Behavior ::run [ RunTime:0.002000s ]
INFO: [ app_begin ] --END-- [ RunTime:0.002000s ]
SQL: SHOW COLUMNS FROM `uio_custom_menu` [ RunTime:0.008000s ]
SQL: SELECT * FROM `uio_custom_menu` WHERE ( `uid` = 4 ) AND ( `parent_id` = 12 ) LIMIT 1   [ RunTime:0.000000s ]

[ 2014-03-30T21:06:54+08:00 ] 127.0.0.1 /ajax.php?m=CustomMenu&a=getMenu
INFO: [ app_begin ] --START--
INFO: ReadHtmlCache Behavior ::run [ RunTime:0.001000s ]
INFO: [ app_begin ] --END-- [ RunTime:0.001000s ]
SQL: SHOW COLUMNS FROM `uio_custom_menu` [ RunTime:0.007001s ]
SQL: SELECT * FROM `uio_custom_menu` WHERE ( `uid` = 4 ) AND ( `menu_id` = 12 ) LIMIT 1   [ RunTime:0.001000s ]

[ 2014-03-30T21:07:35+08:00 ] 127.0.0.1 /ajax.php?m=CustomMenu&a=getMenu
INFO: [ app_begin ] --START--
INFO: ReadHtmlCache Behavior ::run [ RunTime:0.003000s ]
INFO: [ app_begin ] --END-- [ RunTime:0.003000s ]
SQL: SHOW COLUMNS FROM `uio_custom_menu` [ RunTime:0.008001s ]
SQL: SELECT * FROM `uio_custom_menu` WHERE ( `uid` = 4 ) AND ( `menu_id` = 12 ) LIMIT 1   [ RunTime:0.001000s ]

[ 2014-03-30T21:08:06+08:00 ] 127.0.0.1 /ajax.php?m=CustomMenu&a=getMenu
INFO: [ app_begin ] --START--
INFO: ReadHtmlCache Behavior ::run [ RunTime:0.002001s ]
INFO: [ app_begin ] --END-- [ RunTime:0.002001s ]
SQL: SHOW COLUMNS FROM `uio_custom_menu` [ RunTime:0.008001s ]
SQL: SELECT * FROM `uio_custom_menu` WHERE ( `uid` = 4 ) AND ( `menu_id` = 12 ) LIMIT 1   [ RunTime:0.001000s ]

[ 2014-03-30T21:08:58+08:00 ] 127.0.0.1 /ajax.php?m=CustomMenu&a=getMenu
INFO: [ app_begin ] --START--
INFO: ReadHtmlCache Behavior ::run [ RunTime:0.001000s ]
INFO: [ app_begin ] --END-- [ RunTime:0.001000s ]
SQL: SHOW COLUMNS FROM `uio_custom_menu` [ RunTime:0.010001s ]
SQL: SELECT * FROM `uio_custom_menu` WHERE ( `uid` = 4 ) AND ( `menu_id` = 12 ) LIMIT 1   [ RunTime:0.001000s ]

[ 2014-03-30T21:09:01+08:00 ] 127.0.0.1 /ajax.php?m=CustomMenu&a=getMenu
INFO: [ app_begin ] --START--
INFO: ReadHtmlCache Behavior ::run [ RunTime:0.001000s ]
INFO: [ app_begin ] --END-- [ RunTime:0.001000s ]
SQL: SHOW COLUMNS FROM `uio_custom_menu` [ RunTime:0.008000s ]
SQL: SELECT * FROM `uio_custom_menu` WHERE ( `uid` = 4 ) AND ( `menu_id` = 13 ) LIMIT 1   [ RunTime:0.000000s ]
SQL: SELECT * FROM `uio_custom_menu` WHERE ( `uid` = 4 ) AND ( `menu_id` = 12 ) LIMIT 1   [ RunTime:0.001001s ]

[ 2014-03-30T21:09:03+08:00 ] 127.0.0.1 /ajax.php?m=CustomMenu&a=getMenu
INFO: [ app_begin ] --START--
INFO: ReadHtmlCache Behavior ::run [ RunTime:0.002000s ]
INFO: [ app_begin ] --END-- [ RunTime:0.002000s ]
SQL: SHOW COLUMNS FROM `uio_custom_menu` [ RunTime:0.008000s ]
SQL: SELECT * FROM `uio_custom_menu` WHERE ( `uid` = 4 ) AND ( `menu_id` = 9 ) LIMIT 1   [ RunTime:0.001001s ]

[ 2014-03-30T23:14:17+08:00 ] 127.0.0.1 /ajax.php?m=Weizhan&a=moreNews
INFO: [ app_begin ] --START--
INFO: ReadHtmlCache Behavior ::run [ RunTime:0.001000s ]
INFO: [ app_begin ] --END-- [ RunTime:0.001000s ]
SQL: SHOW COLUMNS FROM `uio_news` [ RunTime:0.008000s ]
SQL: SELECT * FROM `uio_news` WHERE ( `uid` = 4 ) AND ( `app_name` = 'wz' ) LIMIT 1,10   [ RunTime:0.001000s ]
NOTIC: [8] Undefined index: uid G:\Web\itshajia\Ajax\Lib\Action\WeizhanAction.class.php 第 201 行.
NOTIC: [8] Undefined index: uid G:\Web\itshajia\Ajax\Lib\Action\WeizhanAction.class.php 第 201 行.
NOTIC: [8] Undefined index: uid G:\Web\itshajia\Ajax\Lib\Action\WeizhanAction.class.php 第 201 行.
NOTIC: [8] Undefined index: uid G:\Web\itshajia\Ajax\Lib\Action\WeizhanAction.class.php 第 201 行.
NOTIC: [8] Undefined index: uid G:\Web\itshajia\Ajax\Lib\Action\WeizhanAction.class.php 第 201 行.
NOTIC: [8] Undefined index: uid G:\Web\itshajia\Ajax\Lib\Action\WeizhanAction.class.php 第 201 行.
NOTIC: [8] Undefined variable: success G:\Web\itshajia\Ajax\Lib\Action\WeizhanAction.class.php 第 209 行.
NOTIC: [8] Undefined variable: msg G:\Web\itshajia\Ajax\Lib\Action\WeizhanAction.class.php 第 210 行.

[ 2014-03-30T23:15:04+08:00 ] 127.0.0.1 /ajax.php?m=Reply&a=getReply
INFO: [ app_begin ] --START--
INFO: ReadHtmlCache Behavior ::run [ RunTime:0.001000s ]
INFO: [ app_begin ] --END-- [ RunTime:0.002000s ]
SQL: SHOW COLUMNS FROM `uio_reply_img` [ RunTime:0.008000s ]
SQL: SELECT * FROM `uio_reply_img` WHERE ( `uid` = 4 ) AND ( `img_id` = 3 ) LIMIT 1   [ RunTime:0.037002s ]

[ 2014-03-30T23:18:29+08:00 ] 127.0.0.1 /ajax.php?m=Reply&a=getReply
INFO: [ app_begin ] --START--
INFO: ReadHtmlCache Behavior ::run [ RunTime:0.003000s ]
INFO: [ app_begin ] --END-- [ RunTime:0.003000s ]
SQL: SHOW COLUMNS FROM `uio_reply_img` [ RunTime:0.008000s ]
SQL: SELECT * FROM `uio_reply_img` WHERE ( `uid` = 4 ) AND ( `img_id` = 5 ) LIMIT 1   [ RunTime:0.000000s ]

[ 2014-03-30T23:18:44+08:00 ] 127.0.0.1 /ajax.php?m=Reply&a=getReply
INFO: [ app_begin ] --START--
INFO: ReadHtmlCache Behavior ::run [ RunTime:0.001000s ]
INFO: [ app_begin ] --END-- [ RunTime:0.001000s ]
SQL: SHOW COLUMNS FROM `uio_reply_img` [ RunTime:0.062004s ]
SQL: SELECT * FROM `uio_reply_img` WHERE ( `uid` = 4 ) AND ( `img_id` = 3 ) LIMIT 1   [ RunTime:0.001000s ]

[ 2014-03-30T23:20:10+08:00 ] 127.0.0.1 /ajax.php?m=Reply&a=getReply
INFO: [ app_begin ] --START--
INFO: ReadHtmlCache Behavior ::run [ RunTime:0.002000s ]
INFO: [ app_begin ] --END-- [ RunTime:0.002000s ]
SQL: SHOW COLUMNS FROM `uio_reply_img` [ RunTime:0.010001s ]
SQL: SELECT * FROM `uio_reply_img` WHERE ( `uid` = 4 ) AND ( `img_id` = 3 ) LIMIT 1   [ RunTime:0.001000s ]

[ 2014-03-30T23:20:31+08:00 ] 127.0.0.1 /ajax.php?m=Reply&a=getReply
INFO: [ app_begin ] --START--
INFO: ReadHtmlCache Behavior ::run [ RunTime:0.001000s ]
INFO: [ app_begin ] --END-- [ RunTime:0.001000s ]
SQL: SHOW COLUMNS FROM `uio_reply_img` [ RunTime:0.009000s ]
SQL: SELECT * FROM `uio_reply_img` WHERE ( `uid` = 4 ) AND ( `img_id` = 3 ) LIMIT 1   [ RunTime:0.001000s ]

[ 2014-03-30T23:21:38+08:00 ] 127.0.0.1 /ajax.php?m=Reply&a=getReply
INFO: [ app_begin ] --START--
INFO: ReadHtmlCache Behavior ::run [ RunTime:0.002000s ]
INFO: [ app_begin ] --END-- [ RunTime:0.002000s ]
SQL: SHOW COLUMNS FROM `uio_reply_img` [ RunTime:0.008000s ]
SQL: SELECT * FROM `uio_reply_img` WHERE ( `uid` = 4 ) AND ( `img_id` = 3 ) LIMIT 1   [ RunTime:0.001000s ]

[ 2014-03-30T23:23:51+08:00 ] 127.0.0.1 /ajax.php?m=Reply&a=getReply
INFO: [ app_begin ] --START--
INFO: ReadHtmlCache Behavior ::run [ RunTime:0.001000s ]
INFO: [ app_begin ] --END-- [ RunTime:0.002000s ]
SQL: SHOW COLUMNS FROM `uio_reply_img` [ RunTime:0.008000s ]
SQL: SELECT * FROM `uio_reply_img` WHERE ( `uid` = 4 ) AND ( `img_id` = 3 ) LIMIT 1   [ RunTime:0.001000s ]

[ 2014-03-30T23:36:19+08:00 ] 127.0.0.1 /ajax.php?m=CustomMenu&a=getMenu
INFO: [ app_begin ] --START--
INFO: ReadHtmlCache Behavior ::run [ RunTime:0.001000s ]
INFO: [ app_begin ] --END-- [ RunTime:0.001000s ]
SQL: SHOW COLUMNS FROM `uio_custom_menu` [ RunTime:0.009000s ]
SQL: SELECT * FROM `uio_custom_menu` WHERE ( `uid` = 4 ) AND ( `menu_id` = 9 ) LIMIT 1   [ RunTime:0.001000s ]

[ 2014-03-30T23:39:05+08:00 ] 127.0.0.1 /ajax.php?m=CustomMenu&a=getMenu
INFO: [ app_begin ] --START--
INFO: ReadHtmlCache Behavior ::run [ RunTime:0.001000s ]
INFO: [ app_begin ] --END-- [ RunTime:0.001000s ]
SQL: SHOW COLUMNS FROM `uio_custom_menu` [ RunTime:0.009000s ]
SQL: SELECT * FROM `uio_custom_menu` WHERE ( `uid` = 4 ) AND ( `menu_id` = 9 ) LIMIT 1   [ RunTime:0.000000s ]

