[ 2014-02-25T03:55:36+08:00 ] 37.200.65.208 /
INFO: [ app_begin ] --START--
INFO: ReadHtmlCache Behavior ::run [ RunTime:0.011910s ]
INFO: [ app_begin ] --END-- [ RunTime:0.012163s ]
INFO: [ view_parse ] --START--
INFO: ParseTemplate Behavior ::run [ RunTime:0.041256s ]
INFO: [ view_parse ] --END-- [ RunTime:0.041395s ]
INFO: [ view_filter ] --START--
NOTIC: [8] Use of undefined constant APP_TMPL_PATH - assumed 'APP_TMPL_PATH' /home/cwaiygfo/domains/uioweb.com/public_html/ThinkPHP/Lib/Behavior/ContentReplaceBehavior.class.php 第 40 行.
NOTIC: [8] Use of undefined constant APP_TMPL_PATH - assumed 'APP_TMPL_PATH' /home/cwaiygfo/domains/uioweb.com/public_html/ThinkPHP/Lib/Behavior/ContentReplaceBehavior.class.php 第 47 行.
INFO: ContentReplace Behavior ::run [ RunTime:0.004849s ]
INFO: TokenBuild Behavior ::run [ RunTime:0.000662s ]
INFO: WriteHtmlCache Behavior ::run [ RunTime:0.000546s ]
INFO: ShowRuntime Behavior ::run [ RunTime:0.000769s ]
INFO: [ view_filter ] --END-- [ RunTime:0.007054s ]
INFO: [ view_end ] --START--
INFO: ShowPageTrace Behavior ::run [ RunTime:0.002396s ]
INFO: [ view_end ] --END-- [ RunTime:0.002486s ]

[ 2014-02-25T05:21:45+08:00 ] 66.249.77.165 /robots.txt
INFO: [ route_check ] --START--
INFO: CheckRoute Behavior ::run [ RunTime:0.008458s ]
INFO: [ route_check ] --END-- [ RunTime:0.008662s ]
INFO: [ app_begin ] --START--
INFO: ReadHtmlCache Behavior ::run [ RunTime:0.010089s ]
INFO: [ app_begin ] --END-- [ RunTime:0.010223s ]
INFO: [ view_parse ] --START--
INFO: ParseTemplate Behavior ::run [ RunTime:0.021490s ]
INFO: [ view_parse ] --END-- [ RunTime:0.021670s ]
INFO: [ view_filter ] --START--
NOTIC: [8] Use of undefined constant APP_TMPL_PATH - assumed 'APP_TMPL_PATH' /home/cwaiygfo/domains/uioweb.com/public_html/ThinkPHP/Lib/Behavior/ContentReplaceBehavior.class.php 第 40 行.
NOTIC: [8] Use of undefined constant APP_TMPL_PATH - assumed 'APP_TMPL_PATH' /home/cwaiygfo/domains/uioweb.com/public_html/ThinkPHP/Lib/Behavior/ContentReplaceBehavior.class.php 第 47 行.
INFO: ContentReplace Behavior ::run [ RunTime:0.007937s ]
INFO: TokenBuild Behavior ::run [ RunTime:0.000700s ]
INFO: WriteHtmlCache Behavior ::run [ RunTime:0.000580s ]
INFO: ShowRuntime Behavior ::run [ RunTime:0.000794s ]
INFO: [ view_filter ] --END-- [ RunTime:0.010322s ]
INFO: [ view_end ] --START--
INFO: ShowPageTrace Behavior ::run [ RunTime:0.002256s ]
INFO: [ view_end ] --END-- [ RunTime:0.002374s ]

