[ 2014-02-06T18:39:32+08:00 ] 127.0.0.1 /favicon.ico
INFO: [ route_check ] --START--
INFO: CheckRoute Behavior ::run [ RunTime:0.487028s ]
INFO: [ route_check ] --END-- [ RunTime:0.584034s ]
INFO: [ app_begin ] --START--
INFO: ReadHtmlCache Behavior ::run [ RunTime:0.148008s ]
INFO: [ app_begin ] --END-- [ RunTime:0.148008s ]
INFO: [ view_parse ] --START--
INFO: ParseTemplate Behavior ::run [ RunTime:0.232013s ]
INFO: [ view_parse ] --END-- [ RunTime:0.234013s ]
INFO: [ view_filter ] --START--
NOTIC: [8] Use of undefined constant APP_TMPL_PATH - assumed 'APP_TMPL_PATH' G:\Web\uioweb\ThinkPHP\Lib\Behavior\ContentReplaceBehavior.class.php 第 40 行.
NOTIC: [8] Use of undefined constant APP_TMPL_PATH - assumed 'APP_TMPL_PATH' G:\Web\uioweb\ThinkPHP\Lib\Behavior\ContentReplaceBehavior.class.php 第 47 行.
INFO: ContentReplace Behavior ::run [ RunTime:0.110007s ]
INFO: TokenBuild Behavior ::run [ RunTime:0.118007s ]
INFO: WriteHtmlCache Behavior ::run [ RunTime:0.046002s ]
INFO: ShowRuntime Behavior ::run [ RunTime:0.056003s ]
INFO: [ view_filter ] --END-- [ RunTime:0.332019s ]
INFO: [ view_end ] --START--
INFO: ShowPageTrace Behavior ::run [ RunTime:0.052003s ]
INFO: [ view_end ] --END-- [ RunTime:0.052003s ]

