[ 2014-03-20T06:02:41+08:00 ] 127.0.0.1 /favicon.ico
INFO: [ route_check ] --START--
INFO: CheckRoute Behavior ::run [ RunTime:0.003000s ]
INFO: [ route_check ] --END-- [ RunTime:0.003000s ]
INFO: [ app_begin ] --START--
INFO: ReadHtmlCache Behavior ::run [ RunTime:0.004001s ]
INFO: [ app_begin ] --END-- [ RunTime:0.004001s ]

[ 2014-03-20T18:54:55+08:00 ] 127.0.0.1 /index.php?g=User
INFO: [ app_begin ] --START--
INFO: ReadHtmlCache Behavior ::run [ RunTime:0.003000s ]
INFO: [ app_begin ] --END-- [ RunTime:0.003000s ]
INFO: LoginCheck Behavior ::run [ RunTime:0.034002s ]
SQL: SHOW COLUMNS FROM `uio_app_apply` [ RunTime:0.076005s ]
SQL: SELECT * FROM `uio_app_apply` WHERE ( `uid` = 4 ) AND ( `status` = 1 )  [ RunTime:0.028002s ]
SQL: SHOW COLUMNS FROM `uio_app_type` [ RunTime:0.042003s ]
SQL: SELECT * FROM `uio_app_type` ORDER BY `listorder`  [ RunTime:0.032001s ]
INFO: [ view_parse ] --START--
NOTIC: [8] Undefined index: show G:\Web\itshajia\Home\Runtime\Cache\User\7015259f2be7066dc0b1ff1df0cd3ab1.php 第 63 行.
NOTIC: [8] Undefined index: show G:\Web\itshajia\Home\Runtime\Cache\User\7015259f2be7066dc0b1ff1df0cd3ab1.php 第 63 行.
INFO: ParseTemplate Behavior ::run [ RunTime:0.108006s ]
INFO: [ view_parse ] --END-- [ RunTime:0.109006s ]
INFO: [ view_filter ] --START--
INFO: ContentReplace Behavior ::run [ RunTime:0.016001s ]
INFO: TokenBuild Behavior ::run [ RunTime:0.002000s ]
INFO: WriteHtmlCache Behavior ::run [ RunTime:0.002000s ]
INFO: ShowRuntime Behavior ::run [ RunTime:0.002000s ]
INFO: [ view_filter ] --END-- [ RunTime:0.022001s ]
INFO: [ view_end ] --START--
INFO: ShowPageTrace Behavior ::run [ RunTime:0.003000s ]
INFO: [ view_end ] --END-- [ RunTime:0.003000s ]

[ 2014-03-20T18:54:56+08:00 ] 127.0.0.1 /index.php?g=User&m=Home&a=index
INFO: [ app_begin ] --START--
INFO: ReadHtmlCache Behavior ::run [ RunTime:0.002000s ]
INFO: [ app_begin ] --END-- [ RunTime:0.002000s ]
INFO: LoginCheck Behavior ::run [ RunTime:0.004000s ]
SQL: SHOW COLUMNS FROM `uio_app_apply` [ RunTime:0.012001s ]
SQL: SELECT * FROM `uio_app_apply` WHERE ( `uid` = 4 ) AND ( `status` = 1 )  [ RunTime:0.000000s ]
SQL: SHOW COLUMNS FROM `uio_app_type` [ RunTime:0.014001s ]
SQL: SELECT * FROM `uio_app_type` ORDER BY `listorder`  [ RunTime:0.002000s ]
SQL: SHOW COLUMNS FROM `uio_app` [ RunTime:0.116007s ]
SQL: SELECT * FROM `uio_app` WHERE ( `is_top` = 1 ) ORDER BY `listorder` LIMIT 0,10   [ RunTime:0.052003s ]
SQL: SHOW COLUMNS FROM `uio_app_apply_record` [ RunTime:0.022001s ]
SQL: SELECT * FROM `uio_app_apply` WHERE ( `status` = 1 ) AND ( `app_id` = 7 ) ORDER BY `addtime` desc LIMIT 1   [ RunTime:0.045003s ]
SQL: SELECT * FROM `uio_app_apply_record` WHERE ( `app_id` = 7 ) AND ( `is_check` = 0 ) LIMIT 1   [ RunTime:0.001000s ]
SQL: SELECT * FROM `uio_app_apply` WHERE ( `app_id` = 8 ) AND ( `status` = 1 ) ORDER BY `addtime` desc LIMIT 1   [ RunTime:0.001000s ]
SQL: SELECT * FROM `uio_app_apply_record` WHERE ( `app_id` = 8 ) AND ( `is_check` = 0 ) LIMIT 1   [ RunTime:0.001000s ]
SQL: SHOW COLUMNS FROM `uio_article` [ RunTime:0.159010s ]
SQL: SHOW COLUMNS FROM `uio_user` [ RunTime:0.090005s ]
SQL: SELECT * FROM `uio_article` WHERE ( uio_article.status = 1 ) AND ( uio_article.module_tag = 'announce' ) ORDER BY `listorder`,`addtime` desc LIMIT 0,7   [ RunTime:0.048003s ]
SQL: SELECT * FROM `uio_user` WHERE ( `uid` = 1 ) LIMIT 1   [ RunTime:0.001000s ]
SQL: SELECT * FROM `uio_user` WHERE ( `uid` = 1 ) LIMIT 1   [ RunTime:0.001000s ]
SQL: SELECT * FROM `uio_user` WHERE ( `uid` = 1 ) LIMIT 1   [ RunTime:0.000000s ]
SQL: SELECT * FROM `uio_user` WHERE ( `uid` = 1 ) LIMIT 1   [ RunTime:0.001000s ]
SQL: SELECT * FROM `uio_user` WHERE ( `uid` = 1 ) LIMIT 1   [ RunTime:0.000000s ]
SQL: SELECT * FROM `uio_user` WHERE ( `uid` = 1 ) LIMIT 1   [ RunTime:0.000000s ]
INFO: [ view_parse ] --START--
NOTIC: [8] Undefined index: is_apply G:\Web\itshajia\Home\Runtime\Cache\User\30dbf7a6614016acb31c35ef280265d5.php 第 69 行.
INFO: ParseTemplate Behavior ::run [ RunTime:0.072004s ]
INFO: [ view_parse ] --END-- [ RunTime:0.072004s ]
INFO: [ view_filter ] --START--
INFO: ContentReplace Behavior ::run [ RunTime:0.003000s ]
INFO: TokenBuild Behavior ::run [ RunTime:0.001000s ]
INFO: WriteHtmlCache Behavior ::run [ RunTime:0.001000s ]
INFO: ShowRuntime Behavior ::run [ RunTime:0.001001s ]
INFO: [ view_filter ] --END-- [ RunTime:0.006001s ]
INFO: [ view_end ] --START--
INFO: ShowPageTrace Behavior ::run [ RunTime:0.001000s ]
INFO: [ view_end ] --END-- [ RunTime:0.001000s ]

[ 2014-03-20T18:54:56+08:00 ] 127.0.0.1 /Resource/Css/common.js
INFO: [ route_check ] --START--
INFO: CheckRoute Behavior ::run [ RunTime:0.004000s ]
INFO: [ route_check ] --END-- [ RunTime:0.004000s ]
INFO: [ app_begin ] --START--
INFO: ReadHtmlCache Behavior ::run [ RunTime:0.002000s ]
INFO: [ app_begin ] --END-- [ RunTime:0.003000s ]

[ 2014-03-20T18:54:57+08:00 ] 127.0.0.1 /favicon.ico
INFO: [ route_check ] --START--
INFO: CheckRoute Behavior ::run [ RunTime:0.002000s ]
INFO: [ route_check ] --END-- [ RunTime:0.003000s ]
INFO: [ app_begin ] --START--
INFO: ReadHtmlCache Behavior ::run [ RunTime:0.002000s ]
INFO: [ app_begin ] --END-- [ RunTime:0.002000s ]

[ 2014-03-20T18:55:00+08:00 ] 127.0.0.1 /favicon.ico
INFO: [ route_check ] --START--
INFO: CheckRoute Behavior ::run [ RunTime:0.002000s ]
INFO: [ route_check ] --END-- [ RunTime:0.002000s ]
INFO: [ app_begin ] --START--
INFO: ReadHtmlCache Behavior ::run [ RunTime:0.002000s ]
INFO: [ app_begin ] --END-- [ RunTime:0.002000s ]

[ 2014-03-20T18:55:00+08:00 ] 127.0.0.1 /favicon.ico
INFO: [ route_check ] --START--
INFO: CheckRoute Behavior ::run [ RunTime:0.002001s ]
INFO: [ route_check ] --END-- [ RunTime:0.002001s ]
INFO: [ app_begin ] --START--
INFO: ReadHtmlCache Behavior ::run [ RunTime:0.001000s ]
INFO: [ app_begin ] --END-- [ RunTime:0.001000s ]

[ 2014-03-20T18:55:05+08:00 ] 127.0.0.1 /favicon.ico
INFO: [ route_check ] --START--
INFO: CheckRoute Behavior ::run [ RunTime:0.001000s ]
INFO: [ route_check ] --END-- [ RunTime:0.001000s ]
INFO: [ app_begin ] --START--
INFO: ReadHtmlCache Behavior ::run [ RunTime:0.001000s ]
INFO: [ app_begin ] --END-- [ RunTime:0.001000s ]

[ 2014-03-20T18:55:14+08:00 ] 127.0.0.1 /Resource/Js/jquery.min.map
INFO: [ route_check ] --START--
INFO: CheckRoute Behavior ::run [ RunTime:0.004001s ]
INFO: [ route_check ] --END-- [ RunTime:0.005001s ]
INFO: [ app_begin ] --START--
INFO: ReadHtmlCache Behavior ::run [ RunTime:0.012000s ]
INFO: [ app_begin ] --END-- [ RunTime:0.012000s ]

[ 2014-03-20T19:35:49+08:00 ] 127.0.0.1 /index.php?g=User
INFO: [ app_begin ] --START--
INFO: ReadHtmlCache Behavior ::run [ RunTime:0.002000s ]
INFO: [ app_begin ] --END-- [ RunTime:0.004000s ]
INFO: LoginCheck Behavior ::run [ RunTime:0.005000s ]
NOTIC: [8] Undefined variable: var G:\Web\itshajia\ThinkPHP\Common\functions.php 第 247 行.
NOTIC: [2] array_reverse() expects parameter 1 to be array, null given G:\Web\itshajia\ThinkPHP\Common\functions.php 第 247 行.
NOTIC: [2] http_build_query(): Parameter 1 expected to be Array or Object.  Incorrect value given G:\Web\itshajia\ThinkPHP\Common\functions.php 第 247 行.

[ 2014-03-20T19:35:50+08:00 ] 127.0.0.1 /index.php?&g=User&m=Index&a=login
INFO: [ app_begin ] --START--
INFO: ReadHtmlCache Behavior ::run [ RunTime:0.001001s ]
INFO: [ app_begin ] --END-- [ RunTime:0.001001s ]
INFO: LoginCheck Behavior ::run [ RunTime:0.004000s ]
SQL: SHOW COLUMNS FROM `uio_app_apply` [ RunTime:0.021002s ]
NOTIC: [8] Undefined index: _User G:\Web\itshajia\Home\Lib\Action\User\CommonAction.class.php 第 140 行.
SQL: SELECT * FROM `uio_app_apply` WHERE ( `uid` = null ) AND ( `status` = 1 )  [ RunTime:0.030002s ]
SQL: SHOW COLUMNS FROM `uio_app_type` [ RunTime:0.008000s ]
SQL: SELECT * FROM `uio_app_type` ORDER BY `listorder`  [ RunTime:0.001001s ]
INFO: [ view_parse ] --START--
NOTIC: [8] Undefined variable: reg G:\Web\itshajia\Home\Runtime\Cache\User\c2d8fdea3114f9c978ad4569bba6dabf.php 第 39 行.
NOTIC: [8] Undefined variable: reg G:\Web\itshajia\Home\Runtime\Cache\User\c2d8fdea3114f9c978ad4569bba6dabf.php 第 50 行.
NOTIC: [8] Undefined variable: error G:\Web\itshajia\Home\Runtime\Cache\User\c2d8fdea3114f9c978ad4569bba6dabf.php 第 51 行.
NOTIC: [8] Undefined variable: reg G:\Web\itshajia\Home\Runtime\Cache\User\c2d8fdea3114f9c978ad4569bba6dabf.php 第 70 行.
NOTIC: [8] Undefined variable: reg G:\Web\itshajia\Home\Runtime\Cache\User\c2d8fdea3114f9c978ad4569bba6dabf.php 第 81 行.
INFO: ParseTemplate Behavior ::run [ RunTime:0.120007s ]
INFO: [ view_parse ] --END-- [ RunTime:0.120007s ]
INFO: [ view_filter ] --START--
INFO: ContentReplace Behavior ::run [ RunTime:0.003000s ]
INFO: TokenBuild Behavior ::run [ RunTime:0.002000s ]
INFO: WriteHtmlCache Behavior ::run [ RunTime:0.002000s ]
INFO: ShowRuntime Behavior ::run [ RunTime:0.003000s ]
INFO: [ view_filter ] --END-- [ RunTime:0.010000s ]
INFO: [ view_end ] --START--
INFO: ShowPageTrace Behavior ::run [ RunTime:0.003000s ]
INFO: [ view_end ] --END-- [ RunTime:0.003000s ]

[ 2014-03-20T19:35:51+08:00 ] 127.0.0.1 /favicon.ico
INFO: [ route_check ] --START--
INFO: CheckRoute Behavior ::run [ RunTime:0.003000s ]
INFO: [ route_check ] --END-- [ RunTime:0.003000s ]
INFO: [ app_begin ] --START--
INFO: ReadHtmlCache Behavior ::run [ RunTime:0.002001s ]
INFO: [ app_begin ] --END-- [ RunTime:0.002001s ]

[ 2014-03-20T19:35:58+08:00 ] 127.0.0.1 /index.php?g=User&m=Index&a=login_do
INFO: [ app_begin ] --START--
INFO: ReadHtmlCache Behavior ::run [ RunTime:0.003000s ]
INFO: [ app_begin ] --END-- [ RunTime:0.003000s ]
SQL: SHOW COLUMNS FROM `uio_user` [ RunTime:0.008001s ]
SQL: SELECT * FROM `uio_user` JOIN uio_user_group USING (group_id) WHERE ( `username` = 'webchater' ) AND ( `password` = '96e79218965eb72c92a549dd5a330112' ) LIMIT 1   [ RunTime:0.105006s ]
NOTIC: [8] Undefined variable: var G:\Web\itshajia\ThinkPHP\Common\functions.php 第 247 行.
NOTIC: [2] array_reverse() expects parameter 1 to be array, null given G:\Web\itshajia\ThinkPHP\Common\functions.php 第 247 行.
NOTIC: [2] http_build_query(): Parameter 1 expected to be Array or Object.  Incorrect value given G:\Web\itshajia\ThinkPHP\Common\functions.php 第 247 行.

[ 2014-03-20T19:35:58+08:00 ] 127.0.0.1 /index.php?&g=User
INFO: [ app_begin ] --START--
INFO: ReadHtmlCache Behavior ::run [ RunTime:0.001000s ]
INFO: [ app_begin ] --END-- [ RunTime:0.002000s ]
INFO: LoginCheck Behavior ::run [ RunTime:0.004000s ]
SQL: SHOW COLUMNS FROM `uio_app_apply` [ RunTime:0.009001s ]
SQL: SELECT * FROM `uio_app_apply` WHERE ( `uid` = 4 ) AND ( `status` = 1 )  [ RunTime:0.001000s ]
SQL: SHOW COLUMNS FROM `uio_app_type` [ RunTime:0.010000s ]
SQL: SELECT * FROM `uio_app_type` ORDER BY `listorder`  [ RunTime:0.000000s ]
INFO: [ view_parse ] --START--
NOTIC: [8] Undefined index: show G:\Web\itshajia\Home\Runtime\Cache\User\7015259f2be7066dc0b1ff1df0cd3ab1.php 第 63 行.
NOTIC: [8] Undefined index: show G:\Web\itshajia\Home\Runtime\Cache\User\7015259f2be7066dc0b1ff1df0cd3ab1.php 第 63 行.
INFO: ParseTemplate Behavior ::run [ RunTime:0.042003s ]
INFO: [ view_parse ] --END-- [ RunTime:0.042003s ]
INFO: [ view_filter ] --START--
INFO: ContentReplace Behavior ::run [ RunTime:0.003000s ]
INFO: TokenBuild Behavior ::run [ RunTime:0.002000s ]
INFO: WriteHtmlCache Behavior ::run [ RunTime:0.002000s ]
INFO: ShowRuntime Behavior ::run [ RunTime:0.002000s ]
INFO: [ view_filter ] --END-- [ RunTime:0.010000s ]
INFO: [ view_end ] --START--
INFO: ShowPageTrace Behavior ::run [ RunTime:0.002000s ]
INFO: [ view_end ] --END-- [ RunTime:0.002000s ]

[ 2014-03-20T19:35:58+08:00 ] 127.0.0.1 /index.php?g=User&m=Home&a=index
INFO: [ app_begin ] --START--
INFO: ReadHtmlCache Behavior ::run [ RunTime:0.002001s ]
INFO: [ app_begin ] --END-- [ RunTime:0.002001s ]
INFO: LoginCheck Behavior ::run [ RunTime:0.005001s ]
SQL: SHOW COLUMNS FROM `uio_app_apply` [ RunTime:0.041002s ]
SQL: SELECT * FROM `uio_app_apply` WHERE ( `uid` = 4 ) AND ( `status` = 1 )  [ RunTime:0.002000s ]
SQL: SHOW COLUMNS FROM `uio_app_type` [ RunTime:0.015001s ]
SQL: SELECT * FROM `uio_app_type` ORDER BY `listorder`  [ RunTime:0.006001s ]
SQL: SHOW COLUMNS FROM `uio_app` [ RunTime:0.010000s ]
SQL: SELECT * FROM `uio_app` WHERE ( `is_top` = 1 ) ORDER BY `listorder` LIMIT 0,10   [ RunTime:0.008001s ]
SQL: SHOW COLUMNS FROM `uio_app_apply_record` [ RunTime:0.018001s ]
SQL: SELECT * FROM `uio_app_apply` WHERE ( `status` = 1 ) AND ( `app_id` = 7 ) ORDER BY `addtime` desc LIMIT 1   [ RunTime:0.001000s ]
SQL: SELECT * FROM `uio_app_apply_record` WHERE ( `app_id` = 7 ) AND ( `is_check` = 0 ) LIMIT 1   [ RunTime:0.000000s ]
SQL: SELECT * FROM `uio_app_apply` WHERE ( `app_id` = 8 ) AND ( `status` = 1 ) ORDER BY `addtime` desc LIMIT 1   [ RunTime:0.002000s ]
SQL: SELECT * FROM `uio_app_apply_record` WHERE ( `app_id` = 8 ) AND ( `is_check` = 0 ) LIMIT 1   [ RunTime:0.001000s ]
SQL: SHOW COLUMNS FROM `uio_article` [ RunTime:0.022001s ]
SQL: SHOW COLUMNS FROM `uio_user` [ RunTime:0.040002s ]
SQL: SELECT * FROM `uio_article` WHERE ( uio_article.status = 1 ) AND ( uio_article.module_tag = 'announce' ) ORDER BY `listorder`,`addtime` desc LIMIT 0,7   [ RunTime:0.019001s ]
SQL: SELECT * FROM `uio_user` WHERE ( `uid` = 1 ) LIMIT 1   [ RunTime:0.001001s ]
SQL: SELECT * FROM `uio_user` WHERE ( `uid` = 1 ) LIMIT 1   [ RunTime:0.001000s ]
SQL: SELECT * FROM `uio_user` WHERE ( `uid` = 1 ) LIMIT 1   [ RunTime:0.001000s ]
SQL: SELECT * FROM `uio_user` WHERE ( `uid` = 1 ) LIMIT 1   [ RunTime:0.001000s ]
SQL: SELECT * FROM `uio_user` WHERE ( `uid` = 1 ) LIMIT 1   [ RunTime:0.000000s ]
SQL: SELECT * FROM `uio_user` WHERE ( `uid` = 1 ) LIMIT 1   [ RunTime:0.002000s ]
INFO: [ view_parse ] --START--
NOTIC: [8] Undefined index: is_apply G:\Web\itshajia\Home\Runtime\Cache\User\30dbf7a6614016acb31c35ef280265d5.php 第 69 行.
INFO: ParseTemplate Behavior ::run [ RunTime:0.040002s ]
INFO: [ view_parse ] --END-- [ RunTime:0.040002s ]
INFO: [ view_filter ] --START--
INFO: ContentReplace Behavior ::run [ RunTime:0.003001s ]
INFO: TokenBuild Behavior ::run [ RunTime:0.001000s ]
INFO: WriteHtmlCache Behavior ::run [ RunTime:0.003000s ]
INFO: ShowRuntime Behavior ::run [ RunTime:0.003000s ]
INFO: [ view_filter ] --END-- [ RunTime:0.010001s ]
INFO: [ view_end ] --START--
INFO: ShowPageTrace Behavior ::run [ RunTime:0.002000s ]
INFO: [ view_end ] --END-- [ RunTime:0.002000s ]

[ 2014-03-20T19:35:59+08:00 ] 127.0.0.1 /Resource/Css/common.js
INFO: [ route_check ] --START--
INFO: CheckRoute Behavior ::run [ RunTime:0.003000s ]
INFO: [ route_check ] --END-- [ RunTime:0.003000s ]
INFO: [ app_begin ] --START--
INFO: ReadHtmlCache Behavior ::run [ RunTime:0.003000s ]
INFO: [ app_begin ] --END-- [ RunTime:0.003000s ]

[ 2014-03-20T19:36:00+08:00 ] 127.0.0.1 /favicon.ico
INFO: [ route_check ] --START--
INFO: CheckRoute Behavior ::run [ RunTime:0.009001s ]
INFO: [ route_check ] --END-- [ RunTime:0.009001s ]
INFO: [ app_begin ] --START--
INFO: ReadHtmlCache Behavior ::run [ RunTime:0.002000s ]
INFO: [ app_begin ] --END-- [ RunTime:0.003000s ]

[ 2014-03-20T19:36:14+08:00 ] 127.0.0.1 /index.php?g=User&m=Index&a=login_do
INFO: [ app_begin ] --START--
INFO: ReadHtmlCache Behavior ::run [ RunTime:0.003000s ]
INFO: [ app_begin ] --END-- [ RunTime:0.003000s ]
NOTIC: [8] Undefined index: username G:\Web\itshajia\Home\Lib\Action\User\IndexAction.class.php 第 57 行.
NOTIC: [8] Undefined index: password G:\Web\itshajia\Home\Lib\Action\User\IndexAction.class.php 第 58 行.
INFO: [ view_parse ] --START--
NOTIC: [8] Undefined variable: title G:\Web\itshajia\Home\Runtime\Cache\User\c2d8fdea3114f9c978ad4569bba6dabf.php 第 5 行.
NOTIC: [8] Undefined variable: reg G:\Web\itshajia\Home\Runtime\Cache\User\c2d8fdea3114f9c978ad4569bba6dabf.php 第 39 行.
NOTIC: [8] Undefined variable: reg G:\Web\itshajia\Home\Runtime\Cache\User\c2d8fdea3114f9c978ad4569bba6dabf.php 第 50 行.
NOTIC: [8] Undefined variable: reg G:\Web\itshajia\Home\Runtime\Cache\User\c2d8fdea3114f9c978ad4569bba6dabf.php 第 70 行.
NOTIC: [8] Undefined variable: reg G:\Web\itshajia\Home\Runtime\Cache\User\c2d8fdea3114f9c978ad4569bba6dabf.php 第 81 行.
INFO: ParseTemplate Behavior ::run [ RunTime:0.103006s ]
INFO: [ view_parse ] --END-- [ RunTime:0.103006s ]
INFO: [ view_filter ] --START--
INFO: ContentReplace Behavior ::run [ RunTime:0.003000s ]
INFO: TokenBuild Behavior ::run [ RunTime:0.003001s ]
INFO: WriteHtmlCache Behavior ::run [ RunTime:0.003000s ]
INFO: ShowRuntime Behavior ::run [ RunTime:0.002000s ]
INFO: [ view_filter ] --END-- [ RunTime:0.011001s ]
INFO: [ view_end ] --START--
INFO: ShowPageTrace Behavior ::run [ RunTime:0.003000s ]
INFO: [ view_end ] --END-- [ RunTime:0.003000s ]

[ 2014-03-20T19:36:26+08:00 ] 127.0.0.1 /index.php?g=User&m=Index&a=login_do
INFO: [ app_begin ] --START--
INFO: ReadHtmlCache Behavior ::run [ RunTime:0.003000s ]
INFO: [ app_begin ] --END-- [ RunTime:0.003000s ]
SQL: SHOW COLUMNS FROM `uio_user` [ RunTime:0.009000s ]
SQL: SELECT * FROM `uio_user` JOIN uio_user_group USING (group_id) WHERE ( `username` = 'webchater' ) AND ( `password` = '96e79218965eb72c92a549dd5a330112' ) LIMIT 1   [ RunTime:0.001000s ]
NOTIC: [8] Undefined variable: var G:\Web\itshajia\ThinkPHP\Common\functions.php 第 247 行.
NOTIC: [2] array_reverse() expects parameter 1 to be array, null given G:\Web\itshajia\ThinkPHP\Common\functions.php 第 247 行.
NOTIC: [2] http_build_query(): Parameter 1 expected to be Array or Object.  Incorrect value given G:\Web\itshajia\ThinkPHP\Common\functions.php 第 247 行.

[ 2014-03-20T19:36:26+08:00 ] 127.0.0.1 /index.php?&g=User
INFO: [ app_begin ] --START--
INFO: ReadHtmlCache Behavior ::run [ RunTime:0.002000s ]
INFO: [ app_begin ] --END-- [ RunTime:0.002000s ]
INFO: LoginCheck Behavior ::run [ RunTime:0.004001s ]
SQL: SHOW COLUMNS FROM `uio_app_apply` [ RunTime:0.009001s ]
SQL: SELECT * FROM `uio_app_apply` WHERE ( `uid` = 4 ) AND ( `status` = 1 )  [ RunTime:0.001001s ]
SQL: SHOW COLUMNS FROM `uio_app_type` [ RunTime:0.009000s ]
SQL: SELECT * FROM `uio_app_type` ORDER BY `listorder`  [ RunTime:0.001000s ]
INFO: [ view_parse ] --START--
NOTIC: [8] Undefined index: show G:\Web\itshajia\Home\Runtime\Cache\User\7015259f2be7066dc0b1ff1df0cd3ab1.php 第 63 行.
NOTIC: [8] Undefined index: show G:\Web\itshajia\Home\Runtime\Cache\User\7015259f2be7066dc0b1ff1df0cd3ab1.php 第 63 行.
INFO: ParseTemplate Behavior ::run [ RunTime:0.074005s ]
INFO: [ view_parse ] --END-- [ RunTime:0.074005s ]
INFO: [ view_filter ] --START--
INFO: ContentReplace Behavior ::run [ RunTime:0.003000s ]
INFO: TokenBuild Behavior ::run [ RunTime:0.003000s ]
INFO: WriteHtmlCache Behavior ::run [ RunTime:0.002000s ]
INFO: ShowRuntime Behavior ::run [ RunTime:0.002000s ]
INFO: [ view_filter ] --END-- [ RunTime:0.010000s ]
INFO: [ view_end ] --START--
INFO: ShowPageTrace Behavior ::run [ RunTime:0.002000s ]
INFO: [ view_end ] --END-- [ RunTime:0.002000s ]

[ 2014-03-20T19:36:27+08:00 ] 127.0.0.1 /index.php?g=User&m=Home&a=index
INFO: [ app_begin ] --START--
INFO: ReadHtmlCache Behavior ::run [ RunTime:0.002000s ]
INFO: [ app_begin ] --END-- [ RunTime:0.002000s ]
INFO: LoginCheck Behavior ::run [ RunTime:0.004000s ]
SQL: SHOW COLUMNS FROM `uio_app_apply` [ RunTime:0.018001s ]
SQL: SELECT * FROM `uio_app_apply` WHERE ( `uid` = 4 ) AND ( `status` = 1 )  [ RunTime:0.014000s ]
SQL: SHOW COLUMNS FROM `uio_app_type` [ RunTime:0.022001s ]
SQL: SELECT * FROM `uio_app_type` ORDER BY `listorder`  [ RunTime:0.005000s ]
SQL: SHOW COLUMNS FROM `uio_app` [ RunTime:0.009001s ]
SQL: SELECT * FROM `uio_app` WHERE ( `is_top` = 1 ) ORDER BY `listorder` LIMIT 0,10   [ RunTime:0.003000s ]
SQL: SHOW COLUMNS FROM `uio_app_apply_record` [ RunTime:0.008001s ]
SQL: SELECT * FROM `uio_app_apply` WHERE ( `status` = 1 ) AND ( `app_id` = 7 ) ORDER BY `addtime` desc LIMIT 1   [ RunTime:0.000000s ]
SQL: SELECT * FROM `uio_app_apply_record` WHERE ( `app_id` = 7 ) AND ( `is_check` = 0 ) LIMIT 1   [ RunTime:0.000000s ]
SQL: SELECT * FROM `uio_app_apply` WHERE ( `app_id` = 8 ) AND ( `status` = 1 ) ORDER BY `addtime` desc LIMIT 1   [ RunTime:0.000000s ]
SQL: SELECT * FROM `uio_app_apply_record` WHERE ( `app_id` = 8 ) AND ( `is_check` = 0 ) LIMIT 1   [ RunTime:0.000000s ]
SQL: SHOW COLUMNS FROM `uio_article` [ RunTime:0.008001s ]
SQL: SHOW COLUMNS FROM `uio_user` [ RunTime:0.012000s ]
SQL: SELECT * FROM `uio_article` WHERE ( uio_article.status = 1 ) AND ( uio_article.module_tag = 'announce' ) ORDER BY `listorder`,`addtime` desc LIMIT 0,7   [ RunTime:0.002000s ]
SQL: SELECT * FROM `uio_user` WHERE ( `uid` = 1 ) LIMIT 1   [ RunTime:0.001000s ]
SQL: SELECT * FROM `uio_user` WHERE ( `uid` = 1 ) LIMIT 1   [ RunTime:0.001000s ]
SQL: SELECT * FROM `uio_user` WHERE ( `uid` = 1 ) LIMIT 1   [ RunTime:0.001001s ]
SQL: SELECT * FROM `uio_user` WHERE ( `uid` = 1 ) LIMIT 1   [ RunTime:0.001000s ]
SQL: SELECT * FROM `uio_user` WHERE ( `uid` = 1 ) LIMIT 1   [ RunTime:0.000000s ]
SQL: SELECT * FROM `uio_user` WHERE ( `uid` = 1 ) LIMIT 1   [ RunTime:0.001000s ]
INFO: [ view_parse ] --START--
NOTIC: [8] Undefined index: is_apply G:\Web\itshajia\Home\Runtime\Cache\User\30dbf7a6614016acb31c35ef280265d5.php 第 69 行.
INFO: ParseTemplate Behavior ::run [ RunTime:0.024001s ]
INFO: [ view_parse ] --END-- [ RunTime:0.025001s ]
INFO: [ view_filter ] --START--
INFO: ContentReplace Behavior ::run [ RunTime:0.002000s ]
INFO: TokenBuild Behavior ::run [ RunTime:0.001000s ]
INFO: WriteHtmlCache Behavior ::run [ RunTime:0.001000s ]
INFO: ShowRuntime Behavior ::run [ RunTime:0.001000s ]
INFO: [ view_filter ] --END-- [ RunTime:0.006000s ]
INFO: [ view_end ] --START--
INFO: ShowPageTrace Behavior ::run [ RunTime:0.001000s ]
INFO: [ view_end ] --END-- [ RunTime:0.002000s ]

[ 2014-03-20T19:36:27+08:00 ] 127.0.0.1 /Resource/Css/common.js
INFO: [ route_check ] --START--
INFO: CheckRoute Behavior ::run [ RunTime:0.003001s ]
INFO: [ route_check ] --END-- [ RunTime:0.003001s ]
INFO: [ app_begin ] --START--
INFO: ReadHtmlCache Behavior ::run [ RunTime:0.001000s ]
INFO: [ app_begin ] --END-- [ RunTime:0.001000s ]

[ 2014-03-20T19:40:27+08:00 ] 127.0.0.1 /favicon.ico
INFO: [ route_check ] --START--
INFO: CheckRoute Behavior ::run [ RunTime:0.003000s ]
INFO: [ route_check ] --END-- [ RunTime:0.003000s ]
INFO: [ app_begin ] --START--
INFO: ReadHtmlCache Behavior ::run [ RunTime:0.003000s ]
INFO: [ app_begin ] --END-- [ RunTime:0.003000s ]

[ 2014-03-20T19:40:27+08:00 ] 127.0.0.1 /favicon.ico
INFO: [ route_check ] --START--
INFO: CheckRoute Behavior ::run [ RunTime:0.001000s ]
INFO: [ route_check ] --END-- [ RunTime:0.001000s ]
INFO: [ app_begin ] --START--
INFO: ReadHtmlCache Behavior ::run [ RunTime:0.001000s ]
INFO: [ app_begin ] --END-- [ RunTime:0.002000s ]

[ 2014-03-20T19:40:32+08:00 ] 127.0.0.1 /favicon.ico
INFO: [ route_check ] --START--
INFO: CheckRoute Behavior ::run [ RunTime:0.003000s ]
INFO: [ route_check ] --END-- [ RunTime:0.005000s ]
INFO: [ app_begin ] --START--
INFO: ReadHtmlCache Behavior ::run [ RunTime:0.005000s ]
INFO: [ app_begin ] --END-- [ RunTime:0.006000s ]

[ 2014-03-20T21:01:16+08:00 ] 127.0.0.1 /favicon.ico
INFO: [ route_check ] --START--
INFO: CheckRoute Behavior ::run [ RunTime:0.004001s ]
INFO: [ route_check ] --END-- [ RunTime:0.004001s ]
INFO: [ app_begin ] --START--
INFO: ReadHtmlCache Behavior ::run [ RunTime:0.002000s ]
INFO: [ app_begin ] --END-- [ RunTime:0.002000s ]

[ 2014-03-20T21:01:16+08:00 ] 127.0.0.1 /favicon.ico
INFO: [ route_check ] --START--
INFO: CheckRoute Behavior ::run [ RunTime:0.003000s ]
INFO: [ route_check ] --END-- [ RunTime:0.003000s ]
INFO: [ app_begin ] --START--
INFO: ReadHtmlCache Behavior ::run [ RunTime:0.001000s ]
INFO: [ app_begin ] --END-- [ RunTime:0.001000s ]

[ 2014-03-20T21:01:18+08:00 ] 127.0.0.1 /favicon.ico
INFO: [ route_check ] --START--
INFO: CheckRoute Behavior ::run [ RunTime:0.004001s ]
INFO: [ route_check ] --END-- [ RunTime:0.004001s ]
INFO: [ app_begin ] --START--
INFO: ReadHtmlCache Behavior ::run [ RunTime:0.001000s ]
INFO: [ app_begin ] --END-- [ RunTime:0.001000s ]

[ 2014-03-20T21:06:07+08:00 ] 127.0.0.1 /favicon.ico
INFO: [ route_check ] --START--
INFO: CheckRoute Behavior ::run [ RunTime:0.004000s ]
INFO: [ route_check ] --END-- [ RunTime:0.005000s ]
INFO: [ app_begin ] --START--
INFO: ReadHtmlCache Behavior ::run [ RunTime:0.002000s ]
INFO: [ app_begin ] --END-- [ RunTime:0.002000s ]

[ 2014-03-20T21:15:16+08:00 ] 127.0.0.1 /favicon.ico
INFO: [ route_check ] --START--
INFO: CheckRoute Behavior ::run [ RunTime:0.003000s ]
INFO: [ route_check ] --END-- [ RunTime:0.003000s ]
INFO: [ app_begin ] --START--
INFO: ReadHtmlCache Behavior ::run [ RunTime:0.002000s ]
INFO: [ app_begin ] --END-- [ RunTime:0.002000s ]

[ 2014-03-20T21:15:20+08:00 ] 127.0.0.1 /Resource/Js/jquery.min.map
INFO: [ route_check ] --START--
INFO: CheckRoute Behavior ::run [ RunTime:0.002000s ]
INFO: [ route_check ] --END-- [ RunTime:0.002000s ]
INFO: [ app_begin ] --START--
INFO: ReadHtmlCache Behavior ::run [ RunTime:0.002000s ]
INFO: [ app_begin ] --END-- [ RunTime:0.002000s ]

[ 2014-03-20T21:15:47+08:00 ] 127.0.0.1 /favicon.ico
INFO: [ route_check ] --START--
INFO: CheckRoute Behavior ::run [ RunTime:0.001000s ]
INFO: [ route_check ] --END-- [ RunTime:0.001000s ]
INFO: [ app_begin ] --START--
INFO: ReadHtmlCache Behavior ::run [ RunTime:0.002000s ]
INFO: [ app_begin ] --END-- [ RunTime:0.002000s ]

[ 2014-03-20T21:15:50+08:00 ] 127.0.0.1 /Resource/Js/jquery.min.map
INFO: [ route_check ] --START--
INFO: CheckRoute Behavior ::run [ RunTime:0.002000s ]
INFO: [ route_check ] --END-- [ RunTime:0.002000s ]
INFO: [ app_begin ] --START--
INFO: ReadHtmlCache Behavior ::run [ RunTime:0.003000s ]
INFO: [ app_begin ] --END-- [ RunTime:0.003000s ]

[ 2014-03-20T21:16:09+08:00 ] 127.0.0.1 /Resource/Js/jquery.min.map
INFO: [ route_check ] --START--
INFO: CheckRoute Behavior ::run [ RunTime:0.003001s ]
INFO: [ route_check ] --END-- [ RunTime:0.003001s ]
INFO: [ app_begin ] --START--
INFO: ReadHtmlCache Behavior ::run [ RunTime:0.002000s ]
INFO: [ app_begin ] --END-- [ RunTime:0.002000s ]

[ 2014-03-20T21:16:09+08:00 ] 127.0.0.1 /favicon.ico
INFO: [ route_check ] --START--
INFO: CheckRoute Behavior ::run [ RunTime:0.003000s ]
INFO: [ route_check ] --END-- [ RunTime:0.004000s ]
INFO: [ app_begin ] --START--
INFO: ReadHtmlCache Behavior ::run [ RunTime:0.002000s ]
INFO: [ app_begin ] --END-- [ RunTime:0.002000s ]

[ 2014-03-20T21:16:47+08:00 ] 127.0.0.1 /favicon.ico
INFO: [ route_check ] --START--
INFO: CheckRoute Behavior ::run [ RunTime:0.002000s ]
INFO: [ route_check ] --END-- [ RunTime:0.002000s ]
INFO: [ app_begin ] --START--
INFO: ReadHtmlCache Behavior ::run [ RunTime:0.001001s ]
INFO: [ app_begin ] --END-- [ RunTime:0.001001s ]

[ 2014-03-20T21:16:47+08:00 ] 127.0.0.1 /favicon.ico
INFO: [ route_check ] --START--
INFO: CheckRoute Behavior ::run [ RunTime:0.002000s ]
INFO: [ route_check ] --END-- [ RunTime:0.002000s ]
INFO: [ app_begin ] --START--
INFO: ReadHtmlCache Behavior ::run [ RunTime:0.002000s ]
INFO: [ app_begin ] --END-- [ RunTime:0.002000s ]

[ 2014-03-20T21:16:50+08:00 ] 127.0.0.1 /favicon.ico
INFO: [ route_check ] --START--
INFO: CheckRoute Behavior ::run [ RunTime:0.002000s ]
INFO: [ route_check ] --END-- [ RunTime:0.002000s ]
INFO: [ app_begin ] --START--
INFO: ReadHtmlCache Behavior ::run [ RunTime:0.002000s ]
INFO: [ app_begin ] --END-- [ RunTime:0.002000s ]

[ 2014-03-20T21:16:51+08:00 ] 127.0.0.1 /favicon.ico
INFO: [ route_check ] --START--
INFO: CheckRoute Behavior ::run [ RunTime:0.001000s ]
INFO: [ route_check ] --END-- [ RunTime:0.001000s ]
INFO: [ app_begin ] --START--
INFO: ReadHtmlCache Behavior ::run [ RunTime:0.001000s ]
INFO: [ app_begin ] --END-- [ RunTime:0.001000s ]

[ 2014-03-20T21:16:54+08:00 ] 127.0.0.1 /Resource/Js/jquery.min.map
INFO: [ route_check ] --START--
INFO: CheckRoute Behavior ::run [ RunTime:0.004001s ]
INFO: [ route_check ] --END-- [ RunTime:0.004001s ]
INFO: [ app_begin ] --START--
INFO: ReadHtmlCache Behavior ::run [ RunTime:0.001000s ]
INFO: [ app_begin ] --END-- [ RunTime:0.001000s ]

[ 2014-03-20T21:19:21+08:00 ] 127.0.0.1 /favicon.ico
INFO: [ route_check ] --START--
INFO: CheckRoute Behavior ::run [ RunTime:0.003000s ]
INFO: [ route_check ] --END-- [ RunTime:0.003000s ]
INFO: [ app_begin ] --START--
INFO: ReadHtmlCache Behavior ::run [ RunTime:0.002000s ]
INFO: [ app_begin ] --END-- [ RunTime:0.002000s ]

[ 2014-03-20T21:19:21+08:00 ] 127.0.0.1 /Resource/Js/jquery.min.map
INFO: [ route_check ] --START--
INFO: CheckRoute Behavior ::run [ RunTime:0.004000s ]
INFO: [ route_check ] --END-- [ RunTime:0.004000s ]
INFO: [ app_begin ] --START--
INFO: ReadHtmlCache Behavior ::run [ RunTime:0.002000s ]
INFO: [ app_begin ] --END-- [ RunTime:0.003000s ]

[ 2014-03-20T21:19:24+08:00 ] 127.0.0.1 /favicon.ico
INFO: [ route_check ] --START--
INFO: CheckRoute Behavior ::run [ RunTime:0.002000s ]
INFO: [ route_check ] --END-- [ RunTime:0.002000s ]
INFO: [ app_begin ] --START--
INFO: ReadHtmlCache Behavior ::run [ RunTime:0.002000s ]
INFO: [ app_begin ] --END-- [ RunTime:0.002000s ]

[ 2014-03-20T21:19:25+08:00 ] 127.0.0.1 /favicon.ico
INFO: [ route_check ] --START--
INFO: CheckRoute Behavior ::run [ RunTime:0.003000s ]
INFO: [ route_check ] --END-- [ RunTime:0.003000s ]
INFO: [ app_begin ] --START--
INFO: ReadHtmlCache Behavior ::run [ RunTime:0.002000s ]
INFO: [ app_begin ] --END-- [ RunTime:0.002000s ]

[ 2014-03-20T21:19:27+08:00 ] 127.0.0.1 /favicon.ico
INFO: [ route_check ] --START--
INFO: CheckRoute Behavior ::run [ RunTime:0.002000s ]
INFO: [ route_check ] --END-- [ RunTime:0.002000s ]
INFO: [ app_begin ] --START--
INFO: ReadHtmlCache Behavior ::run [ RunTime:0.002000s ]
INFO: [ app_begin ] --END-- [ RunTime:0.002000s ]

[ 2014-03-20T21:24:27+08:00 ] 127.0.0.1 /favicon.ico
INFO: [ route_check ] --START--
INFO: CheckRoute Behavior ::run [ RunTime:0.004000s ]
INFO: [ route_check ] --END-- [ RunTime:0.004000s ]
INFO: [ app_begin ] --START--
INFO: ReadHtmlCache Behavior ::run [ RunTime:0.003001s ]
INFO: [ app_begin ] --END-- [ RunTime:0.003001s ]

[ 2014-03-20T21:25:28+08:00 ] 127.0.0.1 /favicon.ico
INFO: [ route_check ] --START--
INFO: CheckRoute Behavior ::run [ RunTime:0.004000s ]
INFO: [ route_check ] --END-- [ RunTime:0.004000s ]
INFO: [ app_begin ] --START--
INFO: ReadHtmlCache Behavior ::run [ RunTime:0.003000s ]
INFO: [ app_begin ] --END-- [ RunTime:0.003000s ]

[ 2014-03-20T21:28:07+08:00 ] 127.0.0.1 /favicon.ico
INFO: [ route_check ] --START--
INFO: CheckRoute Behavior ::run [ RunTime:0.004000s ]
INFO: [ route_check ] --END-- [ RunTime:0.005000s ]
INFO: [ app_begin ] --START--
INFO: ReadHtmlCache Behavior ::run [ RunTime:0.002000s ]
INFO: [ app_begin ] --END-- [ RunTime:0.002000s ]

[ 2014-03-20T22:01:08+08:00 ] 127.0.0.1 /favicon.ico
INFO: [ route_check ] --START--
INFO: CheckRoute Behavior ::run [ RunTime:0.010001s ]
INFO: [ route_check ] --END-- [ RunTime:0.010001s ]
INFO: [ app_begin ] --START--
INFO: ReadHtmlCache Behavior ::run [ RunTime:0.003000s ]
INFO: [ app_begin ] --END-- [ RunTime:0.003000s ]

[ 2014-03-20T22:01:10+08:00 ] 127.0.0.1 /favicon.ico
INFO: [ route_check ] --START--
INFO: CheckRoute Behavior ::run [ RunTime:0.003001s ]
INFO: [ route_check ] --END-- [ RunTime:0.003001s ]
INFO: [ app_begin ] --START--
INFO: ReadHtmlCache Behavior ::run [ RunTime:0.002000s ]
INFO: [ app_begin ] --END-- [ RunTime:0.002000s ]

[ 2014-03-20T22:01:34+08:00 ] 127.0.0.1 /favicon.ico
INFO: [ route_check ] --START--
INFO: CheckRoute Behavior ::run [ RunTime:0.007001s ]
INFO: [ route_check ] --END-- [ RunTime:0.007001s ]
INFO: [ app_begin ] --START--
INFO: ReadHtmlCache Behavior ::run [ RunTime:0.002000s ]
INFO: [ app_begin ] --END-- [ RunTime:0.002000s ]

[ 2014-03-20T22:01:47+08:00 ] 127.0.0.1 /favicon.ico
INFO: [ route_check ] --START--
INFO: CheckRoute Behavior ::run [ RunTime:0.009000s ]
INFO: [ route_check ] --END-- [ RunTime:0.009000s ]
INFO: [ app_begin ] --START--
INFO: ReadHtmlCache Behavior ::run [ RunTime:0.001001s ]
INFO: [ app_begin ] --END-- [ RunTime:0.001001s ]

[ 2014-03-20T22:01:49+08:00 ] 127.0.0.1 /favicon.ico
INFO: [ route_check ] --START--
INFO: CheckRoute Behavior ::run [ RunTime:0.008001s ]
INFO: [ route_check ] --END-- [ RunTime:0.008001s ]
INFO: [ app_begin ] --START--
INFO: ReadHtmlCache Behavior ::run [ RunTime:0.001000s ]
INFO: [ app_begin ] --END-- [ RunTime:0.001000s ]

[ 2014-03-20T22:01:49+08:00 ] 127.0.0.1 /favicon.ico
INFO: [ route_check ] --START--
INFO: CheckRoute Behavior ::run [ RunTime:0.002000s ]
INFO: [ route_check ] --END-- [ RunTime:0.002000s ]
INFO: [ app_begin ] --START--
INFO: ReadHtmlCache Behavior ::run [ RunTime:0.002000s ]
INFO: [ app_begin ] --END-- [ RunTime:0.002000s ]

[ 2014-03-20T22:01:50+08:00 ] 127.0.0.1 /Resource/Js/jquery.min.map
INFO: [ route_check ] --START--
INFO: CheckRoute Behavior ::run [ RunTime:0.002001s ]
INFO: [ route_check ] --END-- [ RunTime:0.002001s ]
INFO: [ app_begin ] --START--
INFO: ReadHtmlCache Behavior ::run [ RunTime:0.001000s ]
INFO: [ app_begin ] --END-- [ RunTime:0.003000s ]

[ 2014-03-20T22:02:26+08:00 ] 127.0.0.1 /favicon.ico
INFO: [ route_check ] --START--
INFO: CheckRoute Behavior ::run [ RunTime:0.003000s ]
INFO: [ route_check ] --END-- [ RunTime:0.003000s ]
INFO: [ app_begin ] --START--
INFO: ReadHtmlCache Behavior ::run [ RunTime:0.002000s ]
INFO: [ app_begin ] --END-- [ RunTime:0.002000s ]

[ 2014-03-20T22:02:26+08:00 ] 127.0.0.1 /Resource/Js/jquery.min.map
INFO: [ route_check ] --START--
INFO: CheckRoute Behavior ::run [ RunTime:0.004000s ]
INFO: [ route_check ] --END-- [ RunTime:0.004000s ]
INFO: [ app_begin ] --START--
INFO: ReadHtmlCache Behavior ::run [ RunTime:0.002000s ]
INFO: [ app_begin ] --END-- [ RunTime:0.002000s ]

[ 2014-03-20T22:02:49+08:00 ] 127.0.0.1 /favicon.ico
INFO: [ route_check ] --START--
INFO: CheckRoute Behavior ::run [ RunTime:0.002001s ]
INFO: [ route_check ] --END-- [ RunTime:0.002001s ]
INFO: [ app_begin ] --START--
INFO: ReadHtmlCache Behavior ::run [ RunTime:0.001000s ]
INFO: [ app_begin ] --END-- [ RunTime:0.001000s ]

[ 2014-03-20T22:02:49+08:00 ] 127.0.0.1 /favicon.ico
INFO: [ route_check ] --START--
INFO: CheckRoute Behavior ::run [ RunTime:0.001001s ]
INFO: [ route_check ] --END-- [ RunTime:0.001001s ]
INFO: [ app_begin ] --START--
INFO: ReadHtmlCache Behavior ::run [ RunTime:0.001000s ]
INFO: [ app_begin ] --END-- [ RunTime:0.001000s ]

[ 2014-03-20T22:02:49+08:00 ] 127.0.0.1 /favicon.ico
INFO: [ route_check ] --START--
INFO: CheckRoute Behavior ::run [ RunTime:0.002000s ]
INFO: [ route_check ] --END-- [ RunTime:0.002000s ]
INFO: [ app_begin ] --START--
INFO: ReadHtmlCache Behavior ::run [ RunTime:0.001000s ]
INFO: [ app_begin ] --END-- [ RunTime:0.002001s ]

[ 2014-03-20T22:02:54+08:00 ] 127.0.0.1 /
INFO: [ app_begin ] --START--
INFO: ReadHtmlCache Behavior ::run [ RunTime:0.002000s ]
INFO: [ app_begin ] --END-- [ RunTime:0.002000s ]

[ 2014-03-20T22:03:01+08:00 ] 127.0.0.1 /index.php?g=User&m=User&a=basic
INFO: [ app_begin ] --START--
INFO: ReadHtmlCache Behavior ::run [ RunTime:0.003001s ]
INFO: [ app_begin ] --END-- [ RunTime:0.003001s ]
INFO: LoginCheck Behavior ::run [ RunTime:0.004001s ]
NOTIC: [8] Undefined variable: var G:\Web\itshajia\ThinkPHP\Common\functions.php 第 247 行.
NOTIC: [2] array_reverse() expects parameter 1 to be array, null given G:\Web\itshajia\ThinkPHP\Common\functions.php 第 247 行.
NOTIC: [2] http_build_query(): Parameter 1 expected to be Array or Object.  Incorrect value given G:\Web\itshajia\ThinkPHP\Common\functions.php 第 247 行.

[ 2014-03-20T22:03:01+08:00 ] 127.0.0.1 /index.php?&g=User&m=Index&a=login
INFO: [ app_begin ] --START--
INFO: ReadHtmlCache Behavior ::run [ RunTime:0.002000s ]
INFO: [ app_begin ] --END-- [ RunTime:0.002000s ]
INFO: LoginCheck Behavior ::run [ RunTime:0.004000s ]
SQL: SHOW COLUMNS FROM `uio_app_apply` [ RunTime:0.010000s ]
NOTIC: [8] Undefined index: _User G:\Web\itshajia\Home\Lib\Action\User\CommonAction.class.php 第 140 行.
SQL: SELECT * FROM `uio_app_apply` WHERE ( `uid` = null ) AND ( `status` = 1 )  [ RunTime:0.001000s ]
SQL: SHOW COLUMNS FROM `uio_app_type` [ RunTime:0.022001s ]
SQL: SELECT * FROM `uio_app_type` ORDER BY `listorder`  [ RunTime:0.003000s ]
INFO: [ view_parse ] --START--
NOTIC: [8] Undefined variable: reg G:\Web\itshajia\Home\Runtime\Cache\User\c2d8fdea3114f9c978ad4569bba6dabf.php 第 39 行.
NOTIC: [8] Undefined variable: reg G:\Web\itshajia\Home\Runtime\Cache\User\c2d8fdea3114f9c978ad4569bba6dabf.php 第 50 行.
NOTIC: [8] Undefined variable: error G:\Web\itshajia\Home\Runtime\Cache\User\c2d8fdea3114f9c978ad4569bba6dabf.php 第 51 行.
NOTIC: [8] Undefined variable: reg G:\Web\itshajia\Home\Runtime\Cache\User\c2d8fdea3114f9c978ad4569bba6dabf.php 第 70 行.
NOTIC: [8] Undefined variable: reg G:\Web\itshajia\Home\Runtime\Cache\User\c2d8fdea3114f9c978ad4569bba6dabf.php 第 81 行.
INFO: ParseTemplate Behavior ::run [ RunTime:0.044003s ]
INFO: [ view_parse ] --END-- [ RunTime:0.044003s ]
INFO: [ view_filter ] --START--
INFO: ContentReplace Behavior ::run [ RunTime:0.003000s ]
INFO: TokenBuild Behavior ::run [ RunTime:0.002000s ]
INFO: WriteHtmlCache Behavior ::run [ RunTime:0.005000s ]
INFO: ShowRuntime Behavior ::run [ RunTime:0.002000s ]
INFO: [ view_filter ] --END-- [ RunTime:0.012000s ]
INFO: [ view_end ] --START--
INFO: ShowPageTrace Behavior ::run [ RunTime:0.003000s ]
INFO: [ view_end ] --END-- [ RunTime:0.004001s ]

[ 2014-03-20T22:03:08+08:00 ] 127.0.0.1 /index.php?g=User&m=Index&a=login_do
INFO: [ app_begin ] --START--
INFO: ReadHtmlCache Behavior ::run [ RunTime:0.002000s ]
INFO: [ app_begin ] --END-- [ RunTime:0.002000s ]
SQL: SHOW COLUMNS FROM `uio_user` [ RunTime:0.015001s ]
SQL: SELECT * FROM `uio_user` JOIN uio_user_group USING (group_id) WHERE ( `username` = 'webchater' ) AND ( `password` = '96e79218965eb72c92a549dd5a330112' ) LIMIT 1   [ RunTime:0.001000s ]
NOTIC: [8] Undefined variable: var G:\Web\itshajia\ThinkPHP\Common\functions.php 第 247 行.
NOTIC: [2] array_reverse() expects parameter 1 to be array, null given G:\Web\itshajia\ThinkPHP\Common\functions.php 第 247 行.
NOTIC: [2] http_build_query(): Parameter 1 expected to be Array or Object.  Incorrect value given G:\Web\itshajia\ThinkPHP\Common\functions.php 第 247 行.

[ 2014-03-20T22:03:08+08:00 ] 127.0.0.1 /index.php?&g=User
INFO: [ app_begin ] --START--
INFO: ReadHtmlCache Behavior ::run [ RunTime:0.001000s ]
INFO: [ app_begin ] --END-- [ RunTime:0.001000s ]
INFO: LoginCheck Behavior ::run [ RunTime:0.004000s ]
SQL: SHOW COLUMNS FROM `uio_app_apply` [ RunTime:0.019002s ]
SQL: SELECT * FROM `uio_app_apply` WHERE ( `uid` = 4 ) AND ( `status` = 1 )  [ RunTime:0.001000s ]
SQL: SHOW COLUMNS FROM `uio_app_type` [ RunTime:0.035002s ]
SQL: SELECT * FROM `uio_app_type` ORDER BY `listorder`  [ RunTime:0.001000s ]
INFO: [ view_parse ] --START--
NOTIC: [8] Undefined index: show G:\Web\itshajia\Home\Runtime\Cache\User\7015259f2be7066dc0b1ff1df0cd3ab1.php 第 63 行.
NOTIC: [8] Undefined index: show G:\Web\itshajia\Home\Runtime\Cache\User\7015259f2be7066dc0b1ff1df0cd3ab1.php 第 63 行.
INFO: ParseTemplate Behavior ::run [ RunTime:0.055003s ]
INFO: [ view_parse ] --END-- [ RunTime:0.055003s ]
INFO: [ view_filter ] --START--
INFO: ContentReplace Behavior ::run [ RunTime:0.004000s ]
INFO: TokenBuild Behavior ::run [ RunTime:0.003001s ]
INFO: WriteHtmlCache Behavior ::run [ RunTime:0.002000s ]
INFO: ShowRuntime Behavior ::run [ RunTime:0.004000s ]
INFO: [ view_filter ] --END-- [ RunTime:0.013001s ]
INFO: [ view_end ] --START--
INFO: ShowPageTrace Behavior ::run [ RunTime:0.003000s ]
INFO: [ view_end ] --END-- [ RunTime:0.004000s ]

[ 2014-03-20T22:03:09+08:00 ] 127.0.0.1 /index.php?g=User&m=Home&a=index
INFO: [ app_begin ] --START--
INFO: ReadHtmlCache Behavior ::run [ RunTime:0.004000s ]
INFO: [ app_begin ] --END-- [ RunTime:0.004000s ]
INFO: LoginCheck Behavior ::run [ RunTime:0.022002s ]
SQL: SHOW COLUMNS FROM `uio_app_apply` [ RunTime:0.016001s ]
SQL: SELECT * FROM `uio_app_apply` WHERE ( `uid` = 4 ) AND ( `status` = 1 )  [ RunTime:0.002000s ]
SQL: SHOW COLUMNS FROM `uio_app_type` [ RunTime:0.009001s ]
SQL: SELECT * FROM `uio_app_type` ORDER BY `listorder`  [ RunTime:0.001000s ]
SQL: SHOW COLUMNS FROM `uio_app` [ RunTime:0.009000s ]
SQL: SELECT * FROM `uio_app` WHERE ( `is_top` = 1 ) ORDER BY `listorder` LIMIT 0,10   [ RunTime:0.002000s ]
SQL: SHOW COLUMNS FROM `uio_app_apply_record` [ RunTime:0.008000s ]
SQL: SELECT * FROM `uio_app_apply` WHERE ( `status` = 1 ) AND ( `app_id` = 7 ) ORDER BY `addtime` desc LIMIT 1   [ RunTime:0.001000s ]
SQL: SELECT * FROM `uio_app_apply_record` WHERE ( `app_id` = 7 ) AND ( `is_check` = 0 ) LIMIT 1   [ RunTime:0.001000s ]
SQL: SELECT * FROM `uio_app_apply` WHERE ( `app_id` = 8 ) AND ( `status` = 1 ) ORDER BY `addtime` desc LIMIT 1   [ RunTime:0.001000s ]
SQL: SELECT * FROM `uio_app_apply_record` WHERE ( `app_id` = 8 ) AND ( `is_check` = 0 ) LIMIT 1   [ RunTime:0.001000s ]
SQL: SHOW COLUMNS FROM `uio_article` [ RunTime:0.008001s ]
SQL: SHOW COLUMNS FROM `uio_user` [ RunTime:0.009001s ]
SQL: SELECT * FROM `uio_article` WHERE ( uio_article.status = 1 ) AND ( uio_article.module_tag = 'announce' ) ORDER BY `listorder`,`addtime` desc LIMIT 0,7   [ RunTime:0.002000s ]
SQL: SELECT * FROM `uio_user` WHERE ( `uid` = 1 ) LIMIT 1   [ RunTime:0.001000s ]
SQL: SELECT * FROM `uio_user` WHERE ( `uid` = 1 ) LIMIT 1   [ RunTime:0.000000s ]
SQL: SELECT * FROM `uio_user` WHERE ( `uid` = 1 ) LIMIT 1   [ RunTime:0.000000s ]
SQL: SELECT * FROM `uio_user` WHERE ( `uid` = 1 ) LIMIT 1   [ RunTime:0.001000s ]
SQL: SELECT * FROM `uio_user` WHERE ( `uid` = 1 ) LIMIT 1   [ RunTime:0.001000s ]
SQL: SELECT * FROM `uio_user` WHERE ( `uid` = 1 ) LIMIT 1   [ RunTime:0.000000s ]
INFO: [ view_parse ] --START--
NOTIC: [8] Undefined index: is_apply G:\Web\itshajia\Home\Runtime\Cache\User\30dbf7a6614016acb31c35ef280265d5.php 第 69 行.
INFO: ParseTemplate Behavior ::run [ RunTime:0.044003s ]
INFO: [ view_parse ] --END-- [ RunTime:0.044003s ]
INFO: [ view_filter ] --START--
INFO: ContentReplace Behavior ::run [ RunTime:0.005000s ]
INFO: TokenBuild Behavior ::run [ RunTime:0.005000s ]
INFO: WriteHtmlCache Behavior ::run [ RunTime:0.002000s ]
INFO: ShowRuntime Behavior ::run [ RunTime:0.002000s ]
INFO: [ view_filter ] --END-- [ RunTime:0.015000s ]
INFO: [ view_end ] --START--
INFO: ShowPageTrace Behavior ::run [ RunTime:0.002001s ]
INFO: [ view_end ] --END-- [ RunTime:0.002001s ]

[ 2014-03-20T22:03:09+08:00 ] 127.0.0.1 /Resource/Css/common.js
INFO: [ route_check ] --START--
INFO: CheckRoute Behavior ::run [ RunTime:0.002000s ]
INFO: [ route_check ] --END-- [ RunTime:0.002000s ]
INFO: [ app_begin ] --START--
INFO: ReadHtmlCache Behavior ::run [ RunTime:0.003000s ]
INFO: [ app_begin ] --END-- [ RunTime:0.003000s ]

