[ 2014-04-14T09:00:10+08:00 ] 192.168.1.112 /
INFO: [ app_begin ] --START--
INFO: ReadHtmlCache Behavior ::run [ RunTime:0.018227s ]
INFO: [ app_begin ] --END-- [ RunTime:0.018705s ]

[ 2014-04-14T09:00:10+08:00 ] 192.168.1.112 /favicon.ico
INFO: [ route_check ] --START--
INFO: CheckRoute Behavior ::run [ RunTime:0.013031s ]
INFO: [ route_check ] --END-- [ RunTime:0.013243s ]
INFO: [ app_begin ] --START--
INFO: ReadHtmlCache Behavior ::run [ RunTime:0.001084s ]
INFO: [ app_begin ] --END-- [ RunTime:0.001264s ]

[ 2014-04-14T09:00:10+08:00 ] 192.168.1.112 /favicon.ico
INFO: [ route_check ] --START--
INFO: CheckRoute Behavior ::run [ RunTime:0.000753s ]
INFO: [ route_check ] --END-- [ RunTime:0.000870s ]
INFO: [ app_begin ] --START--
INFO: ReadHtmlCache Behavior ::run [ RunTime:0.000554s ]
INFO: [ app_begin ] --END-- [ RunTime:0.000648s ]

[ 2014-04-14T13:56:11+08:00 ] 192.168.1.112 /
INFO: [ app_begin ] --START--
INFO: ReadHtmlCache Behavior ::run [ RunTime:0.016479s ]
INFO: [ app_begin ] --END-- [ RunTime:0.016706s ]
INFO: [ view_parse ] --START--
NOTIC: [8] Undefined variable: title E:\Working\itshajia\Home\Runtime\Cache\Home\9b6a97cb5ac78bc7900066cee11c2515.php 第 5 行.
INFO: ParseTemplate Behavior ::run [ RunTime:0.143939s ]
INFO: [ view_parse ] --END-- [ RunTime:0.144094s ]
INFO: [ view_filter ] --START--
INFO: ContentReplace Behavior ::run [ RunTime:0.009146s ]
INFO: TokenBuild Behavior ::run [ RunTime:0.008501s ]
INFO: WriteHtmlCache Behavior ::run [ RunTime:0.001874s ]
INFO: ShowRuntime Behavior ::run [ RunTime:0.001068s ]
INFO: [ view_filter ] --END-- [ RunTime:0.021071s ]
INFO: [ view_end ] --START--
INFO: ShowPageTrace Behavior ::run [ RunTime:0.001236s ]
INFO: [ view_end ] --END-- [ RunTime:0.001362s ]

