[ 2014-05-07T15:37:18+08:00 ] 192.168.1.112 /App/Lottery/index.php?g=Home&m=Index&a=prize&uid=4&lot_id=2&prize_id=5
INFO: [ app_begin ] --START--
INFO: ReadHtmlCache Behavior ::run [ RunTime:0.011922s ]
INFO: [ app_begin ] --END-- [ RunTime:0.012064s ]
NOTIC: [2] mysql_connect() [<a href='function.mysql-connect'>function.mysql-connect</a>]: Access denied for user 'root'@'localhost' (using password: NO) E:\Working\itshajia\ThinkPHP\Lib\Driver\Db\DbMysql.class.php 第 55 行.
ERR: Access denied for user 'root'@'localhost' (using password: NO)

[ 2014-05-07T15:37:48+08:00 ] 192.168.1.112 /App/Lottery/index.php?g=Home&m=Index&a=prize&uid=4&lot_id=2&prize_id=5
INFO: [ app_begin ] --START--
INFO: ReadHtmlCache Behavior ::run [ RunTime:0.000628s ]
INFO: [ app_begin ] --END-- [ RunTime:0.000749s ]
NOTIC: [2] mysql_connect() [<a href='function.mysql-connect'>function.mysql-connect</a>]: Access denied for user 'root'@'localhost' (using password: NO) E:\Working\itshajia\ThinkPHP\Lib\Driver\Db\DbMysql.class.php 第 55 行.
ERR: Access denied for user 'root'@'localhost' (using password: NO)

[ 2014-05-07T15:37:51+08:00 ] 192.168.1.112 /App/Lottery/index.php?g=Home&m=Index&a=prize&uid=4&lot_id=2&prize_id=5
INFO: [ app_begin ] --START--
INFO: ReadHtmlCache Behavior ::run [ RunTime:0.000575s ]
INFO: [ app_begin ] --END-- [ RunTime:0.000685s ]
NOTIC: [2] mysql_connect() [<a href='function.mysql-connect'>function.mysql-connect</a>]: Access denied for user 'root'@'localhost' (using password: NO) E:\Working\itshajia\ThinkPHP\Lib\Driver\Db\DbMysql.class.php 第 55 行.
ERR: Access denied for user 'root'@'localhost' (using password: NO)

[ 2014-05-07T15:37:54+08:00 ] 192.168.1.112 /App/Lottery/index.php?g=Home&m=Index&a=prize&uid=4&lot_id=2&prize_id=5
INFO: [ app_begin ] --START--
INFO: ReadHtmlCache Behavior ::run [ RunTime:0.000680s ]
INFO: [ app_begin ] --END-- [ RunTime:0.000812s ]
NOTIC: [2] mysql_connect() [<a href='function.mysql-connect'>function.mysql-connect</a>]: Access denied for user 'root'@'localhost' (using password: NO) E:\Working\itshajia\ThinkPHP\Lib\Driver\Db\DbMysql.class.php 第 55 行.
ERR: Access denied for user 'root'@'localhost' (using password: NO)

[ 2014-05-07T15:38:06+08:00 ] 192.168.1.112 /App/Lottery/index.php?g=Home&m=Index&a=prize&uid=4&lot_id=2&prize_id=5
INFO: [ app_begin ] --START--
INFO: ReadHtmlCache Behavior ::run [ RunTime:0.000643s ]
INFO: [ app_begin ] --END-- [ RunTime:0.000766s ]
NOTIC: [2] mysql_connect() [<a href='function.mysql-connect'>function.mysql-connect</a>]: Access denied for user 'root'@'localhost' (using password: NO) E:\Working\itshajia\ThinkPHP\Lib\Driver\Db\DbMysql.class.php 第 55 行.
ERR: Access denied for user 'root'@'localhost' (using password: NO)

[ 2014-05-07T15:38:36+08:00 ] 192.168.1.112 /App/Lottery/index.php?g=Home&m=Index&a=prize&uid=4&lot_id=2&prize_id=5
INFO: [ app_begin ] --START--
INFO: ReadHtmlCache Behavior ::run [ RunTime:0.000658s ]
INFO: [ app_begin ] --END-- [ RunTime:0.000787s ]
NOTIC: [2] mysql_connect() [<a href='function.mysql-connect'>function.mysql-connect</a>]: Access denied for user 'root'@'localhost' (using password: NO) E:\Working\itshajia\ThinkPHP\Lib\Driver\Db\DbMysql.class.php 第 55 行.
ERR: Access denied for user 'root'@'localhost' (using password: NO)

[ 2014-05-07T15:39:03+08:00 ] 192.168.1.112 /App/Lottery/index.php?g=Home&m=Index&a=prize&uid=4&lot_id=2&prize_id=5
INFO: [ app_begin ] --START--
INFO: ReadHtmlCache Behavior ::run [ RunTime:0.000520s ]
INFO: [ app_begin ] --END-- [ RunTime:0.000644s ]
NOTIC: [2] mysql_connect() [<a href='function.mysql-connect'>function.mysql-connect</a>]: Access denied for user 'root'@'localhost' (using password: NO) E:\Working\itshajia\ThinkPHP\Lib\Driver\Db\DbMysql.class.php 第 55 行.
ERR: Access denied for user 'root'@'localhost' (using password: NO)

