[ 2014-03-23T09:57:54+08:00 ] 127.0.0.1 /App/Weizhan/index.php?g=Home&m=Index&a=index&uid=4
INFO: [ app_begin ] --START--
INFO: ReadHtmlCache Behavior ::run [ RunTime:0.004000s ]
INFO: [ app_begin ] --END-- [ RunTime:0.004000s ]
SQL: SHOW COLUMNS FROM `uio_app_wz` [ RunTime:0.101006s ]
SQL: SELECT * FROM `uio_app_wz` WHERE ( `uid` = 4 ) LIMIT 1   [ RunTime:0.010000s ]
SQL: SHOW COLUMNS FROM `uio_column` [ RunTime:0.055003s ]
SQL: SELECT * FROM `uio_column` WHERE ( `uid` = 4 ) AND ( `is_show` = 1 ) AND ( `app_name` = 'wz' ) ORDER BY `is_home` desc,`sort` asc  [ RunTime:0.126007s ]
SQL: SELECT * FROM `uio_column` WHERE ( `uid` = 4 ) AND ( `is_show` = 1 ) AND ( `is_home` = 0 ) AND ( `app_name` = 'wz' ) ORDER BY `sort`  [ RunTime:0.009001s ]
INFO: [ view_parse ] --START--
NOTIC: [8] Undefined variable: banner G:\Web\itshajia\App\Weizhan\Runtime\Cache\Home\96ca505920c1eb5095e187d00be7d4ce.php 第 50 行.
NOTIC: [8] Undefined variable: banner G:\Web\itshajia\App\Weizhan\Runtime\Cache\Home\96ca505920c1eb5095e187d00be7d4ce.php 第 65 行.
INFO: ParseTemplate Behavior ::run [ RunTime:0.565032s ]
INFO: [ view_parse ] --END-- [ RunTime:0.566032s ]
INFO: [ view_filter ] --START--
INFO: ContentReplace Behavior ::run [ RunTime:0.003000s ]
INFO: TokenBuild Behavior ::run [ RunTime:0.002000s ]
INFO: WriteHtmlCache Behavior ::run [ RunTime:0.002000s ]
INFO: ShowRuntime Behavior ::run [ RunTime:0.002000s ]
INFO: [ view_filter ] --END-- [ RunTime:0.009000s ]
INFO: [ view_end ] --START--
INFO: ShowPageTrace Behavior ::run [ RunTime:0.002000s ]
INFO: [ view_end ] --END-- [ RunTime:0.003000s ]

[ 2014-03-23T09:58:28+08:00 ] 127.0.0.1 /App/Weizhan/index.php?g=Home&m=Index&a=index&uid=4
INFO: [ app_begin ] --START--
INFO: ReadHtmlCache Behavior ::run [ RunTime:0.021001s ]
INFO: [ app_begin ] --END-- [ RunTime:0.021001s ]
SQL: SHOW COLUMNS FROM `uio_app_wz` [ RunTime:0.008000s ]
SQL: SELECT * FROM `uio_app_wz` WHERE ( `uid` = 4 ) LIMIT 1   [ RunTime:0.000000s ]
SQL: SHOW COLUMNS FROM `uio_column` [ RunTime:0.010001s ]
SQL: SELECT * FROM `uio_column` WHERE ( `uid` = 4 ) AND ( `is_show` = 1 ) AND ( `app_name` = 'wz' ) ORDER BY `is_home` desc,`sort` asc  [ RunTime:0.001000s ]
SQL: SELECT * FROM `uio_column` WHERE ( `uid` = 4 ) AND ( `is_show` = 1 ) AND ( `is_home` = 0 ) AND ( `app_name` = 'wz' ) ORDER BY `sort`  [ RunTime:0.001000s ]
INFO: [ view_parse ] --START--
NOTIC: [8] Undefined variable: banner G:\Web\itshajia\App\Weizhan\Runtime\Cache\Home\96ca505920c1eb5095e187d00be7d4ce.php 第 50 行.
NOTIC: [8] Undefined variable: banner G:\Web\itshajia\App\Weizhan\Runtime\Cache\Home\96ca505920c1eb5095e187d00be7d4ce.php 第 65 行.
INFO: ParseTemplate Behavior ::run [ RunTime:0.061004s ]
INFO: [ view_parse ] --END-- [ RunTime:0.061004s ]
INFO: [ view_filter ] --START--
INFO: ContentReplace Behavior ::run [ RunTime:0.002000s ]
INFO: TokenBuild Behavior ::run [ RunTime:0.002000s ]
INFO: WriteHtmlCache Behavior ::run [ RunTime:0.002000s ]
INFO: ShowRuntime Behavior ::run [ RunTime:0.002000s ]
INFO: [ view_filter ] --END-- [ RunTime:0.009000s ]
INFO: [ view_end ] --START--
INFO: ShowPageTrace Behavior ::run [ RunTime:0.002000s ]
INFO: [ view_end ] --END-- [ RunTime:0.002000s ]

[ 2014-03-23T10:17:46+08:00 ] 127.0.0.1 /App/Weizhan/index.php?g=Home&m=Index&a=index&uid=4
INFO: [ app_begin ] --START--
INFO: ReadHtmlCache Behavior ::run [ RunTime:0.003000s ]
INFO: [ app_begin ] --END-- [ RunTime:0.003000s ]
SQL: SHOW COLUMNS FROM `uio_app_apply` [ RunTime:0.009000s ]
SQL: SHOW COLUMNS FROM `uio_app` [ RunTime:0.009001s ]
SQL: SELECT * FROM `uio_app` WHERE ( `app_ename` = 'Weizhan' ) LIMIT 1   [ RunTime:0.002000s ]
SQL: SELECT * FROM `uio_app_apply` WHERE ( `uid` = 4 ) AND ( `app_id` = 7 ) LIMIT 1   [ RunTime:0.012001s ]
INFO: AppAccess Behavior ::run [ RunTime:0.169010s ]
SQL: SHOW COLUMNS FROM `uio_app_wz` [ RunTime:0.008001s ]
SQL: SELECT * FROM `uio_app_wz` WHERE ( `uid` = 4 ) LIMIT 1   [ RunTime:0.001000s ]
SQL: SHOW COLUMNS FROM `uio_column` [ RunTime:0.011001s ]
SQL: SELECT * FROM `uio_column` WHERE ( `uid` = 4 ) AND ( `is_show` = 1 ) AND ( `app_name` = 'wz' ) ORDER BY `is_home` desc,`sort` asc  [ RunTime:0.001000s ]
SQL: SELECT * FROM `uio_column` WHERE ( `uid` = 4 ) AND ( `is_show` = 1 ) AND ( `is_home` = 0 ) AND ( `app_name` = 'wz' ) ORDER BY `sort`  [ RunTime:0.001000s ]
INFO: [ view_parse ] --START--
NOTIC: [8] Undefined variable: banner G:\Web\itshajia\App\Weizhan\Runtime\Cache\Home\96ca505920c1eb5095e187d00be7d4ce.php 第 50 行.
NOTIC: [8] Undefined variable: banner G:\Web\itshajia\App\Weizhan\Runtime\Cache\Home\96ca505920c1eb5095e187d00be7d4ce.php 第 65 行.
INFO: ParseTemplate Behavior ::run [ RunTime:0.054003s ]
INFO: [ view_parse ] --END-- [ RunTime:0.054003s ]
INFO: [ view_filter ] --START--
INFO: ContentReplace Behavior ::run [ RunTime:0.004001s ]
INFO: TokenBuild Behavior ::run [ RunTime:0.004000s ]
INFO: WriteHtmlCache Behavior ::run [ RunTime:0.003000s ]
INFO: ShowRuntime Behavior ::run [ RunTime:0.002000s ]
INFO: [ view_filter ] --END-- [ RunTime:0.013001s ]
INFO: [ view_end ] --START--
INFO: ShowPageTrace Behavior ::run [ RunTime:0.002001s ]
INFO: [ view_end ] --END-- [ RunTime:0.002001s ]

[ 2014-03-23T10:21:46+08:00 ] 127.0.0.1 /App/Weizhan/index.php?g=Home&m=Index&a=index&uid=4
INFO: [ app_begin ] --START--
INFO: ReadHtmlCache Behavior ::run [ RunTime:0.004000s ]
INFO: [ app_begin ] --END-- [ RunTime:0.005000s ]
SQL: SHOW COLUMNS FROM `uio_app_apply` [ RunTime:0.010001s ]
SQL: SHOW COLUMNS FROM `uio_app` [ RunTime:0.011000s ]
SQL: SELECT * FROM `uio_app` WHERE ( `app_ename` = 'Weizhan' ) LIMIT 1   [ RunTime:0.001000s ]
SQL: SELECT * FROM `uio_app_apply` WHERE ( `uid` = 4 ) AND ( `app_id` = 7 ) AND ( `status` = 1 ) LIMIT 1   [ RunTime:0.001000s ]
INFO: AppAccess Behavior ::run [ RunTime:0.078004s ]
SQL: SHOW COLUMNS FROM `uio_app_wz` [ RunTime:0.012001s ]
SQL: SELECT * FROM `uio_app_wz` WHERE ( `uid` = 4 ) LIMIT 1   [ RunTime:0.001000s ]
SQL: SHOW COLUMNS FROM `uio_column` [ RunTime:0.010001s ]
SQL: SELECT * FROM `uio_column` WHERE ( `uid` = 4 ) AND ( `is_show` = 1 ) AND ( `app_name` = 'wz' ) ORDER BY `is_home` desc,`sort` asc  [ RunTime:0.001000s ]
SQL: SELECT * FROM `uio_column` WHERE ( `uid` = 4 ) AND ( `is_show` = 1 ) AND ( `is_home` = 0 ) AND ( `app_name` = 'wz' ) ORDER BY `sort`  [ RunTime:0.001000s ]
INFO: [ view_parse ] --START--
NOTIC: [8] Undefined variable: banner G:\Web\itshajia\App\Weizhan\Runtime\Cache\Home\96ca505920c1eb5095e187d00be7d4ce.php 第 50 行.
NOTIC: [8] Undefined variable: banner G:\Web\itshajia\App\Weizhan\Runtime\Cache\Home\96ca505920c1eb5095e187d00be7d4ce.php 第 65 行.
INFO: ParseTemplate Behavior ::run [ RunTime:0.075004s ]
INFO: [ view_parse ] --END-- [ RunTime:0.075004s ]
INFO: [ view_filter ] --START--
INFO: ContentReplace Behavior ::run [ RunTime:0.006001s ]
INFO: TokenBuild Behavior ::run [ RunTime:0.005000s ]
INFO: WriteHtmlCache Behavior ::run [ RunTime:0.003000s ]
INFO: ShowRuntime Behavior ::run [ RunTime:0.004000s ]
INFO: [ view_filter ] --END-- [ RunTime:0.019001s ]
INFO: [ view_end ] --START--
INFO: ShowPageTrace Behavior ::run [ RunTime:0.004001s ]
INFO: [ view_end ] --END-- [ RunTime:0.004001s ]

[ 2014-03-23T10:21:58+08:00 ] 127.0.0.1 /App/Weizhan/index.php?g=Home&m=Index&a=index&uid=4
INFO: [ app_begin ] --START--
INFO: ReadHtmlCache Behavior ::run [ RunTime:0.003000s ]
INFO: [ app_begin ] --END-- [ RunTime:0.003000s ]
SQL: SHOW COLUMNS FROM `uio_app_apply` [ RunTime:0.009001s ]
SQL: SHOW COLUMNS FROM `uio_app` [ RunTime:0.010000s ]
SQL: SELECT * FROM `uio_app` WHERE ( `app_ename` = 'Weizhan' ) LIMIT 1   [ RunTime:0.001000s ]
SQL: SELECT * FROM `uio_app_apply` WHERE ( `uid` = 4 ) AND ( `app_id` = 7 ) AND ( `status` = 1 ) LIMIT 1   [ RunTime:0.016001s ]
INFO: AppAccess Behavior ::run [ RunTime:0.079004s ]
INFO: [ view_parse ] --START--
INFO: ParseTemplate Behavior ::run [ RunTime:0.083004s ]
INFO: [ view_parse ] --END-- [ RunTime:0.083004s ]
INFO: [ view_filter ] --START--
INFO: ContentReplace Behavior ::run [ RunTime:0.002001s ]
INFO: TokenBuild Behavior ::run [ RunTime:0.002000s ]
INFO: WriteHtmlCache Behavior ::run [ RunTime:0.003000s ]
INFO: ShowRuntime Behavior ::run [ RunTime:0.003000s ]
INFO: [ view_filter ] --END-- [ RunTime:0.010001s ]
INFO: [ view_end ] --START--
INFO: ShowPageTrace Behavior ::run [ RunTime:0.003000s ]
INFO: [ view_end ] --END-- [ RunTime:0.003000s ]

[ 2014-03-23T10:22:51+08:00 ] 127.0.0.1 /App/Weizhan/index.php?g=Home&m=Index&a=index&uid=4
INFO: [ app_begin ] --START--
INFO: ReadHtmlCache Behavior ::run [ RunTime:0.002001s ]
INFO: [ app_begin ] --END-- [ RunTime:0.002001s ]
SQL: SHOW COLUMNS FROM `uio_app_apply` [ RunTime:0.009000s ]
SQL: SHOW COLUMNS FROM `uio_app` [ RunTime:0.072004s ]
SQL: SELECT * FROM `uio_app` WHERE ( `app_ename` = 'Weizhan' ) LIMIT 1   [ RunTime:0.001000s ]
SQL: SELECT * FROM `uio_app_apply` WHERE ( `uid` = 4 ) AND ( `app_id` = 7 ) AND ( `status` = 1 ) LIMIT 1   [ RunTime:0.001000s ]
INFO: AppAccess Behavior ::run [ RunTime:0.125007s ]
SQL: SHOW COLUMNS FROM `uio_app_wz` [ RunTime:0.015001s ]
SQL: SELECT * FROM `uio_app_wz` WHERE ( `uid` = 4 ) LIMIT 1   [ RunTime:0.001000s ]
SQL: SHOW COLUMNS FROM `uio_column` [ RunTime:0.011001s ]
SQL: SELECT * FROM `uio_column` WHERE ( `uid` = 4 ) AND ( `is_show` = 1 ) AND ( `app_name` = 'wz' ) ORDER BY `is_home` desc,`sort` asc  [ RunTime:0.001000s ]
SQL: SELECT * FROM `uio_column` WHERE ( `uid` = 4 ) AND ( `is_show` = 1 ) AND ( `is_home` = 0 ) AND ( `app_name` = 'wz' ) ORDER BY `sort`  [ RunTime:0.001000s ]
INFO: [ view_parse ] --START--
NOTIC: [8] Undefined variable: banner G:\Web\itshajia\App\Weizhan\Runtime\Cache\Home\96ca505920c1eb5095e187d00be7d4ce.php 第 50 行.
NOTIC: [8] Undefined variable: banner G:\Web\itshajia\App\Weizhan\Runtime\Cache\Home\96ca505920c1eb5095e187d00be7d4ce.php 第 65 行.
INFO: ParseTemplate Behavior ::run [ RunTime:0.032002s ]
INFO: [ view_parse ] --END-- [ RunTime:0.032002s ]
INFO: [ view_filter ] --START--
INFO: ContentReplace Behavior ::run [ RunTime:0.003000s ]
INFO: TokenBuild Behavior ::run [ RunTime:0.001000s ]
INFO: WriteHtmlCache Behavior ::run [ RunTime:0.001000s ]
INFO: ShowRuntime Behavior ::run [ RunTime:0.001000s ]
INFO: [ view_filter ] --END-- [ RunTime:0.007000s ]
INFO: [ view_end ] --START--
INFO: ShowPageTrace Behavior ::run [ RunTime:0.003001s ]
INFO: [ view_end ] --END-- [ RunTime:0.003001s ]

[ 2014-03-23T10:30:32+08:00 ] 127.0.0.1 /App/Weizhan/index.php?m=Index&a=about&uid=4
INFO: [ app_begin ] --START--
INFO: ReadHtmlCache Behavior ::run [ RunTime:0.004000s ]
INFO: [ app_begin ] --END-- [ RunTime:0.004000s ]
SQL: SHOW COLUMNS FROM `uio_app_apply` [ RunTime:0.009000s ]
SQL: SHOW COLUMNS FROM `uio_app` [ RunTime:0.033002s ]
SQL: SELECT * FROM `uio_app` WHERE ( `app_ename` = 'Weizhan' ) LIMIT 1   [ RunTime:0.000000s ]
SQL: SELECT * FROM `uio_app_apply` WHERE ( `uid` = 4 ) AND ( `app_id` = 7 ) AND ( `status` = 1 ) LIMIT 1   [ RunTime:0.001000s ]
INFO: AppAccess Behavior ::run [ RunTime:0.111006s ]
SQL: SHOW COLUMNS FROM `uio_app_wz` [ RunTime:0.011000s ]
SQL: SELECT * FROM `uio_app_wz` WHERE ( `uid` = 4 ) LIMIT 1   [ RunTime:0.000000s ]
SQL: SHOW COLUMNS FROM `uio_column` [ RunTime:0.010000s ]
SQL: SELECT * FROM `uio_column` WHERE ( `uid` = 4 ) AND ( `is_show` = 1 ) AND ( `app_name` = 'wz' ) ORDER BY `is_home` desc,`sort` asc  [ RunTime:0.001001s ]
SQL: SELECT * FROM `uio_app_wz` WHERE ( `uid` = 4 ) LIMIT 1   [ RunTime:0.001000s ]
INFO: [ view_parse ] --START--
INFO: ParseTemplate Behavior ::run [ RunTime:0.086005s ]
INFO: [ view_parse ] --END-- [ RunTime:0.086005s ]
INFO: [ view_filter ] --START--
INFO: ContentReplace Behavior ::run [ RunTime:0.003000s ]
INFO: TokenBuild Behavior ::run [ RunTime:0.002000s ]
INFO: WriteHtmlCache Behavior ::run [ RunTime:0.004000s ]
INFO: ShowRuntime Behavior ::run [ RunTime:0.002000s ]
INFO: [ view_filter ] --END-- [ RunTime:0.011000s ]
INFO: [ view_end ] --START--
INFO: ShowPageTrace Behavior ::run [ RunTime:0.002000s ]
INFO: [ view_end ] --END-- [ RunTime:0.002000s ]

