[ 2014-03-29T19:49:36+08:00 ] 127.0.0.1 /App/Weizhan/index.php?g=User
INFO: [ app_begin ] --START--
INFO: ReadHtmlCache Behavior ::run [ RunTime:0.001000s ]
INFO: [ app_begin ] --END-- [ RunTime:0.002000s ]
SQL: SHOW COLUMNS FROM `uio_app_wz` [ RunTime:0.031001s ]
NOTIC: [8] Undefined index: submit G:\Web\itshajia\App\Weizhan\Lib\Action\User\IndexAction.class.php 第 15 行.
SQL: SELECT * FROM `uio_app_wz` WHERE ( `uid` = 4 ) LIMIT 1   [ RunTime:0.001000s ]
INFO: [ view_parse ] --START--
NOTIC: [8] Undefined variable: title G:\Web\itshajia\App\Weizhan\Runtime\Cache\User\fb3e7a3a64a2caca050c3f8246a5534b.php 第 5 行.
INFO: ParseTemplate Behavior ::run [ RunTime:0.054003s ]
INFO: [ view_parse ] --END-- [ RunTime:0.054003s ]
INFO: [ view_filter ] --START--
INFO: ContentReplace Behavior ::run [ RunTime:0.002000s ]
INFO: TokenBuild Behavior ::run [ RunTime:0.002000s ]
INFO: WriteHtmlCache Behavior ::run [ RunTime:0.004000s ]
INFO: ShowRuntime Behavior ::run [ RunTime:0.003000s ]
INFO: [ view_filter ] --END-- [ RunTime:0.012000s ]
INFO: [ view_end ] --START--
INFO: ShowPageTrace Behavior ::run [ RunTime:0.004001s ]
INFO: [ view_end ] --END-- [ RunTime:0.004001s ]

[ 2014-03-29T19:49:39+08:00 ] 127.0.0.1 /App/Weizhan/index.php?g=User&m=Index&a=basic
INFO: [ app_begin ] --START--
INFO: ReadHtmlCache Behavior ::run [ RunTime:0.002000s ]
INFO: [ app_begin ] --END-- [ RunTime:0.002000s ]
SQL: SHOW COLUMNS FROM `uio_app_wz` [ RunTime:0.006000s ]
NOTIC: [8] Undefined index: submit G:\Web\itshajia\App\Weizhan\Lib\Action\User\IndexAction.class.php 第 15 行.
SQL: SELECT * FROM `uio_app_wz` WHERE ( `uid` = 4 ) LIMIT 1   [ RunTime:0.001000s ]
INFO: [ view_parse ] --START--
NOTIC: [8] Undefined variable: title G:\Web\itshajia\App\Weizhan\Runtime\Cache\User\fb3e7a3a64a2caca050c3f8246a5534b.php 第 5 行.
INFO: ParseTemplate Behavior ::run [ RunTime:0.023002s ]
INFO: [ view_parse ] --END-- [ RunTime:0.024002s ]
INFO: [ view_filter ] --START--
INFO: ContentReplace Behavior ::run [ RunTime:0.001000s ]
INFO: TokenBuild Behavior ::run [ RunTime:0.002000s ]
INFO: WriteHtmlCache Behavior ::run [ RunTime:0.001000s ]
INFO: ShowRuntime Behavior ::run [ RunTime:0.001000s ]
INFO: [ view_filter ] --END-- [ RunTime:0.005000s ]
INFO: [ view_end ] --START--
INFO: ShowPageTrace Behavior ::run [ RunTime:0.004000s ]
INFO: [ view_end ] --END-- [ RunTime:0.004000s ]

[ 2014-03-29T19:49:40+08:00 ] 127.0.0.1 /App/Weizhan/index.php?g=User&m=Index&a=levelMsg
INFO: [ app_begin ] --START--
INFO: ReadHtmlCache Behavior ::run [ RunTime:0.001000s ]
INFO: [ app_begin ] --END-- [ RunTime:0.001000s ]
NOTIC: [8] Undefined index: submit G:\Web\itshajia\App\Weizhan\Lib\Action\User\IndexAction.class.php 第 44 行.
INFO: [ view_parse ] --START--
NOTIC: [8] Undefined variable: title G:\Web\itshajia\App\Weizhan\Runtime\Cache\User\b1a7f7e9e19a03b33fe007bd9cd274a5.php 第 5 行.
INFO: ParseTemplate Behavior ::run [ RunTime:0.050003s ]
INFO: [ view_parse ] --END-- [ RunTime:0.050003s ]
INFO: [ view_filter ] --START--
INFO: ContentReplace Behavior ::run [ RunTime:0.002000s ]
INFO: TokenBuild Behavior ::run [ RunTime:0.001000s ]
INFO: WriteHtmlCache Behavior ::run [ RunTime:0.002000s ]
INFO: ShowRuntime Behavior ::run [ RunTime:0.002000s ]
INFO: [ view_filter ] --END-- [ RunTime:0.007000s ]
INFO: [ view_end ] --START--
INFO: ShowPageTrace Behavior ::run [ RunTime:0.002000s ]
INFO: [ view_end ] --END-- [ RunTime:0.002000s ]

[ 2014-03-29T19:49:41+08:00 ] 127.0.0.1 /App/Weizhan/index.php?g=User&m=Index&a=bzmap
INFO: [ app_begin ] --START--
INFO: ReadHtmlCache Behavior ::run [ RunTime:0.002000s ]
INFO: [ app_begin ] --END-- [ RunTime:0.002000s ]
NOTIC: [8] Undefined index: submit G:\Web\itshajia\App\Weizhan\Lib\Action\User\IndexAction.class.php 第 51 行.
INFO: [ view_parse ] --START--
NOTIC: [8] Undefined variable: title G:\Web\itshajia\App\Weizhan\Runtime\Cache\User\ded2bcd0415c4e13340d2ab8f94d7ff1.php 第 5 行.
INFO: ParseTemplate Behavior ::run [ RunTime:0.026002s ]
INFO: [ view_parse ] --END-- [ RunTime:0.026002s ]
INFO: [ view_filter ] --START--
INFO: ContentReplace Behavior ::run [ RunTime:0.002000s ]
INFO: TokenBuild Behavior ::run [ RunTime:0.001000s ]
INFO: WriteHtmlCache Behavior ::run [ RunTime:0.004000s ]
INFO: ShowRuntime Behavior ::run [ RunTime:0.002000s ]
INFO: [ view_filter ] --END-- [ RunTime:0.009000s ]
INFO: [ view_end ] --START--
INFO: ShowPageTrace Behavior ::run [ RunTime:0.002000s ]
INFO: [ view_end ] --END-- [ RunTime:0.002000s ]

[ 2014-03-29T19:49:42+08:00 ] 127.0.0.1 /App/Weizhan/index.php?g=User&m=Index&a=tmpl
INFO: [ app_begin ] --START--
INFO: ReadHtmlCache Behavior ::run [ RunTime:0.001000s ]
INFO: [ app_begin ] --END-- [ RunTime:0.002000s ]
NOTIC: [8] Undefined index: submit G:\Web\itshajia\App\Weizhan\Lib\Action\User\IndexAction.class.php 第 58 行.
INFO: [ view_parse ] --START--
NOTIC: [8] Undefined variable: title G:\Web\itshajia\App\Weizhan\Runtime\Cache\User\9e446edc189c6296379a3183be8a57bb.php 第 5 行.
INFO: ParseTemplate Behavior ::run [ RunTime:0.096006s ]
INFO: [ view_parse ] --END-- [ RunTime:0.096006s ]
INFO: [ view_filter ] --START--
INFO: ContentReplace Behavior ::run [ RunTime:0.002000s ]
INFO: TokenBuild Behavior ::run [ RunTime:0.002000s ]
INFO: WriteHtmlCache Behavior ::run [ RunTime:0.002000s ]
INFO: ShowRuntime Behavior ::run [ RunTime:0.003000s ]
INFO: [ view_filter ] --END-- [ RunTime:0.010000s ]
INFO: [ view_end ] --START--
INFO: ShowPageTrace Behavior ::run [ RunTime:0.003000s ]
INFO: [ view_end ] --END-- [ RunTime:0.003000s ]

[ 2014-03-29T19:49:44+08:00 ] 127.0.0.1 /App/Weizhan/index.php?g=User&m=Index&a=column
INFO: [ app_begin ] --START--
INFO: ReadHtmlCache Behavior ::run [ RunTime:0.002000s ]
INFO: [ app_begin ] --END-- [ RunTime:0.002000s ]
SQL: SHOW COLUMNS FROM `uio_column` [ RunTime:0.062003s ]
NOTIC: [8] Undefined index: submit G:\Web\itshajia\App\Weizhan\Lib\Action\User\IndexAction.class.php 第 66 行.
SQL: SELECT * FROM `uio_column` WHERE ( `uid` = 4 ) AND ( `is_sys` = 1 ) AND ( `app_name` = 'wz' ) ORDER BY `sort`  [ RunTime:0.001001s ]
SQL: SELECT * FROM `uio_column` WHERE ( `uid` = 4 ) AND ( `is_sys` = 0 ) AND ( `app_name` = 'wz' ) ORDER BY `sort`  [ RunTime:0.001000s ]
INFO: [ view_parse ] --START--
NOTIC: [8] Undefined variable: title G:\Web\itshajia\App\Weizhan\Runtime\Cache\User\347f6273df647ffe1f18bfdb6aa384f0.php 第 5 行.
INFO: ParseTemplate Behavior ::run [ RunTime:0.096005s ]
INFO: [ view_parse ] --END-- [ RunTime:0.096005s ]
INFO: [ view_filter ] --START--
INFO: ContentReplace Behavior ::run [ RunTime:0.002000s ]
INFO: TokenBuild Behavior ::run [ RunTime:0.002000s ]
INFO: WriteHtmlCache Behavior ::run [ RunTime:0.001001s ]
INFO: ShowRuntime Behavior ::run [ RunTime:0.001000s ]
INFO: [ view_filter ] --END-- [ RunTime:0.007001s ]
INFO: [ view_end ] --START--
INFO: ShowPageTrace Behavior ::run [ RunTime:0.002000s ]
INFO: [ view_end ] --END-- [ RunTime:0.002000s ]

[ 2014-03-29T19:53:01+08:00 ] 127.0.0.1 /App/Weizhan/index.php?g=User&m=Index&a=column
INFO: [ app_begin ] --START--
INFO: ReadHtmlCache Behavior ::run [ RunTime:0.003000s ]
INFO: [ app_begin ] --END-- [ RunTime:0.003000s ]
SQL: SHOW COLUMNS FROM `uio_column` [ RunTime:0.006000s ]
NOTIC: [8] Undefined index: submit G:\Web\itshajia\App\Weizhan\Lib\Action\User\IndexAction.class.php 第 66 行.
SQL: SELECT * FROM `uio_column` WHERE ( `uid` = 4 ) AND ( `is_sys` = 1 ) AND ( `app_name` = 'wz' ) ORDER BY `sort`  [ RunTime:0.001000s ]
SQL: SELECT * FROM `uio_column` WHERE ( `uid` = 4 ) AND ( `is_sys` = 0 ) AND ( `app_name` = 'wz' ) ORDER BY `sort`  [ RunTime:0.001001s ]
INFO: [ view_parse ] --START--
NOTIC: [8] Undefined variable: title G:\Web\itshajia\App\Weizhan\Runtime\Cache\User\347f6273df647ffe1f18bfdb6aa384f0.php 第 5 行.
INFO: ParseTemplate Behavior ::run [ RunTime:0.038002s ]
INFO: [ view_parse ] --END-- [ RunTime:0.038002s ]
INFO: [ view_filter ] --START--
INFO: ContentReplace Behavior ::run [ RunTime:0.003000s ]
INFO: TokenBuild Behavior ::run [ RunTime:0.002000s ]
INFO: WriteHtmlCache Behavior ::run [ RunTime:0.002000s ]
INFO: ShowRuntime Behavior ::run [ RunTime:0.003000s ]
INFO: [ view_filter ] --END-- [ RunTime:0.010000s ]
INFO: [ view_end ] --START--
INFO: ShowPageTrace Behavior ::run [ RunTime:0.008001s ]
INFO: [ view_end ] --END-- [ RunTime:0.008001s ]

[ 2014-03-29T19:55:38+08:00 ] 127.0.0.1 /App/Weizhan/index.php?g=User&m=Index&a=newsCate
INFO: [ app_begin ] --START--
INFO: ReadHtmlCache Behavior ::run [ RunTime:0.004000s ]
INFO: [ app_begin ] --END-- [ RunTime:0.004000s ]
SQL: SHOW COLUMNS FROM `uio_news_cate` [ RunTime:0.030002s ]
NOTIC: [8] Undefined index: view G:\Web\itshajia\App\Weizhan\Lib\Action\User\IndexAction.class.php 第 112 行.
NOTIC: [8] Undefined index: submit G:\Web\itshajia\App\Weizhan\Lib\Action\User\IndexAction.class.php 第 159 行.
SQL: SELECT * FROM `uio_news_cate` WHERE ( `uid` = 4 ) AND ( `app_name` = 'wz' ) AND ( `parent_id` = 0 ) ORDER BY `listorder`  [ RunTime:0.001000s ]
SQL: SELECT * FROM `uio_news_cate` WHERE ( `cate_id` = 0 ) LIMIT 1   [ RunTime:0.001000s ]
SQL: SELECT * FROM `uio_news_cate` WHERE ( `uid` = 4 ) AND ( `app_name` = 'wz' ) AND ( `parent_id` = 2 ) ORDER BY `listorder`  [ RunTime:0.000000s ]
SQL: SELECT * FROM `uio_news_cate` WHERE ( `cate_id` = 2 ) LIMIT 1   [ RunTime:0.000000s ]
SQL: SELECT * FROM `uio_news_cate` WHERE ( `uid` = 4 ) AND ( `app_name` = 'wz' ) AND ( `parent_id` = 3 ) ORDER BY `listorder`  [ RunTime:0.000000s ]
NOTIC: [2] Invalid argument supplied for foreach() G:\Web\itshajia\App\Weizhan\Lib\Model\CommonModel.class.php 第 25 行.
SQL: SELECT * FROM `uio_news_cate` WHERE ( `cate_id` = 2 ) LIMIT 1   [ RunTime:0.001000s ]
SQL: SELECT * FROM `uio_news_cate` WHERE ( `uid` = 4 ) AND ( `app_name` = 'wz' ) AND ( `parent_id` = 4 ) ORDER BY `listorder`  [ RunTime:0.000000s ]
NOTIC: [2] Invalid argument supplied for foreach() G:\Web\itshajia\App\Weizhan\Lib\Model\CommonModel.class.php 第 25 行.
SQL: SELECT * FROM `uio_news_cate` WHERE ( `cate_id` = 0 ) LIMIT 1   [ RunTime:0.001000s ]
SQL: SELECT * FROM `uio_news_cate` WHERE ( `uid` = 4 ) AND ( `app_name` = 'wz' ) AND ( `parent_id` = 5 ) ORDER BY `listorder`  [ RunTime:0.001000s ]
SQL: SELECT * FROM `uio_news_cate` WHERE ( `cate_id` = 5 ) LIMIT 1   [ RunTime:0.000000s ]
SQL: SELECT * FROM `uio_news_cate` WHERE ( `uid` = 4 ) AND ( `app_name` = 'wz' ) AND ( `parent_id` = 6 ) ORDER BY `listorder`  [ RunTime:0.000000s ]
NOTIC: [2] Invalid argument supplied for foreach() G:\Web\itshajia\App\Weizhan\Lib\Model\CommonModel.class.php 第 25 行.
SQL: SELECT * FROM `uio_news_cate` WHERE ( `cate_id` = 5 ) LIMIT 1   [ RunTime:0.001000s ]
SQL: SELECT * FROM `uio_news_cate` WHERE ( `uid` = 4 ) AND ( `app_name` = 'wz' ) AND ( `parent_id` = 7 ) ORDER BY `listorder`  [ RunTime:0.000000s ]
NOTIC: [2] Invalid argument supplied for foreach() G:\Web\itshajia\App\Weizhan\Lib\Model\CommonModel.class.php 第 25 行.
SQL: SELECT * FROM `uio_news_cate` WHERE ( `cate_id` = 5 ) LIMIT 1   [ RunTime:0.001000s ]
SQL: SELECT * FROM `uio_news_cate` WHERE ( `uid` = 4 ) AND ( `app_name` = 'wz' ) AND ( `parent_id` = 8 ) ORDER BY `listorder`  [ RunTime:0.000000s ]
NOTIC: [2] Invalid argument supplied for foreach() G:\Web\itshajia\App\Weizhan\Lib\Model\CommonModel.class.php 第 25 行.
INFO: [ view_parse ] --START--
NOTIC: [8] Undefined variable: title G:\Web\itshajia\App\Weizhan\Runtime\Cache\User\729512253022989100b65af6b98442fa.php 第 5 行.
INFO: ParseTemplate Behavior ::run [ RunTime:0.057003s ]
INFO: [ view_parse ] --END-- [ RunTime:0.058003s ]
INFO: [ view_filter ] --START--
INFO: ContentReplace Behavior ::run [ RunTime:0.002001s ]
INFO: TokenBuild Behavior ::run [ RunTime:0.002000s ]
INFO: WriteHtmlCache Behavior ::run [ RunTime:0.002000s ]
INFO: ShowRuntime Behavior ::run [ RunTime:0.002000s ]
INFO: [ view_filter ] --END-- [ RunTime:0.008001s ]
INFO: [ view_end ] --START--
INFO: ShowPageTrace Behavior ::run [ RunTime:0.003000s ]
INFO: [ view_end ] --END-- [ RunTime:0.003000s ]

[ 2014-03-29T19:55:39+08:00 ] 127.0.0.1 /App/Weizhan/index.php?g=User&m=Index&a=newsCate
INFO: [ app_begin ] --START--
INFO: ReadHtmlCache Behavior ::run [ RunTime:0.002000s ]
INFO: [ app_begin ] --END-- [ RunTime:0.002000s ]
SQL: SHOW COLUMNS FROM `uio_news_cate` [ RunTime:0.006000s ]
NOTIC: [8] Undefined index: view G:\Web\itshajia\App\Weizhan\Lib\Action\User\IndexAction.class.php 第 112 行.
NOTIC: [8] Undefined index: submit G:\Web\itshajia\App\Weizhan\Lib\Action\User\IndexAction.class.php 第 159 行.
SQL: SELECT * FROM `uio_news_cate` WHERE ( `uid` = 4 ) AND ( `app_name` = 'wz' ) AND ( `parent_id` = 0 ) ORDER BY `listorder`  [ RunTime:0.000000s ]
SQL: SELECT * FROM `uio_news_cate` WHERE ( `cate_id` = 0 ) LIMIT 1   [ RunTime:0.001000s ]
SQL: SELECT * FROM `uio_news_cate` WHERE ( `uid` = 4 ) AND ( `app_name` = 'wz' ) AND ( `parent_id` = 2 ) ORDER BY `listorder`  [ RunTime:0.000000s ]
SQL: SELECT * FROM `uio_news_cate` WHERE ( `cate_id` = 2 ) LIMIT 1   [ RunTime:0.001000s ]
SQL: SELECT * FROM `uio_news_cate` WHERE ( `uid` = 4 ) AND ( `app_name` = 'wz' ) AND ( `parent_id` = 3 ) ORDER BY `listorder`  [ RunTime:0.001000s ]
NOTIC: [2] Invalid argument supplied for foreach() G:\Web\itshajia\App\Weizhan\Lib\Model\CommonModel.class.php 第 25 行.
SQL: SELECT * FROM `uio_news_cate` WHERE ( `cate_id` = 2 ) LIMIT 1   [ RunTime:0.000000s ]
SQL: SELECT * FROM `uio_news_cate` WHERE ( `uid` = 4 ) AND ( `app_name` = 'wz' ) AND ( `parent_id` = 4 ) ORDER BY `listorder`  [ RunTime:0.001000s ]
NOTIC: [2] Invalid argument supplied for foreach() G:\Web\itshajia\App\Weizhan\Lib\Model\CommonModel.class.php 第 25 行.
SQL: SELECT * FROM `uio_news_cate` WHERE ( `cate_id` = 0 ) LIMIT 1   [ RunTime:0.000000s ]
SQL: SELECT * FROM `uio_news_cate` WHERE ( `uid` = 4 ) AND ( `app_name` = 'wz' ) AND ( `parent_id` = 5 ) ORDER BY `listorder`  [ RunTime:0.000000s ]
SQL: SELECT * FROM `uio_news_cate` WHERE ( `cate_id` = 5 ) LIMIT 1   [ RunTime:0.000000s ]
SQL: SELECT * FROM `uio_news_cate` WHERE ( `uid` = 4 ) AND ( `app_name` = 'wz' ) AND ( `parent_id` = 6 ) ORDER BY `listorder`  [ RunTime:0.000000s ]
NOTIC: [2] Invalid argument supplied for foreach() G:\Web\itshajia\App\Weizhan\Lib\Model\CommonModel.class.php 第 25 行.
SQL: SELECT * FROM `uio_news_cate` WHERE ( `cate_id` = 5 ) LIMIT 1   [ RunTime:0.000000s ]
SQL: SELECT * FROM `uio_news_cate` WHERE ( `uid` = 4 ) AND ( `app_name` = 'wz' ) AND ( `parent_id` = 7 ) ORDER BY `listorder`  [ RunTime:0.000000s ]
NOTIC: [2] Invalid argument supplied for foreach() G:\Web\itshajia\App\Weizhan\Lib\Model\CommonModel.class.php 第 25 行.
SQL: SELECT * FROM `uio_news_cate` WHERE ( `cate_id` = 5 ) LIMIT 1   [ RunTime:0.001000s ]
SQL: SELECT * FROM `uio_news_cate` WHERE ( `uid` = 4 ) AND ( `app_name` = 'wz' ) AND ( `parent_id` = 8 ) ORDER BY `listorder`  [ RunTime:0.000000s ]
NOTIC: [2] Invalid argument supplied for foreach() G:\Web\itshajia\App\Weizhan\Lib\Model\CommonModel.class.php 第 25 行.
INFO: [ view_parse ] --START--
NOTIC: [8] Undefined variable: title G:\Web\itshajia\App\Weizhan\Runtime\Cache\User\729512253022989100b65af6b98442fa.php 第 5 行.
INFO: ParseTemplate Behavior ::run [ RunTime:0.025001s ]
INFO: [ view_parse ] --END-- [ RunTime:0.025001s ]
INFO: [ view_filter ] --START--
INFO: ContentReplace Behavior ::run [ RunTime:0.002000s ]
INFO: TokenBuild Behavior ::run [ RunTime:0.001000s ]
INFO: WriteHtmlCache Behavior ::run [ RunTime:0.001000s ]
INFO: ShowRuntime Behavior ::run [ RunTime:0.001001s ]
INFO: [ view_filter ] --END-- [ RunTime:0.006001s ]
INFO: [ view_end ] --START--
INFO: ShowPageTrace Behavior ::run [ RunTime:0.003000s ]
INFO: [ view_end ] --END-- [ RunTime:0.003000s ]

[ 2014-03-29T19:55:40+08:00 ] 127.0.0.1 /App/Weizhan/index.php?g=User&m=Index&a=news
INFO: [ app_begin ] --START--
INFO: ReadHtmlCache Behavior ::run [ RunTime:0.003000s ]
INFO: [ app_begin ] --END-- [ RunTime:0.003000s ]
SQL: SHOW COLUMNS FROM `uio_news` [ RunTime:0.036002s ]
SQL: SHOW COLUMNS FROM `uio_news_cate` [ RunTime:0.007000s ]
NOTIC: [8] Undefined index: view G:\Web\itshajia\App\Weizhan\Lib\Action\User\IndexAction.class.php 第 210 行.
NOTIC: [8] Undefined index: submit G:\Web\itshajia\App\Weizhan\Lib\Action\User\IndexAction.class.php 第 254 行.
NOTIC: [8] Undefined index: page G:\Web\itshajia\App\Weizhan\Lib\Action\User\IndexAction.class.php 第 273 行.
SQL: SELECT uio_news.*,uio_news_cate.cate_name FROM `uio_news` JOIN uio_news_cate USING (cate_id) WHERE ( uio_news.uid = '4' ) AND ( uio_news.app_name = 'wz' ) ORDER BY `listorder`,`addtime` desc LIMIT 0,10   [ RunTime:0.023002s ]
SQL: SELECT * FROM `uio_news` WHERE ( `uid` = 4 ) AND ( `app_name` = 'wz' )  [ RunTime:0.000000s ]
INFO: [ view_parse ] --START--
NOTIC: [8] Undefined variable: title G:\Web\itshajia\App\Weizhan\Runtime\Cache\User\c29253c443d983a09321be74a8f3d437.php 第 5 行.
INFO: ParseTemplate Behavior ::run [ RunTime:0.047003s ]
INFO: [ view_parse ] --END-- [ RunTime:0.047003s ]
INFO: [ view_filter ] --START--
INFO: ContentReplace Behavior ::run [ RunTime:0.002000s ]
INFO: TokenBuild Behavior ::run [ RunTime:0.001000s ]
INFO: WriteHtmlCache Behavior ::run [ RunTime:0.002000s ]
INFO: ShowRuntime Behavior ::run [ RunTime:0.001000s ]
INFO: [ view_filter ] --END-- [ RunTime:0.006000s ]
INFO: [ view_end ] --START--
INFO: ShowPageTrace Behavior ::run [ RunTime:0.003000s ]
INFO: [ view_end ] --END-- [ RunTime:0.003000s ]

[ 2014-03-29T19:55:44+08:00 ] 127.0.0.1 /App/Weizhan/index.php?g=User&m=Index&a=proCate
INFO: [ app_begin ] --START--
INFO: ReadHtmlCache Behavior ::run [ RunTime:0.002000s ]
INFO: [ app_begin ] --END-- [ RunTime:0.002000s ]
SQL: SHOW COLUMNS FROM `uio_pro_cate` [ RunTime:0.063004s ]
NOTIC: [8] Undefined index: view G:\Web\itshajia\App\Weizhan\Lib\Action\User\IndexAction.class.php 第 310 行.
NOTIC: [8] Undefined index: submit G:\Web\itshajia\App\Weizhan\Lib\Action\User\IndexAction.class.php 第 353 行.
SQL: SELECT * FROM `uio_pro_cate` WHERE ( `uid` = 4 ) AND ( `app_name` = 'wz' ) AND ( `parent_id` = 0 ) ORDER BY `listorder`  [ RunTime:0.001000s ]
SQL: SELECT * FROM `uio_pro_cate` WHERE ( `cate_id` = 0 ) LIMIT 1   [ RunTime:0.001000s ]
SQL: SELECT * FROM `uio_pro_cate` WHERE ( `uid` = 4 ) AND ( `app_name` = 'wz' ) AND ( `parent_id` = 1 ) ORDER BY `listorder`  [ RunTime:0.001000s ]
SQL: SELECT * FROM `uio_pro_cate` WHERE ( `cate_id` = 1 ) LIMIT 1   [ RunTime:0.001000s ]
SQL: SELECT * FROM `uio_pro_cate` WHERE ( `uid` = 4 ) AND ( `app_name` = 'wz' ) AND ( `parent_id` = 6 ) ORDER BY `listorder`  [ RunTime:0.001000s ]
NOTIC: [2] Invalid argument supplied for foreach() G:\Web\itshajia\App\Weizhan\Lib\Model\CommonModel.class.php 第 25 行.
SQL: SELECT * FROM `uio_pro_cate` WHERE ( `cate_id` = 1 ) LIMIT 1   [ RunTime:0.000000s ]
SQL: SELECT * FROM `uio_pro_cate` WHERE ( `uid` = 4 ) AND ( `app_name` = 'wz' ) AND ( `parent_id` = 7 ) ORDER BY `listorder`  [ RunTime:0.000000s ]
NOTIC: [2] Invalid argument supplied for foreach() G:\Web\itshajia\App\Weizhan\Lib\Model\CommonModel.class.php 第 25 行.
SQL: SELECT * FROM `uio_pro_cate` WHERE ( `cate_id` = 0 ) LIMIT 1   [ RunTime:0.000000s ]
SQL: SELECT * FROM `uio_pro_cate` WHERE ( `uid` = 4 ) AND ( `app_name` = 'wz' ) AND ( `parent_id` = 2 ) ORDER BY `listorder`  [ RunTime:0.001000s ]
SQL: SELECT * FROM `uio_pro_cate` WHERE ( `cate_id` = 2 ) LIMIT 1   [ RunTime:0.001000s ]
SQL: SELECT * FROM `uio_pro_cate` WHERE ( `uid` = 4 ) AND ( `app_name` = 'wz' ) AND ( `parent_id` = 8 ) ORDER BY `listorder`  [ RunTime:0.001000s ]
NOTIC: [2] Invalid argument supplied for foreach() G:\Web\itshajia\App\Weizhan\Lib\Model\CommonModel.class.php 第 25 行.
SQL: SELECT * FROM `uio_pro_cate` WHERE ( `cate_id` = 2 ) LIMIT 1   [ RunTime:0.001000s ]
SQL: SELECT * FROM `uio_pro_cate` WHERE ( `uid` = 4 ) AND ( `app_name` = 'wz' ) AND ( `parent_id` = 9 ) ORDER BY `listorder`  [ RunTime:0.001001s ]
NOTIC: [2] Invalid argument supplied for foreach() G:\Web\itshajia\App\Weizhan\Lib\Model\CommonModel.class.php 第 25 行.
SQL: SELECT * FROM `uio_pro_cate` WHERE ( `cate_id` = 0 ) LIMIT 1   [ RunTime:0.001000s ]
SQL: SELECT * FROM `uio_pro_cate` WHERE ( `uid` = 4 ) AND ( `app_name` = 'wz' ) AND ( `parent_id` = 3 ) ORDER BY `listorder`  [ RunTime:0.001000s ]
SQL: SELECT * FROM `uio_pro_cate` WHERE ( `cate_id` = 3 ) LIMIT 1   [ RunTime:0.001000s ]
SQL: SELECT * FROM `uio_pro_cate` WHERE ( `uid` = 4 ) AND ( `app_name` = 'wz' ) AND ( `parent_id` = 10 ) ORDER BY `listorder`  [ RunTime:0.001000s ]
NOTIC: [2] Invalid argument supplied for foreach() G:\Web\itshajia\App\Weizhan\Lib\Model\CommonModel.class.php 第 25 行.
SQL: SELECT * FROM `uio_pro_cate` WHERE ( `cate_id` = 3 ) LIMIT 1   [ RunTime:0.001000s ]
SQL: SELECT * FROM `uio_pro_cate` WHERE ( `uid` = 4 ) AND ( `app_name` = 'wz' ) AND ( `parent_id` = 11 ) ORDER BY `listorder`  [ RunTime:0.001000s ]
NOTIC: [2] Invalid argument supplied for foreach() G:\Web\itshajia\App\Weizhan\Lib\Model\CommonModel.class.php 第 25 行.
SQL: SELECT * FROM `uio_pro_cate` WHERE ( `cate_id` = 0 ) LIMIT 1   [ RunTime:0.000000s ]
SQL: SELECT * FROM `uio_pro_cate` WHERE ( `uid` = 4 ) AND ( `app_name` = 'wz' ) AND ( `parent_id` = 4 ) ORDER BY `listorder`  [ RunTime:0.000000s ]
SQL: SELECT * FROM `uio_pro_cate` WHERE ( `cate_id` = 4 ) LIMIT 1   [ RunTime:0.001000s ]
SQL: SELECT * FROM `uio_pro_cate` WHERE ( `uid` = 4 ) AND ( `app_name` = 'wz' ) AND ( `parent_id` = 12 ) ORDER BY `listorder`  [ RunTime:0.000000s ]
NOTIC: [2] Invalid argument supplied for foreach() G:\Web\itshajia\App\Weizhan\Lib\Model\CommonModel.class.php 第 25 行.
SQL: SELECT * FROM `uio_pro_cate` WHERE ( `cate_id` = 4 ) LIMIT 1   [ RunTime:0.000000s ]
SQL: SELECT * FROM `uio_pro_cate` WHERE ( `uid` = 4 ) AND ( `app_name` = 'wz' ) AND ( `parent_id` = 13 ) ORDER BY `listorder`  [ RunTime:0.000000s ]
NOTIC: [2] Invalid argument supplied for foreach() G:\Web\itshajia\App\Weizhan\Lib\Model\CommonModel.class.php 第 25 行.
SQL: SELECT * FROM `uio_pro_cate` WHERE ( `cate_id` = 0 ) LIMIT 1   [ RunTime:0.000000s ]
SQL: SELECT * FROM `uio_pro_cate` WHERE ( `uid` = 4 ) AND ( `app_name` = 'wz' ) AND ( `parent_id` = 5 ) ORDER BY `listorder`  [ RunTime:0.001000s ]
SQL: SELECT * FROM `uio_pro_cate` WHERE ( `cate_id` = 5 ) LIMIT 1   [ RunTime:0.001000s ]
SQL: SELECT * FROM `uio_pro_cate` WHERE ( `uid` = 4 ) AND ( `app_name` = 'wz' ) AND ( `parent_id` = 14 ) ORDER BY `listorder`  [ RunTime:0.000000s ]
NOTIC: [2] Invalid argument supplied for foreach() G:\Web\itshajia\App\Weizhan\Lib\Model\CommonModel.class.php 第 25 行.
SQL: SELECT * FROM `uio_pro_cate` WHERE ( `cate_id` = 5 ) LIMIT 1   [ RunTime:0.000000s ]
SQL: SELECT * FROM `uio_pro_cate` WHERE ( `uid` = 4 ) AND ( `app_name` = 'wz' ) AND ( `parent_id` = 15 ) ORDER BY `listorder`  [ RunTime:0.001000s ]
NOTIC: [2] Invalid argument supplied for foreach() G:\Web\itshajia\App\Weizhan\Lib\Model\CommonModel.class.php 第 25 行.
SQL: SELECT * FROM `uio_pro_cate` WHERE ( `cate_id` = 5 ) LIMIT 1   [ RunTime:0.000000s ]
SQL: SELECT * FROM `uio_pro_cate` WHERE ( `uid` = 4 ) AND ( `app_name` = 'wz' ) AND ( `parent_id` = 16 ) ORDER BY `listorder`  [ RunTime:0.001000s ]
NOTIC: [2] Invalid argument supplied for foreach() G:\Web\itshajia\App\Weizhan\Lib\Model\CommonModel.class.php 第 25 行.
SQL: SELECT * FROM `uio_pro_cate` WHERE ( `cate_id` = 5 ) LIMIT 1   [ RunTime:0.000000s ]
SQL: SELECT * FROM `uio_pro_cate` WHERE ( `uid` = 4 ) AND ( `app_name` = 'wz' ) AND ( `parent_id` = 17 ) ORDER BY `listorder`  [ RunTime:0.000000s ]
NOTIC: [2] Invalid argument supplied for foreach() G:\Web\itshajia\App\Weizhan\Lib\Model\CommonModel.class.php 第 25 行.
INFO: [ view_parse ] --START--
NOTIC: [8] Undefined variable: title G:\Web\itshajia\App\Weizhan\Runtime\Cache\User\d09d00b2ed2ae399f34b559bcf6e85d1.php 第 5 行.
INFO: ParseTemplate Behavior ::run [ RunTime:0.055003s ]
INFO: [ view_parse ] --END-- [ RunTime:0.055003s ]
INFO: [ view_filter ] --START--
INFO: ContentReplace Behavior ::run [ RunTime:0.002000s ]
INFO: TokenBuild Behavior ::run [ RunTime:0.001000s ]
INFO: WriteHtmlCache Behavior ::run [ RunTime:0.001000s ]
INFO: ShowRuntime Behavior ::run [ RunTime:0.002000s ]
INFO: [ view_filter ] --END-- [ RunTime:0.007000s ]
INFO: [ view_end ] --START--
INFO: ShowPageTrace Behavior ::run [ RunTime:0.003000s ]
INFO: [ view_end ] --END-- [ RunTime:0.003000s ]

[ 2014-03-29T19:55:45+08:00 ] 127.0.0.1 /App/Weizhan/index.php?g=User&m=Index&a=pro
INFO: [ app_begin ] --START--
INFO: ReadHtmlCache Behavior ::run [ RunTime:0.002000s ]
INFO: [ app_begin ] --END-- [ RunTime:0.002000s ]
SQL: SHOW COLUMNS FROM `uio_pro` [ RunTime:0.008000s ]
SQL: SHOW COLUMNS FROM `uio_pro_cate` [ RunTime:0.007000s ]
NOTIC: [8] Undefined index: view G:\Web\itshajia\App\Weizhan\Lib\Action\User\IndexAction.class.php 第 403 行.
NOTIC: [8] Undefined index: submit G:\Web\itshajia\App\Weizhan\Lib\Action\User\IndexAction.class.php 第 447 行.
NOTIC: [8] Undefined index: page G:\Web\itshajia\App\Weizhan\Lib\Action\User\IndexAction.class.php 第 465 行.
SQL: SELECT uio_pro.*,uio_pro_cate.cate_name FROM `uio_pro` JOIN uio_pro_cate USING (cate_id) WHERE ( uio_pro.uid = '4' ) AND ( uio_pro.app_name = 'wz' ) ORDER BY `listorder`,`addtime` desc LIMIT 0,10   [ RunTime:0.001000s ]
SQL: SELECT * FROM `uio_pro` WHERE ( `uid` = 4 ) AND ( `app_name` = 'wz' )  [ RunTime:0.001000s ]
INFO: [ view_parse ] --START--
NOTIC: [8] Undefined variable: title G:\Web\itshajia\App\Weizhan\Runtime\Cache\User\d9ec3fe9e7d7a33b6fd644b730b65c4c.php 第 5 行.
INFO: ParseTemplate Behavior ::run [ RunTime:0.031002s ]
INFO: [ view_parse ] --END-- [ RunTime:0.031002s ]
INFO: [ view_filter ] --START--
INFO: ContentReplace Behavior ::run [ RunTime:0.002000s ]
INFO: TokenBuild Behavior ::run [ RunTime:0.002000s ]
INFO: WriteHtmlCache Behavior ::run [ RunTime:0.002000s ]
INFO: ShowRuntime Behavior ::run [ RunTime:0.002000s ]
INFO: [ view_filter ] --END-- [ RunTime:0.008000s ]
INFO: [ view_end ] --START--
INFO: ShowPageTrace Behavior ::run [ RunTime:0.004001s ]
INFO: [ view_end ] --END-- [ RunTime:0.004001s ]

[ 2014-03-29T19:55:46+08:00 ] 127.0.0.1 /App/Weizhan/index.php?g=User&m=Index&a=proCate
INFO: [ app_begin ] --START--
INFO: ReadHtmlCache Behavior ::run [ RunTime:0.001000s ]
INFO: [ app_begin ] --END-- [ RunTime:0.001000s ]
SQL: SHOW COLUMNS FROM `uio_pro_cate` [ RunTime:0.007001s ]
NOTIC: [8] Undefined index: view G:\Web\itshajia\App\Weizhan\Lib\Action\User\IndexAction.class.php 第 310 行.
NOTIC: [8] Undefined index: submit G:\Web\itshajia\App\Weizhan\Lib\Action\User\IndexAction.class.php 第 353 行.
SQL: SELECT * FROM `uio_pro_cate` WHERE ( `uid` = 4 ) AND ( `app_name` = 'wz' ) AND ( `parent_id` = 0 ) ORDER BY `listorder`  [ RunTime:0.000000s ]
SQL: SELECT * FROM `uio_pro_cate` WHERE ( `cate_id` = 0 ) LIMIT 1   [ RunTime:0.001000s ]
SQL: SELECT * FROM `uio_pro_cate` WHERE ( `uid` = 4 ) AND ( `app_name` = 'wz' ) AND ( `parent_id` = 1 ) ORDER BY `listorder`  [ RunTime:0.000000s ]
SQL: SELECT * FROM `uio_pro_cate` WHERE ( `cate_id` = 1 ) LIMIT 1   [ RunTime:0.000000s ]
SQL: SELECT * FROM `uio_pro_cate` WHERE ( `uid` = 4 ) AND ( `app_name` = 'wz' ) AND ( `parent_id` = 6 ) ORDER BY `listorder`  [ RunTime:0.001000s ]
NOTIC: [2] Invalid argument supplied for foreach() G:\Web\itshajia\App\Weizhan\Lib\Model\CommonModel.class.php 第 25 行.
SQL: SELECT * FROM `uio_pro_cate` WHERE ( `cate_id` = 1 ) LIMIT 1   [ RunTime:0.000000s ]
SQL: SELECT * FROM `uio_pro_cate` WHERE ( `uid` = 4 ) AND ( `app_name` = 'wz' ) AND ( `parent_id` = 7 ) ORDER BY `listorder`  [ RunTime:0.001000s ]
NOTIC: [2] Invalid argument supplied for foreach() G:\Web\itshajia\App\Weizhan\Lib\Model\CommonModel.class.php 第 25 行.
SQL: SELECT * FROM `uio_pro_cate` WHERE ( `cate_id` = 0 ) LIMIT 1   [ RunTime:0.000000s ]
SQL: SELECT * FROM `uio_pro_cate` WHERE ( `uid` = 4 ) AND ( `app_name` = 'wz' ) AND ( `parent_id` = 2 ) ORDER BY `listorder`  [ RunTime:0.001000s ]
SQL: SELECT * FROM `uio_pro_cate` WHERE ( `cate_id` = 2 ) LIMIT 1   [ RunTime:0.000000s ]
SQL: SELECT * FROM `uio_pro_cate` WHERE ( `uid` = 4 ) AND ( `app_name` = 'wz' ) AND ( `parent_id` = 8 ) ORDER BY `listorder`  [ RunTime:0.000000s ]
NOTIC: [2] Invalid argument supplied for foreach() G:\Web\itshajia\App\Weizhan\Lib\Model\CommonModel.class.php 第 25 行.
SQL: SELECT * FROM `uio_pro_cate` WHERE ( `cate_id` = 2 ) LIMIT 1   [ RunTime:0.001000s ]
SQL: SELECT * FROM `uio_pro_cate` WHERE ( `uid` = 4 ) AND ( `app_name` = 'wz' ) AND ( `parent_id` = 9 ) ORDER BY `listorder`  [ RunTime:0.000000s ]
NOTIC: [2] Invalid argument supplied for foreach() G:\Web\itshajia\App\Weizhan\Lib\Model\CommonModel.class.php 第 25 行.
SQL: SELECT * FROM `uio_pro_cate` WHERE ( `cate_id` = 0 ) LIMIT 1   [ RunTime:0.001000s ]
SQL: SELECT * FROM `uio_pro_cate` WHERE ( `uid` = 4 ) AND ( `app_name` = 'wz' ) AND ( `parent_id` = 3 ) ORDER BY `listorder`  [ RunTime:0.000000s ]
SQL: SELECT * FROM `uio_pro_cate` WHERE ( `cate_id` = 3 ) LIMIT 1   [ RunTime:0.001000s ]
SQL: SELECT * FROM `uio_pro_cate` WHERE ( `uid` = 4 ) AND ( `app_name` = 'wz' ) AND ( `parent_id` = 10 ) ORDER BY `listorder`  [ RunTime:0.001001s ]
NOTIC: [2] Invalid argument supplied for foreach() G:\Web\itshajia\App\Weizhan\Lib\Model\CommonModel.class.php 第 25 行.
SQL: SELECT * FROM `uio_pro_cate` WHERE ( `cate_id` = 3 ) LIMIT 1   [ RunTime:0.001000s ]
SQL: SELECT * FROM `uio_pro_cate` WHERE ( `uid` = 4 ) AND ( `app_name` = 'wz' ) AND ( `parent_id` = 11 ) ORDER BY `listorder`  [ RunTime:0.001000s ]
NOTIC: [2] Invalid argument supplied for foreach() G:\Web\itshajia\App\Weizhan\Lib\Model\CommonModel.class.php 第 25 行.
SQL: SELECT * FROM `uio_pro_cate` WHERE ( `cate_id` = 0 ) LIMIT 1   [ RunTime:0.001000s ]
SQL: SELECT * FROM `uio_pro_cate` WHERE ( `uid` = 4 ) AND ( `app_name` = 'wz' ) AND ( `parent_id` = 4 ) ORDER BY `listorder`  [ RunTime:0.000000s ]
SQL: SELECT * FROM `uio_pro_cate` WHERE ( `cate_id` = 4 ) LIMIT 1   [ RunTime:0.000000s ]
SQL: SELECT * FROM `uio_pro_cate` WHERE ( `uid` = 4 ) AND ( `app_name` = 'wz' ) AND ( `parent_id` = 12 ) ORDER BY `listorder`  [ RunTime:0.000000s ]
NOTIC: [2] Invalid argument supplied for foreach() G:\Web\itshajia\App\Weizhan\Lib\Model\CommonModel.class.php 第 25 行.
SQL: SELECT * FROM `uio_pro_cate` WHERE ( `cate_id` = 4 ) LIMIT 1   [ RunTime:0.000000s ]
SQL: SELECT * FROM `uio_pro_cate` WHERE ( `uid` = 4 ) AND ( `app_name` = 'wz' ) AND ( `parent_id` = 13 ) ORDER BY `listorder`  [ RunTime:0.001000s ]
NOTIC: [2] Invalid argument supplied for foreach() G:\Web\itshajia\App\Weizhan\Lib\Model\CommonModel.class.php 第 25 行.
SQL: SELECT * FROM `uio_pro_cate` WHERE ( `cate_id` = 0 ) LIMIT 1   [ RunTime:0.000000s ]
SQL: SELECT * FROM `uio_pro_cate` WHERE ( `uid` = 4 ) AND ( `app_name` = 'wz' ) AND ( `parent_id` = 5 ) ORDER BY `listorder`  [ RunTime:0.001000s ]
SQL: SELECT * FROM `uio_pro_cate` WHERE ( `cate_id` = 5 ) LIMIT 1   [ RunTime:0.000000s ]
SQL: SELECT * FROM `uio_pro_cate` WHERE ( `uid` = 4 ) AND ( `app_name` = 'wz' ) AND ( `parent_id` = 14 ) ORDER BY `listorder`  [ RunTime:0.000000s ]
NOTIC: [2] Invalid argument supplied for foreach() G:\Web\itshajia\App\Weizhan\Lib\Model\CommonModel.class.php 第 25 行.
SQL: SELECT * FROM `uio_pro_cate` WHERE ( `cate_id` = 5 ) LIMIT 1   [ RunTime:0.001000s ]
SQL: SELECT * FROM `uio_pro_cate` WHERE ( `uid` = 4 ) AND ( `app_name` = 'wz' ) AND ( `parent_id` = 15 ) ORDER BY `listorder`  [ RunTime:0.000000s ]
NOTIC: [2] Invalid argument supplied for foreach() G:\Web\itshajia\App\Weizhan\Lib\Model\CommonModel.class.php 第 25 行.
SQL: SELECT * FROM `uio_pro_cate` WHERE ( `cate_id` = 5 ) LIMIT 1   [ RunTime:0.001000s ]
SQL: SELECT * FROM `uio_pro_cate` WHERE ( `uid` = 4 ) AND ( `app_name` = 'wz' ) AND ( `parent_id` = 16 ) ORDER BY `listorder`  [ RunTime:0.000000s ]
NOTIC: [2] Invalid argument supplied for foreach() G:\Web\itshajia\App\Weizhan\Lib\Model\CommonModel.class.php 第 25 行.
SQL: SELECT * FROM `uio_pro_cate` WHERE ( `cate_id` = 5 ) LIMIT 1   [ RunTime:0.000000s ]
SQL: SELECT * FROM `uio_pro_cate` WHERE ( `uid` = 4 ) AND ( `app_name` = 'wz' ) AND ( `parent_id` = 17 ) ORDER BY `listorder`  [ RunTime:0.001000s ]
NOTIC: [2] Invalid argument supplied for foreach() G:\Web\itshajia\App\Weizhan\Lib\Model\CommonModel.class.php 第 25 行.
INFO: [ view_parse ] --START--
NOTIC: [8] Undefined variable: title G:\Web\itshajia\App\Weizhan\Runtime\Cache\User\d09d00b2ed2ae399f34b559bcf6e85d1.php 第 5 行.
INFO: ParseTemplate Behavior ::run [ RunTime:0.029002s ]
INFO: [ view_parse ] --END-- [ RunTime:0.029002s ]
INFO: [ view_filter ] --START--
INFO: ContentReplace Behavior ::run [ RunTime:0.003000s ]
INFO: TokenBuild Behavior ::run [ RunTime:0.001000s ]
INFO: WriteHtmlCache Behavior ::run [ RunTime:0.001000s ]
INFO: ShowRuntime Behavior ::run [ RunTime:0.002000s ]
INFO: [ view_filter ] --END-- [ RunTime:0.008000s ]
INFO: [ view_end ] --START--
INFO: ShowPageTrace Behavior ::run [ RunTime:0.003001s ]
INFO: [ view_end ] --END-- [ RunTime:0.004001s ]

[ 2014-03-29T19:55:55+08:00 ] 127.0.0.1 /App/Weizhan/index.php?g=User&m=Index&a=pro
INFO: [ app_begin ] --START--
INFO: ReadHtmlCache Behavior ::run [ RunTime:0.002000s ]
INFO: [ app_begin ] --END-- [ RunTime:0.002000s ]
SQL: SHOW COLUMNS FROM `uio_pro` [ RunTime:0.007001s ]
SQL: SHOW COLUMNS FROM `uio_pro_cate` [ RunTime:0.007000s ]
NOTIC: [8] Undefined index: view G:\Web\itshajia\App\Weizhan\Lib\Action\User\IndexAction.class.php 第 403 行.
NOTIC: [8] Undefined index: submit G:\Web\itshajia\App\Weizhan\Lib\Action\User\IndexAction.class.php 第 447 行.
NOTIC: [8] Undefined index: page G:\Web\itshajia\App\Weizhan\Lib\Action\User\IndexAction.class.php 第 465 行.
SQL: SELECT uio_pro.*,uio_pro_cate.cate_name FROM `uio_pro` JOIN uio_pro_cate USING (cate_id) WHERE ( uio_pro.uid = '4' ) AND ( uio_pro.app_name = 'wz' ) ORDER BY `listorder`,`addtime` desc LIMIT 0,10   [ RunTime:0.001000s ]
SQL: SELECT * FROM `uio_pro` WHERE ( `uid` = 4 ) AND ( `app_name` = 'wz' )  [ RunTime:0.000000s ]
INFO: [ view_parse ] --START--
NOTIC: [8] Undefined variable: title G:\Web\itshajia\App\Weizhan\Runtime\Cache\User\d9ec3fe9e7d7a33b6fd644b730b65c4c.php 第 5 行.
INFO: ParseTemplate Behavior ::run [ RunTime:0.029002s ]
INFO: [ view_parse ] --END-- [ RunTime:0.029002s ]
INFO: [ view_filter ] --START--
INFO: ContentReplace Behavior ::run [ RunTime:0.001000s ]
INFO: TokenBuild Behavior ::run [ RunTime:0.001000s ]
INFO: WriteHtmlCache Behavior ::run [ RunTime:0.002000s ]
INFO: ShowRuntime Behavior ::run [ RunTime:0.001000s ]
INFO: [ view_filter ] --END-- [ RunTime:0.006000s ]
INFO: [ view_end ] --START--
INFO: ShowPageTrace Behavior ::run [ RunTime:0.003001s ]
INFO: [ view_end ] --END-- [ RunTime:0.003001s ]

[ 2014-03-29T19:55:56+08:00 ] 127.0.0.1 /App/Weizhan/index.php?g=User&m=Index&a=page
INFO: [ app_begin ] --START--
INFO: ReadHtmlCache Behavior ::run [ RunTime:0.001000s ]
INFO: [ app_begin ] --END-- [ RunTime:0.002000s ]
SQL: SHOW COLUMNS FROM `uio_page` [ RunTime:0.008000s ]
NOTIC: [8] Undefined index: view G:\Web\itshajia\App\Weizhan\Lib\Action\User\IndexAction.class.php 第 502 行.
NOTIC: [8] Undefined index: submit G:\Web\itshajia\App\Weizhan\Lib\Action\User\IndexAction.class.php 第 543 行.
NOTIC: [8] Undefined index: page G:\Web\itshajia\App\Weizhan\Lib\Action\User\IndexAction.class.php 第 561 行.
SQL: SELECT * FROM `uio_page` WHERE ( `uid` = 4 ) AND ( `app_name` = 'wz' ) ORDER BY `listorder`  [ RunTime:0.000000s ]
SQL: SELECT * FROM `uio_page` WHERE ( `uid` = 4 ) AND ( `app_name` = 'wz' )  [ RunTime:0.000000s ]
INFO: [ view_parse ] --START--
NOTIC: [8] Undefined variable: title G:\Web\itshajia\App\Weizhan\Runtime\Cache\User\6d5f5d6263f0a3545f508557c9e20c34.php 第 5 行.
INFO: ParseTemplate Behavior ::run [ RunTime:0.047002s ]
INFO: [ view_parse ] --END-- [ RunTime:0.047002s ]
INFO: [ view_filter ] --START--
INFO: ContentReplace Behavior ::run [ RunTime:0.001000s ]
INFO: TokenBuild Behavior ::run [ RunTime:0.001000s ]
INFO: WriteHtmlCache Behavior ::run [ RunTime:0.001001s ]
INFO: ShowRuntime Behavior ::run [ RunTime:0.002000s ]
INFO: [ view_filter ] --END-- [ RunTime:0.007001s ]
INFO: [ view_end ] --START--
INFO: ShowPageTrace Behavior ::run [ RunTime:0.003000s ]
INFO: [ view_end ] --END-- [ RunTime:0.003000s ]

[ 2014-03-29T19:55:58+08:00 ] 127.0.0.1 /App/Weizhan/index.php?g=User&m=Index&a=albumCate
INFO: [ app_begin ] --START--
INFO: ReadHtmlCache Behavior ::run [ RunTime:0.002000s ]
INFO: [ app_begin ] --END-- [ RunTime:0.002000s ]
SQL: SHOW COLUMNS FROM `uio_album_cate` [ RunTime:0.028002s ]
NOTIC: [8] Undefined index: view G:\Web\itshajia\App\Weizhan\Lib\Action\User\IndexAction.class.php 第 598 行.
NOTIC: [8] Undefined index: submit G:\Web\itshajia\App\Weizhan\Lib\Action\User\IndexAction.class.php 第 641 行.
SQL: SELECT * FROM `uio_album_cate` WHERE ( `uid` = 4 ) AND ( `app_name` = 'wz' ) AND ( `parent_id` = 0 ) ORDER BY `listorder`  [ RunTime:0.001000s ]
SQL: SELECT * FROM `uio_album_cate` WHERE ( `cate_id` = 0 ) LIMIT 1   [ RunTime:0.000000s ]
SQL: SELECT * FROM `uio_album_cate` WHERE ( `uid` = 4 ) AND ( `app_name` = 'wz' ) AND ( `parent_id` = 1 ) ORDER BY `listorder`  [ RunTime:0.000000s ]
SQL: SELECT * FROM `uio_album_cate` WHERE ( `cate_id` = 1 ) LIMIT 1   [ RunTime:0.000000s ]
SQL: SELECT * FROM `uio_album_cate` WHERE ( `uid` = 4 ) AND ( `app_name` = 'wz' ) AND ( `parent_id` = 3 ) ORDER BY `listorder`  [ RunTime:0.000000s ]
NOTIC: [2] Invalid argument supplied for foreach() G:\Web\itshajia\App\Weizhan\Lib\Model\CommonModel.class.php 第 25 行.
SQL: SELECT * FROM `uio_album_cate` WHERE ( `cate_id` = 0 ) LIMIT 1   [ RunTime:0.001000s ]
SQL: SELECT * FROM `uio_album_cate` WHERE ( `uid` = 4 ) AND ( `app_name` = 'wz' ) AND ( `parent_id` = 2 ) ORDER BY `listorder`  [ RunTime:0.001000s ]
NOTIC: [2] Invalid argument supplied for foreach() G:\Web\itshajia\App\Weizhan\Lib\Model\CommonModel.class.php 第 25 行.
INFO: [ view_parse ] --START--
NOTIC: [8] Undefined variable: title G:\Web\itshajia\App\Weizhan\Runtime\Cache\User\dd0c72a7cace97ddf74395cb27335220.php 第 5 行.
INFO: ParseTemplate Behavior ::run [ RunTime:0.053003s ]
INFO: [ view_parse ] --END-- [ RunTime:0.053003s ]
INFO: [ view_filter ] --START--
INFO: ContentReplace Behavior ::run [ RunTime:0.002001s ]
INFO: TokenBuild Behavior ::run [ RunTime:0.002000s ]
INFO: WriteHtmlCache Behavior ::run [ RunTime:0.001000s ]
INFO: ShowRuntime Behavior ::run [ RunTime:0.002000s ]
INFO: [ view_filter ] --END-- [ RunTime:0.007001s ]
INFO: [ view_end ] --START--
INFO: ShowPageTrace Behavior ::run [ RunTime:0.006000s ]
INFO: [ view_end ] --END-- [ RunTime:0.006000s ]

[ 2014-03-29T19:56:00+08:00 ] 127.0.0.1 /App/Weizhan/index.php?g=User&m=Index&a=album
INFO: [ app_begin ] --START--
INFO: ReadHtmlCache Behavior ::run [ RunTime:0.002000s ]
INFO: [ app_begin ] --END-- [ RunTime:0.002000s ]
SQL: SHOW COLUMNS FROM `uio_album` [ RunTime:0.025002s ]
SQL: SHOW COLUMNS FROM `uio_album_cate` [ RunTime:0.007000s ]
SQL: SHOW COLUMNS FROM `uio_album_pic` [ RunTime:0.008001s ]
NOTIC: [8] Undefined index: view G:\Web\itshajia\App\Weizhan\Lib\Action\User\IndexAction.class.php 第 692 行.
NOTIC: [8] Undefined index: submit G:\Web\itshajia\App\Weizhan\Lib\Action\User\IndexAction.class.php 第 781 行.
NOTIC: [8] Undefined index: page G:\Web\itshajia\App\Weizhan\Lib\Action\User\IndexAction.class.php 第 799 行.
SQL: SELECT uio_album.*,uio_album_cate.cate_name FROM `uio_album` JOIN uio_album_cate USING (cate_id) WHERE ( uio_album.uid = '4' ) AND ( uio_album.app_name = 'wz' ) ORDER BY `listorder`,`addtime` desc LIMIT 0,10   [ RunTime:0.002000s ]
SQL: SELECT * FROM `uio_album` WHERE ( `uid` = 4 ) AND ( `app_name` = 'wz' )  [ RunTime:0.001000s ]
INFO: [ view_parse ] --START--
NOTIC: [8] Undefined variable: title G:\Web\itshajia\App\Weizhan\Runtime\Cache\User\6e5038e85c70f84585cfd491619dc9c5.php 第 5 行.
INFO: ParseTemplate Behavior ::run [ RunTime:0.027002s ]
INFO: [ view_parse ] --END-- [ RunTime:0.028002s ]
INFO: [ view_filter ] --START--
INFO: ContentReplace Behavior ::run [ RunTime:0.001000s ]
INFO: TokenBuild Behavior ::run [ RunTime:0.002000s ]
INFO: WriteHtmlCache Behavior ::run [ RunTime:0.001000s ]
INFO: ShowRuntime Behavior ::run [ RunTime:0.002000s ]
INFO: [ view_filter ] --END-- [ RunTime:0.006000s ]
INFO: [ view_end ] --START--
INFO: ShowPageTrace Behavior ::run [ RunTime:0.003000s ]
INFO: [ view_end ] --END-- [ RunTime:0.003000s ]

[ 2014-03-29T19:56:02+08:00 ] 127.0.0.1 /App/Weizhan/index.php?g=User&m=Index&a=album&view=pic&album_id=1
INFO: [ app_begin ] --START--
INFO: ReadHtmlCache Behavior ::run [ RunTime:0.002000s ]
INFO: [ app_begin ] --END-- [ RunTime:0.002000s ]
SQL: SHOW COLUMNS FROM `uio_album` [ RunTime:0.006001s ]
SQL: SHOW COLUMNS FROM `uio_album_cate` [ RunTime:0.006000s ]
SQL: SHOW COLUMNS FROM `uio_album_pic` [ RunTime:0.006001s ]
NOTIC: [8] Undefined index: submit G:\Web\itshajia\App\Weizhan\Lib\Action\User\IndexAction.class.php 第 696 行.
SQL: SELECT * FROM `uio_album` WHERE ( `album_id` = 1 ) AND ( `uid` = 4 ) AND ( `app_name` = 'wz' ) LIMIT 1   [ RunTime:0.001000s ]
SQL: SELECT * FROM `uio_album_pic` WHERE ( `album_id` = 1 ) AND ( `uid` = 4 ) AND ( `app_name` = 'wz' ) ORDER BY `listorder`  [ RunTime:0.001000s ]
INFO: [ view_parse ] --START--
NOTIC: [8] Undefined variable: title G:\Web\itshajia\App\Weizhan\Runtime\Cache\User\d769d9d952c689fd49193b7fd4c6ea78.php 第 5 行.
INFO: ParseTemplate Behavior ::run [ RunTime:0.029002s ]
INFO: [ view_parse ] --END-- [ RunTime:0.029002s ]
INFO: [ view_filter ] --START--
INFO: ContentReplace Behavior ::run [ RunTime:0.001000s ]
INFO: TokenBuild Behavior ::run [ RunTime:0.002000s ]
INFO: WriteHtmlCache Behavior ::run [ RunTime:0.001000s ]
INFO: ShowRuntime Behavior ::run [ RunTime:0.002000s ]
INFO: [ view_filter ] --END-- [ RunTime:0.006000s ]
INFO: [ view_end ] --START--
INFO: ShowPageTrace Behavior ::run [ RunTime:0.003000s ]
INFO: [ view_end ] --END-- [ RunTime:0.003000s ]

[ 2014-03-29T22:30:35+08:00 ] 127.0.0.1 /App/Weizhan/index.php?g=User
INFO: [ app_begin ] --START--
INFO: ReadHtmlCache Behavior ::run [ RunTime:0.002000s ]
INFO: [ app_begin ] --END-- [ RunTime:0.002000s ]
SQL: SHOW COLUMNS FROM `uio_app_wz` [ RunTime:0.010001s ]
NOTIC: [8] Undefined index: submit G:\Web\itshajia\App\Weizhan\Lib\Action\User\IndexAction.class.php 第 15 行.
SQL: SELECT * FROM `uio_app_wz` WHERE ( `uid` = 4 ) LIMIT 1   [ RunTime:0.001000s ]
INFO: [ view_parse ] --START--
NOTIC: [8] Undefined variable: title G:\Web\itshajia\App\Weizhan\Runtime\Cache\User\fb3e7a3a64a2caca050c3f8246a5534b.php 第 5 行.
INFO: ParseTemplate Behavior ::run [ RunTime:0.092005s ]
INFO: [ view_parse ] --END-- [ RunTime:0.093005s ]
INFO: [ view_filter ] --START--
INFO: ContentReplace Behavior ::run [ RunTime:0.002000s ]
INFO: TokenBuild Behavior ::run [ RunTime:0.001000s ]
INFO: WriteHtmlCache Behavior ::run [ RunTime:0.003000s ]
INFO: ShowRuntime Behavior ::run [ RunTime:0.002001s ]
INFO: [ view_filter ] --END-- [ RunTime:0.009001s ]
INFO: [ view_end ] --START--
INFO: ShowPageTrace Behavior ::run [ RunTime:0.004000s ]
INFO: [ view_end ] --END-- [ RunTime:0.004000s ]

[ 2014-03-29T22:30:37+08:00 ] 127.0.0.1 /App/Weizhan/index.php?g=User&m=Index&a=basic
INFO: [ app_begin ] --START--
INFO: ReadHtmlCache Behavior ::run [ RunTime:0.001000s ]
INFO: [ app_begin ] --END-- [ RunTime:0.001000s ]
SQL: SHOW COLUMNS FROM `uio_app_wz` [ RunTime:0.010001s ]
NOTIC: [8] Undefined index: submit G:\Web\itshajia\App\Weizhan\Lib\Action\User\IndexAction.class.php 第 15 行.
SQL: SELECT * FROM `uio_app_wz` WHERE ( `uid` = 4 ) LIMIT 1   [ RunTime:0.001000s ]
INFO: [ view_parse ] --START--
NOTIC: [8] Undefined variable: title G:\Web\itshajia\App\Weizhan\Runtime\Cache\User\fb3e7a3a64a2caca050c3f8246a5534b.php 第 5 行.
INFO: ParseTemplate Behavior ::run [ RunTime:0.026001s ]
INFO: [ view_parse ] --END-- [ RunTime:0.026001s ]
INFO: [ view_filter ] --START--
INFO: ContentReplace Behavior ::run [ RunTime:0.003001s ]
INFO: TokenBuild Behavior ::run [ RunTime:0.001000s ]
INFO: WriteHtmlCache Behavior ::run [ RunTime:0.002000s ]
INFO: ShowRuntime Behavior ::run [ RunTime:0.003000s ]
INFO: [ view_filter ] --END-- [ RunTime:0.009001s ]
INFO: [ view_end ] --START--
INFO: ShowPageTrace Behavior ::run [ RunTime:0.003000s ]
INFO: [ view_end ] --END-- [ RunTime:0.003000s ]

[ 2014-03-29T22:30:39+08:00 ] 127.0.0.1 /App/Weizhan/index.php?g=User&m=Index&a=levelMsg
INFO: [ app_begin ] --START--
INFO: ReadHtmlCache Behavior ::run [ RunTime:0.002000s ]
INFO: [ app_begin ] --END-- [ RunTime:0.002000s ]
NOTIC: [8] Undefined index: submit G:\Web\itshajia\App\Weizhan\Lib\Action\User\IndexAction.class.php 第 44 行.
INFO: [ view_parse ] --START--
NOTIC: [8] Undefined variable: title G:\Web\itshajia\App\Weizhan\Runtime\Cache\User\b1a7f7e9e19a03b33fe007bd9cd274a5.php 第 5 行.
INFO: ParseTemplate Behavior ::run [ RunTime:0.025001s ]
INFO: [ view_parse ] --END-- [ RunTime:0.025001s ]
INFO: [ view_filter ] --START--
INFO: ContentReplace Behavior ::run [ RunTime:0.002000s ]
INFO: TokenBuild Behavior ::run [ RunTime:0.001000s ]
INFO: WriteHtmlCache Behavior ::run [ RunTime:0.003000s ]
INFO: ShowRuntime Behavior ::run [ RunTime:0.002001s ]
INFO: [ view_filter ] --END-- [ RunTime:0.008001s ]
INFO: [ view_end ] --START--
INFO: ShowPageTrace Behavior ::run [ RunTime:0.003000s ]
INFO: [ view_end ] --END-- [ RunTime:0.003000s ]

[ 2014-03-29T22:30:39+08:00 ] 127.0.0.1 /App/Weizhan/index.php?g=User&m=Index&a=bzmap
INFO: [ app_begin ] --START--
INFO: ReadHtmlCache Behavior ::run [ RunTime:0.002000s ]
INFO: [ app_begin ] --END-- [ RunTime:0.002000s ]
NOTIC: [8] Undefined index: submit G:\Web\itshajia\App\Weizhan\Lib\Action\User\IndexAction.class.php 第 51 行.
INFO: [ view_parse ] --START--
NOTIC: [8] Undefined variable: title G:\Web\itshajia\App\Weizhan\Runtime\Cache\User\ded2bcd0415c4e13340d2ab8f94d7ff1.php 第 5 行.
INFO: ParseTemplate Behavior ::run [ RunTime:0.027002s ]
INFO: [ view_parse ] --END-- [ RunTime:0.027002s ]
INFO: [ view_filter ] --START--
INFO: ContentReplace Behavior ::run [ RunTime:0.002000s ]
INFO: TokenBuild Behavior ::run [ RunTime:0.002000s ]
INFO: WriteHtmlCache Behavior ::run [ RunTime:0.003000s ]
INFO: ShowRuntime Behavior ::run [ RunTime:0.003001s ]
INFO: [ view_filter ] --END-- [ RunTime:0.010001s ]
INFO: [ view_end ] --START--
INFO: ShowPageTrace Behavior ::run [ RunTime:0.003000s ]
INFO: [ view_end ] --END-- [ RunTime:0.003000s ]

[ 2014-03-29T22:30:40+08:00 ] 127.0.0.1 /App/Weizhan/index.php?g=User&m=Index&a=tmpl
INFO: [ app_begin ] --START--
INFO: ReadHtmlCache Behavior ::run [ RunTime:0.002000s ]
INFO: [ app_begin ] --END-- [ RunTime:0.002000s ]
NOTIC: [8] Undefined index: submit G:\Web\itshajia\App\Weizhan\Lib\Action\User\IndexAction.class.php 第 58 行.
INFO: [ view_parse ] --START--
NOTIC: [8] Undefined variable: title G:\Web\itshajia\App\Weizhan\Runtime\Cache\User\9e446edc189c6296379a3183be8a57bb.php 第 5 行.
INFO: ParseTemplate Behavior ::run [ RunTime:0.024002s ]
INFO: [ view_parse ] --END-- [ RunTime:0.024002s ]
INFO: [ view_filter ] --START--
INFO: ContentReplace Behavior ::run [ RunTime:0.003000s ]
INFO: TokenBuild Behavior ::run [ RunTime:0.001000s ]
INFO: WriteHtmlCache Behavior ::run [ RunTime:0.003000s ]
INFO: ShowRuntime Behavior ::run [ RunTime:0.003000s ]
INFO: [ view_filter ] --END-- [ RunTime:0.010000s ]
INFO: [ view_end ] --START--
INFO: ShowPageTrace Behavior ::run [ RunTime:0.003000s ]
INFO: [ view_end ] --END-- [ RunTime:0.003000s ]

[ 2014-03-29T22:30:41+08:00 ] 127.0.0.1 /App/Weizhan/index.php?g=User&m=Index&a=column
INFO: [ app_begin ] --START--
INFO: ReadHtmlCache Behavior ::run [ RunTime:0.001000s ]
INFO: [ app_begin ] --END-- [ RunTime:0.001000s ]
SQL: SHOW COLUMNS FROM `uio_column` [ RunTime:0.011001s ]
NOTIC: [8] Undefined index: submit G:\Web\itshajia\App\Weizhan\Lib\Action\User\IndexAction.class.php 第 66 行.
SQL: SELECT * FROM `uio_column` WHERE ( `uid` = 4 ) AND ( `is_sys` = 1 ) AND ( `app_name` = 'wz' ) ORDER BY `sort`  [ RunTime:0.001000s ]
SQL: SELECT * FROM `uio_column` WHERE ( `uid` = 4 ) AND ( `is_sys` = 0 ) AND ( `app_name` = 'wz' ) ORDER BY `sort`  [ RunTime:0.002000s ]
INFO: [ view_parse ] --START--
NOTIC: [8] Undefined variable: title G:\Web\itshajia\App\Weizhan\Runtime\Cache\User\347f6273df647ffe1f18bfdb6aa384f0.php 第 5 行.
INFO: ParseTemplate Behavior ::run [ RunTime:0.040002s ]
INFO: [ view_parse ] --END-- [ RunTime:0.040002s ]
INFO: [ view_filter ] --START--
INFO: ContentReplace Behavior ::run [ RunTime:0.003001s ]
INFO: TokenBuild Behavior ::run [ RunTime:0.003000s ]
INFO: WriteHtmlCache Behavior ::run [ RunTime:0.003000s ]
INFO: ShowRuntime Behavior ::run [ RunTime:0.003000s ]
INFO: [ view_filter ] --END-- [ RunTime:0.012001s ]
INFO: [ view_end ] --START--
INFO: ShowPageTrace Behavior ::run [ RunTime:0.004000s ]
INFO: [ view_end ] --END-- [ RunTime:0.004000s ]

[ 2014-03-29T22:30:42+08:00 ] 127.0.0.1 /App/Weizhan/index.php?g=User&m=Index&a=preview
INFO: [ app_begin ] --START--
INFO: ReadHtmlCache Behavior ::run [ RunTime:0.002000s ]
INFO: [ app_begin ] --END-- [ RunTime:0.002000s ]
NOTIC: [8] Undefined index: submit G:\Web\itshajia\App\Weizhan\Lib\Action\User\IndexAction.class.php 第 99 行.
INFO: [ view_parse ] --START--
NOTIC: [8] Undefined variable: title G:\Web\itshajia\App\Weizhan\Runtime\Cache\User\5e628da7dcc680f1208723d869a630f0.php 第 5 行.
INFO: ParseTemplate Behavior ::run [ RunTime:0.060003s ]
INFO: [ view_parse ] --END-- [ RunTime:0.061003s ]
INFO: [ view_filter ] --START--
INFO: ContentReplace Behavior ::run [ RunTime:0.003000s ]
INFO: TokenBuild Behavior ::run [ RunTime:0.001000s ]
INFO: WriteHtmlCache Behavior ::run [ RunTime:0.002001s ]
INFO: ShowRuntime Behavior ::run [ RunTime:0.003000s ]
INFO: [ view_filter ] --END-- [ RunTime:0.009001s ]
INFO: [ view_end ] --START--
INFO: ShowPageTrace Behavior ::run [ RunTime:0.003000s ]
INFO: [ view_end ] --END-- [ RunTime:0.003000s ]

[ 2014-03-29T22:30:43+08:00 ] 127.0.0.1 /App/Weizhan/index.php?g=User&m=Index&a=newsCate
INFO: [ app_begin ] --START--
INFO: ReadHtmlCache Behavior ::run [ RunTime:0.001000s ]
INFO: [ app_begin ] --END-- [ RunTime:0.001000s ]
SQL: SHOW COLUMNS FROM `uio_news_cate` [ RunTime:0.011001s ]
NOTIC: [8] Undefined index: view G:\Web\itshajia\App\Weizhan\Lib\Action\User\IndexAction.class.php 第 112 行.
NOTIC: [8] Undefined index: submit G:\Web\itshajia\App\Weizhan\Lib\Action\User\IndexAction.class.php 第 159 行.
SQL: SELECT * FROM `uio_news_cate` WHERE ( `uid` = 4 ) AND ( `app_name` = 'wz' ) AND ( `parent_id` = 0 ) ORDER BY `listorder`  [ RunTime:0.001000s ]
SQL: SELECT * FROM `uio_news_cate` WHERE ( `cate_id` = 0 ) LIMIT 1   [ RunTime:0.002000s ]
SQL: SELECT * FROM `uio_news_cate` WHERE ( `uid` = 4 ) AND ( `app_name` = 'wz' ) AND ( `parent_id` = 2 ) ORDER BY `listorder`  [ RunTime:0.001000s ]
SQL: SELECT * FROM `uio_news_cate` WHERE ( `cate_id` = 2 ) LIMIT 1   [ RunTime:0.000000s ]
SQL: SELECT * FROM `uio_news_cate` WHERE ( `uid` = 4 ) AND ( `app_name` = 'wz' ) AND ( `parent_id` = 3 ) ORDER BY `listorder`  [ RunTime:0.000000s ]
NOTIC: [2] Invalid argument supplied for foreach() G:\Web\itshajia\App\Weizhan\Lib\Model\CommonModel.class.php 第 25 行.
SQL: SELECT * FROM `uio_news_cate` WHERE ( `cate_id` = 2 ) LIMIT 1   [ RunTime:0.001001s ]
SQL: SELECT * FROM `uio_news_cate` WHERE ( `uid` = 4 ) AND ( `app_name` = 'wz' ) AND ( `parent_id` = 4 ) ORDER BY `listorder`  [ RunTime:0.000000s ]
NOTIC: [2] Invalid argument supplied for foreach() G:\Web\itshajia\App\Weizhan\Lib\Model\CommonModel.class.php 第 25 行.
SQL: SELECT * FROM `uio_news_cate` WHERE ( `cate_id` = 0 ) LIMIT 1   [ RunTime:0.001000s ]
SQL: SELECT * FROM `uio_news_cate` WHERE ( `uid` = 4 ) AND ( `app_name` = 'wz' ) AND ( `parent_id` = 5 ) ORDER BY `listorder`  [ RunTime:0.000000s ]
SQL: SELECT * FROM `uio_news_cate` WHERE ( `cate_id` = 5 ) LIMIT 1   [ RunTime:0.001000s ]
SQL: SELECT * FROM `uio_news_cate` WHERE ( `uid` = 4 ) AND ( `app_name` = 'wz' ) AND ( `parent_id` = 6 ) ORDER BY `listorder`  [ RunTime:0.001000s ]
NOTIC: [2] Invalid argument supplied for foreach() G:\Web\itshajia\App\Weizhan\Lib\Model\CommonModel.class.php 第 25 行.
SQL: SELECT * FROM `uio_news_cate` WHERE ( `cate_id` = 5 ) LIMIT 1   [ RunTime:0.000000s ]
SQL: SELECT * FROM `uio_news_cate` WHERE ( `uid` = 4 ) AND ( `app_name` = 'wz' ) AND ( `parent_id` = 7 ) ORDER BY `listorder`  [ RunTime:0.001000s ]
NOTIC: [2] Invalid argument supplied for foreach() G:\Web\itshajia\App\Weizhan\Lib\Model\CommonModel.class.php 第 25 行.
SQL: SELECT * FROM `uio_news_cate` WHERE ( `cate_id` = 5 ) LIMIT 1   [ RunTime:0.000000s ]
SQL: SELECT * FROM `uio_news_cate` WHERE ( `uid` = 4 ) AND ( `app_name` = 'wz' ) AND ( `parent_id` = 8 ) ORDER BY `listorder`  [ RunTime:0.000000s ]
NOTIC: [2] Invalid argument supplied for foreach() G:\Web\itshajia\App\Weizhan\Lib\Model\CommonModel.class.php 第 25 行.
INFO: [ view_parse ] --START--
NOTIC: [8] Undefined variable: title G:\Web\itshajia\App\Weizhan\Runtime\Cache\User\729512253022989100b65af6b98442fa.php 第 5 行.
INFO: ParseTemplate Behavior ::run [ RunTime:0.054003s ]
INFO: [ view_parse ] --END-- [ RunTime:0.054003s ]
INFO: [ view_filter ] --START--
INFO: ContentReplace Behavior ::run [ RunTime:0.005000s ]
INFO: TokenBuild Behavior ::run [ RunTime:0.002000s ]
INFO: WriteHtmlCache Behavior ::run [ RunTime:0.002001s ]
INFO: ShowRuntime Behavior ::run [ RunTime:0.004000s ]
INFO: [ view_filter ] --END-- [ RunTime:0.013001s ]
INFO: [ view_end ] --START--
INFO: ShowPageTrace Behavior ::run [ RunTime:0.005000s ]
INFO: [ view_end ] --END-- [ RunTime:0.005000s ]

[ 2014-03-29T22:30:44+08:00 ] 127.0.0.1 /App/Weizhan/index.php?g=User&m=Index&a=news
INFO: [ app_begin ] --START--
INFO: ReadHtmlCache Behavior ::run [ RunTime:0.002000s ]
INFO: [ app_begin ] --END-- [ RunTime:0.002000s ]
SQL: SHOW COLUMNS FROM `uio_news` [ RunTime:0.009000s ]
SQL: SHOW COLUMNS FROM `uio_news_cate` [ RunTime:0.008001s ]
NOTIC: [8] Undefined index: view G:\Web\itshajia\App\Weizhan\Lib\Action\User\IndexAction.class.php 第 210 行.
NOTIC: [8] Undefined index: submit G:\Web\itshajia\App\Weizhan\Lib\Action\User\IndexAction.class.php 第 254 行.
NOTIC: [8] Undefined index: page G:\Web\itshajia\App\Weizhan\Lib\Action\User\IndexAction.class.php 第 273 行.
SQL: SELECT uio_news.*,uio_news_cate.cate_name FROM `uio_news` JOIN uio_news_cate USING (cate_id) WHERE ( uio_news.uid = '4' ) AND ( uio_news.app_name = 'wz' ) ORDER BY `listorder`,`addtime` desc LIMIT 0,10   [ RunTime:0.002000s ]
SQL: SELECT * FROM `uio_news` WHERE ( `uid` = 4 ) AND ( `app_name` = 'wz' )  [ RunTime:0.001000s ]
INFO: [ view_parse ] --START--
NOTIC: [8] Undefined variable: title G:\Web\itshajia\App\Weizhan\Runtime\Cache\User\c29253c443d983a09321be74a8f3d437.php 第 5 行.
INFO: ParseTemplate Behavior ::run [ RunTime:0.028002s ]
INFO: [ view_parse ] --END-- [ RunTime:0.028002s ]
INFO: [ view_filter ] --START--
INFO: ContentReplace Behavior ::run [ RunTime:0.003000s ]
INFO: TokenBuild Behavior ::run [ RunTime:0.001000s ]
INFO: WriteHtmlCache Behavior ::run [ RunTime:0.002000s ]
INFO: ShowRuntime Behavior ::run [ RunTime:0.003000s ]
INFO: [ view_filter ] --END-- [ RunTime:0.009000s ]
INFO: [ view_end ] --START--
INFO: ShowPageTrace Behavior ::run [ RunTime:0.004000s ]
INFO: [ view_end ] --END-- [ RunTime:0.004000s ]

[ 2014-03-29T22:30:45+08:00 ] 127.0.0.1 /App/Weizhan/index.php?g=User&m=Index&a=albumCate
INFO: [ app_begin ] --START--
INFO: ReadHtmlCache Behavior ::run [ RunTime:0.001000s ]
INFO: [ app_begin ] --END-- [ RunTime:0.001000s ]
SQL: SHOW COLUMNS FROM `uio_album_cate` [ RunTime:0.014001s ]
NOTIC: [8] Undefined index: view G:\Web\itshajia\App\Weizhan\Lib\Action\User\IndexAction.class.php 第 598 行.
NOTIC: [8] Undefined index: submit G:\Web\itshajia\App\Weizhan\Lib\Action\User\IndexAction.class.php 第 641 行.
SQL: SELECT * FROM `uio_album_cate` WHERE ( `uid` = 4 ) AND ( `app_name` = 'wz' ) AND ( `parent_id` = 0 ) ORDER BY `listorder`  [ RunTime:0.001000s ]
SQL: SELECT * FROM `uio_album_cate` WHERE ( `cate_id` = 0 ) LIMIT 1   [ RunTime:0.002000s ]
SQL: SELECT * FROM `uio_album_cate` WHERE ( `uid` = 4 ) AND ( `app_name` = 'wz' ) AND ( `parent_id` = 1 ) ORDER BY `listorder`  [ RunTime:0.001000s ]
SQL: SELECT * FROM `uio_album_cate` WHERE ( `cate_id` = 1 ) LIMIT 1   [ RunTime:0.001000s ]
SQL: SELECT * FROM `uio_album_cate` WHERE ( `uid` = 4 ) AND ( `app_name` = 'wz' ) AND ( `parent_id` = 3 ) ORDER BY `listorder`  [ RunTime:0.001001s ]
NOTIC: [2] Invalid argument supplied for foreach() G:\Web\itshajia\App\Weizhan\Lib\Model\CommonModel.class.php 第 25 行.
SQL: SELECT * FROM `uio_album_cate` WHERE ( `cate_id` = 0 ) LIMIT 1   [ RunTime:0.001000s ]
SQL: SELECT * FROM `uio_album_cate` WHERE ( `uid` = 4 ) AND ( `app_name` = 'wz' ) AND ( `parent_id` = 2 ) ORDER BY `listorder`  [ RunTime:0.002000s ]
NOTIC: [2] Invalid argument supplied for foreach() G:\Web\itshajia\App\Weizhan\Lib\Model\CommonModel.class.php 第 25 行.
INFO: [ view_parse ] --START--
NOTIC: [8] Undefined variable: title G:\Web\itshajia\App\Weizhan\Runtime\Cache\User\dd0c72a7cace97ddf74395cb27335220.php 第 5 行.
INFO: ParseTemplate Behavior ::run [ RunTime:0.047003s ]
INFO: [ view_parse ] --END-- [ RunTime:0.047003s ]
INFO: [ view_filter ] --START--
INFO: ContentReplace Behavior ::run [ RunTime:0.003000s ]
INFO: TokenBuild Behavior ::run [ RunTime:0.002000s ]
INFO: WriteHtmlCache Behavior ::run [ RunTime:0.002000s ]
INFO: ShowRuntime Behavior ::run [ RunTime:0.003000s ]
INFO: [ view_filter ] --END-- [ RunTime:0.010000s ]
INFO: [ view_end ] --START--
INFO: ShowPageTrace Behavior ::run [ RunTime:0.004000s ]
INFO: [ view_end ] --END-- [ RunTime:0.005000s ]

[ 2014-03-29T22:30:47+08:00 ] 127.0.0.1 /App/Weizhan/index.php?g=User&m=Index&a=albumCate
INFO: [ app_begin ] --START--
INFO: ReadHtmlCache Behavior ::run [ RunTime:0.002000s ]
INFO: [ app_begin ] --END-- [ RunTime:0.002000s ]
SQL: SHOW COLUMNS FROM `uio_album_cate` [ RunTime:0.008000s ]
NOTIC: [8] Undefined index: view G:\Web\itshajia\App\Weizhan\Lib\Action\User\IndexAction.class.php 第 598 行.
NOTIC: [8] Undefined index: submit G:\Web\itshajia\App\Weizhan\Lib\Action\User\IndexAction.class.php 第 641 行.
SQL: SELECT * FROM `uio_album_cate` WHERE ( `uid` = 4 ) AND ( `app_name` = 'wz' ) AND ( `parent_id` = 0 ) ORDER BY `listorder`  [ RunTime:0.000000s ]
SQL: SELECT * FROM `uio_album_cate` WHERE ( `cate_id` = 0 ) LIMIT 1   [ RunTime:0.001000s ]
SQL: SELECT * FROM `uio_album_cate` WHERE ( `uid` = 4 ) AND ( `app_name` = 'wz' ) AND ( `parent_id` = 1 ) ORDER BY `listorder`  [ RunTime:0.000000s ]
SQL: SELECT * FROM `uio_album_cate` WHERE ( `cate_id` = 1 ) LIMIT 1   [ RunTime:0.000000s ]
SQL: SELECT * FROM `uio_album_cate` WHERE ( `uid` = 4 ) AND ( `app_name` = 'wz' ) AND ( `parent_id` = 3 ) ORDER BY `listorder`  [ RunTime:0.001000s ]
NOTIC: [2] Invalid argument supplied for foreach() G:\Web\itshajia\App\Weizhan\Lib\Model\CommonModel.class.php 第 25 行.
SQL: SELECT * FROM `uio_album_cate` WHERE ( `cate_id` = 0 ) LIMIT 1   [ RunTime:0.000000s ]
SQL: SELECT * FROM `uio_album_cate` WHERE ( `uid` = 4 ) AND ( `app_name` = 'wz' ) AND ( `parent_id` = 2 ) ORDER BY `listorder`  [ RunTime:0.001000s ]
NOTIC: [2] Invalid argument supplied for foreach() G:\Web\itshajia\App\Weizhan\Lib\Model\CommonModel.class.php 第 25 行.
INFO: [ view_parse ] --START--
NOTIC: [8] Undefined variable: title G:\Web\itshajia\App\Weizhan\Runtime\Cache\User\dd0c72a7cace97ddf74395cb27335220.php 第 5 行.
INFO: ParseTemplate Behavior ::run [ RunTime:0.028001s ]
INFO: [ view_parse ] --END-- [ RunTime:0.028001s ]
INFO: [ view_filter ] --START--
INFO: ContentReplace Behavior ::run [ RunTime:0.003001s ]
INFO: TokenBuild Behavior ::run [ RunTime:0.001000s ]
INFO: WriteHtmlCache Behavior ::run [ RunTime:0.002000s ]
INFO: ShowRuntime Behavior ::run [ RunTime:0.002000s ]
INFO: [ view_filter ] --END-- [ RunTime:0.008001s ]
INFO: [ view_end ] --START--
INFO: ShowPageTrace Behavior ::run [ RunTime:0.003000s ]
INFO: [ view_end ] --END-- [ RunTime:0.005000s ]

[ 2014-03-29T22:30:47+08:00 ] 127.0.0.1 /App/Weizhan/index.php?g=User&m=Index&a=album
INFO: [ app_begin ] --START--
INFO: ReadHtmlCache Behavior ::run [ RunTime:0.001000s ]
INFO: [ app_begin ] --END-- [ RunTime:0.001000s ]
SQL: SHOW COLUMNS FROM `uio_album` [ RunTime:0.008001s ]
SQL: SHOW COLUMNS FROM `uio_album_cate` [ RunTime:0.009000s ]
SQL: SHOW COLUMNS FROM `uio_album_pic` [ RunTime:0.008001s ]
NOTIC: [8] Undefined index: view G:\Web\itshajia\App\Weizhan\Lib\Action\User\IndexAction.class.php 第 692 行.
NOTIC: [8] Undefined index: submit G:\Web\itshajia\App\Weizhan\Lib\Action\User\IndexAction.class.php 第 781 行.
NOTIC: [8] Undefined index: page G:\Web\itshajia\App\Weizhan\Lib\Action\User\IndexAction.class.php 第 799 行.
SQL: SELECT uio_album.*,uio_album_cate.cate_name FROM `uio_album` JOIN uio_album_cate USING (cate_id) WHERE ( uio_album.uid = '4' ) AND ( uio_album.app_name = 'wz' ) ORDER BY `listorder`,`addtime` desc LIMIT 0,10   [ RunTime:0.001000s ]
SQL: SELECT * FROM `uio_album` WHERE ( `uid` = 4 ) AND ( `app_name` = 'wz' )  [ RunTime:0.000000s ]
INFO: [ view_parse ] --START--
NOTIC: [8] Undefined variable: title G:\Web\itshajia\App\Weizhan\Runtime\Cache\User\6e5038e85c70f84585cfd491619dc9c5.php 第 5 行.
INFO: ParseTemplate Behavior ::run [ RunTime:0.026002s ]
INFO: [ view_parse ] --END-- [ RunTime:0.027002s ]
INFO: [ view_filter ] --START--
INFO: ContentReplace Behavior ::run [ RunTime:0.003000s ]
INFO: TokenBuild Behavior ::run [ RunTime:0.001000s ]
INFO: WriteHtmlCache Behavior ::run [ RunTime:0.004000s ]
INFO: ShowRuntime Behavior ::run [ RunTime:0.003000s ]
INFO: [ view_filter ] --END-- [ RunTime:0.011000s ]
INFO: [ view_end ] --START--
INFO: ShowPageTrace Behavior ::run [ RunTime:0.004001s ]
INFO: [ view_end ] --END-- [ RunTime:0.004001s ]

[ 2014-03-29T22:32:39+08:00 ] 127.0.0.1 /App/Weizhan/index.php?g=User
INFO: [ app_begin ] --START--
INFO: ReadHtmlCache Behavior ::run [ RunTime:0.002000s ]
INFO: [ app_begin ] --END-- [ RunTime:0.002000s ]
SQL: SHOW COLUMNS FROM `uio_app_wz` [ RunTime:0.008001s ]
NOTIC: [8] Undefined index: submit G:\Web\itshajia\App\Weizhan\Lib\Action\User\IndexAction.class.php 第 15 行.
SQL: SELECT * FROM `uio_app_wz` WHERE ( `uid` = 4 ) LIMIT 1   [ RunTime:0.000000s ]
INFO: [ view_parse ] --START--
NOTIC: [8] Undefined variable: title G:\Web\itshajia\App\Weizhan\Runtime\Cache\User\fb3e7a3a64a2caca050c3f8246a5534b.php 第 5 行.
INFO: ParseTemplate Behavior ::run [ RunTime:0.037002s ]
INFO: [ view_parse ] --END-- [ RunTime:0.037002s ]
INFO: [ view_filter ] --START--
INFO: ContentReplace Behavior ::run [ RunTime:0.003000s ]
INFO: TokenBuild Behavior ::run [ RunTime:0.001000s ]
INFO: WriteHtmlCache Behavior ::run [ RunTime:0.002000s ]
INFO: ShowRuntime Behavior ::run [ RunTime:0.002000s ]
INFO: [ view_filter ] --END-- [ RunTime:0.008000s ]
INFO: [ view_end ] --START--
INFO: ShowPageTrace Behavior ::run [ RunTime:0.003001s ]
INFO: [ view_end ] --END-- [ RunTime:0.004001s ]

[ 2014-03-29T22:32:41+08:00 ] 127.0.0.1 /App/Weizhan/index.php?g=User&m=Index&a=basic
INFO: [ app_begin ] --START--
INFO: ReadHtmlCache Behavior ::run [ RunTime:0.001000s ]
INFO: [ app_begin ] --END-- [ RunTime:0.001000s ]
SQL: SHOW COLUMNS FROM `uio_app_wz` [ RunTime:0.007001s ]
NOTIC: [8] Undefined index: submit G:\Web\itshajia\App\Weizhan\Lib\Action\User\IndexAction.class.php 第 15 行.
SQL: SELECT * FROM `uio_app_wz` WHERE ( `uid` = 4 ) LIMIT 1   [ RunTime:0.000000s ]
INFO: [ view_parse ] --START--
NOTIC: [8] Undefined variable: title G:\Web\itshajia\App\Weizhan\Runtime\Cache\User\fb3e7a3a64a2caca050c3f8246a5534b.php 第 5 行.
INFO: ParseTemplate Behavior ::run [ RunTime:0.036002s ]
INFO: [ view_parse ] --END-- [ RunTime:0.036002s ]
INFO: [ view_filter ] --START--
INFO: ContentReplace Behavior ::run [ RunTime:0.002000s ]
INFO: TokenBuild Behavior ::run [ RunTime:0.001000s ]
INFO: WriteHtmlCache Behavior ::run [ RunTime:0.001000s ]
INFO: ShowRuntime Behavior ::run [ RunTime:0.001000s ]
INFO: [ view_filter ] --END-- [ RunTime:0.006000s ]
INFO: [ view_end ] --START--
INFO: ShowPageTrace Behavior ::run [ RunTime:0.002001s ]
INFO: [ view_end ] --END-- [ RunTime:0.003001s ]

[ 2014-03-29T22:32:44+08:00 ] 127.0.0.1 /App/Weizhan/index.php?g=User&m=Index&a=levelMsg
INFO: [ app_begin ] --START--
INFO: ReadHtmlCache Behavior ::run [ RunTime:0.001000s ]
INFO: [ app_begin ] --END-- [ RunTime:0.001000s ]
NOTIC: [8] Undefined index: submit G:\Web\itshajia\App\Weizhan\Lib\Action\User\IndexAction.class.php 第 44 行.
INFO: [ view_parse ] --START--
NOTIC: [8] Undefined variable: title G:\Web\itshajia\App\Weizhan\Runtime\Cache\User\b1a7f7e9e19a03b33fe007bd9cd274a5.php 第 5 行.
INFO: ParseTemplate Behavior ::run [ RunTime:0.043002s ]
INFO: [ view_parse ] --END-- [ RunTime:0.043002s ]
INFO: [ view_filter ] --START--
INFO: ContentReplace Behavior ::run [ RunTime:0.002000s ]
INFO: TokenBuild Behavior ::run [ RunTime:0.002000s ]
INFO: WriteHtmlCache Behavior ::run [ RunTime:0.001001s ]
INFO: ShowRuntime Behavior ::run [ RunTime:0.001000s ]
INFO: [ view_filter ] --END-- [ RunTime:0.006001s ]
INFO: [ view_end ] --START--
INFO: ShowPageTrace Behavior ::run [ RunTime:0.002000s ]
INFO: [ view_end ] --END-- [ RunTime:0.002000s ]

[ 2014-03-29T22:32:44+08:00 ] 127.0.0.1 /App/Weizhan/index.php?g=User&m=Index&a=bzmap
INFO: [ app_begin ] --START--
INFO: ReadHtmlCache Behavior ::run [ RunTime:0.002000s ]
INFO: [ app_begin ] --END-- [ RunTime:0.002000s ]
NOTIC: [8] Undefined index: submit G:\Web\itshajia\App\Weizhan\Lib\Action\User\IndexAction.class.php 第 51 行.
INFO: [ view_parse ] --START--
NOTIC: [8] Undefined variable: title G:\Web\itshajia\App\Weizhan\Runtime\Cache\User\ded2bcd0415c4e13340d2ab8f94d7ff1.php 第 5 行.
INFO: ParseTemplate Behavior ::run [ RunTime:0.033002s ]
INFO: [ view_parse ] --END-- [ RunTime:0.033002s ]
INFO: [ view_filter ] --START--
INFO: ContentReplace Behavior ::run [ RunTime:0.003000s ]
INFO: TokenBuild Behavior ::run [ RunTime:0.001000s ]
INFO: WriteHtmlCache Behavior ::run [ RunTime:0.001000s ]
INFO: ShowRuntime Behavior ::run [ RunTime:0.002000s ]
INFO: [ view_filter ] --END-- [ RunTime:0.007000s ]
INFO: [ view_end ] --START--
INFO: ShowPageTrace Behavior ::run [ RunTime:0.001001s ]
INFO: [ view_end ] --END-- [ RunTime:0.001001s ]

[ 2014-03-29T22:32:45+08:00 ] 127.0.0.1 /App/Weizhan/index.php?g=User&m=Index&a=tmpl
INFO: [ app_begin ] --START--
INFO: ReadHtmlCache Behavior ::run [ RunTime:0.001000s ]
INFO: [ app_begin ] --END-- [ RunTime:0.001000s ]
NOTIC: [8] Undefined index: submit G:\Web\itshajia\App\Weizhan\Lib\Action\User\IndexAction.class.php 第 58 行.
INFO: [ view_parse ] --START--
NOTIC: [8] Undefined variable: title G:\Web\itshajia\App\Weizhan\Runtime\Cache\User\9e446edc189c6296379a3183be8a57bb.php 第 5 行.
INFO: ParseTemplate Behavior ::run [ RunTime:0.036002s ]
INFO: [ view_parse ] --END-- [ RunTime:0.036002s ]
INFO: [ view_filter ] --START--
INFO: ContentReplace Behavior ::run [ RunTime:0.002000s ]
INFO: TokenBuild Behavior ::run [ RunTime:0.002001s ]
INFO: WriteHtmlCache Behavior ::run [ RunTime:0.002000s ]
INFO: ShowRuntime Behavior ::run [ RunTime:0.002000s ]
INFO: [ view_filter ] --END-- [ RunTime:0.008001s ]
INFO: [ view_end ] --START--
INFO: ShowPageTrace Behavior ::run [ RunTime:0.002000s ]
INFO: [ view_end ] --END-- [ RunTime:0.002000s ]

[ 2014-03-29T22:32:45+08:00 ] 127.0.0.1 /App/Weizhan/index.php?g=User&m=Index&a=column
INFO: [ app_begin ] --START--
INFO: ReadHtmlCache Behavior ::run [ RunTime:0.001001s ]
INFO: [ app_begin ] --END-- [ RunTime:0.001001s ]
SQL: SHOW COLUMNS FROM `uio_column` [ RunTime:0.011001s ]
NOTIC: [8] Undefined index: submit G:\Web\itshajia\App\Weizhan\Lib\Action\User\IndexAction.class.php 第 66 行.
SQL: SELECT * FROM `uio_column` WHERE ( `uid` = 4 ) AND ( `is_sys` = 1 ) AND ( `app_name` = 'wz' ) ORDER BY `sort`  [ RunTime:0.001000s ]
SQL: SELECT * FROM `uio_column` WHERE ( `uid` = 4 ) AND ( `is_sys` = 0 ) AND ( `app_name` = 'wz' ) ORDER BY `sort`  [ RunTime:0.001000s ]
INFO: [ view_parse ] --START--
NOTIC: [8] Undefined variable: title G:\Web\itshajia\App\Weizhan\Runtime\Cache\User\347f6273df647ffe1f18bfdb6aa384f0.php 第 5 行.
INFO: ParseTemplate Behavior ::run [ RunTime:0.043003s ]
INFO: [ view_parse ] --END-- [ RunTime:0.043003s ]
INFO: [ view_filter ] --START--
INFO: ContentReplace Behavior ::run [ RunTime:0.003000s ]
INFO: TokenBuild Behavior ::run [ RunTime:0.001000s ]
INFO: WriteHtmlCache Behavior ::run [ RunTime:0.002000s ]
INFO: ShowRuntime Behavior ::run [ RunTime:0.002000s ]
INFO: [ view_filter ] --END-- [ RunTime:0.008000s ]
INFO: [ view_end ] --START--
INFO: ShowPageTrace Behavior ::run [ RunTime:0.002000s ]
INFO: [ view_end ] --END-- [ RunTime:0.002000s ]

[ 2014-03-29T22:32:46+08:00 ] 127.0.0.1 /App/Weizhan/index.php?g=User&m=Index&a=preview
INFO: [ app_begin ] --START--
INFO: ReadHtmlCache Behavior ::run [ RunTime:0.002001s ]
INFO: [ app_begin ] --END-- [ RunTime:0.002001s ]
NOTIC: [8] Undefined index: submit G:\Web\itshajia\App\Weizhan\Lib\Action\User\IndexAction.class.php 第 99 行.
INFO: [ view_parse ] --START--
NOTIC: [8] Undefined variable: title G:\Web\itshajia\App\Weizhan\Runtime\Cache\User\5e628da7dcc680f1208723d869a630f0.php 第 5 行.
INFO: ParseTemplate Behavior ::run [ RunTime:0.034002s ]
INFO: [ view_parse ] --END-- [ RunTime:0.034002s ]
INFO: [ view_filter ] --START--
INFO: ContentReplace Behavior ::run [ RunTime:0.002000s ]
INFO: TokenBuild Behavior ::run [ RunTime:0.001000s ]
INFO: WriteHtmlCache Behavior ::run [ RunTime:0.002000s ]
INFO: ShowRuntime Behavior ::run [ RunTime:0.002000s ]
INFO: [ view_filter ] --END-- [ RunTime:0.007000s ]
INFO: [ view_end ] --START--
INFO: ShowPageTrace Behavior ::run [ RunTime:0.002000s ]
INFO: [ view_end ] --END-- [ RunTime:0.002000s ]

[ 2014-03-29T22:32:47+08:00 ] 127.0.0.1 /App/Weizhan/index.php?g=User&m=Index&a=newsCate
INFO: [ app_begin ] --START--
INFO: ReadHtmlCache Behavior ::run [ RunTime:0.001000s ]
INFO: [ app_begin ] --END-- [ RunTime:0.002000s ]
SQL: SHOW COLUMNS FROM `uio_news_cate` [ RunTime:0.011000s ]
NOTIC: [8] Undefined index: view G:\Web\itshajia\App\Weizhan\Lib\Action\User\IndexAction.class.php 第 112 行.
NOTIC: [8] Undefined index: submit G:\Web\itshajia\App\Weizhan\Lib\Action\User\IndexAction.class.php 第 159 行.
SQL: SELECT * FROM `uio_news_cate` WHERE ( `uid` = 4 ) AND ( `app_name` = 'wz' ) AND ( `parent_id` = 0 ) ORDER BY `listorder`  [ RunTime:0.001000s ]
SQL: SELECT * FROM `uio_news_cate` WHERE ( `cate_id` = 0 ) LIMIT 1   [ RunTime:0.001000s ]
SQL: SELECT * FROM `uio_news_cate` WHERE ( `uid` = 4 ) AND ( `app_name` = 'wz' ) AND ( `parent_id` = 2 ) ORDER BY `listorder`  [ RunTime:0.000000s ]
SQL: SELECT * FROM `uio_news_cate` WHERE ( `cate_id` = 2 ) LIMIT 1   [ RunTime:0.001000s ]
SQL: SELECT * FROM `uio_news_cate` WHERE ( `uid` = 4 ) AND ( `app_name` = 'wz' ) AND ( `parent_id` = 3 ) ORDER BY `listorder`  [ RunTime:0.001000s ]
NOTIC: [2] Invalid argument supplied for foreach() G:\Web\itshajia\App\Weizhan\Lib\Model\CommonModel.class.php 第 25 行.
SQL: SELECT * FROM `uio_news_cate` WHERE ( `cate_id` = 2 ) LIMIT 1   [ RunTime:0.001000s ]
SQL: SELECT * FROM `uio_news_cate` WHERE ( `uid` = 4 ) AND ( `app_name` = 'wz' ) AND ( `parent_id` = 4 ) ORDER BY `listorder`  [ RunTime:0.001000s ]
NOTIC: [2] Invalid argument supplied for foreach() G:\Web\itshajia\App\Weizhan\Lib\Model\CommonModel.class.php 第 25 行.
SQL: SELECT * FROM `uio_news_cate` WHERE ( `cate_id` = 0 ) LIMIT 1   [ RunTime:0.002000s ]
SQL: SELECT * FROM `uio_news_cate` WHERE ( `uid` = 4 ) AND ( `app_name` = 'wz' ) AND ( `parent_id` = 5 ) ORDER BY `listorder`  [ RunTime:0.001000s ]
SQL: SELECT * FROM `uio_news_cate` WHERE ( `cate_id` = 5 ) LIMIT 1   [ RunTime:0.000000s ]
SQL: SELECT * FROM `uio_news_cate` WHERE ( `uid` = 4 ) AND ( `app_name` = 'wz' ) AND ( `parent_id` = 6 ) ORDER BY `listorder`  [ RunTime:0.001000s ]
NOTIC: [2] Invalid argument supplied for foreach() G:\Web\itshajia\App\Weizhan\Lib\Model\CommonModel.class.php 第 25 行.
SQL: SELECT * FROM `uio_news_cate` WHERE ( `cate_id` = 5 ) LIMIT 1   [ RunTime:0.000000s ]
SQL: SELECT * FROM `uio_news_cate` WHERE ( `uid` = 4 ) AND ( `app_name` = 'wz' ) AND ( `parent_id` = 7 ) ORDER BY `listorder`  [ RunTime:0.000000s ]
NOTIC: [2] Invalid argument supplied for foreach() G:\Web\itshajia\App\Weizhan\Lib\Model\CommonModel.class.php 第 25 行.
SQL: SELECT * FROM `uio_news_cate` WHERE ( `cate_id` = 5 ) LIMIT 1   [ RunTime:0.001000s ]
SQL: SELECT * FROM `uio_news_cate` WHERE ( `uid` = 4 ) AND ( `app_name` = 'wz' ) AND ( `parent_id` = 8 ) ORDER BY `listorder`  [ RunTime:0.000000s ]
NOTIC: [2] Invalid argument supplied for foreach() G:\Web\itshajia\App\Weizhan\Lib\Model\CommonModel.class.php 第 25 行.
INFO: [ view_parse ] --START--
NOTIC: [8] Undefined variable: title G:\Web\itshajia\App\Weizhan\Runtime\Cache\User\729512253022989100b65af6b98442fa.php 第 5 行.
INFO: ParseTemplate Behavior ::run [ RunTime:0.037003s ]
INFO: [ view_parse ] --END-- [ RunTime:0.037003s ]
INFO: [ view_filter ] --START--
INFO: ContentReplace Behavior ::run [ RunTime:0.003000s ]
INFO: TokenBuild Behavior ::run [ RunTime:0.001000s ]
INFO: WriteHtmlCache Behavior ::run [ RunTime:0.001000s ]
INFO: ShowRuntime Behavior ::run [ RunTime:0.002000s ]
INFO: [ view_filter ] --END-- [ RunTime:0.007000s ]
INFO: [ view_end ] --START--
INFO: ShowPageTrace Behavior ::run [ RunTime:0.002000s ]
INFO: [ view_end ] --END-- [ RunTime:0.002000s ]

[ 2014-03-29T22:32:48+08:00 ] 127.0.0.1 /App/Weizhan/index.php?g=User&m=Index&a=news
INFO: [ app_begin ] --START--
INFO: ReadHtmlCache Behavior ::run [ RunTime:0.001000s ]
INFO: [ app_begin ] --END-- [ RunTime:0.001000s ]
SQL: SHOW COLUMNS FROM `uio_news` [ RunTime:0.009001s ]
SQL: SHOW COLUMNS FROM `uio_news_cate` [ RunTime:0.009001s ]
NOTIC: [8] Undefined index: view G:\Web\itshajia\App\Weizhan\Lib\Action\User\IndexAction.class.php 第 210 行.
NOTIC: [8] Undefined index: submit G:\Web\itshajia\App\Weizhan\Lib\Action\User\IndexAction.class.php 第 254 行.
NOTIC: [8] Undefined index: page G:\Web\itshajia\App\Weizhan\Lib\Action\User\IndexAction.class.php 第 273 行.
SQL: SELECT uio_news.*,uio_news_cate.cate_name FROM `uio_news` JOIN uio_news_cate USING (cate_id) WHERE ( uio_news.uid = '4' ) AND ( uio_news.app_name = 'wz' ) ORDER BY `listorder`,`addtime` desc LIMIT 0,10   [ RunTime:0.001000s ]
SQL: SELECT * FROM `uio_news` WHERE ( `uid` = 4 ) AND ( `app_name` = 'wz' )  [ RunTime:0.001000s ]
INFO: [ view_parse ] --START--
NOTIC: [8] Undefined variable: title G:\Web\itshajia\App\Weizhan\Runtime\Cache\User\c29253c443d983a09321be74a8f3d437.php 第 5 行.
INFO: ParseTemplate Behavior ::run [ RunTime:0.035002s ]
INFO: [ view_parse ] --END-- [ RunTime:0.035002s ]
INFO: [ view_filter ] --START--
INFO: ContentReplace Behavior ::run [ RunTime:0.002000s ]
INFO: TokenBuild Behavior ::run [ RunTime:0.001001s ]
INFO: WriteHtmlCache Behavior ::run [ RunTime:0.002000s ]
INFO: ShowRuntime Behavior ::run [ RunTime:0.001000s ]
INFO: [ view_filter ] --END-- [ RunTime:0.007001s ]
INFO: [ view_end ] --START--
INFO: ShowPageTrace Behavior ::run [ RunTime:0.003000s ]
INFO: [ view_end ] --END-- [ RunTime:0.004000s ]

[ 2014-03-29T22:32:51+08:00 ] 127.0.0.1 /App/Weizhan/index.php?g=User&m=Index&a=proCate
INFO: [ app_begin ] --START--
INFO: ReadHtmlCache Behavior ::run [ RunTime:0.001000s ]
INFO: [ app_begin ] --END-- [ RunTime:0.001000s ]
SQL: SHOW COLUMNS FROM `uio_pro_cate` [ RunTime:0.008001s ]
NOTIC: [8] Undefined index: view G:\Web\itshajia\App\Weizhan\Lib\Action\User\IndexAction.class.php 第 310 行.
NOTIC: [8] Undefined index: submit G:\Web\itshajia\App\Weizhan\Lib\Action\User\IndexAction.class.php 第 353 行.
SQL: SELECT * FROM `uio_pro_cate` WHERE ( `uid` = 4 ) AND ( `app_name` = 'wz' ) AND ( `parent_id` = 0 ) ORDER BY `listorder`  [ RunTime:0.000000s ]
SQL: SELECT * FROM `uio_pro_cate` WHERE ( `cate_id` = 0 ) LIMIT 1   [ RunTime:0.000000s ]
SQL: SELECT * FROM `uio_pro_cate` WHERE ( `uid` = 4 ) AND ( `app_name` = 'wz' ) AND ( `parent_id` = 1 ) ORDER BY `listorder`  [ RunTime:0.000000s ]
SQL: SELECT * FROM `uio_pro_cate` WHERE ( `cate_id` = 1 ) LIMIT 1   [ RunTime:0.000000s ]
SQL: SELECT * FROM `uio_pro_cate` WHERE ( `uid` = 4 ) AND ( `app_name` = 'wz' ) AND ( `parent_id` = 6 ) ORDER BY `listorder`  [ RunTime:0.001000s ]
NOTIC: [2] Invalid argument supplied for foreach() G:\Web\itshajia\App\Weizhan\Lib\Model\CommonModel.class.php 第 25 行.
SQL: SELECT * FROM `uio_pro_cate` WHERE ( `cate_id` = 1 ) LIMIT 1   [ RunTime:0.001000s ]
SQL: SELECT * FROM `uio_pro_cate` WHERE ( `uid` = 4 ) AND ( `app_name` = 'wz' ) AND ( `parent_id` = 7 ) ORDER BY `listorder`  [ RunTime:0.001000s ]
NOTIC: [2] Invalid argument supplied for foreach() G:\Web\itshajia\App\Weizhan\Lib\Model\CommonModel.class.php 第 25 行.
SQL: SELECT * FROM `uio_pro_cate` WHERE ( `cate_id` = 0 ) LIMIT 1   [ RunTime:0.002000s ]
SQL: SELECT * FROM `uio_pro_cate` WHERE ( `uid` = 4 ) AND ( `app_name` = 'wz' ) AND ( `parent_id` = 2 ) ORDER BY `listorder`  [ RunTime:0.001000s ]
SQL: SELECT * FROM `uio_pro_cate` WHERE ( `cate_id` = 2 ) LIMIT 1   [ RunTime:0.001000s ]
SQL: SELECT * FROM `uio_pro_cate` WHERE ( `uid` = 4 ) AND ( `app_name` = 'wz' ) AND ( `parent_id` = 8 ) ORDER BY `listorder`  [ RunTime:0.001000s ]
NOTIC: [2] Invalid argument supplied for foreach() G:\Web\itshajia\App\Weizhan\Lib\Model\CommonModel.class.php 第 25 行.
SQL: SELECT * FROM `uio_pro_cate` WHERE ( `cate_id` = 2 ) LIMIT 1   [ RunTime:0.001000s ]
SQL: SELECT * FROM `uio_pro_cate` WHERE ( `uid` = 4 ) AND ( `app_name` = 'wz' ) AND ( `parent_id` = 9 ) ORDER BY `listorder`  [ RunTime:0.000000s ]
NOTIC: [2] Invalid argument supplied for foreach() G:\Web\itshajia\App\Weizhan\Lib\Model\CommonModel.class.php 第 25 行.
SQL: SELECT * FROM `uio_pro_cate` WHERE ( `cate_id` = 0 ) LIMIT 1   [ RunTime:0.000000s ]
SQL: SELECT * FROM `uio_pro_cate` WHERE ( `uid` = 4 ) AND ( `app_name` = 'wz' ) AND ( `parent_id` = 3 ) ORDER BY `listorder`  [ RunTime:0.001000s ]
SQL: SELECT * FROM `uio_pro_cate` WHERE ( `cate_id` = 3 ) LIMIT 1   [ RunTime:0.000000s ]
SQL: SELECT * FROM `uio_pro_cate` WHERE ( `uid` = 4 ) AND ( `app_name` = 'wz' ) AND ( `parent_id` = 10 ) ORDER BY `listorder`  [ RunTime:0.001000s ]
NOTIC: [2] Invalid argument supplied for foreach() G:\Web\itshajia\App\Weizhan\Lib\Model\CommonModel.class.php 第 25 行.
SQL: SELECT * FROM `uio_pro_cate` WHERE ( `cate_id` = 3 ) LIMIT 1   [ RunTime:0.000000s ]
SQL: SELECT * FROM `uio_pro_cate` WHERE ( `uid` = 4 ) AND ( `app_name` = 'wz' ) AND ( `parent_id` = 11 ) ORDER BY `listorder`  [ RunTime:0.000000s ]
NOTIC: [2] Invalid argument supplied for foreach() G:\Web\itshajia\App\Weizhan\Lib\Model\CommonModel.class.php 第 25 行.
SQL: SELECT * FROM `uio_pro_cate` WHERE ( `cate_id` = 0 ) LIMIT 1   [ RunTime:0.000000s ]
SQL: SELECT * FROM `uio_pro_cate` WHERE ( `uid` = 4 ) AND ( `app_name` = 'wz' ) AND ( `parent_id` = 4 ) ORDER BY `listorder`  [ RunTime:0.000000s ]
SQL: SELECT * FROM `uio_pro_cate` WHERE ( `cate_id` = 4 ) LIMIT 1   [ RunTime:0.000000s ]
SQL: SELECT * FROM `uio_pro_cate` WHERE ( `uid` = 4 ) AND ( `app_name` = 'wz' ) AND ( `parent_id` = 12 ) ORDER BY `listorder`  [ RunTime:0.001000s ]
NOTIC: [2] Invalid argument supplied for foreach() G:\Web\itshajia\App\Weizhan\Lib\Model\CommonModel.class.php 第 25 行.
SQL: SELECT * FROM `uio_pro_cate` WHERE ( `cate_id` = 4 ) LIMIT 1   [ RunTime:0.000000s ]
SQL: SELECT * FROM `uio_pro_cate` WHERE ( `uid` = 4 ) AND ( `app_name` = 'wz' ) AND ( `parent_id` = 13 ) ORDER BY `listorder`  [ RunTime:0.000000s ]
NOTIC: [2] Invalid argument supplied for foreach() G:\Web\itshajia\App\Weizhan\Lib\Model\CommonModel.class.php 第 25 行.
SQL: SELECT * FROM `uio_pro_cate` WHERE ( `cate_id` = 0 ) LIMIT 1   [ RunTime:0.000000s ]
SQL: SELECT * FROM `uio_pro_cate` WHERE ( `uid` = 4 ) AND ( `app_name` = 'wz' ) AND ( `parent_id` = 5 ) ORDER BY `listorder`  [ RunTime:0.000000s ]
SQL: SELECT * FROM `uio_pro_cate` WHERE ( `cate_id` = 5 ) LIMIT 1   [ RunTime:0.000000s ]
SQL: SELECT * FROM `uio_pro_cate` WHERE ( `uid` = 4 ) AND ( `app_name` = 'wz' ) AND ( `parent_id` = 14 ) ORDER BY `listorder`  [ RunTime:0.000000s ]
NOTIC: [2] Invalid argument supplied for foreach() G:\Web\itshajia\App\Weizhan\Lib\Model\CommonModel.class.php 第 25 行.
SQL: SELECT * FROM `uio_pro_cate` WHERE ( `cate_id` = 5 ) LIMIT 1   [ RunTime:0.001000s ]
SQL: SELECT * FROM `uio_pro_cate` WHERE ( `uid` = 4 ) AND ( `app_name` = 'wz' ) AND ( `parent_id` = 15 ) ORDER BY `listorder`  [ RunTime:0.000000s ]
NOTIC: [2] Invalid argument supplied for foreach() G:\Web\itshajia\App\Weizhan\Lib\Model\CommonModel.class.php 第 25 行.
SQL: SELECT * FROM `uio_pro_cate` WHERE ( `cate_id` = 5 ) LIMIT 1   [ RunTime:0.000000s ]
SQL: SELECT * FROM `uio_pro_cate` WHERE ( `uid` = 4 ) AND ( `app_name` = 'wz' ) AND ( `parent_id` = 16 ) ORDER BY `listorder`  [ RunTime:0.000000s ]
NOTIC: [2] Invalid argument supplied for foreach() G:\Web\itshajia\App\Weizhan\Lib\Model\CommonModel.class.php 第 25 行.
SQL: SELECT * FROM `uio_pro_cate` WHERE ( `cate_id` = 5 ) LIMIT 1   [ RunTime:0.001000s ]
SQL: SELECT * FROM `uio_pro_cate` WHERE ( `uid` = 4 ) AND ( `app_name` = 'wz' ) AND ( `parent_id` = 17 ) ORDER BY `listorder`  [ RunTime:0.000000s ]
NOTIC: [2] Invalid argument supplied for foreach() G:\Web\itshajia\App\Weizhan\Lib\Model\CommonModel.class.php 第 25 行.
INFO: [ view_parse ] --START--
NOTIC: [8] Undefined variable: title G:\Web\itshajia\App\Weizhan\Runtime\Cache\User\d09d00b2ed2ae399f34b559bcf6e85d1.php 第 5 行.
INFO: ParseTemplate Behavior ::run [ RunTime:0.060003s ]
INFO: [ view_parse ] --END-- [ RunTime:0.060003s ]
INFO: [ view_filter ] --START--
INFO: ContentReplace Behavior ::run [ RunTime:0.002000s ]
INFO: TokenBuild Behavior ::run [ RunTime:0.001001s ]
INFO: WriteHtmlCache Behavior ::run [ RunTime:0.001000s ]
INFO: ShowRuntime Behavior ::run [ RunTime:0.001000s ]
INFO: [ view_filter ] --END-- [ RunTime:0.006001s ]
INFO: [ view_end ] --START--
INFO: ShowPageTrace Behavior ::run [ RunTime:0.002000s ]
INFO: [ view_end ] --END-- [ RunTime:0.002000s ]

[ 2014-03-29T22:32:53+08:00 ] 127.0.0.1 /App/Weizhan/index.php?g=User&m=Index&a=pro
INFO: [ app_begin ] --START--
INFO: ReadHtmlCache Behavior ::run [ RunTime:0.001000s ]
INFO: [ app_begin ] --END-- [ RunTime:0.001000s ]
SQL: SHOW COLUMNS FROM `uio_pro` [ RunTime:0.008001s ]
SQL: SHOW COLUMNS FROM `uio_pro_cate` [ RunTime:0.010001s ]
NOTIC: [8] Undefined index: view G:\Web\itshajia\App\Weizhan\Lib\Action\User\IndexAction.class.php 第 403 行.
NOTIC: [8] Undefined index: submit G:\Web\itshajia\App\Weizhan\Lib\Action\User\IndexAction.class.php 第 447 行.
NOTIC: [8] Undefined index: page G:\Web\itshajia\App\Weizhan\Lib\Action\User\IndexAction.class.php 第 465 行.
SQL: SELECT uio_pro.*,uio_pro_cate.cate_name FROM `uio_pro` JOIN uio_pro_cate USING (cate_id) WHERE ( uio_pro.uid = '4' ) AND ( uio_pro.app_name = 'wz' ) ORDER BY `listorder`,`addtime` desc LIMIT 0,10   [ RunTime:0.001000s ]
SQL: SELECT * FROM `uio_pro` WHERE ( `uid` = 4 ) AND ( `app_name` = 'wz' )  [ RunTime:0.001000s ]
INFO: [ view_parse ] --START--
NOTIC: [8] Undefined variable: title G:\Web\itshajia\App\Weizhan\Runtime\Cache\User\d9ec3fe9e7d7a33b6fd644b730b65c4c.php 第 5 行.
INFO: ParseTemplate Behavior ::run [ RunTime:0.039002s ]
INFO: [ view_parse ] --END-- [ RunTime:0.039002s ]
INFO: [ view_filter ] --START--
INFO: ContentReplace Behavior ::run [ RunTime:0.003001s ]
INFO: TokenBuild Behavior ::run [ RunTime:0.001000s ]
INFO: WriteHtmlCache Behavior ::run [ RunTime:0.001000s ]
INFO: ShowRuntime Behavior ::run [ RunTime:0.001000s ]
INFO: [ view_filter ] --END-- [ RunTime:0.006001s ]
INFO: [ view_end ] --START--
INFO: ShowPageTrace Behavior ::run [ RunTime:0.002000s ]
INFO: [ view_end ] --END-- [ RunTime:0.002000s ]

[ 2014-03-29T22:32:55+08:00 ] 127.0.0.1 /App/Weizhan/index.php?g=User&m=Index&a=pro&view=add&pro_id=7
INFO: [ app_begin ] --START--
INFO: ReadHtmlCache Behavior ::run [ RunTime:0.001000s ]
INFO: [ app_begin ] --END-- [ RunTime:0.001000s ]
SQL: SHOW COLUMNS FROM `uio_pro` [ RunTime:0.008001s ]
SQL: SHOW COLUMNS FROM `uio_pro_cate` [ RunTime:0.008000s ]
NOTIC: [8] Undefined index: submit G:\Web\itshajia\App\Weizhan\Lib\Action\User\IndexAction.class.php 第 407 行.
SQL: SELECT * FROM `uio_pro_cate` WHERE ( `uid` = 4 ) AND ( `app_name` = 'wz' ) AND ( `parent_id` = 0 ) ORDER BY `listorder`  [ RunTime:0.000000s ]
SQL: SELECT * FROM `uio_pro_cate` WHERE ( `cate_id` = 0 ) LIMIT 1   [ RunTime:0.000000s ]
SQL: SELECT * FROM `uio_pro_cate` WHERE ( `uid` = 4 ) AND ( `app_name` = 'wz' ) AND ( `parent_id` = 1 ) ORDER BY `listorder`  [ RunTime:0.001000s ]
SQL: SELECT * FROM `uio_pro_cate` WHERE ( `cate_id` = 1 ) LIMIT 1   [ RunTime:0.001000s ]
SQL: SELECT * FROM `uio_pro_cate` WHERE ( `uid` = 4 ) AND ( `app_name` = 'wz' ) AND ( `parent_id` = 6 ) ORDER BY `listorder`  [ RunTime:0.001000s ]
NOTIC: [2] Invalid argument supplied for foreach() G:\Web\itshajia\App\Weizhan\Lib\Model\CommonModel.class.php 第 25 行.
SQL: SELECT * FROM `uio_pro_cate` WHERE ( `cate_id` = 1 ) LIMIT 1   [ RunTime:0.000000s ]
SQL: SELECT * FROM `uio_pro_cate` WHERE ( `uid` = 4 ) AND ( `app_name` = 'wz' ) AND ( `parent_id` = 7 ) ORDER BY `listorder`  [ RunTime:0.001000s ]
NOTIC: [2] Invalid argument supplied for foreach() G:\Web\itshajia\App\Weizhan\Lib\Model\CommonModel.class.php 第 25 行.
SQL: SELECT * FROM `uio_pro_cate` WHERE ( `cate_id` = 0 ) LIMIT 1   [ RunTime:0.000000s ]
SQL: SELECT * FROM `uio_pro_cate` WHERE ( `uid` = 4 ) AND ( `app_name` = 'wz' ) AND ( `parent_id` = 2 ) ORDER BY `listorder`  [ RunTime:0.000000s ]
SQL: SELECT * FROM `uio_pro_cate` WHERE ( `cate_id` = 2 ) LIMIT 1   [ RunTime:0.001000s ]
SQL: SELECT * FROM `uio_pro_cate` WHERE ( `uid` = 4 ) AND ( `app_name` = 'wz' ) AND ( `parent_id` = 8 ) ORDER BY `listorder`  [ RunTime:0.001000s ]
NOTIC: [2] Invalid argument supplied for foreach() G:\Web\itshajia\App\Weizhan\Lib\Model\CommonModel.class.php 第 25 行.
SQL: SELECT * FROM `uio_pro_cate` WHERE ( `cate_id` = 2 ) LIMIT 1   [ RunTime:0.001000s ]
SQL: SELECT * FROM `uio_pro_cate` WHERE ( `uid` = 4 ) AND ( `app_name` = 'wz' ) AND ( `parent_id` = 9 ) ORDER BY `listorder`  [ RunTime:0.001000s ]
NOTIC: [2] Invalid argument supplied for foreach() G:\Web\itshajia\App\Weizhan\Lib\Model\CommonModel.class.php 第 25 行.
SQL: SELECT * FROM `uio_pro_cate` WHERE ( `cate_id` = 0 ) LIMIT 1   [ RunTime:0.000000s ]
SQL: SELECT * FROM `uio_pro_cate` WHERE ( `uid` = 4 ) AND ( `app_name` = 'wz' ) AND ( `parent_id` = 3 ) ORDER BY `listorder`  [ RunTime:0.001000s ]
SQL: SELECT * FROM `uio_pro_cate` WHERE ( `cate_id` = 3 ) LIMIT 1   [ RunTime:0.000000s ]
SQL: SELECT * FROM `uio_pro_cate` WHERE ( `uid` = 4 ) AND ( `app_name` = 'wz' ) AND ( `parent_id` = 10 ) ORDER BY `listorder`  [ RunTime:0.000000s ]
NOTIC: [2] Invalid argument supplied for foreach() G:\Web\itshajia\App\Weizhan\Lib\Model\CommonModel.class.php 第 25 行.
SQL: SELECT * FROM `uio_pro_cate` WHERE ( `cate_id` = 3 ) LIMIT 1   [ RunTime:0.001000s ]
SQL: SELECT * FROM `uio_pro_cate` WHERE ( `uid` = 4 ) AND ( `app_name` = 'wz' ) AND ( `parent_id` = 11 ) ORDER BY `listorder`  [ RunTime:0.000000s ]
NOTIC: [2] Invalid argument supplied for foreach() G:\Web\itshajia\App\Weizhan\Lib\Model\CommonModel.class.php 第 25 行.
SQL: SELECT * FROM `uio_pro_cate` WHERE ( `cate_id` = 0 ) LIMIT 1   [ RunTime:0.000000s ]
SQL: SELECT * FROM `uio_pro_cate` WHERE ( `uid` = 4 ) AND ( `app_name` = 'wz' ) AND ( `parent_id` = 4 ) ORDER BY `listorder`  [ RunTime:0.001000s ]
SQL: SELECT * FROM `uio_pro_cate` WHERE ( `cate_id` = 4 ) LIMIT 1   [ RunTime:0.000000s ]
SQL: SELECT * FROM `uio_pro_cate` WHERE ( `uid` = 4 ) AND ( `app_name` = 'wz' ) AND ( `parent_id` = 12 ) ORDER BY `listorder`  [ RunTime:0.000000s ]
NOTIC: [2] Invalid argument supplied for foreach() G:\Web\itshajia\App\Weizhan\Lib\Model\CommonModel.class.php 第 25 行.
SQL: SELECT * FROM `uio_pro_cate` WHERE ( `cate_id` = 4 ) LIMIT 1   [ RunTime:0.001001s ]
SQL: SELECT * FROM `uio_pro_cate` WHERE ( `uid` = 4 ) AND ( `app_name` = 'wz' ) AND ( `parent_id` = 13 ) ORDER BY `listorder`  [ RunTime:0.000000s ]
NOTIC: [2] Invalid argument supplied for foreach() G:\Web\itshajia\App\Weizhan\Lib\Model\CommonModel.class.php 第 25 行.
SQL: SELECT * FROM `uio_pro_cate` WHERE ( `cate_id` = 0 ) LIMIT 1   [ RunTime:0.000000s ]
SQL: SELECT * FROM `uio_pro_cate` WHERE ( `uid` = 4 ) AND ( `app_name` = 'wz' ) AND ( `parent_id` = 5 ) ORDER BY `listorder`  [ RunTime:0.000000s ]
SQL: SELECT * FROM `uio_pro_cate` WHERE ( `cate_id` = 5 ) LIMIT 1   [ RunTime:0.000000s ]
SQL: SELECT * FROM `uio_pro_cate` WHERE ( `uid` = 4 ) AND ( `app_name` = 'wz' ) AND ( `parent_id` = 14 ) ORDER BY `listorder`  [ RunTime:0.001000s ]
NOTIC: [2] Invalid argument supplied for foreach() G:\Web\itshajia\App\Weizhan\Lib\Model\CommonModel.class.php 第 25 行.
SQL: SELECT * FROM `uio_pro_cate` WHERE ( `cate_id` = 5 ) LIMIT 1   [ RunTime:0.000000s ]
SQL: SELECT * FROM `uio_pro_cate` WHERE ( `uid` = 4 ) AND ( `app_name` = 'wz' ) AND ( `parent_id` = 15 ) ORDER BY `listorder`  [ RunTime:0.000000s ]
NOTIC: [2] Invalid argument supplied for foreach() G:\Web\itshajia\App\Weizhan\Lib\Model\CommonModel.class.php 第 25 行.
SQL: SELECT * FROM `uio_pro_cate` WHERE ( `cate_id` = 5 ) LIMIT 1   [ RunTime:0.000000s ]
SQL: SELECT * FROM `uio_pro_cate` WHERE ( `uid` = 4 ) AND ( `app_name` = 'wz' ) AND ( `parent_id` = 16 ) ORDER BY `listorder`  [ RunTime:0.000000s ]
NOTIC: [2] Invalid argument supplied for foreach() G:\Web\itshajia\App\Weizhan\Lib\Model\CommonModel.class.php 第 25 行.
SQL: SELECT * FROM `uio_pro_cate` WHERE ( `cate_id` = 5 ) LIMIT 1   [ RunTime:0.000000s ]
SQL: SELECT * FROM `uio_pro_cate` WHERE ( `uid` = 4 ) AND ( `app_name` = 'wz' ) AND ( `parent_id` = 17 ) ORDER BY `listorder`  [ RunTime:0.000000s ]
NOTIC: [2] Invalid argument supplied for foreach() G:\Web\itshajia\App\Weizhan\Lib\Model\CommonModel.class.php 第 25 行.
SQL: SELECT * FROM `uio_pro` WHERE ( `uid` = 4 ) AND ( `app_name` = 'wz' ) AND ( `pro_id` = 7 ) LIMIT 1   [ RunTime:0.001000s ]
INFO: [ view_parse ] --START--
NOTIC: [8] Undefined variable: title G:\Web\itshajia\App\Weizhan\Runtime\Cache\User\71f8861306191649b99db2d0491b1459.php 第 5 行.
INFO: ParseTemplate Behavior ::run [ RunTime:0.092005s ]
INFO: [ view_parse ] --END-- [ RunTime:0.092005s ]
INFO: [ view_filter ] --START--
INFO: ContentReplace Behavior ::run [ RunTime:0.003001s ]
INFO: TokenBuild Behavior ::run [ RunTime:0.002000s ]
INFO: WriteHtmlCache Behavior ::run [ RunTime:0.001000s ]
INFO: ShowRuntime Behavior ::run [ RunTime:0.001000s ]
INFO: [ view_filter ] --END-- [ RunTime:0.007001s ]
INFO: [ view_end ] --START--
INFO: ShowPageTrace Behavior ::run [ RunTime:0.002000s ]
INFO: [ view_end ] --END-- [ RunTime:0.002000s ]

