[ 2014-03-20T18:54:59+08:00 ] 127.0.0.1 /App/Weizhan/index.php?g=User
INFO: [ app_begin ] --START--
INFO: ReadHtmlCache Behavior ::run [ RunTime:0.001000s ]
INFO: [ app_begin ] --END-- [ RunTime:0.001000s ]
SQL: SHOW COLUMNS FROM `uio_app_wz` [ RunTime:0.049003s ]
NOTIC: [8] Undefined index: submit G:\Web\itshajia\App\Weizhan\Lib\Action\User\IndexAction.class.php 第 15 行.
SQL: SELECT * FROM `uio_app_wz` WHERE ( `uid` = 4 ) LIMIT 1   [ RunTime:0.001000s ]
INFO: [ view_parse ] --START--
NOTIC: [8] Undefined variable: title G:\Web\itshajia\App\Weizhan\Runtime\Cache\User\fb3e7a3a64a2caca050c3f8246a5534b.php 第 5 行.
INFO: ParseTemplate Behavior ::run [ RunTime:0.063003s ]
INFO: [ view_parse ] --END-- [ RunTime:0.064003s ]
INFO: [ view_filter ] --START--
INFO: ContentReplace Behavior ::run [ RunTime:0.003001s ]
INFO: TokenBuild Behavior ::run [ RunTime:0.001000s ]
INFO: WriteHtmlCache Behavior ::run [ RunTime:0.002000s ]
INFO: ShowRuntime Behavior ::run [ RunTime:0.001000s ]
INFO: [ view_filter ] --END-- [ RunTime:0.007001s ]
INFO: [ view_end ] --START--
INFO: ShowPageTrace Behavior ::run [ RunTime:0.002000s ]
INFO: [ view_end ] --END-- [ RunTime:0.002000s ]

[ 2014-03-20T19:36:02+08:00 ] 127.0.0.1 /App/Weizhan/index.php?g=User
INFO: [ app_begin ] --START--
INFO: ReadHtmlCache Behavior ::run [ RunTime:0.001000s ]
INFO: [ app_begin ] --END-- [ RunTime:0.002001s ]
SQL: SHOW COLUMNS FROM `uio_app_wz` [ RunTime:0.024001s ]
NOTIC: [8] Undefined index: submit G:\Web\itshajia\App\Weizhan\Lib\Action\User\IndexAction.class.php 第 15 行.
SQL: SELECT * FROM `uio_app_wz` WHERE ( `uid` = 4 ) LIMIT 1   [ RunTime:0.001000s ]
INFO: [ view_parse ] --START--
NOTIC: [8] Undefined variable: title G:\Web\itshajia\App\Weizhan\Runtime\Cache\User\fb3e7a3a64a2caca050c3f8246a5534b.php 第 5 行.
INFO: ParseTemplate Behavior ::run [ RunTime:0.040003s ]
INFO: [ view_parse ] --END-- [ RunTime:0.041003s ]
INFO: [ view_filter ] --START--
INFO: ContentReplace Behavior ::run [ RunTime:0.003000s ]
INFO: TokenBuild Behavior ::run [ RunTime:0.001000s ]
INFO: WriteHtmlCache Behavior ::run [ RunTime:0.002000s ]
INFO: ShowRuntime Behavior ::run [ RunTime:0.002000s ]
INFO: [ view_filter ] --END-- [ RunTime:0.008000s ]
INFO: [ view_end ] --START--
INFO: ShowPageTrace Behavior ::run [ RunTime:0.002000s ]
INFO: [ view_end ] --END-- [ RunTime:0.002000s ]

[ 2014-03-20T19:36:41+08:00 ] 127.0.0.1 /App/Weizhan/index.php?g=User
INFO: [ app_begin ] --START--
INFO: ReadHtmlCache Behavior ::run [ RunTime:0.001000s ]
INFO: [ app_begin ] --END-- [ RunTime:0.001000s ]
SQL: SHOW COLUMNS FROM `uio_app_wz` [ RunTime:0.008001s ]
NOTIC: [8] Undefined index: submit G:\Web\itshajia\App\Weizhan\Lib\Action\User\IndexAction.class.php 第 15 行.
SQL: SELECT * FROM `uio_app_wz` WHERE ( `uid` = 4 ) LIMIT 1   [ RunTime:0.000000s ]
INFO: [ view_parse ] --START--
NOTIC: [8] Undefined variable: title G:\Web\itshajia\App\Weizhan\Runtime\Cache\User\fb3e7a3a64a2caca050c3f8246a5534b.php 第 5 行.
INFO: ParseTemplate Behavior ::run [ RunTime:0.030001s ]
INFO: [ view_parse ] --END-- [ RunTime:0.030001s ]
INFO: [ view_filter ] --START--
INFO: ContentReplace Behavior ::run [ RunTime:0.003001s ]
INFO: TokenBuild Behavior ::run [ RunTime:0.001000s ]
INFO: WriteHtmlCache Behavior ::run [ RunTime:0.001000s ]
INFO: ShowRuntime Behavior ::run [ RunTime:0.003000s ]
INFO: [ view_filter ] --END-- [ RunTime:0.008001s ]
INFO: [ view_end ] --START--
INFO: ShowPageTrace Behavior ::run [ RunTime:0.002000s ]
INFO: [ view_end ] --END-- [ RunTime:0.002000s ]

[ 2014-03-20T19:40:25+08:00 ] 127.0.0.1 /App/Weizhan/index.php?g=User
INFO: [ app_begin ] --START--
INFO: ReadHtmlCache Behavior ::run [ RunTime:0.003000s ]
INFO: [ app_begin ] --END-- [ RunTime:0.003000s ]
SQL: SHOW COLUMNS FROM `uio_app_wz` [ RunTime:0.013000s ]
NOTIC: [8] Undefined index: submit G:\Web\itshajia\App\Weizhan\Lib\Action\User\IndexAction.class.php 第 15 行.
SQL: SELECT * FROM `uio_app_wz` WHERE ( `uid` = 4 ) LIMIT 1   [ RunTime:0.001001s ]
INFO: [ view_parse ] --START--
NOTIC: [8] Undefined variable: title G:\Web\itshajia\App\Weizhan\Runtime\Cache\User\fb3e7a3a64a2caca050c3f8246a5534b.php 第 5 行.
INFO: ParseTemplate Behavior ::run [ RunTime:0.095005s ]
INFO: [ view_parse ] --END-- [ RunTime:0.095005s ]
INFO: [ view_filter ] --START--
INFO: ContentReplace Behavior ::run [ RunTime:0.002000s ]
INFO: TokenBuild Behavior ::run [ RunTime:0.002000s ]
INFO: WriteHtmlCache Behavior ::run [ RunTime:0.002000s ]
INFO: ShowRuntime Behavior ::run [ RunTime:0.002001s ]
INFO: [ view_filter ] --END-- [ RunTime:0.008001s ]
INFO: [ view_end ] --START--
INFO: ShowPageTrace Behavior ::run [ RunTime:0.005000s ]
INFO: [ view_end ] --END-- [ RunTime:0.005000s ]

[ 2014-03-20T19:40:32+08:00 ] 127.0.0.1 /App/Weizhan/index.php?g=User&m=Index&a=column
INFO: [ app_begin ] --START--
INFO: ReadHtmlCache Behavior ::run [ RunTime:0.001000s ]
INFO: [ app_begin ] --END-- [ RunTime:0.001000s ]
SQL: SHOW COLUMNS FROM `uio_column` [ RunTime:0.052003s ]
NOTIC: [8] Undefined index: submit G:\Web\itshajia\App\Weizhan\Lib\Action\User\IndexAction.class.php 第 66 行.
SQL: SELECT * FROM `uio_column` WHERE ( `uid` = 4 ) AND ( `is_sys` = 1 ) AND ( `app_name` = 'wz' ) ORDER BY `sort`  [ RunTime:0.077004s ]
SQL: SELECT * FROM `uio_column` WHERE ( `uid` = 4 ) AND ( `is_sys` = 0 ) AND ( `app_name` = 'wz' ) ORDER BY `sort`  [ RunTime:0.001000s ]
INFO: [ view_parse ] --START--
NOTIC: [8] Undefined variable: title G:\Web\itshajia\App\Weizhan\Runtime\Cache\User\347f6273df647ffe1f18bfdb6aa384f0.php 第 5 行.
INFO: ParseTemplate Behavior ::run [ RunTime:0.081005s ]
INFO: [ view_parse ] --END-- [ RunTime:0.081005s ]
INFO: [ view_filter ] --START--
INFO: ContentReplace Behavior ::run [ RunTime:0.003000s ]
INFO: TokenBuild Behavior ::run [ RunTime:0.002000s ]
INFO: WriteHtmlCache Behavior ::run [ RunTime:0.004001s ]
INFO: ShowRuntime Behavior ::run [ RunTime:0.002000s ]
INFO: [ view_filter ] --END-- [ RunTime:0.011001s ]
INFO: [ view_end ] --START--
INFO: ShowPageTrace Behavior ::run [ RunTime:0.003000s ]
INFO: [ view_end ] --END-- [ RunTime:0.003000s ]

[ 2014-03-20T21:01:15+08:00 ] 127.0.0.1 /App/Weizhan/index.php?g=User&m=Index&a=basic
INFO: [ app_begin ] --START--
INFO: ReadHtmlCache Behavior ::run [ RunTime:0.003000s ]
INFO: [ app_begin ] --END-- [ RunTime:0.003000s ]
SQL: SHOW COLUMNS FROM `uio_app_wz` [ RunTime:0.009001s ]
NOTIC: [8] Undefined index: submit G:\Web\itshajia\App\Weizhan\Lib\Action\User\IndexAction.class.php 第 15 行.
SQL: SELECT * FROM `uio_app_wz` WHERE ( `uid` = 4 ) LIMIT 1   [ RunTime:0.000000s ]
INFO: [ view_parse ] --START--
NOTIC: [8] Undefined variable: title G:\Web\itshajia\App\Weizhan\Runtime\Cache\User\fb3e7a3a64a2caca050c3f8246a5534b.php 第 5 行.
INFO: ParseTemplate Behavior ::run [ RunTime:0.031002s ]
INFO: [ view_parse ] --END-- [ RunTime:0.031002s ]
INFO: [ view_filter ] --START--
INFO: ContentReplace Behavior ::run [ RunTime:0.002000s ]
INFO: TokenBuild Behavior ::run [ RunTime:0.003000s ]
INFO: WriteHtmlCache Behavior ::run [ RunTime:0.002000s ]
INFO: ShowRuntime Behavior ::run [ RunTime:0.003000s ]
INFO: [ view_filter ] --END-- [ RunTime:0.011000s ]
INFO: [ view_end ] --START--
INFO: ShowPageTrace Behavior ::run [ RunTime:0.003001s ]
INFO: [ view_end ] --END-- [ RunTime:0.003001s ]

[ 2014-03-20T21:06:06+08:00 ] 127.0.0.1 /App/Weizhan/index.php?g=User&m=Index&a=column
INFO: [ app_begin ] --START--
INFO: ReadHtmlCache Behavior ::run [ RunTime:0.004000s ]
INFO: [ app_begin ] --END-- [ RunTime:0.004000s ]
SQL: SHOW COLUMNS FROM `uio_column` [ RunTime:0.023001s ]
NOTIC: [8] Undefined index: submit G:\Web\itshajia\App\Weizhan\Lib\Action\User\IndexAction.class.php 第 66 行.
SQL: SELECT * FROM `uio_column` WHERE ( `uid` = 4 ) AND ( `is_sys` = 1 ) AND ( `app_name` = 'wz' ) ORDER BY `sort`  [ RunTime:0.002001s ]
SQL: SELECT * FROM `uio_column` WHERE ( `uid` = 4 ) AND ( `is_sys` = 0 ) AND ( `app_name` = 'wz' ) ORDER BY `sort`  [ RunTime:0.001000s ]
INFO: [ view_parse ] --START--
NOTIC: [8] Undefined variable: title G:\Web\itshajia\App\Weizhan\Runtime\Cache\User\347f6273df647ffe1f18bfdb6aa384f0.php 第 5 行.
INFO: ParseTemplate Behavior ::run [ RunTime:0.059003s ]
INFO: [ view_parse ] --END-- [ RunTime:0.059003s ]
INFO: [ view_filter ] --START--
INFO: ContentReplace Behavior ::run [ RunTime:0.003000s ]
INFO: TokenBuild Behavior ::run [ RunTime:0.002000s ]
INFO: WriteHtmlCache Behavior ::run [ RunTime:0.002001s ]
INFO: ShowRuntime Behavior ::run [ RunTime:0.002000s ]
INFO: [ view_filter ] --END-- [ RunTime:0.009001s ]
INFO: [ view_end ] --START--
INFO: ShowPageTrace Behavior ::run [ RunTime:0.004000s ]
INFO: [ view_end ] --END-- [ RunTime:0.004000s ]

[ 2014-03-20T21:15:15+08:00 ] 127.0.0.1 /App/Weizhan/index.php?g=User&m=Index&a=column
INFO: [ app_begin ] --START--
INFO: ReadHtmlCache Behavior ::run [ RunTime:0.003000s ]
INFO: [ app_begin ] --END-- [ RunTime:0.004000s ]
SQL: SHOW COLUMNS FROM `uio_column` [ RunTime:0.011001s ]
NOTIC: [8] Undefined index: submit G:\Web\itshajia\App\Weizhan\Lib\Action\User\IndexAction.class.php 第 66 行.
SQL: SELECT * FROM `uio_column` WHERE ( `uid` = 4 ) AND ( `is_sys` = 1 ) AND ( `app_name` = 'wz' ) ORDER BY `sort`  [ RunTime:0.001000s ]
SQL: SELECT * FROM `uio_column` WHERE ( `uid` = 4 ) AND ( `is_sys` = 0 ) AND ( `app_name` = 'wz' ) ORDER BY `sort`  [ RunTime:0.001000s ]
INFO: [ view_parse ] --START--
NOTIC: [8] Undefined variable: title G:\Web\itshajia\App\Weizhan\Runtime\Cache\User\347f6273df647ffe1f18bfdb6aa384f0.php 第 5 行.
INFO: ParseTemplate Behavior ::run [ RunTime:0.035002s ]
INFO: [ view_parse ] --END-- [ RunTime:0.035002s ]
INFO: [ view_filter ] --START--
INFO: ContentReplace Behavior ::run [ RunTime:0.002000s ]
INFO: TokenBuild Behavior ::run [ RunTime:0.003000s ]
INFO: WriteHtmlCache Behavior ::run [ RunTime:0.003000s ]
INFO: ShowRuntime Behavior ::run [ RunTime:0.002000s ]
INFO: [ view_filter ] --END-- [ RunTime:0.010000s ]
INFO: [ view_end ] --START--
INFO: ShowPageTrace Behavior ::run [ RunTime:0.002000s ]
INFO: [ view_end ] --END-- [ RunTime:0.002000s ]

[ 2014-03-20T21:15:47+08:00 ] 127.0.0.1 /App/Weizhan/index.php?g=User&m=Index&a=column
INFO: [ app_begin ] --START--
INFO: ReadHtmlCache Behavior ::run [ RunTime:0.001000s ]
INFO: [ app_begin ] --END-- [ RunTime:0.001000s ]
SQL: SHOW COLUMNS FROM `uio_column` [ RunTime:0.008001s ]
NOTIC: [8] Undefined index: submit G:\Web\itshajia\App\Weizhan\Lib\Action\User\IndexAction.class.php 第 66 行.
SQL: SELECT * FROM `uio_column` WHERE ( `uid` = 4 ) AND ( `is_sys` = 1 ) AND ( `app_name` = 'wz' ) ORDER BY `sort`  [ RunTime:0.001000s ]
SQL: SELECT * FROM `uio_column` WHERE ( `uid` = 4 ) AND ( `is_sys` = 0 ) AND ( `app_name` = 'wz' ) ORDER BY `sort`  [ RunTime:0.001000s ]
INFO: [ view_parse ] --START--
NOTIC: [8] Undefined variable: title G:\Web\itshajia\App\Weizhan\Runtime\Cache\User\347f6273df647ffe1f18bfdb6aa384f0.php 第 5 行.
INFO: ParseTemplate Behavior ::run [ RunTime:0.068004s ]
INFO: [ view_parse ] --END-- [ RunTime:0.068004s ]
INFO: [ view_filter ] --START--
INFO: ContentReplace Behavior ::run [ RunTime:0.003000s ]
INFO: TokenBuild Behavior ::run [ RunTime:0.002001s ]
INFO: WriteHtmlCache Behavior ::run [ RunTime:0.002000s ]
INFO: ShowRuntime Behavior ::run [ RunTime:0.002000s ]
INFO: [ view_filter ] --END-- [ RunTime:0.010001s ]
INFO: [ view_end ] --START--
INFO: ShowPageTrace Behavior ::run [ RunTime:0.010000s ]
INFO: [ view_end ] --END-- [ RunTime:0.010000s ]

[ 2014-03-20T21:16:09+08:00 ] 127.0.0.1 /App/Weizhan/index.php?g=User&m=Index&a=column
INFO: [ app_begin ] --START--
INFO: ReadHtmlCache Behavior ::run [ RunTime:0.004000s ]
INFO: [ app_begin ] --END-- [ RunTime:0.004000s ]
SQL: SHOW COLUMNS FROM `uio_column` [ RunTime:0.009001s ]
NOTIC: [8] Undefined index: submit G:\Web\itshajia\App\Weizhan\Lib\Action\User\IndexAction.class.php 第 66 行.
SQL: SELECT * FROM `uio_column` WHERE ( `uid` = 4 ) AND ( `is_sys` = 1 ) AND ( `app_name` = 'wz' ) ORDER BY `sort`  [ RunTime:0.006000s ]
SQL: SELECT * FROM `uio_column` WHERE ( `uid` = 4 ) AND ( `is_sys` = 0 ) AND ( `app_name` = 'wz' ) ORDER BY `sort`  [ RunTime:0.000000s ]
INFO: [ view_parse ] --START--
NOTIC: [8] Undefined variable: title G:\Web\itshajia\App\Weizhan\Runtime\Cache\User\347f6273df647ffe1f18bfdb6aa384f0.php 第 5 行.
INFO: ParseTemplate Behavior ::run [ RunTime:0.040003s ]
INFO: [ view_parse ] --END-- [ RunTime:0.040003s ]
INFO: [ view_filter ] --START--
INFO: ContentReplace Behavior ::run [ RunTime:0.004000s ]
INFO: TokenBuild Behavior ::run [ RunTime:0.002000s ]
INFO: WriteHtmlCache Behavior ::run [ RunTime:0.002000s ]
INFO: ShowRuntime Behavior ::run [ RunTime:0.001000s ]
INFO: [ view_filter ] --END-- [ RunTime:0.010000s ]
INFO: [ view_end ] --START--
INFO: ShowPageTrace Behavior ::run [ RunTime:0.003001s ]
INFO: [ view_end ] --END-- [ RunTime:0.004001s ]

[ 2014-03-20T21:16:46+08:00 ] 127.0.0.1 /App/Weizhan/index.php?g=User&m=Index&a=basic
INFO: [ app_begin ] --START--
INFO: ReadHtmlCache Behavior ::run [ RunTime:0.002000s ]
INFO: [ app_begin ] --END-- [ RunTime:0.002000s ]
SQL: SHOW COLUMNS FROM `uio_app_wz` [ RunTime:0.008000s ]
NOTIC: [8] Undefined index: submit G:\Web\itshajia\App\Weizhan\Lib\Action\User\IndexAction.class.php 第 15 行.
SQL: SELECT * FROM `uio_app_wz` WHERE ( `uid` = 4 ) LIMIT 1   [ RunTime:0.001000s ]
INFO: [ view_parse ] --START--
NOTIC: [8] Undefined variable: title G:\Web\itshajia\App\Weizhan\Runtime\Cache\User\fb3e7a3a64a2caca050c3f8246a5534b.php 第 5 行.
INFO: ParseTemplate Behavior ::run [ RunTime:0.030002s ]
INFO: [ view_parse ] --END-- [ RunTime:0.030002s ]
INFO: [ view_filter ] --START--
INFO: ContentReplace Behavior ::run [ RunTime:0.002000s ]
INFO: TokenBuild Behavior ::run [ RunTime:0.001000s ]
INFO: WriteHtmlCache Behavior ::run [ RunTime:0.002000s ]
INFO: ShowRuntime Behavior ::run [ RunTime:0.001000s ]
INFO: [ view_filter ] --END-- [ RunTime:0.006000s ]
INFO: [ view_end ] --START--
INFO: ShowPageTrace Behavior ::run [ RunTime:0.004001s ]
INFO: [ view_end ] --END-- [ RunTime:0.004001s ]

[ 2014-03-20T21:16:49+08:00 ] 127.0.0.1 /App/Weizhan/index.php?g=User&m=Index&a=basic
INFO: [ app_begin ] --START--
INFO: ReadHtmlCache Behavior ::run [ RunTime:0.002000s ]
INFO: [ app_begin ] --END-- [ RunTime:0.002000s ]
SQL: SHOW COLUMNS FROM `uio_app_wz` [ RunTime:0.013001s ]
NOTIC: [8] Undefined index: submit G:\Web\itshajia\App\Weizhan\Lib\Action\User\IndexAction.class.php 第 15 行.
SQL: SELECT * FROM `uio_app_wz` WHERE ( `uid` = 4 ) LIMIT 1   [ RunTime:0.004000s ]
INFO: [ view_parse ] --START--
NOTIC: [8] Undefined variable: title G:\Web\itshajia\App\Weizhan\Runtime\Cache\User\fb3e7a3a64a2caca050c3f8246a5534b.php 第 5 行.
INFO: ParseTemplate Behavior ::run [ RunTime:0.037003s ]
INFO: [ view_parse ] --END-- [ RunTime:0.038003s ]
INFO: [ view_filter ] --START--
INFO: ContentReplace Behavior ::run [ RunTime:0.003000s ]
INFO: TokenBuild Behavior ::run [ RunTime:0.002000s ]
INFO: WriteHtmlCache Behavior ::run [ RunTime:0.002000s ]
INFO: ShowRuntime Behavior ::run [ RunTime:0.001000s ]
INFO: [ view_filter ] --END-- [ RunTime:0.008000s ]
INFO: [ view_end ] --START--
INFO: ShowPageTrace Behavior ::run [ RunTime:0.004000s ]
INFO: [ view_end ] --END-- [ RunTime:0.004000s ]

[ 2014-03-20T21:19:20+08:00 ] 127.0.0.1 /App/Weizhan/index.php?g=User&m=Index&a=column
INFO: [ app_begin ] --START--
INFO: ReadHtmlCache Behavior ::run [ RunTime:0.003000s ]
INFO: [ app_begin ] --END-- [ RunTime:0.003000s ]
SQL: SHOW COLUMNS FROM `uio_column` [ RunTime:0.009001s ]
NOTIC: [8] Undefined index: submit G:\Web\itshajia\App\Weizhan\Lib\Action\User\IndexAction.class.php 第 66 行.
SQL: SELECT * FROM `uio_column` WHERE ( `uid` = 4 ) AND ( `is_sys` = 1 ) AND ( `app_name` = 'wz' ) ORDER BY `sort`  [ RunTime:0.001000s ]
SQL: SELECT * FROM `uio_column` WHERE ( `uid` = 4 ) AND ( `is_sys` = 0 ) AND ( `app_name` = 'wz' ) ORDER BY `sort`  [ RunTime:0.001000s ]
INFO: [ view_parse ] --START--
NOTIC: [8] Undefined variable: title G:\Web\itshajia\App\Weizhan\Runtime\Cache\User\347f6273df647ffe1f18bfdb6aa384f0.php 第 5 行.
INFO: ParseTemplate Behavior ::run [ RunTime:0.036002s ]
INFO: [ view_parse ] --END-- [ RunTime:0.036002s ]
INFO: [ view_filter ] --START--
INFO: ContentReplace Behavior ::run [ RunTime:0.003000s ]
INFO: TokenBuild Behavior ::run [ RunTime:0.003000s ]
INFO: WriteHtmlCache Behavior ::run [ RunTime:0.002000s ]
INFO: ShowRuntime Behavior ::run [ RunTime:0.003001s ]
INFO: [ view_filter ] --END-- [ RunTime:0.012001s ]
INFO: [ view_end ] --START--
INFO: ShowPageTrace Behavior ::run [ RunTime:0.004000s ]
INFO: [ view_end ] --END-- [ RunTime:0.005000s ]

[ 2014-03-20T21:19:24+08:00 ] 127.0.0.1 /App/Weizhan/index.php?g=User&m=Index&a=column
INFO: [ app_begin ] --START--
INFO: ReadHtmlCache Behavior ::run [ RunTime:0.003000s ]
INFO: [ app_begin ] --END-- [ RunTime:0.003000s ]
SQL: SHOW COLUMNS FROM `uio_column` [ RunTime:0.009001s ]
NOTIC: [8] Undefined index: submit G:\Web\itshajia\App\Weizhan\Lib\Action\User\IndexAction.class.php 第 66 行.
SQL: SELECT * FROM `uio_column` WHERE ( `uid` = 4 ) AND ( `is_sys` = 1 ) AND ( `app_name` = 'wz' ) ORDER BY `sort`  [ RunTime:0.001000s ]
SQL: SELECT * FROM `uio_column` WHERE ( `uid` = 4 ) AND ( `is_sys` = 0 ) AND ( `app_name` = 'wz' ) ORDER BY `sort`  [ RunTime:0.001000s ]
INFO: [ view_parse ] --START--
NOTIC: [8] Undefined variable: title G:\Web\itshajia\App\Weizhan\Runtime\Cache\User\347f6273df647ffe1f18bfdb6aa384f0.php 第 5 行.
INFO: ParseTemplate Behavior ::run [ RunTime:0.035002s ]
INFO: [ view_parse ] --END-- [ RunTime:0.035002s ]
INFO: [ view_filter ] --START--
INFO: ContentReplace Behavior ::run [ RunTime:0.005001s ]
INFO: TokenBuild Behavior ::run [ RunTime:0.002000s ]
INFO: WriteHtmlCache Behavior ::run [ RunTime:0.002000s ]
INFO: ShowRuntime Behavior ::run [ RunTime:0.003000s ]
INFO: [ view_filter ] --END-- [ RunTime:0.012001s ]
INFO: [ view_end ] --START--
INFO: ShowPageTrace Behavior ::run [ RunTime:0.007000s ]
INFO: [ view_end ] --END-- [ RunTime:0.007000s ]

[ 2014-03-20T21:19:25+08:00 ] 127.0.0.1 /App/Weizhan/index.php?g=User&m=Index&a=column
INFO: [ app_begin ] --START--
INFO: ReadHtmlCache Behavior ::run [ RunTime:0.001000s ]
INFO: [ app_begin ] --END-- [ RunTime:0.001000s ]
SQL: SHOW COLUMNS FROM `uio_column` [ RunTime:0.008000s ]
NOTIC: [8] Undefined index: submit G:\Web\itshajia\App\Weizhan\Lib\Action\User\IndexAction.class.php 第 66 行.
SQL: SELECT * FROM `uio_column` WHERE ( `uid` = 4 ) AND ( `is_sys` = 1 ) AND ( `app_name` = 'wz' ) ORDER BY `sort`  [ RunTime:0.001000s ]
SQL: SELECT * FROM `uio_column` WHERE ( `uid` = 4 ) AND ( `is_sys` = 0 ) AND ( `app_name` = 'wz' ) ORDER BY `sort`  [ RunTime:0.000000s ]
INFO: [ view_parse ] --START--
NOTIC: [8] Undefined variable: title G:\Web\itshajia\App\Weizhan\Runtime\Cache\User\347f6273df647ffe1f18bfdb6aa384f0.php 第 5 行.
INFO: ParseTemplate Behavior ::run [ RunTime:0.043003s ]
INFO: [ view_parse ] --END-- [ RunTime:0.043003s ]
INFO: [ view_filter ] --START--
INFO: ContentReplace Behavior ::run [ RunTime:0.020001s ]
INFO: TokenBuild Behavior ::run [ RunTime:0.009000s ]
INFO: WriteHtmlCache Behavior ::run [ RunTime:0.005001s ]
INFO: ShowRuntime Behavior ::run [ RunTime:0.003000s ]
INFO: [ view_filter ] --END-- [ RunTime:0.037002s ]
INFO: [ view_end ] --START--
INFO: ShowPageTrace Behavior ::run [ RunTime:0.003000s ]
INFO: [ view_end ] --END-- [ RunTime:0.003000s ]

[ 2014-03-20T21:19:25+08:00 ] 127.0.0.1 /App/Weizhan/index.php?g=User&m=Index&a=column
INFO: [ app_begin ] --START--
INFO: ReadHtmlCache Behavior ::run [ RunTime:0.003000s ]
INFO: [ app_begin ] --END-- [ RunTime:0.003000s ]
SQL: SHOW COLUMNS FROM `uio_column` [ RunTime:0.010000s ]
NOTIC: [8] Undefined index: submit G:\Web\itshajia\App\Weizhan\Lib\Action\User\IndexAction.class.php 第 66 行.
SQL: SELECT * FROM `uio_column` WHERE ( `uid` = 4 ) AND ( `is_sys` = 1 ) AND ( `app_name` = 'wz' ) ORDER BY `sort`  [ RunTime:0.001000s ]
SQL: SELECT * FROM `uio_column` WHERE ( `uid` = 4 ) AND ( `is_sys` = 0 ) AND ( `app_name` = 'wz' ) ORDER BY `sort`  [ RunTime:0.000000s ]
INFO: [ view_parse ] --START--
NOTIC: [8] Undefined variable: title G:\Web\itshajia\App\Weizhan\Runtime\Cache\User\347f6273df647ffe1f18bfdb6aa384f0.php 第 5 行.
INFO: ParseTemplate Behavior ::run [ RunTime:0.026002s ]
INFO: [ view_parse ] --END-- [ RunTime:0.026002s ]
INFO: [ view_filter ] --START--
INFO: ContentReplace Behavior ::run [ RunTime:0.002000s ]
INFO: TokenBuild Behavior ::run [ RunTime:0.001000s ]
INFO: WriteHtmlCache Behavior ::run [ RunTime:0.002000s ]
INFO: ShowRuntime Behavior ::run [ RunTime:0.001000s ]
INFO: [ view_filter ] --END-- [ RunTime:0.006000s ]
INFO: [ view_end ] --START--
INFO: ShowPageTrace Behavior ::run [ RunTime:0.002000s ]
INFO: [ view_end ] --END-- [ RunTime:0.002000s ]

[ 2014-03-20T21:19:26+08:00 ] 127.0.0.1 /App/Weizhan/index.php?g=User&m=Index&a=column
INFO: [ app_begin ] --START--
INFO: ReadHtmlCache Behavior ::run [ RunTime:0.002000s ]
INFO: [ app_begin ] --END-- [ RunTime:0.002000s ]
SQL: SHOW COLUMNS FROM `uio_column` [ RunTime:0.010000s ]
NOTIC: [8] Undefined index: submit G:\Web\itshajia\App\Weizhan\Lib\Action\User\IndexAction.class.php 第 66 行.
SQL: SELECT * FROM `uio_column` WHERE ( `uid` = 4 ) AND ( `is_sys` = 1 ) AND ( `app_name` = 'wz' ) ORDER BY `sort`  [ RunTime:0.002000s ]
SQL: SELECT * FROM `uio_column` WHERE ( `uid` = 4 ) AND ( `is_sys` = 0 ) AND ( `app_name` = 'wz' ) ORDER BY `sort`  [ RunTime:0.002001s ]
INFO: [ view_parse ] --START--
NOTIC: [8] Undefined variable: title G:\Web\itshajia\App\Weizhan\Runtime\Cache\User\347f6273df647ffe1f18bfdb6aa384f0.php 第 5 行.
INFO: ParseTemplate Behavior ::run [ RunTime:0.099005s ]
INFO: [ view_parse ] --END-- [ RunTime:0.099005s ]
INFO: [ view_filter ] --START--
INFO: ContentReplace Behavior ::run [ RunTime:0.001000s ]
INFO: TokenBuild Behavior ::run [ RunTime:0.002000s ]
INFO: WriteHtmlCache Behavior ::run [ RunTime:0.001001s ]
INFO: ShowRuntime Behavior ::run [ RunTime:0.001000s ]
INFO: [ view_filter ] --END-- [ RunTime:0.005001s ]
INFO: [ view_end ] --START--
INFO: ShowPageTrace Behavior ::run [ RunTime:0.003000s ]
INFO: [ view_end ] --END-- [ RunTime:0.004000s ]

[ 2014-03-20T21:19:26+08:00 ] 127.0.0.1 /App/Weizhan/index.php?g=User&m=Index&a=column
INFO: [ app_begin ] --START--
INFO: ReadHtmlCache Behavior ::run [ RunTime:0.003000s ]
INFO: [ app_begin ] --END-- [ RunTime:0.003000s ]
SQL: SHOW COLUMNS FROM `uio_column` [ RunTime:0.010000s ]
NOTIC: [8] Undefined index: submit G:\Web\itshajia\App\Weizhan\Lib\Action\User\IndexAction.class.php 第 66 行.
SQL: SELECT * FROM `uio_column` WHERE ( `uid` = 4 ) AND ( `is_sys` = 1 ) AND ( `app_name` = 'wz' ) ORDER BY `sort`  [ RunTime:0.001000s ]
SQL: SELECT * FROM `uio_column` WHERE ( `uid` = 4 ) AND ( `is_sys` = 0 ) AND ( `app_name` = 'wz' ) ORDER BY `sort`  [ RunTime:0.001000s ]
INFO: [ view_parse ] --START--
NOTIC: [8] Undefined variable: title G:\Web\itshajia\App\Weizhan\Runtime\Cache\User\347f6273df647ffe1f18bfdb6aa384f0.php 第 5 行.
INFO: ParseTemplate Behavior ::run [ RunTime:0.041002s ]
INFO: [ view_parse ] --END-- [ RunTime:0.041002s ]
INFO: [ view_filter ] --START--
INFO: ContentReplace Behavior ::run [ RunTime:0.003000s ]
INFO: TokenBuild Behavior ::run [ RunTime:0.003000s ]
INFO: WriteHtmlCache Behavior ::run [ RunTime:0.003000s ]
INFO: ShowRuntime Behavior ::run [ RunTime:0.002000s ]
INFO: [ view_filter ] --END-- [ RunTime:0.018001s ]
INFO: [ view_end ] --START--
INFO: ShowPageTrace Behavior ::run [ RunTime:0.003000s ]
INFO: [ view_end ] --END-- [ RunTime:0.003000s ]

[ 2014-03-20T21:19:26+08:00 ] 127.0.0.1 /App/Weizhan/index.php?g=User&m=Index&a=column
INFO: [ app_begin ] --START--
INFO: ReadHtmlCache Behavior ::run [ RunTime:0.003000s ]
INFO: [ app_begin ] --END-- [ RunTime:0.003000s ]
SQL: SHOW COLUMNS FROM `uio_column` [ RunTime:0.011000s ]
NOTIC: [8] Undefined index: submit G:\Web\itshajia\App\Weizhan\Lib\Action\User\IndexAction.class.php 第 66 行.
SQL: SELECT * FROM `uio_column` WHERE ( `uid` = 4 ) AND ( `is_sys` = 1 ) AND ( `app_name` = 'wz' ) ORDER BY `sort`  [ RunTime:0.002001s ]
SQL: SELECT * FROM `uio_column` WHERE ( `uid` = 4 ) AND ( `is_sys` = 0 ) AND ( `app_name` = 'wz' ) ORDER BY `sort`  [ RunTime:0.036002s ]
INFO: [ view_parse ] --START--
NOTIC: [8] Undefined variable: title G:\Web\itshajia\App\Weizhan\Runtime\Cache\User\347f6273df647ffe1f18bfdb6aa384f0.php 第 5 行.
INFO: ParseTemplate Behavior ::run [ RunTime:0.037002s ]
INFO: [ view_parse ] --END-- [ RunTime:0.037002s ]
INFO: [ view_filter ] --START--
INFO: ContentReplace Behavior ::run [ RunTime:0.003000s ]
INFO: TokenBuild Behavior ::run [ RunTime:0.001000s ]
INFO: WriteHtmlCache Behavior ::run [ RunTime:0.001000s ]
INFO: ShowRuntime Behavior ::run [ RunTime:0.002000s ]
INFO: [ view_filter ] --END-- [ RunTime:0.008000s ]
INFO: [ view_end ] --START--
INFO: ShowPageTrace Behavior ::run [ RunTime:0.002000s ]
INFO: [ view_end ] --END-- [ RunTime:0.002000s ]

[ 2014-03-20T21:19:26+08:00 ] 127.0.0.1 /App/Weizhan/index.php?g=User&m=Index&a=column
INFO: [ app_begin ] --START--
INFO: ReadHtmlCache Behavior ::run [ RunTime:0.001000s ]
INFO: [ app_begin ] --END-- [ RunTime:0.001000s ]
SQL: SHOW COLUMNS FROM `uio_column` [ RunTime:0.009001s ]
NOTIC: [8] Undefined index: submit G:\Web\itshajia\App\Weizhan\Lib\Action\User\IndexAction.class.php 第 66 行.
SQL: SELECT * FROM `uio_column` WHERE ( `uid` = 4 ) AND ( `is_sys` = 1 ) AND ( `app_name` = 'wz' ) ORDER BY `sort`  [ RunTime:0.001000s ]
SQL: SELECT * FROM `uio_column` WHERE ( `uid` = 4 ) AND ( `is_sys` = 0 ) AND ( `app_name` = 'wz' ) ORDER BY `sort`  [ RunTime:0.001000s ]
INFO: [ view_parse ] --START--
NOTIC: [8] Undefined variable: title G:\Web\itshajia\App\Weizhan\Runtime\Cache\User\347f6273df647ffe1f18bfdb6aa384f0.php 第 5 行.
INFO: ParseTemplate Behavior ::run [ RunTime:0.032002s ]
INFO: [ view_parse ] --END-- [ RunTime:0.032002s ]
INFO: [ view_filter ] --START--
INFO: ContentReplace Behavior ::run [ RunTime:0.003000s ]
INFO: TokenBuild Behavior ::run [ RunTime:0.001000s ]
INFO: WriteHtmlCache Behavior ::run [ RunTime:0.001000s ]
INFO: ShowRuntime Behavior ::run [ RunTime:0.001000s ]
INFO: [ view_filter ] --END-- [ RunTime:0.007000s ]
INFO: [ view_end ] --START--
INFO: ShowPageTrace Behavior ::run [ RunTime:0.005001s ]
INFO: [ view_end ] --END-- [ RunTime:0.005001s ]

[ 2014-03-20T21:24:27+08:00 ] 127.0.0.1 /App/Weizhan/index.php?g=User&m=Index&a=column
INFO: [ app_begin ] --START--
INFO: ReadHtmlCache Behavior ::run [ RunTime:0.003000s ]
INFO: [ app_begin ] --END-- [ RunTime:0.003000s ]
SQL: SHOW COLUMNS FROM `uio_column` [ RunTime:0.008000s ]
NOTIC: [8] Undefined index: submit G:\Web\itshajia\App\Weizhan\Lib\Action\User\IndexAction.class.php 第 66 行.
SQL: SELECT * FROM `uio_column` WHERE ( `uid` = 4 ) AND ( `is_sys` = 1 ) AND ( `app_name` = 'wz' ) ORDER BY `sort`  [ RunTime:0.002000s ]
SQL: SELECT * FROM `uio_column` WHERE ( `uid` = 4 ) AND ( `is_sys` = 0 ) AND ( `app_name` = 'wz' ) ORDER BY `sort`  [ RunTime:0.001001s ]
INFO: [ view_parse ] --START--
NOTIC: [8] Undefined variable: title G:\Web\itshajia\App\Weizhan\Runtime\Cache\User\347f6273df647ffe1f18bfdb6aa384f0.php 第 5 行.
INFO: ParseTemplate Behavior ::run [ RunTime:0.032002s ]
INFO: [ view_parse ] --END-- [ RunTime:0.032002s ]
INFO: [ view_filter ] --START--
INFO: ContentReplace Behavior ::run [ RunTime:0.002000s ]
INFO: TokenBuild Behavior ::run [ RunTime:0.002000s ]
INFO: WriteHtmlCache Behavior ::run [ RunTime:0.002000s ]
INFO: ShowRuntime Behavior ::run [ RunTime:0.002000s ]
INFO: [ view_filter ] --END-- [ RunTime:0.008000s ]
INFO: [ view_end ] --START--
INFO: ShowPageTrace Behavior ::run [ RunTime:0.004000s ]
INFO: [ view_end ] --END-- [ RunTime:0.005000s ]

[ 2014-03-20T21:25:28+08:00 ] 127.0.0.1 /App/Weizhan/index.php?g=User&m=Index&a=column
INFO: [ app_begin ] --START--
INFO: ReadHtmlCache Behavior ::run [ RunTime:0.002000s ]
INFO: [ app_begin ] --END-- [ RunTime:0.002000s ]
SQL: SHOW COLUMNS FROM `uio_column` [ RunTime:0.013000s ]
NOTIC: [8] Undefined index: submit G:\Web\itshajia\App\Weizhan\Lib\Action\User\IndexAction.class.php 第 66 行.
SQL: SELECT * FROM `uio_column` WHERE ( `uid` = 4 ) AND ( `is_sys` = 1 ) AND ( `app_name` = 'wz' ) ORDER BY `sort`  [ RunTime:0.002001s ]
SQL: SELECT * FROM `uio_column` WHERE ( `uid` = 4 ) AND ( `is_sys` = 0 ) AND ( `app_name` = 'wz' ) ORDER BY `sort`  [ RunTime:0.001000s ]
INFO: [ view_parse ] --START--
NOTIC: [8] Undefined variable: title G:\Web\itshajia\App\Weizhan\Runtime\Cache\User\347f6273df647ffe1f18bfdb6aa384f0.php 第 5 行.
INFO: ParseTemplate Behavior ::run [ RunTime:0.029001s ]
INFO: [ view_parse ] --END-- [ RunTime:0.029001s ]
INFO: [ view_filter ] --START--
INFO: ContentReplace Behavior ::run [ RunTime:0.001000s ]
INFO: TokenBuild Behavior ::run [ RunTime:0.001000s ]
INFO: WriteHtmlCache Behavior ::run [ RunTime:0.002001s ]
INFO: ShowRuntime Behavior ::run [ RunTime:0.001000s ]
INFO: [ view_filter ] --END-- [ RunTime:0.005001s ]
INFO: [ view_end ] --START--
INFO: ShowPageTrace Behavior ::run [ RunTime:0.004000s ]
INFO: [ view_end ] --END-- [ RunTime:0.005000s ]

[ 2014-03-20T21:28:07+08:00 ] 127.0.0.1 /App/Weizhan/index.php?g=User&m=Index&a=column
INFO: [ app_begin ] --START--
INFO: ReadHtmlCache Behavior ::run [ RunTime:0.004000s ]
INFO: [ app_begin ] --END-- [ RunTime:0.004000s ]
SQL: SHOW COLUMNS FROM `uio_column` [ RunTime:0.011001s ]
NOTIC: [8] Undefined index: submit G:\Web\itshajia\App\Weizhan\Lib\Action\User\IndexAction.class.php 第 66 行.
SQL: SELECT * FROM `uio_column` WHERE ( `uid` = 4 ) AND ( `is_sys` = 1 ) AND ( `app_name` = 'wz' ) ORDER BY `sort`  [ RunTime:0.001000s ]
SQL: SELECT * FROM `uio_column` WHERE ( `uid` = 4 ) AND ( `is_sys` = 0 ) AND ( `app_name` = 'wz' ) ORDER BY `sort`  [ RunTime:0.000000s ]
INFO: [ view_parse ] --START--
NOTIC: [8] Undefined variable: title G:\Web\itshajia\App\Weizhan\Runtime\Cache\User\347f6273df647ffe1f18bfdb6aa384f0.php 第 5 行.
INFO: ParseTemplate Behavior ::run [ RunTime:0.036002s ]
INFO: [ view_parse ] --END-- [ RunTime:0.036002s ]
INFO: [ view_filter ] --START--
INFO: ContentReplace Behavior ::run [ RunTime:0.002000s ]
INFO: TokenBuild Behavior ::run [ RunTime:0.003000s ]
INFO: WriteHtmlCache Behavior ::run [ RunTime:0.001000s ]
INFO: ShowRuntime Behavior ::run [ RunTime:0.002000s ]
INFO: [ view_filter ] --END-- [ RunTime:0.008000s ]
INFO: [ view_end ] --START--
INFO: ShowPageTrace Behavior ::run [ RunTime:0.006001s ]
INFO: [ view_end ] --END-- [ RunTime:0.006001s ]

[ 2014-03-20T22:01:08+08:00 ] 127.0.0.1 /App/Weizhan/index.php?g=User&m=Index&a=column
INFO: [ app_begin ] --START--
INFO: ReadHtmlCache Behavior ::run [ RunTime:0.003000s ]
INFO: [ app_begin ] --END-- [ RunTime:0.003000s ]
SQL: SHOW COLUMNS FROM `uio_column` [ RunTime:0.009000s ]
NOTIC: [8] Undefined index: submit G:\Web\itshajia\App\Weizhan\Lib\Action\User\IndexAction.class.php 第 66 行.
SQL: SELECT * FROM `uio_column` WHERE ( `uid` = 4 ) AND ( `is_sys` = 1 ) AND ( `app_name` = 'wz' ) ORDER BY `sort`  [ RunTime:0.001000s ]
SQL: SELECT * FROM `uio_column` WHERE ( `uid` = 4 ) AND ( `is_sys` = 0 ) AND ( `app_name` = 'wz' ) ORDER BY `sort`  [ RunTime:0.001000s ]
INFO: [ view_parse ] --START--
NOTIC: [8] Undefined variable: title G:\Web\itshajia\App\Weizhan\Runtime\Cache\User\347f6273df647ffe1f18bfdb6aa384f0.php 第 5 行.
INFO: ParseTemplate Behavior ::run [ RunTime:0.035002s ]
INFO: [ view_parse ] --END-- [ RunTime:0.035002s ]
INFO: [ view_filter ] --START--
INFO: ContentReplace Behavior ::run [ RunTime:0.003000s ]
INFO: TokenBuild Behavior ::run [ RunTime:0.001000s ]
INFO: WriteHtmlCache Behavior ::run [ RunTime:0.002000s ]
INFO: ShowRuntime Behavior ::run [ RunTime:0.002000s ]
INFO: [ view_filter ] --END-- [ RunTime:0.008000s ]
INFO: [ view_end ] --START--
INFO: ShowPageTrace Behavior ::run [ RunTime:0.008001s ]
INFO: [ view_end ] --END-- [ RunTime:0.008001s ]

[ 2014-03-20T22:01:10+08:00 ] 127.0.0.1 /App/Weizhan/index.php?g=User&m=Index&a=column
INFO: [ app_begin ] --START--
INFO: ReadHtmlCache Behavior ::run [ RunTime:0.001000s ]
INFO: [ app_begin ] --END-- [ RunTime:0.001000s ]
SQL: SHOW COLUMNS FROM `uio_column` [ RunTime:0.010001s ]
NOTIC: [8] Undefined index: submit G:\Web\itshajia\App\Weizhan\Lib\Action\User\IndexAction.class.php 第 66 行.
SQL: SELECT * FROM `uio_column` WHERE ( `uid` = 4 ) AND ( `is_sys` = 1 ) AND ( `app_name` = 'wz' ) ORDER BY `sort`  [ RunTime:0.001000s ]
SQL: SELECT * FROM `uio_column` WHERE ( `uid` = 4 ) AND ( `is_sys` = 0 ) AND ( `app_name` = 'wz' ) ORDER BY `sort`  [ RunTime:0.001000s ]
INFO: [ view_parse ] --START--
NOTIC: [8] Undefined variable: title G:\Web\itshajia\App\Weizhan\Runtime\Cache\User\347f6273df647ffe1f18bfdb6aa384f0.php 第 5 行.
INFO: ParseTemplate Behavior ::run [ RunTime:0.033002s ]
INFO: [ view_parse ] --END-- [ RunTime:0.033002s ]
INFO: [ view_filter ] --START--
INFO: ContentReplace Behavior ::run [ RunTime:0.002000s ]
INFO: TokenBuild Behavior ::run [ RunTime:0.003000s ]
INFO: WriteHtmlCache Behavior ::run [ RunTime:0.003000s ]
INFO: ShowRuntime Behavior ::run [ RunTime:0.002001s ]
INFO: [ view_filter ] --END-- [ RunTime:0.010001s ]
INFO: [ view_end ] --START--
INFO: ShowPageTrace Behavior ::run [ RunTime:0.006000s ]
INFO: [ view_end ] --END-- [ RunTime:0.007000s ]

[ 2014-03-20T22:01:34+08:00 ] 127.0.0.1 /App/Weizhan/index.php?g=User&m=Index&a=column
INFO: [ app_begin ] --START--
INFO: ReadHtmlCache Behavior ::run [ RunTime:0.001000s ]
INFO: [ app_begin ] --END-- [ RunTime:0.001000s ]
SQL: SHOW COLUMNS FROM `uio_column` [ RunTime:0.008000s ]
NOTIC: [8] Undefined index: submit G:\Web\itshajia\App\Weizhan\Lib\Action\User\IndexAction.class.php 第 66 行.
SQL: SELECT * FROM `uio_column` WHERE ( `uid` = 4 ) AND ( `is_sys` = 1 ) AND ( `app_name` = 'wz' ) ORDER BY `sort`  [ RunTime:0.002000s ]
SQL: SELECT * FROM `uio_column` WHERE ( `uid` = 4 ) AND ( `is_sys` = 0 ) AND ( `app_name` = 'wz' ) ORDER BY `sort`  [ RunTime:0.003001s ]
INFO: [ view_parse ] --START--
NOTIC: [8] Undefined variable: title G:\Web\itshajia\App\Weizhan\Runtime\Cache\User\347f6273df647ffe1f18bfdb6aa384f0.php 第 5 行.
INFO: ParseTemplate Behavior ::run [ RunTime:0.036002s ]
INFO: [ view_parse ] --END-- [ RunTime:0.036002s ]
INFO: [ view_filter ] --START--
INFO: ContentReplace Behavior ::run [ RunTime:0.004000s ]
INFO: TokenBuild Behavior ::run [ RunTime:0.002000s ]
INFO: WriteHtmlCache Behavior ::run [ RunTime:0.001000s ]
INFO: ShowRuntime Behavior ::run [ RunTime:0.002000s ]
INFO: [ view_filter ] --END-- [ RunTime:0.009000s ]
INFO: [ view_end ] --START--
INFO: ShowPageTrace Behavior ::run [ RunTime:0.016001s ]
INFO: [ view_end ] --END-- [ RunTime:0.016001s ]

[ 2014-03-20T22:01:47+08:00 ] 127.0.0.1 /App/Weizhan/index.php?g=User&m=Index&a=column
INFO: [ app_begin ] --START--
INFO: ReadHtmlCache Behavior ::run [ RunTime:0.002000s ]
INFO: [ app_begin ] --END-- [ RunTime:0.002000s ]
SQL: SHOW COLUMNS FROM `uio_column` [ RunTime:0.009000s ]
NOTIC: [8] Undefined index: submit G:\Web\itshajia\App\Weizhan\Lib\Action\User\IndexAction.class.php 第 66 行.
SQL: SELECT * FROM `uio_column` WHERE ( `uid` = 4 ) AND ( `is_sys` = 1 ) AND ( `app_name` = 'wz' ) ORDER BY `sort`  [ RunTime:0.001000s ]
SQL: SELECT * FROM `uio_column` WHERE ( `uid` = 4 ) AND ( `is_sys` = 0 ) AND ( `app_name` = 'wz' ) ORDER BY `sort`  [ RunTime:0.002000s ]
INFO: [ view_parse ] --START--
NOTIC: [8] Undefined variable: title G:\Web\itshajia\App\Weizhan\Runtime\Cache\User\347f6273df647ffe1f18bfdb6aa384f0.php 第 5 行.
INFO: ParseTemplate Behavior ::run [ RunTime:0.035002s ]
INFO: [ view_parse ] --END-- [ RunTime:0.035002s ]
INFO: [ view_filter ] --START--
INFO: ContentReplace Behavior ::run [ RunTime:0.003001s ]
INFO: TokenBuild Behavior ::run [ RunTime:0.002000s ]
INFO: WriteHtmlCache Behavior ::run [ RunTime:0.001000s ]
INFO: ShowRuntime Behavior ::run [ RunTime:0.002000s ]
INFO: [ view_filter ] --END-- [ RunTime:0.008001s ]
INFO: [ view_end ] --START--
INFO: ShowPageTrace Behavior ::run [ RunTime:0.004000s ]
INFO: [ view_end ] --END-- [ RunTime:0.004000s ]

[ 2014-03-20T22:01:48+08:00 ] 127.0.0.1 /App/Weizhan/index.php?g=User&m=Index&a=column
INFO: [ app_begin ] --START--
INFO: ReadHtmlCache Behavior ::run [ RunTime:0.001000s ]
INFO: [ app_begin ] --END-- [ RunTime:0.001000s ]
SQL: SHOW COLUMNS FROM `uio_column` [ RunTime:0.012001s ]
NOTIC: [8] Undefined index: submit G:\Web\itshajia\App\Weizhan\Lib\Action\User\IndexAction.class.php 第 66 行.
SQL: SELECT * FROM `uio_column` WHERE ( `uid` = 4 ) AND ( `is_sys` = 1 ) AND ( `app_name` = 'wz' ) ORDER BY `sort`  [ RunTime:0.006000s ]
SQL: SELECT * FROM `uio_column` WHERE ( `uid` = 4 ) AND ( `is_sys` = 0 ) AND ( `app_name` = 'wz' ) ORDER BY `sort`  [ RunTime:0.002000s ]
INFO: [ view_parse ] --START--
NOTIC: [8] Undefined variable: title G:\Web\itshajia\App\Weizhan\Runtime\Cache\User\347f6273df647ffe1f18bfdb6aa384f0.php 第 5 行.
INFO: ParseTemplate Behavior ::run [ RunTime:0.056003s ]
INFO: [ view_parse ] --END-- [ RunTime:0.056003s ]
INFO: [ view_filter ] --START--
INFO: ContentReplace Behavior ::run [ RunTime:0.008000s ]
INFO: TokenBuild Behavior ::run [ RunTime:0.003001s ]
INFO: WriteHtmlCache Behavior ::run [ RunTime:0.003000s ]
INFO: ShowRuntime Behavior ::run [ RunTime:0.001000s ]
INFO: [ view_filter ] --END-- [ RunTime:0.016001s ]
INFO: [ view_end ] --START--
INFO: ShowPageTrace Behavior ::run [ RunTime:0.003000s ]
INFO: [ view_end ] --END-- [ RunTime:0.003000s ]

[ 2014-03-20T22:01:48+08:00 ] 127.0.0.1 /App/Weizhan/index.php?g=User&m=Index&a=column
INFO: [ app_begin ] --START--
INFO: ReadHtmlCache Behavior ::run [ RunTime:0.003001s ]
INFO: [ app_begin ] --END-- [ RunTime:0.003001s ]
SQL: SHOW COLUMNS FROM `uio_column` [ RunTime:0.009000s ]
NOTIC: [8] Undefined index: submit G:\Web\itshajia\App\Weizhan\Lib\Action\User\IndexAction.class.php 第 66 行.
SQL: SELECT * FROM `uio_column` WHERE ( `uid` = 4 ) AND ( `is_sys` = 1 ) AND ( `app_name` = 'wz' ) ORDER BY `sort`  [ RunTime:0.001000s ]
SQL: SELECT * FROM `uio_column` WHERE ( `uid` = 4 ) AND ( `is_sys` = 0 ) AND ( `app_name` = 'wz' ) ORDER BY `sort`  [ RunTime:0.001000s ]
INFO: [ view_parse ] --START--
NOTIC: [8] Undefined variable: title G:\Web\itshajia\App\Weizhan\Runtime\Cache\User\347f6273df647ffe1f18bfdb6aa384f0.php 第 5 行.
INFO: ParseTemplate Behavior ::run [ RunTime:0.036002s ]
INFO: [ view_parse ] --END-- [ RunTime:0.037002s ]
INFO: [ view_filter ] --START--
INFO: ContentReplace Behavior ::run [ RunTime:0.002000s ]
INFO: TokenBuild Behavior ::run [ RunTime:0.002000s ]
INFO: WriteHtmlCache Behavior ::run [ RunTime:0.002000s ]
INFO: ShowRuntime Behavior ::run [ RunTime:0.001000s ]
INFO: [ view_filter ] --END-- [ RunTime:0.007000s ]
INFO: [ view_end ] --START--
INFO: ShowPageTrace Behavior ::run [ RunTime:0.004001s ]
INFO: [ view_end ] --END-- [ RunTime:0.004001s ]

[ 2014-03-20T22:01:49+08:00 ] 127.0.0.1 /App/Weizhan/index.php?g=User&m=Index&a=column
INFO: [ app_begin ] --START--
INFO: ReadHtmlCache Behavior ::run [ RunTime:0.001000s ]
INFO: [ app_begin ] --END-- [ RunTime:0.001000s ]
SQL: SHOW COLUMNS FROM `uio_column` [ RunTime:0.009001s ]
NOTIC: [8] Undefined index: submit G:\Web\itshajia\App\Weizhan\Lib\Action\User\IndexAction.class.php 第 66 行.
SQL: SELECT * FROM `uio_column` WHERE ( `uid` = 4 ) AND ( `is_sys` = 1 ) AND ( `app_name` = 'wz' ) ORDER BY `sort`  [ RunTime:0.001000s ]
SQL: SELECT * FROM `uio_column` WHERE ( `uid` = 4 ) AND ( `is_sys` = 0 ) AND ( `app_name` = 'wz' ) ORDER BY `sort`  [ RunTime:0.001000s ]
INFO: [ view_parse ] --START--
NOTIC: [8] Undefined variable: title G:\Web\itshajia\App\Weizhan\Runtime\Cache\User\347f6273df647ffe1f18bfdb6aa384f0.php 第 5 行.
INFO: ParseTemplate Behavior ::run [ RunTime:0.034002s ]
INFO: [ view_parse ] --END-- [ RunTime:0.034002s ]
INFO: [ view_filter ] --START--
INFO: ContentReplace Behavior ::run [ RunTime:0.003000s ]
INFO: TokenBuild Behavior ::run [ RunTime:0.001000s ]
INFO: WriteHtmlCache Behavior ::run [ RunTime:0.002000s ]
INFO: ShowRuntime Behavior ::run [ RunTime:0.001000s ]
INFO: [ view_filter ] --END-- [ RunTime:0.007000s ]
INFO: [ view_end ] --START--
INFO: ShowPageTrace Behavior ::run [ RunTime:0.004001s ]
INFO: [ view_end ] --END-- [ RunTime:0.004001s ]

[ 2014-03-20T22:02:26+08:00 ] 127.0.0.1 /App/Weizhan/index.php?g=User&m=Index&a=column
INFO: [ app_begin ] --START--
INFO: ReadHtmlCache Behavior ::run [ RunTime:0.001000s ]
INFO: [ app_begin ] --END-- [ RunTime:0.001000s ]
SQL: SHOW COLUMNS FROM `uio_column` [ RunTime:0.008001s ]
NOTIC: [8] Undefined index: submit G:\Web\itshajia\App\Weizhan\Lib\Action\User\IndexAction.class.php 第 66 行.
SQL: SELECT * FROM `uio_column` WHERE ( `uid` = 4 ) AND ( `is_sys` = 1 ) AND ( `app_name` = 'wz' ) ORDER BY `sort`  [ RunTime:0.001000s ]
SQL: SELECT * FROM `uio_column` WHERE ( `uid` = 4 ) AND ( `is_sys` = 0 ) AND ( `app_name` = 'wz' ) ORDER BY `sort`  [ RunTime:0.001000s ]
INFO: [ view_parse ] --START--
NOTIC: [8] Undefined variable: title G:\Web\itshajia\App\Weizhan\Runtime\Cache\User\347f6273df647ffe1f18bfdb6aa384f0.php 第 5 行.
INFO: ParseTemplate Behavior ::run [ RunTime:0.034002s ]
INFO: [ view_parse ] --END-- [ RunTime:0.034002s ]
INFO: [ view_filter ] --START--
INFO: ContentReplace Behavior ::run [ RunTime:0.003000s ]
INFO: TokenBuild Behavior ::run [ RunTime:0.001000s ]
INFO: WriteHtmlCache Behavior ::run [ RunTime:0.001000s ]
INFO: ShowRuntime Behavior ::run [ RunTime:0.001000s ]
INFO: [ view_filter ] --END-- [ RunTime:0.006000s ]
INFO: [ view_end ] --START--
INFO: ShowPageTrace Behavior ::run [ RunTime:0.019001s ]
INFO: [ view_end ] --END-- [ RunTime:0.019001s ]

[ 2014-03-20T22:02:47+08:00 ] 127.0.0.1 /App/Weizhan/index.php?g=User&m=Index&a=column
INFO: [ app_begin ] --START--
INFO: ReadHtmlCache Behavior ::run [ RunTime:0.001000s ]
INFO: [ app_begin ] --END-- [ RunTime:0.001000s ]
SQL: SHOW COLUMNS FROM `uio_column` [ RunTime:0.008000s ]
NOTIC: [8] Undefined index: submit G:\Web\itshajia\App\Weizhan\Lib\Action\User\IndexAction.class.php 第 66 行.
NOTIC: [8] Undefined index: _User G:\Web\itshajia\App\Common\Lib\Model\ColumnModel.class.php 第 7 行.
SQL: SELECT * FROM `uio_column` WHERE ( `uid` = null ) AND ( `is_sys` = 1 ) AND ( `app_name` = 'wz' ) ORDER BY `sort`  [ RunTime:0.000000s ]
NOTIC: [8] Undefined index: _User G:\Web\itshajia\App\Common\Lib\Model\ColumnModel.class.php 第 17 行.
SQL: SELECT * FROM `uio_column` WHERE ( `uid` = null ) AND ( `is_sys` = 0 ) AND ( `app_name` = 'wz' ) ORDER BY `sort`  [ RunTime:0.002000s ]
INFO: [ view_parse ] --START--
NOTIC: [8] Undefined variable: title G:\Web\itshajia\App\Weizhan\Runtime\Cache\User\347f6273df647ffe1f18bfdb6aa384f0.php 第 5 行.
INFO: ParseTemplate Behavior ::run [ RunTime:0.047003s ]
INFO: [ view_parse ] --END-- [ RunTime:0.047003s ]
INFO: [ view_filter ] --START--
INFO: ContentReplace Behavior ::run [ RunTime:0.002000s ]
INFO: TokenBuild Behavior ::run [ RunTime:0.002000s ]
INFO: WriteHtmlCache Behavior ::run [ RunTime:0.002000s ]
INFO: ShowRuntime Behavior ::run [ RunTime:0.001000s ]
INFO: [ view_filter ] --END-- [ RunTime:0.007000s ]
INFO: [ view_end ] --START--
INFO: ShowPageTrace Behavior ::run [ RunTime:0.007001s ]
INFO: [ view_end ] --END-- [ RunTime:0.007001s ]

[ 2014-03-20T22:03:14+08:00 ] 127.0.0.1 /App/Weizhan/index.php?g=User&m=Index&a=column
INFO: [ app_begin ] --START--
INFO: ReadHtmlCache Behavior ::run [ RunTime:0.002000s ]
INFO: [ app_begin ] --END-- [ RunTime:0.002000s ]
SQL: SHOW COLUMNS FROM `uio_column` [ RunTime:0.007001s ]
NOTIC: [8] Undefined index: submit G:\Web\itshajia\App\Weizhan\Lib\Action\User\IndexAction.class.php 第 66 行.
SQL: SELECT * FROM `uio_column` WHERE ( `uid` = 4 ) AND ( `is_sys` = 1 ) AND ( `app_name` = 'wz' ) ORDER BY `sort`  [ RunTime:0.001000s ]
SQL: SELECT * FROM `uio_column` WHERE ( `uid` = 4 ) AND ( `is_sys` = 0 ) AND ( `app_name` = 'wz' ) ORDER BY `sort`  [ RunTime:0.001000s ]
INFO: [ view_parse ] --START--
NOTIC: [8] Undefined variable: title G:\Web\itshajia\App\Weizhan\Runtime\Cache\User\347f6273df647ffe1f18bfdb6aa384f0.php 第 5 行.
INFO: ParseTemplate Behavior ::run [ RunTime:0.038002s ]
INFO: [ view_parse ] --END-- [ RunTime:0.038002s ]
INFO: [ view_filter ] --START--
INFO: ContentReplace Behavior ::run [ RunTime:0.002000s ]
INFO: TokenBuild Behavior ::run [ RunTime:0.001000s ]
INFO: WriteHtmlCache Behavior ::run [ RunTime:0.001000s ]
INFO: ShowRuntime Behavior ::run [ RunTime:0.001000s ]
INFO: [ view_filter ] --END-- [ RunTime:0.005000s ]
INFO: [ view_end ] --START--
INFO: ShowPageTrace Behavior ::run [ RunTime:0.002001s ]
INFO: [ view_end ] --END-- [ RunTime:0.002001s ]

[ 2014-03-20T22:03:46+08:00 ] 127.0.0.1 /App/Weizhan/index.php?g=User&m=Index&a=column
INFO: [ app_begin ] --START--
INFO: ReadHtmlCache Behavior ::run [ RunTime:0.001000s ]
INFO: [ app_begin ] --END-- [ RunTime:0.001000s ]
SQL: SHOW COLUMNS FROM `uio_column` [ RunTime:0.015000s ]
NOTIC: [8] Undefined index: submit G:\Web\itshajia\App\Weizhan\Lib\Action\User\IndexAction.class.php 第 66 行.
SQL: SELECT * FROM `uio_column` WHERE ( `uid` = 4 ) AND ( `is_sys` = 1 ) AND ( `app_name` = 'wz' ) ORDER BY `sort`  [ RunTime:0.001000s ]
SQL: SELECT * FROM `uio_column` WHERE ( `uid` = 4 ) AND ( `is_sys` = 0 ) AND ( `app_name` = 'wz' ) ORDER BY `sort`  [ RunTime:0.001000s ]
INFO: [ view_parse ] --START--
NOTIC: [8] Undefined variable: title G:\Web\itshajia\App\Weizhan\Runtime\Cache\User\347f6273df647ffe1f18bfdb6aa384f0.php 第 5 行.
INFO: ParseTemplate Behavior ::run [ RunTime:0.043002s ]
INFO: [ view_parse ] --END-- [ RunTime:0.043002s ]
INFO: [ view_filter ] --START--
INFO: ContentReplace Behavior ::run [ RunTime:0.002000s ]
INFO: TokenBuild Behavior ::run [ RunTime:0.002000s ]
INFO: WriteHtmlCache Behavior ::run [ RunTime:0.002001s ]
INFO: ShowRuntime Behavior ::run [ RunTime:0.002000s ]
INFO: [ view_filter ] --END-- [ RunTime:0.008001s ]
INFO: [ view_end ] --START--
INFO: ShowPageTrace Behavior ::run [ RunTime:0.002000s ]
INFO: [ view_end ] --END-- [ RunTime:0.002000s ]

[ 2014-03-20T22:06:05+08:00 ] 127.0.0.1 /App/Weizhan/index.php?g=User&m=Index&a=column
INFO: [ app_begin ] --START--
INFO: ReadHtmlCache Behavior ::run [ RunTime:0.005000s ]
INFO: [ app_begin ] --END-- [ RunTime:0.006001s ]
SQL: SHOW COLUMNS FROM `uio_column` [ RunTime:0.014001s ]
NOTIC: [8] Undefined index: submit G:\Web\itshajia\App\Weizhan\Lib\Action\User\IndexAction.class.php 第 66 行.
SQL: SELECT * FROM `uio_column` WHERE ( `uid` = 4 ) AND ( `is_sys` = 1 ) AND ( `app_name` = 'wz' ) ORDER BY `sort`  [ RunTime:0.003000s ]
SQL: SELECT * FROM `uio_column` WHERE ( `uid` = 4 ) AND ( `is_sys` = 0 ) AND ( `app_name` = 'wz' ) ORDER BY `sort`  [ RunTime:0.003001s ]
INFO: [ view_parse ] --START--
NOTIC: [8] Undefined variable: title G:\Web\itshajia\App\Weizhan\Runtime\Cache\User\347f6273df647ffe1f18bfdb6aa384f0.php 第 5 行.
INFO: ParseTemplate Behavior ::run [ RunTime:0.042002s ]
INFO: [ view_parse ] --END-- [ RunTime:0.042002s ]
INFO: [ view_filter ] --START--
INFO: ContentReplace Behavior ::run [ RunTime:0.005001s ]
INFO: TokenBuild Behavior ::run [ RunTime:0.003000s ]
INFO: WriteHtmlCache Behavior ::run [ RunTime:0.002000s ]
INFO: ShowRuntime Behavior ::run [ RunTime:0.002000s ]
INFO: [ view_filter ] --END-- [ RunTime:0.013001s ]
INFO: [ view_end ] --START--
INFO: ShowPageTrace Behavior ::run [ RunTime:0.004000s ]
INFO: [ view_end ] --END-- [ RunTime:0.004000s ]

[ 2014-03-20T22:06:30+08:00 ] 127.0.0.1 /App/Weizhan/index.php?g=User&m=Index&a=column
INFO: [ app_begin ] --START--
INFO: ReadHtmlCache Behavior ::run [ RunTime:0.003000s ]
INFO: [ app_begin ] --END-- [ RunTime:0.003000s ]
SQL: SHOW COLUMNS FROM `uio_column` [ RunTime:0.013000s ]
NOTIC: [8] Undefined index: submit G:\Web\itshajia\App\Weizhan\Lib\Action\User\IndexAction.class.php 第 66 行.
SQL: SELECT * FROM `uio_column` WHERE ( `uid` = 4 ) AND ( `is_sys` = 1 ) AND ( `app_name` = 'wz' ) ORDER BY `sort`  [ RunTime:0.003001s ]
SQL: SELECT * FROM `uio_column` WHERE ( `uid` = 4 ) AND ( `is_sys` = 0 ) AND ( `app_name` = 'wz' ) ORDER BY `sort`  [ RunTime:0.003000s ]
INFO: [ view_parse ] --START--
NOTIC: [8] Undefined variable: title G:\Web\itshajia\App\Weizhan\Runtime\Cache\User\347f6273df647ffe1f18bfdb6aa384f0.php 第 5 行.
INFO: ParseTemplate Behavior ::run [ RunTime:0.084005s ]
INFO: [ view_parse ] --END-- [ RunTime:0.084005s ]
INFO: [ view_filter ] --START--
INFO: ContentReplace Behavior ::run [ RunTime:0.003000s ]
INFO: TokenBuild Behavior ::run [ RunTime:0.002000s ]
INFO: WriteHtmlCache Behavior ::run [ RunTime:0.003000s ]
INFO: ShowRuntime Behavior ::run [ RunTime:0.003000s ]
INFO: [ view_filter ] --END-- [ RunTime:0.011000s ]
INFO: [ view_end ] --START--
INFO: ShowPageTrace Behavior ::run [ RunTime:0.004001s ]
INFO: [ view_end ] --END-- [ RunTime:0.004001s ]

[ 2014-03-20T22:07:56+08:00 ] 127.0.0.1 /App/Weizhan/index.php?g=User&m=Index&a=column
INFO: [ app_begin ] --START--
INFO: ReadHtmlCache Behavior ::run [ RunTime:0.004000s ]
INFO: [ app_begin ] --END-- [ RunTime:0.004000s ]
SQL: SHOW COLUMNS FROM `uio_column` [ RunTime:0.017001s ]
NOTIC: [8] Undefined index: submit G:\Web\itshajia\App\Weizhan\Lib\Action\User\IndexAction.class.php 第 66 行.
SQL: SELECT * FROM `uio_column` WHERE ( `uid` = 4 ) AND ( `is_sys` = 1 ) AND ( `app_name` = 'wz' ) ORDER BY `sort`  [ RunTime:0.003001s ]
SQL: SELECT * FROM `uio_column` WHERE ( `uid` = 4 ) AND ( `is_sys` = 0 ) AND ( `app_name` = 'wz' ) ORDER BY `sort`  [ RunTime:0.001000s ]
INFO: [ view_parse ] --START--
NOTIC: [8] Undefined variable: title G:\Web\itshajia\App\Weizhan\Runtime\Cache\User\347f6273df647ffe1f18bfdb6aa384f0.php 第 5 行.
INFO: ParseTemplate Behavior ::run [ RunTime:0.036002s ]
INFO: [ view_parse ] --END-- [ RunTime:0.036002s ]
INFO: [ view_filter ] --START--
INFO: ContentReplace Behavior ::run [ RunTime:0.002000s ]
INFO: TokenBuild Behavior ::run [ RunTime:0.002000s ]
INFO: WriteHtmlCache Behavior ::run [ RunTime:0.002000s ]
INFO: ShowRuntime Behavior ::run [ RunTime:0.002000s ]
INFO: [ view_filter ] --END-- [ RunTime:0.009000s ]
INFO: [ view_end ] --START--
INFO: ShowPageTrace Behavior ::run [ RunTime:0.003001s ]
INFO: [ view_end ] --END-- [ RunTime:0.004001s ]

[ 2014-03-20T22:09:32+08:00 ] 127.0.0.1 /App/Weizhan/index.php?g=User&m=Index&a=column
INFO: [ app_begin ] --START--
INFO: ReadHtmlCache Behavior ::run [ RunTime:0.013001s ]
INFO: [ app_begin ] --END-- [ RunTime:0.013001s ]
SQL: SHOW COLUMNS FROM `uio_column` [ RunTime:0.009000s ]
NOTIC: [8] Undefined index: submit G:\Web\itshajia\App\Weizhan\Lib\Action\User\IndexAction.class.php 第 66 行.
SQL: SELECT * FROM `uio_column` WHERE ( `uid` = 4 ) AND ( `is_sys` = 1 ) AND ( `app_name` = 'wz' ) ORDER BY `sort`  [ RunTime:0.001000s ]
SQL: SELECT * FROM `uio_column` WHERE ( `uid` = 4 ) AND ( `is_sys` = 0 ) AND ( `app_name` = 'wz' ) ORDER BY `sort`  [ RunTime:0.000000s ]
INFO: [ view_parse ] --START--
NOTIC: [8] Undefined variable: title G:\Web\itshajia\App\Weizhan\Runtime\Cache\User\347f6273df647ffe1f18bfdb6aa384f0.php 第 5 行.
INFO: ParseTemplate Behavior ::run [ RunTime:0.026002s ]
INFO: [ view_parse ] --END-- [ RunTime:0.026002s ]
INFO: [ view_filter ] --START--
INFO: ContentReplace Behavior ::run [ RunTime:0.002000s ]
INFO: TokenBuild Behavior ::run [ RunTime:0.001000s ]
INFO: WriteHtmlCache Behavior ::run [ RunTime:0.001000s ]
INFO: ShowRuntime Behavior ::run [ RunTime:0.002000s ]
INFO: [ view_filter ] --END-- [ RunTime:0.006000s ]
INFO: [ view_end ] --START--
INFO: ShowPageTrace Behavior ::run [ RunTime:0.004000s ]
INFO: [ view_end ] --END-- [ RunTime:0.004000s ]

[ 2014-03-20T22:09:34+08:00 ] 127.0.0.1 /App/Weizhan/index.php?g=User&m=Index&a=column
INFO: [ app_begin ] --START--
INFO: ReadHtmlCache Behavior ::run [ RunTime:0.003000s ]
INFO: [ app_begin ] --END-- [ RunTime:0.003000s ]
SQL: SHOW COLUMNS FROM `uio_column` [ RunTime:0.016001s ]
NOTIC: [8] Undefined index: submit G:\Web\itshajia\App\Weizhan\Lib\Action\User\IndexAction.class.php 第 66 行.
SQL: SELECT * FROM `uio_column` WHERE ( `uid` = 4 ) AND ( `is_sys` = 1 ) AND ( `app_name` = 'wz' ) ORDER BY `sort`  [ RunTime:0.001000s ]
SQL: SELECT * FROM `uio_column` WHERE ( `uid` = 4 ) AND ( `is_sys` = 0 ) AND ( `app_name` = 'wz' ) ORDER BY `sort`  [ RunTime:0.002000s ]
INFO: [ view_parse ] --START--
NOTIC: [8] Undefined variable: title G:\Web\itshajia\App\Weizhan\Runtime\Cache\User\347f6273df647ffe1f18bfdb6aa384f0.php 第 5 行.
INFO: ParseTemplate Behavior ::run [ RunTime:0.045003s ]
INFO: [ view_parse ] --END-- [ RunTime:0.045003s ]
INFO: [ view_filter ] --START--
INFO: ContentReplace Behavior ::run [ RunTime:0.002000s ]
INFO: TokenBuild Behavior ::run [ RunTime:0.002000s ]
INFO: WriteHtmlCache Behavior ::run [ RunTime:0.003000s ]
INFO: ShowRuntime Behavior ::run [ RunTime:0.002000s ]
INFO: [ view_filter ] --END-- [ RunTime:0.009000s ]
INFO: [ view_end ] --START--
INFO: ShowPageTrace Behavior ::run [ RunTime:0.003001s ]
INFO: [ view_end ] --END-- [ RunTime:0.003001s ]

[ 2014-03-20T22:09:59+08:00 ] 127.0.0.1 /App/Weizhan/index.php?g=User&m=Index&a=column
INFO: [ app_begin ] --START--
INFO: ReadHtmlCache Behavior ::run [ RunTime:0.002000s ]
INFO: [ app_begin ] --END-- [ RunTime:0.002000s ]
SQL: SHOW COLUMNS FROM `uio_column` [ RunTime:0.009000s ]
NOTIC: [8] Undefined index: submit G:\Web\itshajia\App\Weizhan\Lib\Action\User\IndexAction.class.php 第 66 行.
SQL: SELECT * FROM `uio_column` WHERE ( `uid` = 4 ) AND ( `is_sys` = 1 ) AND ( `app_name` = 'wz' ) ORDER BY `sort`  [ RunTime:0.001000s ]
SQL: SELECT * FROM `uio_column` WHERE ( `uid` = 4 ) AND ( `is_sys` = 0 ) AND ( `app_name` = 'wz' ) ORDER BY `sort`  [ RunTime:0.000000s ]
INFO: [ view_parse ] --START--
NOTIC: [8] Undefined variable: title G:\Web\itshajia\App\Weizhan\Runtime\Cache\User\347f6273df647ffe1f18bfdb6aa384f0.php 第 5 行.
INFO: ParseTemplate Behavior ::run [ RunTime:0.041002s ]
INFO: [ view_parse ] --END-- [ RunTime:0.041002s ]
INFO: [ view_filter ] --START--
INFO: ContentReplace Behavior ::run [ RunTime:0.004000s ]
INFO: TokenBuild Behavior ::run [ RunTime:0.002000s ]
INFO: WriteHtmlCache Behavior ::run [ RunTime:0.002000s ]
INFO: ShowRuntime Behavior ::run [ RunTime:0.001001s ]
INFO: [ view_filter ] --END-- [ RunTime:0.009001s ]
INFO: [ view_end ] --START--
INFO: ShowPageTrace Behavior ::run [ RunTime:0.003000s ]
INFO: [ view_end ] --END-- [ RunTime:0.003000s ]

[ 2014-03-20T22:10:55+08:00 ] 127.0.0.1 /App/Weizhan/index.php?g=User&m=Index&a=column
INFO: [ app_begin ] --START--
INFO: ReadHtmlCache Behavior ::run [ RunTime:0.005000s ]
INFO: [ app_begin ] --END-- [ RunTime:0.005000s ]
SQL: SHOW COLUMNS FROM `uio_column` [ RunTime:0.019001s ]
NOTIC: [8] Undefined index: submit G:\Web\itshajia\App\Weizhan\Lib\Action\User\IndexAction.class.php 第 66 行.
SQL: SELECT * FROM `uio_column` WHERE ( `uid` = 4 ) AND ( `is_sys` = 1 ) AND ( `app_name` = 'wz' ) ORDER BY `sort`  [ RunTime:0.013001s ]
SQL: SELECT * FROM `uio_column` WHERE ( `uid` = 4 ) AND ( `is_sys` = 0 ) AND ( `app_name` = 'wz' ) ORDER BY `sort`  [ RunTime:0.001000s ]
INFO: [ view_parse ] --START--
NOTIC: [8] Undefined variable: title G:\Web\itshajia\App\Weizhan\Runtime\Cache\User\347f6273df647ffe1f18bfdb6aa384f0.php 第 5 行.
INFO: ParseTemplate Behavior ::run [ RunTime:0.048003s ]
INFO: [ view_parse ] --END-- [ RunTime:0.048003s ]
INFO: [ view_filter ] --START--
INFO: ContentReplace Behavior ::run [ RunTime:0.005000s ]
INFO: TokenBuild Behavior ::run [ RunTime:0.002000s ]
INFO: WriteHtmlCache Behavior ::run [ RunTime:0.004000s ]
INFO: ShowRuntime Behavior ::run [ RunTime:0.007001s ]
INFO: [ view_filter ] --END-- [ RunTime:0.018001s ]
INFO: [ view_end ] --START--
INFO: ShowPageTrace Behavior ::run [ RunTime:0.004000s ]
INFO: [ view_end ] --END-- [ RunTime:0.005000s ]

[ 2014-03-20T22:11:56+08:00 ] 127.0.0.1 /App/Weizhan/index.php?g=User&m=Index&a=column
INFO: [ app_begin ] --START--
INFO: ReadHtmlCache Behavior ::run [ RunTime:0.012000s ]
INFO: [ app_begin ] --END-- [ RunTime:0.012000s ]
SQL: SHOW COLUMNS FROM `uio_column` [ RunTime:0.009001s ]
NOTIC: [8] Undefined index: submit G:\Web\itshajia\App\Weizhan\Lib\Action\User\IndexAction.class.php 第 66 行.
SQL: SELECT * FROM `uio_column` WHERE ( `uid` = 4 ) AND ( `is_sys` = 1 ) AND ( `app_name` = 'wz' ) ORDER BY `sort`  [ RunTime:0.003000s ]
SQL: SELECT * FROM `uio_column` WHERE ( `uid` = 4 ) AND ( `is_sys` = 0 ) AND ( `app_name` = 'wz' ) ORDER BY `sort`  [ RunTime:0.001000s ]
INFO: [ view_parse ] --START--
NOTIC: [8] Undefined variable: title G:\Web\itshajia\App\Weizhan\Runtime\Cache\User\347f6273df647ffe1f18bfdb6aa384f0.php 第 5 行.
INFO: ParseTemplate Behavior ::run [ RunTime:0.043003s ]
INFO: [ view_parse ] --END-- [ RunTime:0.043003s ]
INFO: [ view_filter ] --START--
INFO: ContentReplace Behavior ::run [ RunTime:0.004000s ]
INFO: TokenBuild Behavior ::run [ RunTime:0.004000s ]
INFO: WriteHtmlCache Behavior ::run [ RunTime:0.003001s ]
INFO: ShowRuntime Behavior ::run [ RunTime:0.006000s ]
INFO: [ view_filter ] --END-- [ RunTime:0.017001s ]
INFO: [ view_end ] --START--
INFO: ShowPageTrace Behavior ::run [ RunTime:0.003000s ]
INFO: [ view_end ] --END-- [ RunTime:0.003000s ]

[ 2014-03-20T22:12:35+08:00 ] 127.0.0.1 /App/Weizhan/index.php?g=User&m=Index&a=column
INFO: [ app_begin ] --START--
INFO: ReadHtmlCache Behavior ::run [ RunTime:0.007000s ]
INFO: [ app_begin ] --END-- [ RunTime:0.007000s ]
SQL: SHOW COLUMNS FROM `uio_column` [ RunTime:0.014000s ]
NOTIC: [8] Undefined index: submit G:\Web\itshajia\App\Weizhan\Lib\Action\User\IndexAction.class.php 第 66 行.
SQL: SELECT * FROM `uio_column` WHERE ( `uid` = 4 ) AND ( `is_sys` = 1 ) AND ( `app_name` = 'wz' ) ORDER BY `sort`  [ RunTime:0.003000s ]
SQL: SELECT * FROM `uio_column` WHERE ( `uid` = 4 ) AND ( `is_sys` = 0 ) AND ( `app_name` = 'wz' ) ORDER BY `sort`  [ RunTime:0.003000s ]
INFO: [ view_parse ] --START--
NOTIC: [8] Undefined variable: title G:\Web\itshajia\App\Weizhan\Runtime\Cache\User\347f6273df647ffe1f18bfdb6aa384f0.php 第 5 行.
INFO: ParseTemplate Behavior ::run [ RunTime:0.076004s ]
INFO: [ view_parse ] --END-- [ RunTime:0.076004s ]
INFO: [ view_filter ] --START--
INFO: ContentReplace Behavior ::run [ RunTime:0.004001s ]
INFO: TokenBuild Behavior ::run [ RunTime:0.003000s ]
INFO: WriteHtmlCache Behavior ::run [ RunTime:0.006000s ]
INFO: ShowRuntime Behavior ::run [ RunTime:0.004000s ]
INFO: [ view_filter ] --END-- [ RunTime:0.018001s ]
INFO: [ view_end ] --START--
INFO: ShowPageTrace Behavior ::run [ RunTime:0.005000s ]
INFO: [ view_end ] --END-- [ RunTime:0.005000s ]

[ 2014-03-20T22:12:47+08:00 ] 127.0.0.1 /App/Weizhan/index.php?g=User&m=Index&a=column
INFO: [ app_begin ] --START--
INFO: ReadHtmlCache Behavior ::run [ RunTime:0.002000s ]
INFO: [ app_begin ] --END-- [ RunTime:0.002000s ]
SQL: SHOW COLUMNS FROM `uio_column` [ RunTime:0.009001s ]
NOTIC: [8] Undefined index: submit G:\Web\itshajia\App\Weizhan\Lib\Action\User\IndexAction.class.php 第 66 行.
SQL: SELECT * FROM `uio_column` WHERE ( `uid` = 4 ) AND ( `is_sys` = 1 ) AND ( `app_name` = 'wz' ) ORDER BY `sort`  [ RunTime:0.001000s ]
SQL: SELECT * FROM `uio_column` WHERE ( `uid` = 4 ) AND ( `is_sys` = 0 ) AND ( `app_name` = 'wz' ) ORDER BY `sort`  [ RunTime:0.000000s ]
INFO: [ view_parse ] --START--
NOTIC: [8] Undefined variable: title G:\Web\itshajia\App\Weizhan\Runtime\Cache\User\347f6273df647ffe1f18bfdb6aa384f0.php 第 5 行.
INFO: ParseTemplate Behavior ::run [ RunTime:0.041003s ]
INFO: [ view_parse ] --END-- [ RunTime:0.041003s ]
INFO: [ view_filter ] --START--
INFO: ContentReplace Behavior ::run [ RunTime:0.003000s ]
INFO: TokenBuild Behavior ::run [ RunTime:0.003000s ]
INFO: WriteHtmlCache Behavior ::run [ RunTime:0.001000s ]
INFO: ShowRuntime Behavior ::run [ RunTime:0.002000s ]
INFO: [ view_filter ] --END-- [ RunTime:0.009000s ]
INFO: [ view_end ] --START--
INFO: ShowPageTrace Behavior ::run [ RunTime:0.002000s ]
INFO: [ view_end ] --END-- [ RunTime:0.002000s ]

[ 2014-03-20T22:15:30+08:00 ] 127.0.0.1 /App/Weizhan/index.php?g=User&m=Index&a=column
INFO: [ app_begin ] --START--
INFO: ReadHtmlCache Behavior ::run [ RunTime:0.003000s ]
INFO: [ app_begin ] --END-- [ RunTime:0.004000s ]
SQL: SHOW COLUMNS FROM `uio_column` [ RunTime:0.009000s ]
NOTIC: [8] Undefined index: submit G:\Web\itshajia\App\Weizhan\Lib\Action\User\IndexAction.class.php 第 66 行.
SQL: SELECT * FROM `uio_column` WHERE ( `uid` = 4 ) AND ( `is_sys` = 1 ) AND ( `app_name` = 'wz' ) ORDER BY `sort`  [ RunTime:0.001000s ]
SQL: SELECT * FROM `uio_column` WHERE ( `uid` = 4 ) AND ( `is_sys` = 0 ) AND ( `app_name` = 'wz' ) ORDER BY `sort`  [ RunTime:0.000000s ]
INFO: [ view_parse ] --START--
NOTIC: [8] Undefined variable: title G:\Web\itshajia\App\Weizhan\Runtime\Cache\User\347f6273df647ffe1f18bfdb6aa384f0.php 第 5 行.
INFO: ParseTemplate Behavior ::run [ RunTime:0.041002s ]
INFO: [ view_parse ] --END-- [ RunTime:0.041002s ]
INFO: [ view_filter ] --START--
INFO: ContentReplace Behavior ::run [ RunTime:0.002000s ]
INFO: TokenBuild Behavior ::run [ RunTime:0.005000s ]
INFO: WriteHtmlCache Behavior ::run [ RunTime:0.002001s ]
INFO: ShowRuntime Behavior ::run [ RunTime:0.002000s ]
INFO: [ view_filter ] --END-- [ RunTime:0.011001s ]
INFO: [ view_end ] --START--
INFO: ShowPageTrace Behavior ::run [ RunTime:0.003000s ]
INFO: [ view_end ] --END-- [ RunTime:0.003000s ]

[ 2014-03-20T22:23:27+08:00 ] 127.0.0.1 /App/Weizhan/index.php?g=User&m=Index&a=column
INFO: [ app_begin ] --START--
INFO: ReadHtmlCache Behavior ::run [ RunTime:0.006000s ]
INFO: [ app_begin ] --END-- [ RunTime:0.006000s ]
SQL: SHOW COLUMNS FROM `uio_column` [ RunTime:0.013000s ]
NOTIC: [8] Undefined index: submit G:\Web\itshajia\App\Weizhan\Lib\Action\User\IndexAction.class.php 第 66 行.
SQL: SELECT * FROM `uio_column` WHERE ( `uid` = 4 ) AND ( `is_sys` = 1 ) AND ( `app_name` = 'wz' ) ORDER BY `sort`  [ RunTime:0.001000s ]
SQL: SELECT * FROM `uio_column` WHERE ( `uid` = 4 ) AND ( `is_sys` = 0 ) AND ( `app_name` = 'wz' ) ORDER BY `sort`  [ RunTime:0.001000s ]
INFO: [ view_parse ] --START--
NOTIC: [8] Undefined variable: title G:\Web\itshajia\App\Weizhan\Runtime\Cache\User\347f6273df647ffe1f18bfdb6aa384f0.php 第 5 行.
INFO: ParseTemplate Behavior ::run [ RunTime:0.052003s ]
INFO: [ view_parse ] --END-- [ RunTime:0.052003s ]
INFO: [ view_filter ] --START--
INFO: ContentReplace Behavior ::run [ RunTime:0.004000s ]
INFO: TokenBuild Behavior ::run [ RunTime:0.003000s ]
INFO: WriteHtmlCache Behavior ::run [ RunTime:0.006000s ]
INFO: ShowRuntime Behavior ::run [ RunTime:0.003001s ]
INFO: [ view_filter ] --END-- [ RunTime:0.017001s ]
INFO: [ view_end ] --START--
INFO: ShowPageTrace Behavior ::run [ RunTime:0.007000s ]
INFO: [ view_end ] --END-- [ RunTime:0.007000s ]

[ 2014-03-20T23:09:39+08:00 ] 127.0.0.1 /App/Weizhan/index.php?g=User&m=Index&a=column
INFO: [ app_begin ] --START--
INFO: ReadHtmlCache Behavior ::run [ RunTime:0.003000s ]
INFO: [ app_begin ] --END-- [ RunTime:0.003000s ]
SQL: SHOW COLUMNS FROM `uio_column` [ RunTime:0.009001s ]
NOTIC: [8] Undefined index: submit G:\Web\itshajia\App\Weizhan\Lib\Action\User\IndexAction.class.php 第 66 行.
SQL: SELECT * FROM `uio_column` WHERE ( `uid` = 4 ) AND ( `is_sys` = 1 ) AND ( `app_name` = 'wz' ) ORDER BY `sort`  [ RunTime:0.001000s ]
SQL: SELECT * FROM `uio_column` WHERE ( `uid` = 4 ) AND ( `is_sys` = 0 ) AND ( `app_name` = 'wz' ) ORDER BY `sort`  [ RunTime:0.001000s ]
INFO: [ view_parse ] --START--
NOTIC: [8] Undefined variable: title G:\Web\itshajia\App\Weizhan\Runtime\Cache\User\347f6273df647ffe1f18bfdb6aa384f0.php 第 5 行.
INFO: ParseTemplate Behavior ::run [ RunTime:0.056003s ]
INFO: [ view_parse ] --END-- [ RunTime:0.056003s ]
INFO: [ view_filter ] --START--
INFO: ContentReplace Behavior ::run [ RunTime:0.003001s ]
INFO: TokenBuild Behavior ::run [ RunTime:0.003000s ]
INFO: WriteHtmlCache Behavior ::run [ RunTime:0.003000s ]
INFO: ShowRuntime Behavior ::run [ RunTime:0.003000s ]
INFO: [ view_filter ] --END-- [ RunTime:0.013001s ]
INFO: [ view_end ] --START--
INFO: ShowPageTrace Behavior ::run [ RunTime:0.004000s ]
INFO: [ view_end ] --END-- [ RunTime:0.004000s ]

[ 2014-03-20T23:11:35+08:00 ] 127.0.0.1 /App/Weizhan/index.php?g=User&m=Index&a=column
INFO: [ app_begin ] --START--
INFO: ReadHtmlCache Behavior ::run [ RunTime:0.006000s ]
INFO: [ app_begin ] --END-- [ RunTime:0.006000s ]
SQL: SHOW COLUMNS FROM `uio_column` [ RunTime:0.010000s ]
NOTIC: [8] Undefined index: submit G:\Web\itshajia\App\Weizhan\Lib\Action\User\IndexAction.class.php 第 66 行.
SQL: SELECT * FROM `uio_column` WHERE ( `uid` = 4 ) AND ( `is_sys` = 1 ) AND ( `app_name` = 'wz' ) ORDER BY `sort`  [ RunTime:0.001000s ]
SQL: SELECT * FROM `uio_column` WHERE ( `uid` = 4 ) AND ( `is_sys` = 0 ) AND ( `app_name` = 'wz' ) ORDER BY `sort`  [ RunTime:0.001000s ]
INFO: [ view_parse ] --START--
NOTIC: [8] Undefined variable: title G:\Web\itshajia\App\Weizhan\Runtime\Cache\User\347f6273df647ffe1f18bfdb6aa384f0.php 第 5 行.
INFO: ParseTemplate Behavior ::run [ RunTime:0.041002s ]
INFO: [ view_parse ] --END-- [ RunTime:0.041002s ]
INFO: [ view_filter ] --START--
INFO: ContentReplace Behavior ::run [ RunTime:0.004000s ]
INFO: TokenBuild Behavior ::run [ RunTime:0.001000s ]
INFO: WriteHtmlCache Behavior ::run [ RunTime:0.001000s ]
INFO: ShowRuntime Behavior ::run [ RunTime:0.002001s ]
INFO: [ view_filter ] --END-- [ RunTime:0.009001s ]
INFO: [ view_end ] --START--
INFO: ShowPageTrace Behavior ::run [ RunTime:0.003000s ]
INFO: [ view_end ] --END-- [ RunTime:0.003000s ]

[ 2014-03-20T23:13:40+08:00 ] 127.0.0.1 /App/Weizhan/index.php?g=User&m=Index&a=column
INFO: [ app_begin ] --START--
INFO: ReadHtmlCache Behavior ::run [ RunTime:0.003000s ]
INFO: [ app_begin ] --END-- [ RunTime:0.004000s ]
SQL: SHOW COLUMNS FROM `uio_column` [ RunTime:0.064004s ]
NOTIC: [8] Undefined index: submit G:\Web\itshajia\App\Weizhan\Lib\Action\User\IndexAction.class.php 第 66 行.
SQL: SELECT * FROM `uio_column` WHERE ( `uid` = 4 ) AND ( `is_sys` = 1 ) AND ( `app_name` = 'wz' ) ORDER BY `sort`  [ RunTime:0.005000s ]
SQL: SELECT * FROM `uio_column` WHERE ( `uid` = 4 ) AND ( `is_sys` = 0 ) AND ( `app_name` = 'wz' ) ORDER BY `sort`  [ RunTime:0.002000s ]
INFO: [ view_parse ] --START--
NOTIC: [8] Undefined variable: title G:\Web\itshajia\App\Weizhan\Runtime\Cache\User\347f6273df647ffe1f18bfdb6aa384f0.php 第 5 行.
INFO: ParseTemplate Behavior ::run [ RunTime:0.049003s ]
INFO: [ view_parse ] --END-- [ RunTime:0.049003s ]
INFO: [ view_filter ] --START--
INFO: ContentReplace Behavior ::run [ RunTime:0.003000s ]
INFO: TokenBuild Behavior ::run [ RunTime:0.002000s ]
INFO: WriteHtmlCache Behavior ::run [ RunTime:0.002000s ]
INFO: ShowRuntime Behavior ::run [ RunTime:0.001000s ]
INFO: [ view_filter ] --END-- [ RunTime:0.010000s ]
INFO: [ view_end ] --START--
INFO: ShowPageTrace Behavior ::run [ RunTime:0.004001s ]
INFO: [ view_end ] --END-- [ RunTime:0.005001s ]

[ 2014-03-20T23:14:05+08:00 ] 127.0.0.1 /App/Weizhan/index.php?g=User&m=Index&a=column
INFO: [ app_begin ] --START--
INFO: ReadHtmlCache Behavior ::run [ RunTime:0.004000s ]
INFO: [ app_begin ] --END-- [ RunTime:0.005000s ]
SQL: SHOW COLUMNS FROM `uio_column` [ RunTime:0.008001s ]
NOTIC: [8] Undefined index: submit G:\Web\itshajia\App\Weizhan\Lib\Action\User\IndexAction.class.php 第 66 行.
SQL: SELECT * FROM `uio_column` WHERE ( `uid` = 4 ) AND ( `is_sys` = 1 ) AND ( `app_name` = 'wz' ) ORDER BY `sort`  [ RunTime:0.001000s ]
SQL: SELECT * FROM `uio_column` WHERE ( `uid` = 4 ) AND ( `is_sys` = 0 ) AND ( `app_name` = 'wz' ) ORDER BY `sort`  [ RunTime:0.001000s ]
INFO: [ view_parse ] --START--
NOTIC: [8] Undefined variable: title G:\Web\itshajia\App\Weizhan\Runtime\Cache\User\347f6273df647ffe1f18bfdb6aa384f0.php 第 5 行.
INFO: ParseTemplate Behavior ::run [ RunTime:0.040002s ]
INFO: [ view_parse ] --END-- [ RunTime:0.040002s ]
INFO: [ view_filter ] --START--
INFO: ContentReplace Behavior ::run [ RunTime:0.004000s ]
INFO: TokenBuild Behavior ::run [ RunTime:0.002001s ]
INFO: WriteHtmlCache Behavior ::run [ RunTime:0.002000s ]
INFO: ShowRuntime Behavior ::run [ RunTime:0.002000s ]
INFO: [ view_filter ] --END-- [ RunTime:0.010001s ]
INFO: [ view_end ] --START--
INFO: ShowPageTrace Behavior ::run [ RunTime:0.002000s ]
INFO: [ view_end ] --END-- [ RunTime:0.002000s ]

[ 2014-03-20T23:14:52+08:00 ] 127.0.0.1 /App/Weizhan/index.php?g=User&m=Index&a=column
INFO: [ app_begin ] --START--
INFO: ReadHtmlCache Behavior ::run [ RunTime:0.003000s ]
INFO: [ app_begin ] --END-- [ RunTime:0.003000s ]
SQL: SHOW COLUMNS FROM `uio_column` [ RunTime:0.018001s ]
NOTIC: [8] Undefined index: submit G:\Web\itshajia\App\Weizhan\Lib\Action\User\IndexAction.class.php 第 66 行.
SQL: SELECT * FROM `uio_column` WHERE ( `uid` = 4 ) AND ( `is_sys` = 1 ) AND ( `app_name` = 'wz' ) ORDER BY `sort`  [ RunTime:0.001000s ]
SQL: SELECT * FROM `uio_column` WHERE ( `uid` = 4 ) AND ( `is_sys` = 0 ) AND ( `app_name` = 'wz' ) ORDER BY `sort`  [ RunTime:0.001000s ]
INFO: [ view_parse ] --START--
NOTIC: [8] Undefined variable: title G:\Web\itshajia\App\Weizhan\Runtime\Cache\User\347f6273df647ffe1f18bfdb6aa384f0.php 第 5 行.
INFO: ParseTemplate Behavior ::run [ RunTime:0.044003s ]
INFO: [ view_parse ] --END-- [ RunTime:0.044003s ]
INFO: [ view_filter ] --START--
INFO: ContentReplace Behavior ::run [ RunTime:0.004000s ]
INFO: TokenBuild Behavior ::run [ RunTime:0.002000s ]
INFO: WriteHtmlCache Behavior ::run [ RunTime:0.002000s ]
INFO: ShowRuntime Behavior ::run [ RunTime:0.001000s ]
INFO: [ view_filter ] --END-- [ RunTime:0.012000s ]
INFO: [ view_end ] --START--
INFO: ShowPageTrace Behavior ::run [ RunTime:0.003000s ]
INFO: [ view_end ] --END-- [ RunTime:0.003000s ]

[ 2014-03-20T23:15:25+08:00 ] 127.0.0.1 /App/Weizhan/index.php?g=User&m=Index&a=column
INFO: [ app_begin ] --START--
INFO: ReadHtmlCache Behavior ::run [ RunTime:0.004000s ]
INFO: [ app_begin ] --END-- [ RunTime:0.004000s ]
SQL: SHOW COLUMNS FROM `uio_column` [ RunTime:0.016001s ]
NOTIC: [8] Undefined index: submit G:\Web\itshajia\App\Weizhan\Lib\Action\User\IndexAction.class.php 第 66 行.
SQL: SELECT * FROM `uio_column` WHERE ( `uid` = 4 ) AND ( `is_sys` = 1 ) AND ( `app_name` = 'wz' ) ORDER BY `sort`  [ RunTime:0.003000s ]
SQL: SELECT * FROM `uio_column` WHERE ( `uid` = 4 ) AND ( `is_sys` = 0 ) AND ( `app_name` = 'wz' ) ORDER BY `sort`  [ RunTime:0.001000s ]
INFO: [ view_parse ] --START--
NOTIC: [8] Undefined variable: title G:\Web\itshajia\App\Weizhan\Runtime\Cache\User\347f6273df647ffe1f18bfdb6aa384f0.php 第 5 行.
INFO: ParseTemplate Behavior ::run [ RunTime:0.113007s ]
INFO: [ view_parse ] --END-- [ RunTime:0.113007s ]
INFO: [ view_filter ] --START--
INFO: ContentReplace Behavior ::run [ RunTime:0.004000s ]
INFO: TokenBuild Behavior ::run [ RunTime:0.007000s ]
INFO: WriteHtmlCache Behavior ::run [ RunTime:0.003001s ]
INFO: ShowRuntime Behavior ::run [ RunTime:0.004000s ]
INFO: [ view_filter ] --END-- [ RunTime:0.018001s ]
INFO: [ view_end ] --START--
INFO: ShowPageTrace Behavior ::run [ RunTime:0.005000s ]
INFO: [ view_end ] --END-- [ RunTime:0.006000s ]

[ 2014-03-20T23:18:54+08:00 ] 127.0.0.1 /App/Weizhan/index.php?g=User&m=Index&a=column
INFO: [ app_begin ] --START--
INFO: ReadHtmlCache Behavior ::run [ RunTime:0.005000s ]
INFO: [ app_begin ] --END-- [ RunTime:0.005000s ]
SQL: SHOW COLUMNS FROM `uio_column` [ RunTime:0.008001s ]
NOTIC: [8] Undefined index: submit G:\Web\itshajia\App\Weizhan\Lib\Action\User\IndexAction.class.php 第 66 行.
SQL: SELECT * FROM `uio_column` WHERE ( `uid` = 4 ) AND ( `is_sys` = 1 ) AND ( `app_name` = 'wz' ) ORDER BY `sort`  [ RunTime:0.001000s ]
SQL: SELECT * FROM `uio_column` WHERE ( `uid` = 4 ) AND ( `is_sys` = 0 ) AND ( `app_name` = 'wz' ) ORDER BY `sort`  [ RunTime:0.001000s ]
INFO: [ view_parse ] --START--
NOTIC: [8] Undefined variable: title G:\Web\itshajia\App\Weizhan\Runtime\Cache\User\347f6273df647ffe1f18bfdb6aa384f0.php 第 5 行.
INFO: ParseTemplate Behavior ::run [ RunTime:0.073004s ]
INFO: [ view_parse ] --END-- [ RunTime:0.073004s ]
INFO: [ view_filter ] --START--
INFO: ContentReplace Behavior ::run [ RunTime:0.004001s ]
INFO: TokenBuild Behavior ::run [ RunTime:0.003000s ]
INFO: WriteHtmlCache Behavior ::run [ RunTime:0.001000s ]
INFO: ShowRuntime Behavior ::run [ RunTime:0.002000s ]
INFO: [ view_filter ] --END-- [ RunTime:0.011001s ]
INFO: [ view_end ] --START--
INFO: ShowPageTrace Behavior ::run [ RunTime:0.020001s ]
INFO: [ view_end ] --END-- [ RunTime:0.020001s ]

[ 2014-03-20T23:19:16+08:00 ] 127.0.0.1 /App/Weizhan/index.php?g=User&m=Index&a=column
INFO: [ app_begin ] --START--
INFO: ReadHtmlCache Behavior ::run [ RunTime:0.003000s ]
INFO: [ app_begin ] --END-- [ RunTime:0.003000s ]
SQL: SHOW COLUMNS FROM `uio_column` [ RunTime:0.010001s ]
NOTIC: [8] Undefined index: submit G:\Web\itshajia\App\Weizhan\Lib\Action\User\IndexAction.class.php 第 66 行.
SQL: SELECT * FROM `uio_column` WHERE ( `uid` = 4 ) AND ( `is_sys` = 1 ) AND ( `app_name` = 'wz' ) ORDER BY `sort`  [ RunTime:0.002000s ]
SQL: SELECT * FROM `uio_column` WHERE ( `uid` = 4 ) AND ( `is_sys` = 0 ) AND ( `app_name` = 'wz' ) ORDER BY `sort`  [ RunTime:0.002000s ]
INFO: [ view_parse ] --START--
NOTIC: [8] Undefined variable: title G:\Web\itshajia\App\Weizhan\Runtime\Cache\User\347f6273df647ffe1f18bfdb6aa384f0.php 第 5 行.
INFO: ParseTemplate Behavior ::run [ RunTime:0.054003s ]
INFO: [ view_parse ] --END-- [ RunTime:0.054003s ]
INFO: [ view_filter ] --START--
INFO: ContentReplace Behavior ::run [ RunTime:0.003001s ]
INFO: TokenBuild Behavior ::run [ RunTime:0.004000s ]
INFO: WriteHtmlCache Behavior ::run [ RunTime:0.002000s ]
INFO: ShowRuntime Behavior ::run [ RunTime:0.003000s ]
INFO: [ view_filter ] --END-- [ RunTime:0.012001s ]
INFO: [ view_end ] --START--
INFO: ShowPageTrace Behavior ::run [ RunTime:0.005001s ]
INFO: [ view_end ] --END-- [ RunTime:0.005001s ]

[ 2014-03-20T23:20:05+08:00 ] 127.0.0.1 /App/Weizhan/index.php?g=User&m=Index&a=column
INFO: [ app_begin ] --START--
INFO: ReadHtmlCache Behavior ::run [ RunTime:0.003000s ]
INFO: [ app_begin ] --END-- [ RunTime:0.003000s ]
SQL: SHOW COLUMNS FROM `uio_column` [ RunTime:0.010000s ]
NOTIC: [8] Undefined index: submit G:\Web\itshajia\App\Weizhan\Lib\Action\User\IndexAction.class.php 第 66 行.
SQL: SELECT * FROM `uio_column` WHERE ( `uid` = 4 ) AND ( `is_sys` = 1 ) AND ( `app_name` = 'wz' ) ORDER BY `sort`  [ RunTime:0.001000s ]
SQL: SELECT * FROM `uio_column` WHERE ( `uid` = 4 ) AND ( `is_sys` = 0 ) AND ( `app_name` = 'wz' ) ORDER BY `sort`  [ RunTime:0.000000s ]
INFO: [ view_parse ] --START--
NOTIC: [8] Undefined variable: title G:\Web\itshajia\App\Weizhan\Runtime\Cache\User\347f6273df647ffe1f18bfdb6aa384f0.php 第 5 行.
INFO: ParseTemplate Behavior ::run [ RunTime:0.051003s ]
INFO: [ view_parse ] --END-- [ RunTime:0.051003s ]
INFO: [ view_filter ] --START--
INFO: ContentReplace Behavior ::run [ RunTime:0.005000s ]
INFO: TokenBuild Behavior ::run [ RunTime:0.003000s ]
INFO: WriteHtmlCache Behavior ::run [ RunTime:0.002000s ]
INFO: ShowRuntime Behavior ::run [ RunTime:0.003000s ]
INFO: [ view_filter ] --END-- [ RunTime:0.013000s ]
INFO: [ view_end ] --START--
INFO: ShowPageTrace Behavior ::run [ RunTime:0.009001s ]
INFO: [ view_end ] --END-- [ RunTime:0.009001s ]

[ 2014-03-20T23:21:48+08:00 ] 127.0.0.1 /App/Weizhan/index.php?g=User&m=Index&a=column
INFO: [ app_begin ] --START--
INFO: ReadHtmlCache Behavior ::run [ RunTime:0.004001s ]
INFO: [ app_begin ] --END-- [ RunTime:0.004001s ]
SQL: SHOW COLUMNS FROM `uio_column` [ RunTime:0.011001s ]
NOTIC: [8] Undefined index: submit G:\Web\itshajia\App\Weizhan\Lib\Action\User\IndexAction.class.php 第 66 行.
SQL: SELECT * FROM `uio_column` WHERE ( `uid` = 4 ) AND ( `is_sys` = 1 ) AND ( `app_name` = 'wz' ) ORDER BY `sort`  [ RunTime:0.001000s ]
SQL: SELECT * FROM `uio_column` WHERE ( `uid` = 4 ) AND ( `is_sys` = 0 ) AND ( `app_name` = 'wz' ) ORDER BY `sort`  [ RunTime:0.001000s ]
INFO: [ view_parse ] --START--
NOTIC: [8] Undefined variable: title G:\Web\itshajia\App\Weizhan\Runtime\Cache\User\347f6273df647ffe1f18bfdb6aa384f0.php 第 5 行.
INFO: ParseTemplate Behavior ::run [ RunTime:0.050003s ]
INFO: [ view_parse ] --END-- [ RunTime:0.050003s ]
INFO: [ view_filter ] --START--
INFO: ContentReplace Behavior ::run [ RunTime:0.008000s ]
INFO: TokenBuild Behavior ::run [ RunTime:0.005001s ]
INFO: WriteHtmlCache Behavior ::run [ RunTime:0.007000s ]
INFO: ShowRuntime Behavior ::run [ RunTime:0.003000s ]
INFO: [ view_filter ] --END-- [ RunTime:0.023001s ]
INFO: [ view_end ] --START--
INFO: ShowPageTrace Behavior ::run [ RunTime:0.003001s ]
INFO: [ view_end ] --END-- [ RunTime:0.003001s ]

[ 2014-03-20T23:22:26+08:00 ] 127.0.0.1 /App/Weizhan/index.php?g=User&m=Index&a=column
INFO: [ app_begin ] --START--
INFO: ReadHtmlCache Behavior ::run [ RunTime:0.001000s ]
INFO: [ app_begin ] --END-- [ RunTime:0.002000s ]
SQL: SHOW COLUMNS FROM `uio_column` [ RunTime:0.018001s ]
NOTIC: [8] Undefined index: submit G:\Web\itshajia\App\Weizhan\Lib\Action\User\IndexAction.class.php 第 66 行.
SQL: SELECT * FROM `uio_column` WHERE ( `uid` = 4 ) AND ( `is_sys` = 1 ) AND ( `app_name` = 'wz' ) ORDER BY `sort`  [ RunTime:0.001000s ]
SQL: SELECT * FROM `uio_column` WHERE ( `uid` = 4 ) AND ( `is_sys` = 0 ) AND ( `app_name` = 'wz' ) ORDER BY `sort`  [ RunTime:0.001000s ]
INFO: [ view_parse ] --START--
NOTIC: [8] Undefined variable: title G:\Web\itshajia\App\Weizhan\Runtime\Cache\User\347f6273df647ffe1f18bfdb6aa384f0.php 第 5 行.
INFO: ParseTemplate Behavior ::run [ RunTime:0.049003s ]
INFO: [ view_parse ] --END-- [ RunTime:0.049003s ]
INFO: [ view_filter ] --START--
INFO: ContentReplace Behavior ::run [ RunTime:0.002000s ]
INFO: TokenBuild Behavior ::run [ RunTime:0.001000s ]
INFO: WriteHtmlCache Behavior ::run [ RunTime:0.003000s ]
INFO: ShowRuntime Behavior ::run [ RunTime:0.003001s ]
INFO: [ view_filter ] --END-- [ RunTime:0.010001s ]
INFO: [ view_end ] --START--
INFO: ShowPageTrace Behavior ::run [ RunTime:0.005000s ]
INFO: [ view_end ] --END-- [ RunTime:0.005000s ]

[ 2014-03-20T23:29:52+08:00 ] 127.0.0.1 /App/Weizhan/index.php?g=User&m=Index&a=column
INFO: [ app_begin ] --START--
INFO: ReadHtmlCache Behavior ::run [ RunTime:0.004000s ]
INFO: [ app_begin ] --END-- [ RunTime:0.005000s ]
SQL: SHOW COLUMNS FROM `uio_column` [ RunTime:0.016001s ]
NOTIC: [8] Undefined index: submit G:\Web\itshajia\App\Weizhan\Lib\Action\User\IndexAction.class.php 第 66 行.
SQL: SELECT * FROM `uio_column` WHERE ( `uid` = 4 ) AND ( `is_sys` = 1 ) AND ( `app_name` = 'wz' ) ORDER BY `sort`  [ RunTime:0.003000s ]
SQL: SELECT * FROM `uio_column` WHERE ( `uid` = 4 ) AND ( `is_sys` = 0 ) AND ( `app_name` = 'wz' ) ORDER BY `sort`  [ RunTime:0.002000s ]
INFO: [ view_parse ] --START--
NOTIC: [8] Undefined variable: title G:\Web\itshajia\App\Weizhan\Runtime\Cache\User\347f6273df647ffe1f18bfdb6aa384f0.php 第 5 行.
INFO: ParseTemplate Behavior ::run [ RunTime:0.037003s ]
INFO: [ view_parse ] --END-- [ RunTime:0.037003s ]
INFO: [ view_filter ] --START--
INFO: ContentReplace Behavior ::run [ RunTime:0.004000s ]
INFO: TokenBuild Behavior ::run [ RunTime:0.005000s ]
INFO: WriteHtmlCache Behavior ::run [ RunTime:0.003000s ]
INFO: ShowRuntime Behavior ::run [ RunTime:0.003001s ]
INFO: [ view_filter ] --END-- [ RunTime:0.016001s ]
INFO: [ view_end ] --START--
INFO: ShowPageTrace Behavior ::run [ RunTime:0.002000s ]
INFO: [ view_end ] --END-- [ RunTime:0.002000s ]

[ 2014-03-20T23:32:00+08:00 ] 127.0.0.1 /App/Weizhan/index.php?g=User&m=Index&a=column
INFO: [ app_begin ] --START--
INFO: ReadHtmlCache Behavior ::run [ RunTime:0.003001s ]
INFO: [ app_begin ] --END-- [ RunTime:0.003001s ]
SQL: SHOW COLUMNS FROM `uio_column` [ RunTime:0.013001s ]
NOTIC: [8] Undefined index: submit G:\Web\itshajia\App\Weizhan\Lib\Action\User\IndexAction.class.php 第 66 行.
SQL: SELECT * FROM `uio_column` WHERE ( `uid` = 4 ) AND ( `is_sys` = 1 ) AND ( `app_name` = 'wz' ) ORDER BY `sort`  [ RunTime:0.002000s ]
SQL: SELECT * FROM `uio_column` WHERE ( `uid` = 4 ) AND ( `is_sys` = 0 ) AND ( `app_name` = 'wz' ) ORDER BY `sort`  [ RunTime:0.001000s ]
INFO: [ view_parse ] --START--
NOTIC: [8] Undefined variable: title G:\Web\itshajia\App\Weizhan\Runtime\Cache\User\347f6273df647ffe1f18bfdb6aa384f0.php 第 5 行.
INFO: ParseTemplate Behavior ::run [ RunTime:0.107006s ]
INFO: [ view_parse ] --END-- [ RunTime:0.107006s ]
INFO: [ view_filter ] --START--
INFO: ContentReplace Behavior ::run [ RunTime:0.004000s ]
INFO: TokenBuild Behavior ::run [ RunTime:0.003000s ]
INFO: WriteHtmlCache Behavior ::run [ RunTime:0.006001s ]
INFO: ShowRuntime Behavior ::run [ RunTime:0.003000s ]
INFO: [ view_filter ] --END-- [ RunTime:0.018001s ]
INFO: [ view_end ] --START--
INFO: ShowPageTrace Behavior ::run [ RunTime:0.004000s ]
INFO: [ view_end ] --END-- [ RunTime:0.005000s ]

[ 2014-03-20T23:36:13+08:00 ] 127.0.0.1 /App/Weizhan/index.php?g=User&m=Index&a=column
INFO: [ app_begin ] --START--
INFO: ReadHtmlCache Behavior ::run [ RunTime:0.004001s ]
INFO: [ app_begin ] --END-- [ RunTime:0.004001s ]
SQL: SHOW COLUMNS FROM `uio_column` [ RunTime:0.018001s ]
NOTIC: [8] Undefined index: submit G:\Web\itshajia\App\Weizhan\Lib\Action\User\IndexAction.class.php 第 66 行.
SQL: SELECT * FROM `uio_column` WHERE ( `uid` = 4 ) AND ( `is_sys` = 1 ) AND ( `app_name` = 'wz' ) ORDER BY `sort`  [ RunTime:0.002000s ]
SQL: SELECT * FROM `uio_column` WHERE ( `uid` = 4 ) AND ( `is_sys` = 0 ) AND ( `app_name` = 'wz' ) ORDER BY `sort`  [ RunTime:0.002000s ]
INFO: [ view_parse ] --START--
NOTIC: [8] Undefined variable: title G:\Web\itshajia\App\Weizhan\Runtime\Cache\User\347f6273df647ffe1f18bfdb6aa384f0.php 第 5 行.
INFO: ParseTemplate Behavior ::run [ RunTime:0.045002s ]
INFO: [ view_parse ] --END-- [ RunTime:0.045002s ]
INFO: [ view_filter ] --START--
INFO: ContentReplace Behavior ::run [ RunTime:0.003000s ]
INFO: TokenBuild Behavior ::run [ RunTime:0.004001s ]
INFO: WriteHtmlCache Behavior ::run [ RunTime:0.005000s ]
INFO: ShowRuntime Behavior ::run [ RunTime:0.005000s ]
INFO: [ view_filter ] --END-- [ RunTime:0.017001s ]
INFO: [ view_end ] --START--
INFO: ShowPageTrace Behavior ::run [ RunTime:0.004000s ]
INFO: [ view_end ] --END-- [ RunTime:0.004000s ]

[ 2014-03-20T23:41:23+08:00 ] 127.0.0.1 /App/Weizhan/index.php?g=User&m=Index&a=column
INFO: [ app_begin ] --START--
INFO: ReadHtmlCache Behavior ::run [ RunTime:0.005000s ]
INFO: [ app_begin ] --END-- [ RunTime:0.005000s ]
SQL: SHOW COLUMNS FROM `uio_column` [ RunTime:0.011000s ]
NOTIC: [8] Undefined index: submit G:\Web\itshajia\App\Weizhan\Lib\Action\User\IndexAction.class.php 第 66 行.
SQL: SELECT * FROM `uio_column` WHERE ( `uid` = 4 ) AND ( `is_sys` = 1 ) AND ( `app_name` = 'wz' ) ORDER BY `sort`  [ RunTime:0.017001s ]
SQL: SELECT * FROM `uio_column` WHERE ( `uid` = 4 ) AND ( `is_sys` = 0 ) AND ( `app_name` = 'wz' ) ORDER BY `sort`  [ RunTime:0.001000s ]
INFO: [ view_parse ] --START--
NOTIC: [8] Undefined variable: title G:\Web\itshajia\App\Weizhan\Runtime\Cache\User\347f6273df647ffe1f18bfdb6aa384f0.php 第 5 行.
INFO: ParseTemplate Behavior ::run [ RunTime:0.055003s ]
INFO: [ view_parse ] --END-- [ RunTime:0.055003s ]
INFO: [ view_filter ] --START--
INFO: ContentReplace Behavior ::run [ RunTime:0.005000s ]
INFO: TokenBuild Behavior ::run [ RunTime:0.004000s ]
INFO: WriteHtmlCache Behavior ::run [ RunTime:0.007001s ]
INFO: ShowRuntime Behavior ::run [ RunTime:0.004000s ]
INFO: [ view_filter ] --END-- [ RunTime:0.020001s ]
INFO: [ view_end ] --START--
INFO: ShowPageTrace Behavior ::run [ RunTime:0.006000s ]
INFO: [ view_end ] --END-- [ RunTime:0.006000s ]

[ 2014-03-20T23:49:12+08:00 ] 127.0.0.1 /App/Weizhan/index.php?g=User&m=Index&a=column
INFO: [ app_begin ] --START--
INFO: ReadHtmlCache Behavior ::run [ RunTime:0.012000s ]
INFO: [ app_begin ] --END-- [ RunTime:0.012000s ]
SQL: SHOW COLUMNS FROM `uio_column` [ RunTime:0.026001s ]
NOTIC: [8] Undefined index: submit G:\Web\itshajia\App\Weizhan\Lib\Action\User\IndexAction.class.php 第 66 行.
SQL: SELECT * FROM `uio_column` WHERE ( `uid` = 4 ) AND ( `is_sys` = 1 ) AND ( `app_name` = 'wz' ) ORDER BY `sort`  [ RunTime:0.003001s ]
SQL: SELECT * FROM `uio_column` WHERE ( `uid` = 4 ) AND ( `is_sys` = 0 ) AND ( `app_name` = 'wz' ) ORDER BY `sort`  [ RunTime:0.002000s ]
INFO: [ view_parse ] --START--
NOTIC: [8] Undefined variable: title G:\Web\itshajia\App\Weizhan\Runtime\Cache\User\347f6273df647ffe1f18bfdb6aa384f0.php 第 5 行.
INFO: ParseTemplate Behavior ::run [ RunTime:0.035002s ]
INFO: [ view_parse ] --END-- [ RunTime:0.035002s ]
INFO: [ view_filter ] --START--
INFO: ContentReplace Behavior ::run [ RunTime:0.002000s ]
INFO: TokenBuild Behavior ::run [ RunTime:0.002000s ]
INFO: WriteHtmlCache Behavior ::run [ RunTime:0.002000s ]
INFO: ShowRuntime Behavior ::run [ RunTime:0.002000s ]
INFO: [ view_filter ] --END-- [ RunTime:0.008000s ]
INFO: [ view_end ] --START--
INFO: ShowPageTrace Behavior ::run [ RunTime:0.003001s ]
INFO: [ view_end ] --END-- [ RunTime:0.003001s ]

[ 2014-03-20T23:49:14+08:00 ] 127.0.0.1 /App/Weizhan/index.php?g=User&m=Index&a=column
INFO: [ app_begin ] --START--
INFO: ReadHtmlCache Behavior ::run [ RunTime:0.003000s ]
INFO: [ app_begin ] --END-- [ RunTime:0.003000s ]
SQL: SHOW COLUMNS FROM `uio_column` [ RunTime:0.015000s ]
NOTIC: [8] Undefined index: submit G:\Web\itshajia\App\Weizhan\Lib\Action\User\IndexAction.class.php 第 66 行.
SQL: SELECT * FROM `uio_column` WHERE ( `uid` = 4 ) AND ( `is_sys` = 1 ) AND ( `app_name` = 'wz' ) ORDER BY `sort`  [ RunTime:0.002001s ]
SQL: SELECT * FROM `uio_column` WHERE ( `uid` = 4 ) AND ( `is_sys` = 0 ) AND ( `app_name` = 'wz' ) ORDER BY `sort`  [ RunTime:0.002000s ]
INFO: [ view_parse ] --START--
NOTIC: [8] Undefined variable: title G:\Web\itshajia\App\Weizhan\Runtime\Cache\User\347f6273df647ffe1f18bfdb6aa384f0.php 第 5 行.
INFO: ParseTemplate Behavior ::run [ RunTime:0.152009s ]
INFO: [ view_parse ] --END-- [ RunTime:0.152009s ]
INFO: [ view_filter ] --START--
INFO: ContentReplace Behavior ::run [ RunTime:0.003000s ]
INFO: TokenBuild Behavior ::run [ RunTime:0.002000s ]
INFO: WriteHtmlCache Behavior ::run [ RunTime:0.004001s ]
INFO: ShowRuntime Behavior ::run [ RunTime:0.003000s ]
INFO: [ view_filter ] --END-- [ RunTime:0.013001s ]
INFO: [ view_end ] --START--
INFO: ShowPageTrace Behavior ::run [ RunTime:0.002000s ]
INFO: [ view_end ] --END-- [ RunTime:0.002000s ]

[ 2014-03-20T23:49:59+08:00 ] 127.0.0.1 /App/Weizhan/index.php?g=User&m=Index&a=column
INFO: [ app_begin ] --START--
INFO: ReadHtmlCache Behavior ::run [ RunTime:0.002000s ]
INFO: [ app_begin ] --END-- [ RunTime:0.003000s ]
SQL: SHOW COLUMNS FROM `uio_column` [ RunTime:0.011000s ]
NOTIC: [8] Undefined index: submit G:\Web\itshajia\App\Weizhan\Lib\Action\User\IndexAction.class.php 第 66 行.
SQL: SELECT * FROM `uio_column` WHERE ( `uid` = 4 ) AND ( `is_sys` = 1 ) AND ( `app_name` = 'wz' ) ORDER BY `sort`  [ RunTime:0.001000s ]
SQL: SELECT * FROM `uio_column` WHERE ( `uid` = 4 ) AND ( `is_sys` = 0 ) AND ( `app_name` = 'wz' ) ORDER BY `sort`  [ RunTime:0.001000s ]
INFO: [ view_parse ] --START--
NOTIC: [8] Undefined variable: title G:\Web\itshajia\App\Weizhan\Runtime\Cache\User\347f6273df647ffe1f18bfdb6aa384f0.php 第 5 行.
INFO: ParseTemplate Behavior ::run [ RunTime:0.037002s ]
INFO: [ view_parse ] --END-- [ RunTime:0.037002s ]
INFO: [ view_filter ] --START--
INFO: ContentReplace Behavior ::run [ RunTime:0.002000s ]
INFO: TokenBuild Behavior ::run [ RunTime:0.002000s ]
INFO: WriteHtmlCache Behavior ::run [ RunTime:0.001000s ]
INFO: ShowRuntime Behavior ::run [ RunTime:0.002000s ]
INFO: [ view_filter ] --END-- [ RunTime:0.007000s ]
INFO: [ view_end ] --START--
INFO: ShowPageTrace Behavior ::run [ RunTime:0.002000s ]
INFO: [ view_end ] --END-- [ RunTime:0.002000s ]

